ARM GAS  /tmp/ccIceN3i.s 			page 1


   1              		.syntax unified
   2              		.cpu cortex-m3
   3              		.fpu softvfp
   4              		.eabi_attribute 20, 1
   5              		.eabi_attribute 21, 1
   6              		.eabi_attribute 23, 3
   7              		.eabi_attribute 24, 1
   8              		.eabi_attribute 25, 1
   9              		.eabi_attribute 26, 1
  10              		.eabi_attribute 30, 2
  11              		.eabi_attribute 34, 1
  12              		.eabi_attribute 18, 4
  13              		.thumb
  14              		.file	"chmemcore.c"
  15              		.section	.gnu.lto_.jmpfuncs.a9b52d68c04666,"",%progbits
  16 0000 789C6362 		.ascii	"x\234cb`b\300\006\270\2404\013\003\003+#\033#;\003\003"
  16      6062C006 
  16      B8A0340B 
  16      03032B23 
  16      1B233B03 
  17 0015 00020A00 		.ascii	"\000\002\012\000'"
  17      27
  18              		.text
  19              		.section	.gnu.lto_.inline.a9b52d68c04666,"",%progbits
  20 0000 789C6362 		.ascii	"x\234cb`b\300\006\222\2414\013\003\003+\013#\003\023"
  20      6062C006 
  20      92A1340B 
  20      03032B0B 
  20      230313
  21 0013 CB027906 		.ascii	"\313\002y\006\266\005\362`\305\254\014|\274\214\214"
  21      B605F260 
  21      C5AC0C7C 
  21      BC8C8C
  22 0022 0C8C4026 		.ascii	"\014\214@&\263\320\201NF\210\004P\005\013H\226\215\201"
  22      B3D0814E 
  22      46880450 
  22      050B4896 
  22      8D81
  23 0034 871B26CB 		.ascii	"\207\033&\313\267 \013U\222\235\201\215\025h\032\333"
  23      B7200B55 
  23      929D818D 
  23      15681ADB 
  24 0044 073DB869 		.ascii	"\007=\270i\014\000\350g\011\333"
  24      0C00E867 
  24      09DB
  25              		.text
  26              		.section	.gnu.lto_.pureconst.a9b52d68c04666,"",%progbits
  27 0000 789C6362 		.ascii	"x\234cb`b\340d\200\000\026\006\011V+6\011v\026\000\003"
  27      6062E064 
  27      80001606 
  27      09562B36 
  27      09761600 
  28 0015 7C0092   		.ascii	"|\000\222"
  29              		.text
  30              		.section	.gnu.lto__core_init.a9b52d68c04666,"",%progbits
  31 0000 789C8D51 		.ascii	"x\234\215Q=H\303P\020\276{I5E\360gt\023\335\033\177"
  31      3D48C350 
ARM GAS  /tmp/ccIceN3i.s 			page 2


  31      10BE7B49 
  31      3545F067 
  31      7413DD1B 
  32 0015 40DCDC9C 		.ascii	"@\334\334\234\035\024t\0125\0156HZI\253(\016\276\376"
  32      1D14740A 
  32      350D3648 
  32      5A49AB28 
  32      0EBEFE
  33 0028 08220845 		.ascii	"\010\"\010EDQ\027ED\234\034\034D\354\220ItPtv\251\340"
  33      44511745 
  33      449C1C1C 
  33      44EC9049 
  33      74507476 
  34 003e 2688A388 		.ascii	"&\210\243\210\370\274\227\030\213\365\007\017\362\356"
  34      F8BC9718 
  34      8BF5070F 
  34      F2EE
  35 004c BDEFBBBB 		.ascii	"\275\357\273\273\357\343\302\200Am\264\322\267F\360"
  35      EFE3C280 
  35      416DB4D2 
  35      B746F0
  36 005b 38655400 		.ascii	"8eT\000Y\351\012 \2471Dy\001\204y\206\363\243(K\325"
  36      59E90A20 
  36      A7314479 
  36      01847986 
  36      F3A3284B 
  37 0070 76D8E17C 		.ascii	"v\330\341|\245\262\360\340)\033\253^q\233\277\012\201"
  37      A5B2F0E0 
  37      291BAB5E 
  37      719BBF0A 
  37      81
  38 0081 68238DED 		.ascii	"h#\215\355E0\021F\350\201m~b\352W\235\240\227\237\336"
  38      45301146 
  38      E8816D7E 
  38      62EA579D 
  38      A0979FDE 
  39 0095 5FABE7BC 		.ascii	"_\253\347\274\350\011\321o\243\302`\340\307>\007k\033"
  39      E809D16F 
  39      A3C260E0 
  39      C73E076B 
  39      1B
  40 00a6 BDDBB3F5 		.ascii	"\275\333\263\365\326\245\355|\211\277\221\246/9\370"
  40      D6A5ED7C 
  40      89BF91A6 
  40      2F39F8
  41 00b5 4FC9931A 		.ascii	"O\311\223\032I\343\027\311\252\346!\363*B\274\036\225"
  41      49E317C9 
  41      AAE621F3 
  41      2A42BC1E 
  41      95
  42 00c6 EFCAD8D2 		.ascii	"\357\312\330\322\200\020\307\035l'E\222U\344\241\022"
  42      8010C71D 
  42      6C274592 
  42      55E4A112 
  43 00d6 B24B483D 		.ascii	"\262KH=\345=\312\232\004\243\364\330\247\007E\004\212"
  43      E53DCA9A 
  43      04A3F4D8 
ARM GAS  /tmp/ccIceN3i.s 			page 3


  43      A7074504 
  43      8A
  44 00e7 9C97DA40 		.ascii	"\234\227\332@\352P\014\321)\2279\214Lf\345\022\362\217"
  44      EA500CD1 
  44      2997398C 
  44      4C66E512 
  44      F28F
  45 00f9 85A3E5BE 		.ascii	"\205\243\345\2768\036`\004\306\021\347\340\205k6\252"
  45      381E6004 
  45      C611E7E0 
  45      856B36AA 
  46 0109 0E06FFE7 		.ascii	"\016\006\377\347\022\012\213J\3102*\220.I\315gN?\031"
  46      120A8B4A 
  46      C8322A90 
  46      2E49CD67 
  46      4E3F19
  47 011c 85489F79 		.ascii	"\205H\237y\026B4\371l\376\2410\035\322*U\370\330\305"
  47      164234F9 
  47      6CFEA130 
  47      1DD22A55 
  47      F8D8C5
  48 012f 535D806D 		.ascii	"S]\200m\301f\216\363f\332\202T\\\224\267H\260j9&\342"
  48      C1668EF3 
  48      66DA8254 
  48      5C94B748 
  48      B06A3926 
  49 0144 6B539FDF 		.ascii	"kS\237\337\364X8^\326\303Q\365U\207J\350\260\352C\243"
  49      F458385E 
  49      D6C351F5 
  49      55874AE8 
  49      B0EA43A3 
  50 0158 82EF3EDC 		.ascii	"\202\357>\334\220\216RE\340\343\372O\037X\343#\012p"
  50      908E5245 
  50      E0E3FA4F 
  50      1F58E323 
  50      0A70
  51 016a 03B94AB9 		.ascii	"\003\271J\271#h\012c\210\012i\213rS=z2\355X\272\231"
  51      23680A63 
  51      880A698B 
  51      72533D7A 
  51      32ED58BA 
  52 017f 4ECCEA09 		.ascii	"N\314\352\011kZ7\223\366\230\235\316\350Yw*5\241\323"
  52      6B5A3793 
  52      F6989DCE 
  52      E859772A 
  52      35A1D3
  53 0192 C5CDEA19 		.ascii	"\305\315\352\031\327$\334\261\0343\355Z1\023\232\014"
  53      D724DCB1 
  53      1C33ED5A 
  53      31139A0C 
  54 01a2 2369C527 		.ascii	"#i\305'\215\261x\3062\214Xg4e\315d\211\216u5~0V*AD\267"
  54      8DB178C6 
  54      328C5867 
  54      3465CD64 
  54      898E7535 
  55 01bd 4659E23D 		.ascii	"FY\342=\357\324\365\305E"
  55      EFD4F5C5 
ARM GAS  /tmp/ccIceN3i.s 			page 4


  55      45
  56              		.text
  57              		.section	.gnu.lto_chCoreAlloc.a9b52d68c04666,"",%progbits
  58 0000 789C9D53 		.ascii	"x\234\235S]H\024Q\024>\347\336\331_w\325\300\207$\220"
  58      5D481451 
  58      143EE7DE 
  58      D95F77D5 
  58      C0872490 
  59 0014 45E82D9C 		.ascii	"E\350-\234\300\262 \002!\014|\220 \023\362)\326\331"
  59      C0B22002 
  59      210C7C90 
  59      2013F229 
  59      D6D9
  60 0026 611D6A77 		.ascii	"a\035jwcV#\353\301\273\273=XV,!\024Y\240Iddd\332\203"
  60      635623EB 
  60      C1BBBB3D 
  60      58562C21 
  60      1459A049 
  61 003f 20C18265 		.ascii	" \301\202e%$\210O\321\213\024DQ\004\275D\1774\235;\343"
  61      2524884F 
  61      D18B1444 
  61      5104BD44 
  61      7F349D3B 
  62 0054 ECAA485A 		.ascii	"\354\252HZ\0033\337\271\347\236\357;\347\336s\206\001"
  62      0333DFB9 
  62      E79EEF3B 
  62      E7DE7386 
  62      01
  63 0065 83B54F3D 		.ascii	"\203\265O=\275M\012\3003B\364\000\262\374<@\306\317"
  63      BD4D0AC0 
  63      3342F400 
  63      B2FC3C40 
  63      C6CF
  64 0077 98F2DE07 		.ascii	"\230\362\336\007\"\310Gg\001D\210\243\342\370\025Di"
  64      22C84767 
  64      014488A3 
  64      E2F81544 
  64      69
  65 0088 00422FE3 		.ascii	"\000B/\343\012\366\266\243\024\361\326\302\260\020W"
  65      0AF6B6A3 
  65      14F1D6C2 
  65      B01057
  66 0097 969E7E9D 		.ascii	"\226\236~\235\252\026C\331\274\370mYh \245k@\320\020"
  66      AA1643D9 
  66      BCF86D59 
  66      6820A56B 
  66      40D010
  67 00aa 8ED20223 		.ascii	"\216\322\002#60eu~\207Yx8w\251z\256\304\344\014\366"
  67      36306575 
  67      7E875978 
  67      3877A97A 
  67      AEC4E40C 
  68 00bf ADCB4CE0 		.ascii	"\255\313L\340\032j\27608w\265\372B\211\2520h\332\\R"
  68      1A6ABE30 
  68      3877B5FA 
  68      4289AA30 
  68      68DA5C52 
ARM GAS  /tmp/ccIceN3i.s 			page 5


  69 00d3 31312A02 		.ascii	"11*\002C\342\227eq;\343\241M\321\362\253h\224\255\375"
  69      43E29765 
  69      713BE3A1 
  69      4DD1F2AB 
  69      6894ADFD 
  70 00e7 FFB2756C 		.ascii	"\377\262ulD{\300\012K\22656=\364\346\003n\251\342\230"
  70      447BC00A 
  70      4B963536 
  70      3DF4E603 
  70      6EA9E298 
  71 00fb 40F48281 		.ascii	"@\364\202\201\036\037Dq\030k\301Ox\2170@x\2270Hx\207"
  71      1E1F4471 
  71      186BC14F 
  71      788F3040 
  71      78973048 
  72 0111 B08CF036 		.ascii	"\260\214\3606a\210\202\225\260d\224\223g\204<\025\264"
  72      61888295 
  72      B0649493 
  72      67843C15 
  72      B4
  73 0122 F092B207 		.ascii	"\360\222\262\007\316\3219\" \013\240\347\010}eS\333"
  73      CED13922 
  73      200BA0E7 
  73      087D6553 
  73      DB
  74 0133 9049E4F3 		.ascii	"\220I\344\363\220\375\362zf\342\"/\306E\361>\315\206"
  74      90FDF27A 
  74      66E2222F 
  74      C645F13E 
  74      CD86
  75 0145 DD768431 		.ascii	"\335v\2041\344r\216\2703L5\360\030o\212k\215\006\372"
  75      E4728EB8 
  75      334C35F0 
  75      186F8A6B 
  75      8D06FA
  76 0158 E4521EC4 		.ascii	"\344R\036\304\037\221Vq\277\260\274\037p\216\365\022"
  76      1F915671 
  76      BFB0BC1F 
  76      708EF512 
  77 0168 727D33FD 		.ascii	"r}3\375\263\267J\352\216!~^\3668\007s\363ih\227\027"
  77      B3B74AEA 
  77      8E217E5E 
  77      F6380773 
  77      F3696897 
  78 017d 476F1CB9 		.ascii	"Go\034\271\024\006\237\303\237\316M\016l\215\342#\212"
  78      14069FC3 
  78      9FCE4D0E 
  78      6C8DE223 
  78      8A
  79 018e 89A38FF6 		.ascii	"\211\243\217\366\355\315o\226eU\330\001\331\027S#\337"
  79      EDCD6F96 
  79      6555D801 
  79      D9175323 
  79      DF
  80 019f 991BE01F 		.ascii	"\231\033\340\037\204\353\031!*\351\326\317\302\017\321"
  80      84EB1921 
  80      2AE9D6CF 
ARM GAS  /tmp/ccIceN3i.s 			page 6


  80      C20FD1
  81 01ae 27AD6002 		.ascii	"'\255`\002\331r\265Ap\353\312~\344.'@4\333\325\354z"
  81      D972B541 
  81      70EBCA7E 
  81      E42E2740 
  81      34DBD5EC 
  82 01c3 82EBABC0 		.ascii	"\202\353\253\300\337T\312\342\322O\005\237/\272B\266"
  82      DF54CAE2 
  82      D24F059F 
  82      2FBA42B6 
  83 01d3 76991DF8 		.ascii	"v\231\035\3709W\343\272\303\264\003\360\034\236\274"
  83      3957E3BA 
  83      C3B403F0 
  83      1C9EBC
  84 01e2 CB84571C 		.ascii	"\313\204W\034,\\\232\2066\272u\372\0279\251\365\347"
  84      2C5C9A86 
  84      36BA75FA 
  84      1739A9F5 
  84      E7
  85 01f3 DE0E6C73 		.ascii	"\336\016ls\243\312)G\\\336}\251\330\315TJDWW\371\207"
  85      A3CA2947 
  85      5CDE7DA9 
  85      D8CD544A 
  85      445757F9 
  86 0208 A647719C 		.ascii	"\246Gq\234\014\273\311\260\242\311Q\234\304\032Go\001"
  86      0CBBC9B0 
  86      A2C9519C 
  86      C41A476F 
  86      01
  87 0219 32E3D9FD 		.ascii	"2\343\331\375\0167\216\262\037\360\012*$\203&\217}Z"
  87      0E378EB2 
  87      1FF00A2A 
  87      2483268F 
  87      7D5A
  88 022b A8A27AF9 		.ascii	"\250\242z\371\215\305\220\034;\224\231\245@\275\332"
  88      8DC5901C 
  88      3B9499A5 
  88      40BDDA
  89 023a 994AE8AA 		.ascii	"\231J\350\252\226\212\365\2501\375\224\252u\032\035"
  89      968AF5A8 
  89      31FD94AA 
  89      751A1D
  90 0249 462AAD76 		.ascii	"F*\255v\231\335\311\343*\031f\227\23265\362'\364\204"
  90      99DDC9E3 
  90      2A196697 
  90      9A3635F2 
  90      27F484
  91 025c 9632F53A 		.ascii	"\2262\365:\015\224\264qF\017$\365\323]\344\253\333["
  91      0D94B471 
  91      460F24F5 
  91      D35DE4AB 
  91      DB5B
  92 026e B4F614AD 		.ascii	"\264\366\024\255\006\277\236\214Ic\267k\354j\334(\021"
  92      06BF9E8C 
  92      4963B76B 
  92      EC6ADC28 
  92      11
ARM GAS  /tmp/ccIceN3i.s 			page 7


  93 027f 51D5032D 		.ascii	"Q\325\003-\255\315\255\252\221\324Nt\307d\254\251\037"
  93      ADCDADAA 
  93      91D44E74 
  93      C764ACA9 
  93      1F
  94 0290 D31207BB 		.ascii	"\323\022\007\273\223Z]'T\266\264\036\216tD\323\372I"
  94      935A5D27 
  94      54B6B41E 
  94      8E7444D3 
  94      FA49
  95 02a2 D3D811D9 		.ascii	"\323\330\021\331\276\023\230\011>\222N\231=\360\007"
  95      BE139809 
  95      3E924E99 
  95      3DF007
  96 02b1 BC253B28 		.ascii	"\274%;("
  97              		.text
  98              		.section	.gnu.lto_chCoreAllocI.a9b52d68c04666,"",%progbits
  99 0000 789C9D53 		.ascii	"x\234\235SAk\023Q\020\236yo\327M\322\204\212xQAJ\177"
  99      416B1351 
  99      109E796F 
  99      D74DD284 
  99      8A785141 
 100 0016 40F750AD 		.ascii	"@\367P\255z\362\252W\261\240\340\245\335,\351\"\233"
 100      7AF2AA57 
 100      B1A0E0A5 
 100      DD2CE922 
 100      9B
 101 0027 401A45F1 		.ascii	"@\032E\361\320\227n\017\025\021B\311\305\352\241\245"
 101      D0976E0F 
 101      151142C9 
 101      C5EAA1A5 
 102 0037 162B1E44 		.ascii	"\026+\036D\275\010\036\314AD\013\012\305\223\267\242"
 102      BD081ECC 
 102      41440B0A 
 102      C593B7A2 
 103 0047 0882E259 		.ascii	"\010\202\342Y\245\270~\363t\023+E\202\013\2733\357\233"
 103      A5B87EF3 
 103      74132B45 
 103      820BBB33 
 103      EF9B
 104 0059 EF9B99F7 		.ascii	"\357\233\231\367\346\255\"E\177?\243x\217i\242\020\226"
 104      E6AD2245 
 104      7F3FA378 
 104      8F69A210 
 104      96
 105 006a 5D62D57A 		.ascii	"]b\325zM\324\314)\345|\364\310\024\364\332s\"S\324\354"
 105      4DD4CC29 
 105      E57CF4C8 
 105      14F4DA73 
 105      2253D4EC 
 106 007e FCC21D66 		.ascii	"\374\302\035fq\210iFi\207g\316\262$q\207i\331\230\205"
 106      71886946 
 106      698767CE 
 106      B2247187 
 106      69D99885 
 107 0092 CDD5956F 		.ascii	"\315\325\225o\352F\2733\267d\266\322\2249b\024\034c"
 107      EA46BB33 
ARM GAS  /tmp/ccIceN3i.s 			page 8


 107      B764B6D2 
 107      94396214 
 107      1C63
 108 00a4 0A98CE60 		.ascii	"\012\230\316`\301C\326(g{\007V\3332\017\327L\336\352"
 108      C143D628 
 108      677B0756 
 108      DB320FD7 
 108      4CDEEA
 109 00b7 74C45AD1 		.ascii	"t\304Z\321\361\276d\013\333d\250v\342\377\252\235\352"
 109      F1BE640B 
 109      DB64A876 
 109      E2FFAA9D 
 109      EA
 110 00c8 AF5AE7C1 		.ascii	"\257Z\347\301\372\365}\353K\263-\363\003\373\263\005"
 110      FAF57DEB 
 110      4BB32DF3 
 110      03FBB305 
 111 00d8 CFEDA88C 		.ascii	"\317\355\250\214\271'\275\257:\233i\272\365\364\366"
 111      B927BDAF 
 111      3A9B69BA 
 111      F5F4F6
 112 00e7 BB45DE33 		.ascii	"\273E\3363\310\024\261\2439fv\340\271.\250\354\321\004"
 112      C814B1A3 
 112      396676E0 
 112      B92EA8EC 
 112      D104
 113 00f9 2FF330E5 		.ascii	"/\3630\345`W`\363\260\253\260\005\330;\260\003`\352"
 113      605760F3 
 113      B0ABB005 
 113      D83BB003 
 113      60EA
 114 010b A2D04B40 		.ascii	"\242\320K@\356\002\2213\2479ld\210\244<\236\323\370"
 114      EE029133 
 114      A7396C64 
 114      88A43C9E 
 114      D3F8
 115 011d CA64C659 		.ascii	"\312d\306Y\211\325\257(\231O\036\265\367O\360=\214\265"
 115      89D5AF28 
 115      994F1EB5 
 115      F74FF03D 
 115      8CB5
 116 012f C24E85B5 		.ascii	"\302N\205\265\264\267\313\003\031\301'\311d\026r\021"
 116      B4B7CB03 
 116      19C127C9 
 116      64167211 
 117 013f B5A1AF69 		.ascii	"\265\241\257i\232\016\332\360\354\313\307\030eF\360"
 117      9A0EDAF0 
 117      ECCBC718 
 117      6546F0
 118 014e 6ED262D3 		.ascii	"n\322b\323\230\335\330\360\025\372n\346\305\363b\226"
 118      98DDD8F0 
 118      15FA6EE6 
 118      C5F36296 
 119 015e CB243AEF 		.ascii	"\313$:\357\367F!\373\2443M\256\"8\240\223\031\222\337"
 119      F74621FB 
 119      A4334DAE 
 119      2238A093 
ARM GAS  /tmp/ccIceN3i.s 			page 9


 119      1992DF
 120 0171 390BFD2B 		.ascii	"9\013\375+K\0012\333\356\325.4`s\027,\361Kr0\203\213"
 120      4B0132DB 
 120      EED52E34 
 120      6073172C 
 120      F14B7230 
 121 0187 8810BDA0 		.ascii	"\210\020\275\240g\037\232\245?0\2677\207q\326\204\333"
 121      671F9AA5 
 121      3F30B737 
 121      8771D684 
 121      DB
 122 0198 2C27732D 		.ascii	",'s-y\337>\220\261J\250a\211\275f\373\351\024\302,\257"
 122      79DF3E90 
 122      B14AA861 
 122      89BD66FB 
 122      E914C22C 
 123 01ad 634F7C03 		.ascii	"cO|\003\277\207\300\226\367\226X\250\270\013\352\363"
 123      BF87C096 
 123      F79658A8 
 123      B80BEAF3 
 124 01bd C65E54D0 		.ascii	"\306^T\320\267\336\024eJ,\\9\271Q\177\252\026\207~P"
 124      B7DE1465 
 124      4A2C5C39 
 124      B9517FAA 
 124      16877E50 
 125 01d1 2B5FF6CB 		.ascii	"+_\366\313\341E?\230\212&\243\332\264\337\250_\250\236"
 125      E1453F98 
 125      8A26A3DA 
 125      B4DFA85F 
 125      A89E
 126 01e3 F7E1D41B 		.ascii	"\367\341\324\033\376t=\000\036\207qP\253\207#\001\345"
 126      FE743D00 
 126      1E877150 
 126      AB872301 
 126      E5
 127 01f4 C26A19AB 		.ascii	"\302j\031\253\221C\231s8_\015/5\304\033\353zG\272\336"
 127      91439973 
 127      385F0D2F 
 127      35C41BEB 
 127      7A47BADE 
 128 0208 D19F610E 		.ascii	"\321\237a\016\342\036"
 128      E21E
 129              		.text
 130              		.section	.gnu.lto_chCoreGetStatusX.a9b52d68c04666,"",%progbits
 131 0000 789C9D52 		.ascii	"x\234\235R1K\303@\030\375\276K\316\266\016\"N\272\225"
 131      314BC340 
 131      18FDBE4B 
 131      CEB60E22 
 131      4EBA95
 132 0013 FE809E55 		.ascii	"\376\200\236U\020\234\234\273W\320E\250ih\203\244\201"
 132      109C9CBB 
 132      57D045A8 
 132      696883A4 
 132      81
 133 0024 B48AE2D0 		.ascii	"\264\212\342\320\253\355\240[).\352b\221\242\"(898t"
 133      ABEDA05B 
 133      292EEA62 
ARM GAS  /tmp/ccIceN3i.s 			page 10


 133      91A22228 
 133      38393874 
 134 0038 75A8D0C1 		.ascii	"u\250\320\301\275\316\202?@\012\361\273\263\255TD\305"
 134      BDCE823F 
 134      400AF1BB 
 134      B3AD5444 
 134      C5
 135 0049 83E4BD7B 		.ascii	"\203\344\275{\271\367\336\335\021\006\014\276\216\031"
 135      B9F7DEDD 
 135      11060CBE 
 135      8E19
 136 0057 7AA6495E 		.ascii	"z\246I^#D\003\220\325\036\001\312a\206\250\010 \224"
 136      23440390 
 136      D51E01CA 
 136      6186A808 
 136      2094
 137 0069 18965651 		.ascii	"\030\226VQ-5c\320\220\262\336m^u\214\243\303V\365T\366"
 137      2D3563D0 
 137      90B2DE6D 
 137      5E758CA3 
 137      C356F554 
 138 007e 8200D141 		.ascii	"\202\000\321A\212]@\260\020Vh\202Q\015\314\034\355\321"
 138      8A5D40B0 
 138      10566882 
 138      510DCC1C 
 138      EDD1
 139 0090 DE9ABCBD 		.ascii	"\336\232\274\275\220\021\3553\0344\030,\375\311V\037"
 139      9011ED33 
 139      1C34182C 
 139      FDC9561F 
 140 00a0 B1515BF2 		.ascii	"\261Q[\362\177m\251\337l7\254\325\015\202\373\247\336"
 140      7F6DA9DF 
 140      6C37ACD5 
 140      0D82FBA7 
 140      DE
 141 00b1 F3354E85 		.ascii	"\3635N\205\031\244\261\20110\010\317\010M\302&!'<'\034"
 141      19A4B181 
 141      313008CF 
 141      084DC226 
 141      21273C27 
 142 00c6 034A0DD1 		.ascii	"\003J\015\321K\245p\250Rc\024T\003\015\252\002u\201"
 142      4BA570A8 
 142      52631454 
 142      030DAA02 
 142      7581
 143 00d8 CBC8141A 		.ascii	"\313\310\024\032m\330{\270\243{K\343%r\310\";\201\343"
 143      6DD87BB8 
 143      A37B4BE3 
 143      2572C822 
 143      3B81E3
 144 00eb B2949374 		.ascii	"\262\224\223t\234]x\223\373\212qW[\325\306x\177Cd{\031"
 144      9C5D7893 
 144      FB8A7157 
 144      5BD5C678 
 144      7F43647B 
 145 0100 7A0CB269 		.ascii	"z\014\262i)9P\314\357S\360\247\024\236U\373mC\345`("
 145      293950CC 
ARM GAS  /tmp/ccIceN3i.s 			page 11


 145      EF53F0A7 
 145      149E55FB 
 145      6D43E560 
 146 0115 8DE96CAE 		.ascii	"\215\351l\256\027\276V&\006r\210\276\000t\000\207\302"
 146      17BE5626 
 146      067288BE 
 146      00740087 
 146      C2
 147 0126 475C8A0A 		.ascii	"G\\\212\012\350L\352_\232\0279\317\265\205\345evD\306"
 147      E84CEA5F 
 147      9A1739CF 
 147      B585E565 
 147      7644C6
 148 0139 DE1256CE 		.ascii	"\336\022V\316Yw\274\202(\372\233\371\015A\304/\212\202"
 148      5977BC82 
 148      28FA9BF9 
 148      0D41C42F 
 148      8A82
 149 014b 6F91EEDA 		.ascii	"o\221\356\332\256\345\371v\334\202\260\235\317\320,"
 149      AEE5F976 
 149      DC82B09D 
 149      CFD02C
 150 015a BE18E993 		.ascii	"\276\030\351\223\304\354x\336\336.j\232\370\244s\357"
 150      C4EC78DE 
 150      DE2E6A9A 
 150      F8A473EF 
 151 016a 6DE598C3 		.ascii	"m\345\230\303"
 152              		.text
 153              		.section	.gnu.lto_.symbol_nodes.a9b52d68c04666,"",%progbits
 154 0000 789C4DCA 		.ascii	"x\234M\312\311\015\2000\020CQ\333\3034I3\276\346H\005"
 154      C90D8030 
 154      104351DB 
 154      C3344933 
 154      BEE64805 
 155 0014 14C04E23 		.ascii	"\024\300N#\251\211 !\005\237\376\223,\010#\276i\243"
 155      A9892021 
 155      059FFE93 
 155      2C0823BE 
 155      69A3
 156 0026 81A902F6 		.ascii	"\201\251\002\366\\\230\027[!\027rp\344M\275Z\031M\332"
 156      5C98175B 
 156      21177270 
 156      E44DBD5A 
 156      194DDA
 157 0039 69F6AB0E 		.ascii	"i\366\253\016Z?\236tt\342\001\023\233\030\015"
 157      5A3F9E74 
 157      74E20113 
 157      9B180D
 158              		.text
 159              		.section	.gnu.lto_.refs.a9b52d68c04666,"",%progbits
 160 0000 789C6362 		.ascii	"x\234cb`bPd\200\000\026\006&FF&&fF\026fV0\207\211\231"
 160      60625064 
 160      80001606 
 160      26464626 
 160      26664616 
 161 001a 0D4233B1 		.ascii	"\015B3\261\203h\006\000\012\332\000l"
 161      83680600 
ARM GAS  /tmp/ccIceN3i.s 			page 12


 161      0ADA006C 
 162              		.text
 163              		.section	.gnu.lto_.decls.a9b52d68c04666,"",%progbits
 164 0000 789C9D55 		.ascii	"x\234\235UMl\033E\024~\263vlomB8P\225S\243\252p(jVj"
 164      4D6C1B45 
 164      147EB376 
 164      6C6F6D42 
 164      38509553 
 165 001b 23142E4D 		.ascii	"#\024.MQ\017-\027.\250R\305e5Y/x\205\275\256\3545\242"
 165      510F2D17 
 165      2EA852C5 
 165      6535592F 
 165      7885BDAE 
 166 0032 70192C88 		.ascii	"p\031,\210P\213\242\320R\251\034(N\377h\004\205\264"
 166      508BA2D0 
 166      52A91C28 
 166      4EFF6804 
 166      85B4
 167 0044 A4081048 		.ascii	"\244\010\020Hni~\332 Z5Jzd9T\\\221\220\340B\273\274"
 167      6E697EDA 
 167      205A354A 
 167      7A643954 
 167      5C9190E0 
 168 005b D99DF5FE 		.ascii	"\331\235\365\376d7\244\214\364\342\347\361{\337\373"
 168      6437A48C 
 168      F4E2E7F1 
 168      7BDFFB
 169 006a DE9B6F26 		.ascii	"\336\233o&\022H\360.\001pp\275R\000P\321\357\003\200"
 169      1248F02E 
 169      017070BD 
 169      520050D1 
 169      EF0380
 170 007d 3D10AC2C 		.ascii	"=\020\254,\332\024\332\005\264\031\264Y\261\367-\332"
 170      DA14DA05 
 170      B419B459 
 170      B1F72DDA 
 171 008d 35B41B68 		.ascii	"5\264\033h\363\020]<>\007\036V?Z\011\355:\332\"\332"
 171      F3105D3C 
 171      3E071E56 
 171      3F5A09ED 
 171      3ADA22DA 
 172 00a1 4D114344 		.ascii	"M\021CD\\V\340\314\013\314\0331,^\267\2106\035\303\312"
 172      5C56E0CC 
 172      0BCC1B31 
 172      2C5EB788 
 172      361DC3CA 
 173 00b5 0AFC51B4 		.ascii	"\012\374Q\264[h\267\321VB\370R\210sF\324\270\224\300"
 173      5B68B7D1 
 173      5642F852 
 173      887346D4 
 173      B894C0
 174 00c8 95FF5E10 		.ascii	"\225\377^\020\230>~V\340\366\211\272a\316a\274+\011"
 174      983E7E56 
 174      E0F689BA 
 174      61CE61BC 
 174      2B09
 175 00da 78B3A2F7 		.ascii	"x\263\242\3678^\034gVp\234\027X\341\265\025N\263\216"
ARM GAS  /tmp/ccIceN3i.s 			page 13


 175      385E1C67 
 175      56709C17 
 175      58E1B515 
 175      4EB38E
 176 00ed 6DDFFF7D 		.ascii	"m\337\377}\346)\326iw\035g\0246\303I\206\2533\316\030"
 176      E629D669 
 176      771D6714 
 176      36C34986 
 176      AB33CE18 
 177 0101 B128D9F3 		.ascii	"\261(\331\363$\034\"\224\364\3130\350:%\331-\002@\311"
 177      241C2294 
 177      F4CB30E8 
 177      3A25D92D 
 177      0240C9
 178 0114 19B25978 		.ascii	"\031\262Yx\0073\376(\236#\260\003\2461\177\222\2613"
 178      0733FE28 
 178      9E23B003 
 178      A6317F92 
 178      B133
 179 0126 DB0824AD 		.ascii	"\333\010$\255g\340<\257\300.\262\214\213\317\021\246"
 179      67E03CAF 
 179      C02EB28C 
 179      8BCF11A6 
 180 0136 C8D67008 		.ascii	"\310\326p\010%g\211\264\226h\367\352\302\022a\307\331"
 180      256789B4 
 180      9668F7EA 
 180      C21261C7 
 180      D9
 181 0147 3F8E9389 		.ascii	"?\216\223\211\023\035-\246\022\375L\020\315\270s\000"
 181      131D2DA6 
 181      12FD4C10 
 181      CDB87300 
 182 0157 19DE67AC 		.ascii	"\031\336g\254\315\023\017,\342\340\222\262\236\206s"
 182      CD130F2C 
 182      E2E092B2 
 182      9E8673
 183 0166 D8827D79 		.ascii	"\330\202}y|\365O\322F|J\246\211\214\331o\023\204;Gv"
 183      7CF54FD2 
 183      467C4AA6 
 183      898CD96F 
 183      13843B47 
 184 017b F468F6C9 		.ascii	"\364h\366\311Q\332\370\335\017\340p\356\317\302\341"
 184      51DAF8DD 
 184      0FE070EE 
 184      CFC2E1
 185 018a DA7F3C3C 		.ascii	"\332\177<<-w`m\022\205\334\016g\031;n\317\375u'\363"
 185      2D77606D 
 185      1285DC0E 
 185      67193B6E 
 185      CFFD7527 
 186 019f 31EB66FD 		.ascii	"1\353f\375\302\023n\330\005\234R\022]/\312\037m\233"
 186      C2136ED8 
 186      059C5212 
 186      5D2FCA1F 
 186      6D9B
 187 01b1 7D35FEDE 		.ascii	"}5\376\336@\326\035\011\254\223%(\177\261v\322\366\037"
 187      40D61D09 
ARM GAS  /tmp/ccIceN3i.s 			page 14


 187      AC932528 
 187      7FB176D2 
 187      F61F
 188 01c3 DD870BA5 		.ascii	"\335\207\013\245\311wl\307\371t\2577?\011N$2e\177\227"
 188      C9776CC7 
 188      F974AF37 
 188      3F094E24 
 188      32657F97 
 189 01d7 0F78E529 		.ascii	"\017x\345)\371\022\221(\231\371_$\323\262\004\311\313"
 189      F9129128 
 189      99F95F24 
 189      D3B204C9 
 189      CB
 190 01e8 8972B877 		.ascii	"\211r\270w\364\003_\267\205\230\034x\2554=\\M\020n'"
 190      F4035FB7 
 190      85981C78 
 190      AD343D5C 
 190      4D106E27 
 191 01fc D65D8FE6 		.ascii	"\326]\217\346\225\213L\366\251S2\273>\315o\2424\267"
 191      958B4CF6 
 191      A95332BB 
 191      3ECD6FA2 
 191      34B7
 192 020e C114B327 		.ascii	"\301\024\263'\273\313\343'\011\373\015\311=t\034\362"
 192      BBCBE327 
 192      09FB0DC9 
 192      3D741CF2 
 193 021e 044C729E 		.ascii	"\004Lr\236\203\247\372\205\016\355\363l\313\251@\207"
 193      83A7FA85 
 193      0EEDF36C 
 193      CBA94087 
 194 022e 051F9604 		.ascii	"\005\037\226\004:\\>v\351Y\306\012\224|\357\212a5\306"
 194      3A5C3E76 
 194      E959C60A 
 194      947CEF8A 
 194      6135C6
 195 0241 75E3400F 		.ascii	"u\343@\017&N\217\270@?\272@'\244\270\236IL\317$\252"
 195      264E8FB8 
 195      403FBA40 
 195      27A4B89E 
 195      494CCF24 
 196 0256 6722078E 		.ascii	"g\"\007\216\023\275\335\033\216\245\344;\034BhI\360"
 196      13BDDD1B 
 196      8EA5E43B 
 196      1C426849 
 196      F0
 197 0267 89442248 		.ascii	"\211D\"H\335`\214|\204\354\256}\377\327\217\370I{#,"
 197      DD608C7C 
 197      84ECAE7D 
 197      FFD78FF8 
 197      497B232C 
 198 027b C2D1E002 		.ascii	"\302\321\340\002{CI;\352\353\244\030\224\371\274\327"
 198      7B43493B 
 198      EAEBA418 
 198      94F9BCD7 
 199 028b 6E5AF84F 		.ascii	"nZ\370O\321\302xv+\341\263\363\250K\360u\214\357\\\234"
 199      D1C27876 
ARM GAS  /tmp/ccIceN3i.s 			page 15


 199      2BE1B3F3 
 199      A84BF075 
 199      8CEF5C9C 
 200 029f 6FF7C3F9 		.ascii	"o\367\303\371\020_\217\206\004\335\377\254\277\020\000"
 200      105F8F86 
 200      04DDFFAC 
 200      BF1000
 201 02ae C59AE485 		.ascii	"\305\232\344\205\323\262\026\203&cY\274nZ\326\315 K"
 201      D3B21683 
 201      266359BC 
 201      6E5AD6CD 
 201      204B
 202 02c0 68B2B337 		.ascii	"h\262\2637\"\312-\353H\211\277\357\022%K\256\214\026"
 202      22CA2DEB 
 202      4889BFEF 
 202      12254BAE 
 202      8C16
 203 02d2 A4E4871E 		.ascii	"\244\344\207\036\274\000\020:X\352)bIHB\300\017\370"
 203      BC00103A 
 203      58EA2962 
 203      494842C0 
 203      0FF8
 204 02e4 F092C8BA 		.ascii	"\360\222\310\272%\004\342\222a\275nJ\351\347\374K\250"
 204      2504E292 
 204      61BD6E4A 
 204      E9E7FC4B 
 204      A8
 205 02f5 4E490E1C 		.ascii	"NI\016\034\237\330\306\337\374\345cs\327\304\233\177"
 205      9FD8C6DF 
 205      FCE56373 
 205      D7C49B7F 
 206 0305 DBEDEE67 		.ascii	"\333\355\356g)\361\266m\000\352\301\304\017\317\273"
 206      29F1B66D 
 206      00EAC1C4 
 206      0FCFBB
 207 0314 B7EDAE0B 		.ascii	"\267\355\256\013\264\262\346\266\345c\267-\037\275A"
 207      B4B2E6B6 
 207      E563B72D 
 207      1FBD41
 208 0323 793970C4 		.ascii	"y9p\304\177\217G\014\017\036\033o\350\202\354\210O6"
 208      7F8F470C 
 208      0F1E1B6F 
 208      E882EC88 
 208      4F36
 209 0335 2F90561E 		.ascii	"/\220V\036y\340\253)\003\317\371\364v+\225zMW\264z\371"
 209      79E0AB29 
 209      03CFF9F4 
 209      762B957A 
 209      4D57B47A 
 210 034a 8852D6DF 		.ascii	"\210R\326\337P\264\2121f\324\233\212\325h\231\257+\350"
 210      50B48A31 
 210      66D49B8A 
 210      D56899AF 
 210      2BE8
 211 035c 342CA5D9 		.ascii	"4,\245\331\320p\277\246\327\264zC\037\322`\223\312\035"
 211      D070BFA6 
 211      D7B47A43 
ARM GAS  /tmp/ccIceN3i.s 			page 16


 211      1FD26093 
 211      CA1D
 212 036e D5300D2B 		.ascii	"\3250\015+\267\377\245\203\203\373`\227\322j6\224\252"
 212      B7FFA583 
 212      83FB6097 
 212      D26A3694 
 212      AA
 213 037f 31A6BCA6 		.ascii	"1\246\274\246i\012m\324v\232uS\337\251\3231C\031\036"
 213      690A6DD4 
 213      769A7553 
 213      DFA9D331 
 213      43191E
 214 0392 1A191A56 		.ascii	"\032\031\032V\014S\253\266\312\272\322\264\312e\375"
 214      0C53ABB6 
 214      CABAD2B4 
 214      CA65FD
 215 03a1 D5A10AE4 		.ascii	"\325\241\012\344\232\306[\272j\025\265\312>\004{\241"
 215      9AC65BBA 
 215      6A15B5CA 
 215      3E047BA1 
 216 03b1 5AAD6B59 		.ascii	"Z\255kY\276U\012m\2748\340}\331\257[/[\324j5\017mw\013"
 216      BE550A6D 
 216      BC38E07D 
 216      D9AF5B2F 
 216      5BD46A35 
 217 03c9 450B84A0 		.ascii	"E\013\204\240\015\323B\350|\013?GTkx\235\340\032\305"
 217      0DD342E8 
 217      7C0B3F47 
 217      546B789D 
 217      E01AC5
 218 03dc 4E4D5D51 		.ascii	"NM]Q\221\015mU-\325:rXob\262\254\252\"\3751U\255\350"
 218      910D6D55 
 218      2DD53A72 
 218      586F62B2 
 218      ACAA22FD 
 219 03f4 F4B03A46 		.ascii	"\364\260:F\233\272\252\346M\375M\013gP\022\273\272Y"
 219      9BBAAAE6 
 219      4DFD4D0B 
 219      675012BB 
 219      BA59
 220 0406 56D51CFE 		.ascii	"V\325\034\376\305\275\254V\241\215\002O\333\275K\265"
 220      C5BDAC56 
 220      A18D024F 
 220      DBBD4BB5 
 221 0416 367908DC 		.ascii	"6y\010\334\375\027\225\2479J"
 221      FD1795A7 
 221      394A
 222              		.text
 223              		.section	.gnu.lto_.symtab.a9b52d68c04666,"",%progbits
 224 0000 5F636F72 		.ascii	"_core_init\000\000\000\000\000\000\000\000\000\000\000"
 224      655F696E 
 224      69740000 
 224      00000000 
 224      00000000 
 225 0015 00A10000 		.ascii	"\000\241\000\000\000chCoreAlloc\000\000\000\000\000"
 225      00636843 
 225      6F726541 
ARM GAS  /tmp/ccIceN3i.s 			page 17


 225      6C6C6F63 
 225      00000000 
 226 002a 00000000 		.ascii	"\000\000\000\000\000\000\000\246\000\000\000chCoreA"
 226      000000A6 
 226      00000063 
 226      68436F72 
 226      6541
 227 003c 6C6C6F63 		.ascii	"llocI\000\000\000\000\000\000\000\000\000\000\000\000"
 227      49000000 
 227      00000000 
 227      00000000 
 227      00
 228 004d B0000000 		.ascii	"\260\000\000\000chCoreGetStatusX\000\000\000\000\000"
 228      6368436F 
 228      72654765 
 228      74537461 
 228      74757358 
 229 0066 00000000 		.ascii	"\000\000\000\000\000\000\000\264\000\000\000__heap_"
 229      000000B4 
 229      0000005F 
 229      5F686561 
 229      705F
 230 0078 62617365 		.ascii	"base__\000\000\002\000\000\000\000\000\000\000\000\000"
 230      5F5F0000 
 230      02000000 
 230      00000000 
 230      0000
 231 008a B8000000 		.ascii	"\270\000\000\000__heap_end__\000\000\002\000\000\000"
 231      5F5F6865 
 231      61705F65 
 231      6E645F5F 
 231      00000200 
 232 00a0 00000000 		.ascii	"\000\000\000\000\000\000\304\000\000\000"
 232      0000C400 
 232      0000
 233              		.text
 234              		.section	.gnu.lto_.opts,"",%progbits
 235 0000 272D6D63 		.ascii	"'-mcpu=cortex-m3' '-mno-thumb-interwork' '-mthumb' "
 235      70753D63 
 235      6F727465 
 235      782D6D33 
 235      2720272D 
 236 0033 272D4F32 		.ascii	"'-O2' '-fomit-frame-pointer' '-falign-functions=16'"
 236      2720272D 
 236      666F6D69 
 236      742D6672 
 236      616D652D 
 237 0066 20272D66 		.ascii	" '-ffunction-sections' '-fdata-sections' '-fno-comm"
 237      66756E63 
 237      74696F6E 
 237      2D736563 
 237      74696F6E 
 238 0099 6F6E2720 		.ascii	"on' '-flto'\000"
 238      272D666C 
 238      746F2700 
 239              		.text
 240              		.section	.text._core_init,"ax",%progbits
ARM GAS  /tmp/ccIceN3i.s 			page 18


 241              		.align	2
 242              		.p2align 4,,15
 243              		.global	_core_init
 244              		.thumb
 245              		.thumb_func
 246              		.type	_core_init, %function
 247              	_core_init:
 248              		@ args = 0, pretend = 0, frame = 0
 249              		@ frame_needed = 0, uses_anonymous_args = 0
 250              		@ link register save eliminated.
 251 0000 0548     		ldr	r0, .L2
 252 0002 064A     		ldr	r2, .L2+4
 253 0004 0649     		ldr	r1, .L2+8
 254 0006 074B     		ldr	r3, .L2+12
 255 0008 20F00700 		bic	r0, r0, #7
 256 000c 22F00702 		bic	r2, r2, #7
 257 0010 0860     		str	r0, [r1]
 258 0012 1A60     		str	r2, [r3]
 259 0014 7047     		bx	lr
 260              	.L3:
 261 0016 00BF     		.align	2
 262              	.L2:
 263 0018 07000000 		.word	__heap_base__+7
 264 001c 00000000 		.word	__heap_end__
 265 0020 00000000 		.word	.LANCHOR0
 266 0024 00000000 		.word	.LANCHOR1
 267              		.size	_core_init, .-_core_init
 268 0028 AFF30080 		.section	.text.chCoreAlloc,"ax",%progbits
 268      AFF30080 
 269              		.align	2
 270              		.p2align 4,,15
 271              		.global	chCoreAlloc
 272              		.thumb
 273              		.thumb_func
 274              		.type	chCoreAlloc, %function
 275              	chCoreAlloc:
 276              		@ args = 0, pretend = 0, frame = 0
 277              		@ frame_needed = 0, uses_anonymous_args = 0
 278              		@ link register save eliminated.
 279 0000 2023     		movs	r3, #32
 280              	@ 546 "/home/cody/dev/chibios/trunk/os/ext/CMSIS/include/core_cmFunc.h" 1
 281 0002 83F31188 		MSR basepri, r3
 282              	@ 0 "" 2
 283              		.thumb
 284 0006 094A     		ldr	r2, .L7
 285 0008 0949     		ldr	r1, .L7+4
 286 000a 1368     		ldr	r3, [r2]
 287 000c 0968     		ldr	r1, [r1]
 288 000e 0730     		adds	r0, r0, #7
 289 0010 20F00700 		bic	r0, r0, #7
 290 0014 C91A     		subs	r1, r1, r3
 291 0016 8842     		cmp	r0, r1
 292 0018 9BBF     		ittet	ls
 293 001a C018     		addls	r0, r0, r3
 294 001c 1060     		strls	r0, [r2]
 295 001e 0020     		movhi	r0, #0
 296 0020 1846     		movls	r0, r3
ARM GAS  /tmp/ccIceN3i.s 			page 19


 297 0022 0023     		movs	r3, #0
 298              	@ 546 "/home/cody/dev/chibios/trunk/os/ext/CMSIS/include/core_cmFunc.h" 1
 299 0024 83F31188 		MSR basepri, r3
 300              	@ 0 "" 2
 301              		.thumb
 302 0028 7047     		bx	lr
 303              	.L8:
 304 002a 00BF     		.align	2
 305              	.L7:
 306 002c 00000000 		.word	.LANCHOR0
 307 0030 00000000 		.word	.LANCHOR1
 308              		.size	chCoreAlloc, .-chCoreAlloc
 309 0034 AFF30080 		.section	.text.chCoreAllocI,"ax",%progbits
 309      AFF30080 
 309      AFF30080 
 310              		.align	2
 311              		.p2align 4,,15
 312              		.global	chCoreAllocI
 313              		.thumb
 314              		.thumb_func
 315              		.type	chCoreAllocI, %function
 316              	chCoreAllocI:
 317              		@ args = 0, pretend = 0, frame = 0
 318              		@ frame_needed = 0, uses_anonymous_args = 0
 319              		@ link register save eliminated.
 320 0000 074A     		ldr	r2, .L12
 321 0002 0849     		ldr	r1, .L12+4
 322 0004 1368     		ldr	r3, [r2]
 323 0006 0968     		ldr	r1, [r1]
 324 0008 0730     		adds	r0, r0, #7
 325 000a 20F00700 		bic	r0, r0, #7
 326 000e C91A     		subs	r1, r1, r3
 327 0010 8842     		cmp	r0, r1
 328 0012 9DBF     		ittte	ls
 329 0014 C018     		addls	r0, r0, r3
 330 0016 1060     		strls	r0, [r2]
 331 0018 1846     		movls	r0, r3
 332 001a 0020     		movhi	r0, #0
 333 001c 7047     		bx	lr
 334              	.L13:
 335 001e 00BF     		.align	2
 336              	.L12:
 337 0020 00000000 		.word	.LANCHOR0
 338 0024 00000000 		.word	.LANCHOR1
 339              		.size	chCoreAllocI, .-chCoreAllocI
 340 0028 AFF30080 		.section	.text.chCoreGetStatusX,"ax",%progbits
 340      AFF30080 
 341              		.align	2
 342              		.p2align 4,,15
 343              		.global	chCoreGetStatusX
 344              		.thumb
 345              		.thumb_func
 346              		.type	chCoreGetStatusX, %function
 347              	chCoreGetStatusX:
 348              		@ args = 0, pretend = 0, frame = 0
 349              		@ frame_needed = 0, uses_anonymous_args = 0
 350              		@ link register save eliminated.
ARM GAS  /tmp/ccIceN3i.s 			page 20


 351 0000 024A     		ldr	r2, .L15
 352 0002 034B     		ldr	r3, .L15+4
 353 0004 1068     		ldr	r0, [r2]
 354 0006 1B68     		ldr	r3, [r3]
 355 0008 C01A     		subs	r0, r0, r3
 356 000a 7047     		bx	lr
 357              	.L16:
 358              		.align	2
 359              	.L15:
 360 000c 00000000 		.word	.LANCHOR1
 361 0010 00000000 		.word	.LANCHOR0
 362              		.size	chCoreGetStatusX, .-chCoreGetStatusX
 363 0014 AFF30080 		.section	.bss.endmem,"aw",%nobits
 363      AFF30080 
 363      AFF30080 
 364              		.align	2
 365              		.set	.LANCHOR1,. + 0
 366              		.type	endmem, %object
 367              		.size	endmem, 4
 368              	endmem:
 369 0000 00000000 		.space	4
 370              		.section	.bss.nextmem,"aw",%nobits
 371              		.align	2
 372              		.set	.LANCHOR0,. + 0
 373              		.type	nextmem, %object
 374              		.size	nextmem, 4
 375              	nextmem:
 376 0000 00000000 		.space	4
 377              		.comm	__gnu_lto_v1,1,1
 378              		.ident	"GCC: (GNU Tools for ARM Embedded Processors) 4.8.4 20140526 (release) [ARM/embedded-4_8-br
ARM GAS  /tmp/ccIceN3i.s 			page 21


DEFINED SYMBOLS
                            *ABS*:0000000000000000 chmemcore.c
     /tmp/ccIceN3i.s:241    .text._core_init:0000000000000000 $t
     /tmp/ccIceN3i.s:247    .text._core_init:0000000000000000 _core_init
     /tmp/ccIceN3i.s:263    .text._core_init:0000000000000018 $d
     /tmp/ccIceN3i.s:269    .text.chCoreAlloc:0000000000000000 $t
     /tmp/ccIceN3i.s:275    .text.chCoreAlloc:0000000000000000 chCoreAlloc
     /tmp/ccIceN3i.s:306    .text.chCoreAlloc:000000000000002c $d
     /tmp/ccIceN3i.s:310    .text.chCoreAllocI:0000000000000000 $t
     /tmp/ccIceN3i.s:316    .text.chCoreAllocI:0000000000000000 chCoreAllocI
     /tmp/ccIceN3i.s:337    .text.chCoreAllocI:0000000000000020 $d
     /tmp/ccIceN3i.s:341    .text.chCoreGetStatusX:0000000000000000 $t
     /tmp/ccIceN3i.s:347    .text.chCoreGetStatusX:0000000000000000 chCoreGetStatusX
     /tmp/ccIceN3i.s:360    .text.chCoreGetStatusX:000000000000000c $d
     /tmp/ccIceN3i.s:364    .bss.endmem:0000000000000000 $d
     /tmp/ccIceN3i.s:368    .bss.endmem:0000000000000000 endmem
     /tmp/ccIceN3i.s:371    .bss.nextmem:0000000000000000 $d
     /tmp/ccIceN3i.s:375    .bss.nextmem:0000000000000000 nextmem
                            *COM*:0000000000000001 __gnu_lto_v1
     /tmp/ccIceN3i.s:268    .text._core_init:0000000000000028 $t
     /tmp/ccIceN3i.s:309    .text.chCoreAlloc:0000000000000034 $t
     /tmp/ccIceN3i.s:340    .text.chCoreAllocI:0000000000000028 $t
     /tmp/ccIceN3i.s:363    .text.chCoreGetStatusX:0000000000000014 $t

UNDEFINED SYMBOLS
__heap_base__
__heap_end__
