ARM GAS  /tmp/ccViGmLR.s 			page 1


   1              		.syntax unified
   2              		.cpu cortex-m3
   3              		.fpu softvfp
   4              		.eabi_attribute 20, 1
   5              		.eabi_attribute 21, 1
   6              		.eabi_attribute 23, 3
   7              		.eabi_attribute 24, 1
   8              		.eabi_attribute 25, 1
   9              		.eabi_attribute 26, 1
  10              		.eabi_attribute 30, 2
  11              		.eabi_attribute 34, 1
  12              		.eabi_attribute 18, 4
  13              		.thumb
  14              		.file	"chmsg.c"
  15              		.section	.gnu.lto_.jmpfuncs.17c763d22831d414,"",%progbits
  16 0000 789C6362 		.ascii	"x\234cb`b\300\0064\24143\0033#S\004c&#\003\017\003\003"
  16      6062C006 
  16      34A13433 
  16      03332353 
  16      04632623 
  17 0018 23035035 		.ascii	"#\003P5\224\313\007\224cf\002)``,\003*\004\0009\234"
  17      94CB0794 
  17      63660229 
  17      60602C03 
  17      2A040039 
  18 002d 025F     		.ascii	"\002_"
  19              		.text
  20              		.section	.gnu.lto_.inline.17c763d22831d414,"",%progbits
  21 0000 789C6362 		.ascii	"x\234cb`b\300\006\342\24043\003\203\250,##\003#\220"
  21      6062C006 
  21      E2A03433 
  21      0383A82C 
  21      23230323 
  22 0015 CD24B9E2 		.ascii	"\315$\271\3420#\003\347\0153\260\026&n\006\240(\230"
  22      302303E7 
  22      0D33B016 
  22      266E06A0 
  22      2898
  23 0027 9CE0C7C4 		.ascii	"\234\340\307\304 \310\017\344H\034\330\315\310\300\266"
  23      20C80FE4 
  23      481CD8CD 
  23      C8C0B6
  24 0036 401E4901 		.ascii	"@\036I\0013\003\207\000P\206e\201<\\\202\231\007(9\301"
  24      33038700 
  24      50866581 
  24      3C5C8299 
  24      072839C1 
  25 004a 6F821F03 		.ascii	"o\202\037\003\000\332\004\0128"
  25      00DA040A 
  25      38
  26              		.text
  27              		.section	.gnu.lto_.pureconst.17c763d22831d414,"",%progbits
  28 0000 789C6362 		.ascii	"x\234cb`b`g\200\000f\006+&+f+\000\002\361\000\302"
  28      60626067 
  28      80006606 
  28      2B262B66 
  28      2B0002F1 
ARM GAS  /tmp/ccViGmLR.s 			page 2


  29              		.text
  30              		.section	.gnu.lto_chMsgSend.17c763d22831d414,"",%progbits
  31 0000 789C9553 		.ascii	"x\234\225SAH\024Q\030\376\377\231Yg\335uu\254\240\272"
  31      41481451 
  31      18FEFF99 
  31      5967DD75 
  31      75ACA0BA 
  32 0014 C8120491 		.ascii	"\310\022\004\221\345\224\004\345!\021\202\240\203\227"
  32      E59404E5 
  32      211182A0 
  32      8397
  33 0022 56A94EB1 		.ascii	"V\251N\261\216\313\356\243\326\265\335\2652\017\316"
  33      8ECBEEA3 
  33      D6B5DDB5 
  33      320FCE
  34 0031 AA07C90C 		.ascii	"\252\007\311\014\211\016V\004Ju\021\242N\351\321CX)"
  34      890E5604 
  34      4A7511A2 
  34      4EE9D143 
  34      5829
  35 0043 299D0AF1 		.ascii	")\235\012\361\260i\221\020H\321%D\232\3767of\3265E{"
  35      B0699110 
  35      48D12544 
  35      9AFE376F 
  35      66D63545 
  36 0058 B0EFFDFB 		.ascii	"\260\357\375\373\346}\337\377}\377{\277\004\022l\034"
  36      E67DDFFF 
  36      7DFF7BBF 
  36      04126C1C 
  37 0068 B5F4FBAA 		.ascii	"\265\364\373\252\000\274\241\025}\200\322\320,@\316"
  37      00BCA115 
  37      7D80D2D0 
  37      2C40CE
  38 0077 2F49F254 		.ascii	"/I\362T\005\230\001e\272\036\3142\031\025\261\255 \362"
  38      05980165 
  38      BA1ECC32 
  38      1915B1AD 
  38      20F2
  39 0089 0010BA25 		.ascii	"\000\020\272%Y\301\356K\3109\360\000\214\232\346\275"
  39      59C1EE4B 
  39      C839F000 
  39      8C9AE6BD 
  40 0099 FCB39565 		.ascii	"\374\263\225e|`N\366\215\230k\226\205\310\220\362\325"
  40      7C604EF6 
  40      8D986B96 
  40      85C890F2 
  40      D5
  41 00aa 22180817 		.ascii	"\"\030\010\027\351\017\206\355ER\212\005\274\220&\363"
  41      E90F86ED 
  41      45528A05 
  41      BC9026F3 
  42 00ba 9675677C 		.ascii	"\226ug|yq\016+\367\312\020\305Q\342\363a\022A\245\011"
  42      79710E2B 
  42      F7CA10C5 
  42      51E2F361 
  42      1241A509 
  43 00ce FDC0500E 		.ascii	"\375\300P\016\322\244\224\003\355i\024q\230\017\372"
ARM GAS  /tmp/ccViGmLR.s 			page 3


  43      D2A49403 
  43      ED691471 
  43      980FFA
  44 00dd 4C73282C 		.ascii	"Ls(,N\003\317A\243\211f\256\257\031%\276\312\357\241"
  44      4E03CF41 
  44      A38966AE 
  44      AF1925BE 
  44      CAEFA1
  45 00f0 677E8244 		.ascii	"g~\202DE\361\011y\213\243\\\015c&\215\013\304Q\015\207"
  45      45F10979 
  45      8BA35C0D 
  45      63268D0B 
  45      C4510D87 
  46 0104 19FA1EC1 		.ascii	"\031\372\036\301\303\234ij\014K\272`\325\354\347\221"
  46      C39C696A 
  46      0C4BBA60 
  46      D5ECE791 
  47 0114 9A445E26 		.ascii	"\232D^&\256U\265\025\266 8\253\023\300,\364\374\\\271"
  47      AE55B515 
  47      B62038AB 
  47      13C02CF4 
  47      FC5CB9
  48 0127 BFB4CF11 		.ascii	"\277\264\317\021\001 \022\330\205A\270!\363:\313\242"
  48      012012D8 
  48      8541B821 
  48      F33ACBA2 
  49 0137 D855D08F 		.ascii	"\330U\320\217\217\315\341\006FF\034\326\3220\217\274"
  49      8FCDE106 
  49      46461CD6 
  49      D2308FBC 
  50 0147 EF03CEF7 		.ascii	"\357\003\316\367\200\340&\3153\013\277\007\253\004\245"
  50      80E026CD 
  50      330BBF07 
  50      AB04A5
  51 0156 2338C430 		.ascii	"#8\3040HR\011\\F.8\211+I\334h\234g'\344j\2575x\324u"
  51      4852095C 
  51      462E3889 
  51      2B49DC68 
  51      9C6727E4 
  52 0170 EBEF825B 		.ascii	"\353\357\202[\314\363|\215a\310\243P\327S\310\205\313"
  52      CCF37C8D 
  52      61C8A350 
  52      D753C885 
  52      CB
  53 0181 208A773F 		.ascii	" \212w?\002E\251O2,/\250\250\330\\\205\342\254>G\215"
  53      0245A94F 
  53      322C2FA8 
  53      A8D85C85 
  53      E2AC3E47 
  54 0196 5FF8581B 		.ascii	"_\370X\033\373l\325{E\022\301\344\300\227\343n\301\014"
  54      FB6CD57B 
  54      4512C1E4 
  54      C097E36E 
  54      C10C
  55 01a8 5151419F 		.ascii	"QQA\237\377x\373O\234(\275+\331\230\244\204\303\306"
  55      FF78FB4F 
  55      9C28BD2B 
ARM GAS  /tmp/ccViGmLR.s 			page 4


  55      D998A484 
  55      C3C6
  56 01ba 790E37C1 		.ascii	"y\0167\301\374\204\265$E\361\225mW\263o\264\000\017"
  56      FC84B524 
  56      45F1956D 
  56      57B36FB4 
  56      000F
  57 01cc 3936E543 		.ascii	"96\345C\002\256zp\307\247*\220\005s[\247\366\257K\255"
  57      02AE7A70 
  57      C7A72A90 
  57      05735BA7 
  57      F6AF4BAD 
  58 01e0 096F9FAC 		.ascii	"\011o\237\254\357J\021A\347\316\222\307y\275\355\374"
  58      EF4A1141 
  58      E7CE92C7 
  58      79BDEDFC 
  59 01f0 C122F8E9 		.ascii	"\301\"\370\351\015\371\265\255\254\013\370\374\302\323"
  59      0DF9B5AD 
  59      AC0BF8FC 
  59      C2D3
  60 01fe BBFBDD9B 		.ascii	"\273\373\335\233\016\332\326\265\315\257\267\324\271"
  60      0EDAD6B5 
  60      CDAFB7D4 
  60      B9
  61 020b DBB7F0FA 		.ascii	"\333\267\360\372[.\344A\370\021j\251\302h&\346\251\012"
  61      5B2EE441 
  61      F8116AA9 
  61      C26826E6 
  61      A90A
  62 021d 790EFAF2 		.ascii	"y\016\372\362\323\275\001\367E{mQixoMe\270\313\305("
  62      D3BD01F7 
  62      457B6D51 
  62      69786F4D 
  62      65B8CBC5 
  63 0232 76A31168 		.ascii	"v\243\021hdF\376\007\263\333p\036\027O\246\225Q\353"
  63      6446FE07 
  63      B3DB701E 
  63      174FA695 
  63      51EB
  64 0244 EE11E287 		.ascii	"\356\021\342\207\177\235r\205\270\217+\302\270\015;"
  64      7F9D7285 
  64      B88F2BC2 
  64      B80D3B
  65 0253 ACDBF69D 		.ascii	"\254\333\366\235\005\376\243\021\2438F*\354\306\203"
  65      05FEA311 
  65      A338462A 
  65      ECC683
  66 0262 758D17C5 		.ascii	"u\215\027\305\347X%X>@\356\345b\235'Hl6\321\333$k\374"
  66      E7582558 
  66      3E40EEE5 
  66      629D2748 
  66      6C36D1DB 
  67 0279 ACAE2752 		.ascii	"\254\256'R\311\230n\244Z;\365\326\330u\335H\260\026"
  67      C9986EA4 
  67      5A3BF5D6 
  67      D875DD48 
  67      B016
ARM GAS  /tmp/ccViGmLR.s 			page 5


  68 028b 96CAE8D9 		.ascii	"\226\312\350\331tG\333\025\235\202tV\317\244\015\332"
  68      7447DB15 
  68      9D827456 
  68      CFA40DDA 
  69 029b 4F66E235 		.ascii	"Of\3425\006\310F\266\275a;L\354fV?\323\0309\027\321"
  69      06C846B6 
  69      BD613B4C 
  69      EC66563F 
  69      D3183917 
  70 02b0 599B71B5 		.ascii	"Y\233q\265\243\225\237M\307.\033\311\263\035mFM\002"
  70      A3959F4D 
  70      C72E1BC9 
  70      B31D6D46 
  70      4D02
  71 02c2 B4C6C8F9 		.ascii	"\264\306\310\371pK4\023kO\263#\341\203\307@J\203\232"
  71      704B3413 
  71      6B4FB323 
  71      E183C740 
  71      4A839A
  72 02d5 8C2553E9 		.ascii	"\214%S\351N8\261\003A\036k\"c$Z\211\360/\276\026Z\274"
  72      4E38B103 
  72      411E6B22 
  72      63245A89 
  72      F02FBE16 
  73              		.text
  74              		.section	.gnu.lto_chMsgWait.17c763d22831d414,"",%progbits
  75 0000 789CA553 		.ascii	"x\234\245S\337K\024Q\024>gfvG\367\027\222/>\331\022"
  75      DF4B1451 
  75      143E6766 
  75      7647F717 
  75      922F3ED9 
  76 0015 04A1E558 		.ascii	"\004\241\345X\366\007\010A\320C\017\245R=\305\356\354"
  76      F6070841 
  76      D0430FA5 
  76      523DC5EE 
  76      EC
  77 0026 B23BD4BA 		.ascii	"\262;\324\2726\273J&\345\370#\262\210\264\350\301\024"
  77      36BB4A26 
  77      E5F823B2 
  77      88B4E8C1 
  77      14
  78 0037 2111827C 		.ascii	"!\021\202|H\037%\250\004+2\311\022\012B|X\221~<\030"
  78      481F25A8 
  78      042B32C9 
  78      120A427C 
  78      58917E3C 
  79 004c 2421C462 		.ascii	"$!\304bn\347\316\235\231\335\265\2076\272\260\367\236"
  79      6EE7CE9D 
  79      99DDB587 
  79      36BAB0F7 
  79      9E
  80 005d BD73CFF7 		.ascii	"\275s\317\367}\347|\367\012 \300\316\321@\277w\022@"
  80      7DE77CF7 
  80      0A20C0CE 
  80      D140BF77 
  80      1240
  81 006f 96567401 		.ascii	"\226Vt\001\012C\213\000=e\202 n\312`x\244\321\227\000"
ARM GAS  /tmp/ccViGmLR.s 			page 6


  81      0A438B00 
  81      3D658220 
  81      6ECA6078 
  81      A4D19700 
  82 0083 864F4489 		.ascii	"\206OD\211\357K\210,\000\204nA\224\260\373\0142\020"
  82      EF4B882C 
  82      00846E41 
  82      94B0FB0C 
  82      3210
  83 0095 DC03E386 		.ascii	"\334\003\343\206q'su\373+\3363f\373\357\033[\271\034"
  83      71277375 
  83      FB2BDE33 
  83      66FBEF1B 
  83      5BB91C
  84 00a8 A2864478 		.ascii	"\242\206Dx\010AE8M\1770h.\202T\254`J\230\315\344r[O"
  84      08414538 
  84      4D7F3068 
  84      2E8254AC 
  84      604A98CD 
  85 00c0 D657AFE3 		.ascii	"\326W\257\343\256J\011(\313\315&\231&\321\313\"\037"
  85      AE4A0928 
  85      CBCD2699 
  85      26D1CB22 
  85      1F
  86 00d1 8BFC10C2 		.ascii	"\213\374\020\302q\"\012\260\035\032.\3507\214\241 \337"
  86      71220AB0 
  86      1D1A2EE8 
  86      378CA120 
  86      DF
  87 00e2 04C641A3 		.ascii	"\004\306A\243\231f\246\257\005\005\266\212\213\320\273"
  87      9966A6AF 
  87      0505B68A 
  87      8BD0BB
  88 00f1 F1EDEE5A 		.ascii	"\361\355\356Z\225u\030\010c\202\2524\013@\350\020YC"
  88      95751808 
  88      6382AA34 
  88      0B40E810 
  88      5943
  89 0103 44DE956A 		.ascii	"D\336\225j\270\206c\306p\243\206\246>\246\324\025d\221"
  89      B88663C6 
  89      70A386A6 
  89      3EA6D415 
  89      6491
  90 0115 F3FD86F5 		.ascii	"\363\375\206\365\335\315u\277\201\336\345\225\365A\205"
  90      DDCD75BF 
  90      81DEE595 
  90      F54185
  91 0124 43C650AA 		.ascii	"C\306P\252\205\032\222V\013\223\006\215\013\032\312"
  91      851A9256 
  91      0B93068D 
  91      0B1ACA
  92 0133 A330D263 		.ascii	"\2430\322c\030\025\032\226uA\326\030`Qy\002m\364r\023"
  92      18151A96 
  92      7541D618 
  92      60517902 
  92      6DF47213 
  93 0147 258C60AD 		.ascii	"%\214`\255V\300q'\347G\2568\242y0\273\360k\303eW\240"
ARM GAS  /tmp/ccViGmLR.s 			page 7


  93      56C07127 
  93      E747AE38 
  93      A27930BB 
  93      F06BC365 
  94 015d F2E331F4 		.ascii	"\362\3431\364r\276\314\207\327\3577P\314\363\237\322"
  94      72BECC87 
  94      D7EF3750 
  94      CCF39FD2 
  95 016d D0E3F07B 		.ascii	"\320\343\360{I\035\243\264\251\004\0063\305\032\021"
  95      491DA3B4 
  95      A9040633 
  95      C51A11
  96 017c 46D1894D 		.ascii	"F\321\211M\352l\337c1\204\217\314\212|]p\211:o!\376"
  96      EA6CDF63 
  96      31848FCC 
  96      8A7C5D70 
  96      893A6F21 
  97 0191 C0D2201D 		.ascii	"\300\322 \035\264W\360\374\313\352\247\355z\273A\224"
  97      B457F0FC 
  97      CBEAA7ED 
  97      7ABB4194 
  98 01a1 E2CBDBDE 		.ascii	"\342\313\333\336B\314\233\262\370\026\3723[s\036\333"
  98      42CC9BB2 
  98      F816FA33 
  98      5B731EDB 
  99 01b1 17A7513E 		.ascii	"\027\247Q>\025\371ee$~fz\300\316\223LkY\233fr\037E\033"
  99      15F96565 
  99      247E667A 
  99      C0CE934C 
  99      6B599B66 
 100 01c9 DD6DB7BF 		.ascii	"\335m\267\277\346\177:\237\355\373\2146\242\\T\376m"
 100      E67F3A9F 
 100      EDFB8C36 
 100      A25C54FE 
 100      6D
 101 01da AB7C346B 		.ascii	"\253|4kw\357\250\035\362\020\313+kK\003s\362\037\356"
 101      77EFA81D 
 101      F210CB2B 
 101      6B4B0373 
 101      F21FEE
 102 01ed 6D87F2E6 		.ascii	"m\207\362\346\211\334<\277e\336\330\255\027Uu\204\347"
 102      89DC3CBF 
 102      65DED8AD 
 102      17557584 
 102      E7
 103 01fe C8F6580C 		.ascii	"\310\366X\014\342>\316`\232\364\3141iyx\342\346\201"
 103      E23ECE60 
 103      9AF4CC31 
 103      697978E2 
 103      E681
 104 0210 103E3565 		.ascii	"\020>5e\006x\341\205\316\370\013\325I\305\271\363\323"
 104      0678E185 
 104      CEF80BD5 
 104      49C5B9F3 
 104      D3
 105 0221 1E9E69D5 		.ascii	"\036\236i\325u\2604\336\030\353?\245/|\257,J\277\274"
 105      75B034DE 
ARM GAS  /tmp/ccViGmLR.s 			page 8


 105      18EB3FA5 
 105      2F7CAF2C 
 105      4ABFBC
 106 0234 833A5048 		.ascii	"\203:PH\355*H\227\315\364\231\225\237\203\273y\027,"
 106      ED2A4897 
 106      CDF49995 
 106      9F83BB79 
 106      172C
 107 0246 002FD9EB 		.ascii	"\000/\331\353\264\265H\270;\357\277\237\202R\336r\010"
 107      B4B548B8 
 107      3BEFBF9F 
 107      8252DE72 
 107      08
 108 0257 1F9066F3 		.ascii	"\037\220f\363\355B\301\333\015\341C\254\346\260K\320"
 108      ED42C1DB 
 108      0DE143AC 
 108      E6B04BD0 
 109 0267 33DD7BC2 		.ascii	"3\335{\302\266\330\3177\233\351\012\320\235bg\025%\236"
 109      B6D8CF37 
 109      9BE90AD0 
 109      9D626715 
 109      259E
 110 0279 4C441535 		.ascii	"LD\0255\031\351T\"\321\016E\215ka-\231R\322z{\3539\205"
 110      19E95422 
 110      D10E458D 
 110      6B612D99 
 110      52D27A7B 
 111 0290 023DADA4 		.ascii	"\002=\255\244t\225\366\023\251X\235\012B\272\255\361"
 111      7495F613 
 111      A9589D0A 
 111      42BAADF1 
 112 02a0 6F29D18B 		.ascii	"o)\321\213i\345\310\361\246cM\212\326\252\236o\217\260"
 112      69E5C8F1 
 112      A6634D8A 
 112      D6AA9E6F 
 112      8FB0
 113 02b2 B37AF4AC 		.ascii	"\263z\364\254\2328\332\336\252\326\305\241\342x\323"
 113      9A38DADE 
 113      AAD6C5A1 
 113      E278D3
 114 02c1 C9603894 		.ascii	"\311`8\224\212\266\351\332\376\340\336z\020t\220\023"
 114      8AB6E9DA 
 114      FEE0DE7A 
 114      10749013 
 115 02d1 D14452EF 		.ascii	"\321DR\357\204\206\022\3648\250\246\2468\034\376\247"
 115      848612F4 
 115      38A8A6A6 
 115      381CFEA7 
 116 02e1 9C941A8F 		.ascii	"\234\224\032\217P\322o\030;q4"
 116      50D26F18 
 116      3B7134
 117              		.text
 118              		.section	.gnu.lto_chMsgRelease.17c763d22831d414,"",%progbits
 119 0000 789C8D50 		.ascii	"x\234\215P1K\303@\030}\337%Eq\352\250K\311\342&=\301"
 119      314BC340 
 119      187DDF25 
 119      4571EAA8 
ARM GAS  /tmp/ccViGmLR.s 			page 9


 119      4BC9E226 
 120 0016 3F501004 		.ascii	"?P\020\004\207.\255\202N\222^C\0234\215$\255X\034\232"
 120      872EAD82 
 120      4E925E43 
 120      13348D24 
 120      AD581C9A 
 121 002a 968AE2D4 		.ascii	"\226\212\342\324\301\301EDPD\207\012\216\342P\\\205"
 121      C1C14544 
 121      5044870A 
 121      8EE2505C 
 121      85
 122 003b 8AA0BBE0 		.ascii	"\212\240\273\340\346T7\351RsI\015\342\242\007w\337\343"
 122      E65437E9 
 122      5273490D 
 122      E2A20777 
 122      DFE3
 123 004d BE77EFBD 		.ascii	"\276w\357\275\373\030\030~\257\251`\347\010\270\017"
 123      FB18187E 
 123      AFA960E7 
 123      08B80F
 124 005c 2A2920D6 		.ascii	"*) \326\356\001\215qF$\001\010uF\365U\012\271\327\254"
 124      EE018D71 
 124      46240108 
 124      7546F555 
 124      0AB9D7AC 
 125 0070 FB3A1C76 		.ascii	"\373:\034vn\017:wt\305&\024\262\011jp\310n\002-\337"
 125      6E0F3A77 
 125      74C52614 
 125      B2096A70 
 125      C86E022D 
 126 0085 6F6B8008 		.ascii	"ok\200\010\271K\301)\005\226\211\311\252\364\320\374"
 126      B94BC129 
 126      059689C9 
 126      AAF4D0FC 
 127 0095 783F7C9B 		.ascii	"x?|\233\214i:\235R\002\241\003\301Sd2%\212\227B\213"
 127      8C693A9D 
 127      5202A103 
 127      C1536432 
 127      258A9742 
 128 00aa 8EFDA38C 		.ascii	"\216\375\243\214\025\231\256\220E\244I\024\367\367F"
 128      1599AE90 
 128      45A44914 
 128      F7F746
 129 00b9 FDD16F1E 		.ascii	"\375\321o\036\261\333?9\037|R,\036\201\356\303s3\361"
 129      B1DB3F39 
 129      1F7C522C 
 129      1E81EEC3 
 129      7333F1
 130 00cc ED242892 		.ascii	"\355$(\222\303\016\006\376\276\237\264H\021\304t\272"
 130      C30E06FE 
 130      BE9FB448 
 130      11C474BA 
 131 00dc 8C529448 		.ascii	"\214R\224H)\221j\221\012\374'\252Ng\301\260\302h\370"
 131      29916A91 
 131      0AFC27AA 
 131      4E67C1B0 
 131      C268F8
ARM GAS  /tmp/ccViGmLR.s 			page 10


 132 00ef 114DA70B 		.ascii	"\021M\247\013JE6Oh\364o^\324\370-\242\251\220\234\206"
 132      4A45364F 
 132      68F46F5E 
 132      D4F82DA2 
 132      A9909C86 
 133 0103 E4726E3A 		.ascii	"\344rn:\266\301\205S\254\361\242\261\305\205i\025,\307"
 133      B6C18553 
 133      ACF1A2B1 
 133      C5856915 
 133      2CC7
 134 0115 E315B75A 		.ascii	"\343\025\267Z^\347\001p+\334sEpo{\245\264@\346/\276"
 134      5EE70170 
 134      2BDC7345 
 134      706F7BA5 
 134      B440E62F 
 135 012a B15DE1F3 		.ascii	"\261]\341\363\331\374b\236[e\261Q-J\256k\254\011{\241"
 135      D9FC629E 
 135      5B65B151 
 135      2D4AAE6B 
 135      AC097BA1 
 136 013e 5A166913 		.ascii	"Z\026i\023\311l>\247\025t\317\330t\255\031mz\026\314"
 136      C96C3EA7 
 136      1574CFD8 
 136      74AD196D 
 136      7A16CC
 137 0151 C5986DD8 		.ascii	"\305\230m\330\216[\303\334?\302\304\252a \023_\326\354"
 137      8E5BC3DC 
 137      3FC2C4AA 
 137      6120135F 
 137      D6EC
 138 0163 8E0F     		.ascii	"\216\017"
 139              		.text
 140              		.section	.gnu.lto_.symbol_nodes.17c763d22831d414,"",%progbits
 141 0000 789C45C8 		.ascii	"x\234E\310\273\015\2000\020\003P\373\216P\262\002\243"
 141      BB0D8030 
 141      100350FB 
 141      8E50B202 
 141      A3
 142 0011 1E120594 		.ascii	"\036\022\005\224L@\223\216o\201\230!\03530\0003 \"\201"
 142      4C40938E 
 142      6F819821 
 142      1D333000 
 142      33202281 
 143 0025 881BFB59 		.ascii	"\210\033\373Y 0|\221\201qw\007`\326\267t3\343\202\214"
 143      20307C91 
 143      81717707 
 143      60D6B774 
 143      33E3828C 
 144 0039 34A65726 		.ascii	"4\246W&\232$r\245\351\313\252\"\027Z\226\264\321\334"
 144      9A2472A5 
 144      E9CBAA22 
 144      175A96B4 
 144      D1DC
 145 004b 2F85431D 		.ascii	"/\205C\035\202*2\370\346*Ub\357\205j\016\177\336\304"
 145      822A32F8 
 145      E62A5562 
 145      EF856A0E 
ARM GAS  /tmp/ccViGmLR.s 			page 11


 145      7FDEC4
 146 005e 033B2224 		.ascii	"\003;\"$W"
 146      57
 147              		.text
 148              		.section	.gnu.lto_.refs.17c763d22831d414,"",%progbits
 149 0000 789C6362 		.ascii	"x\234cb`b\340f\200\000F bb\002R\214\014\000\001s\000"
 149      6062E066 
 149      80004620 
 149      62620252 
 149      8C0C0001 
 150 0016 18       		.ascii	"\030"
 151              		.text
 152              		.section	.gnu.lto_.decls.17c763d22831d414,"",%progbits
 153 0000 789CBD5A 		.ascii	"x\234\275Z{p\024E\032\237G\222\315&9\210zrX\245\345"
 153      7B701445 
 153      1A9F4792 
 153      CD263988 
 153      7A7258A5 
 154 0015 7A8796A5 		.ascii	"z\207\226\245\245\301\307)\376q\202rW\302]\351yP\236"
 154      A5C1C729 
 154      FE718272 
 154      57C25DE9 
 154      79509E
 155 0028 777557B5 		.ascii	"wuW\265\016\233I\262g\366\301\354\204\307_\016\201D"
 155      0E9B49B2 
 155      67F6C1EC 
 155      84C75F0E 
 155      8144
 156 003a E5044390 		.ascii	"\345\004C\220\347\205\270\021y)\210\001\2217,\257\204"
 156      E785B811 
 156      79298801 
 156      91372CAF 
 156      84
 157 004b 87448C10 		.ascii	"\207D\214\020@\242D\275\000z\207\200\010Q\020r_\177"
 157      40A244BD 
 157      007A8780 
 157      08511072 
 157      5F7F
 158 005d 33B33B3D 		.ascii	"3\263;=;\263;\023\365\246\252{zz\272\177\375=\273\277"
 158      3BB33B13 
 158      F5A6AA7B 
 158      7A7ABA7F 
 158      FD3DBBBF 
 159 0071 EE198EE1 		.ascii	"\356\031\216\341\230\203,\303\364\3025\343^\206)\311"
 159      98832CC3 
 159      F4C235E3 
 159      5E8629C9 
 160 0081 63981C86 		.ascii	"c\230\034\206a\036\206\004\325L\023\243^P\315\274\011"
 160      611E8604 
 160      D54C13A3 
 160      5E50CDBC 
 160      09
 161 0092 E9775039 		.ascii	"\351wP9\022\322\237 =\005\351\257\254\332\356o,C]\244"
 161      12D29F20 
 161      3D05E9AF 
 161      ACDAEE6F 
 161      2C435DA4 
ARM GAS  /tmp/ccViGmLR.s 			page 12


 162 00a6 EDF590D6 		.ascii	"\355\365\220\326B\352\007\251\010\322F\255m\000\262"
 162      42EA07A9 
 162      08D246AD 
 162      6D00B2
 163 00b5 BF43DA04 		.ascii	"\277C\332\004i3\244\026\250\333\012\367\025p_\007\351"
 163      6933A416 
 163      A8DB0AF7 
 163      15705F07 
 163      E9
 164 00c6 26280F85 		.ascii	"&(\017\205{.\253\216\277\015\356\177\206\264\035\322"
 164      7B2EAB8E 
 164      BF0DEE7F 
 164      86B41DD2 
 165 00d6 28488550 		.ascii	"(H\205P7\006\3561H\267A\272\021R\016\251\207\264\005"
 165      3706EE31 
 165      48B741BA 
 165      11520EA9 
 165      87B405
 166 00e9 DE0D827B 		.ascii	"\336\015\202{\002\356\337B\362\260*?\204\236\035\032"
 166      02EEDF42 
 166      F2B02A3F 
 166      849E1D1A 
 167 00f9 CD84761E 		.ascii	"\315\204v\036\236\037\205\37306\235v\302c\177\013\332"
 167      9E1F85FB 
 167      30369D76 
 167      C2637F0B 
 167      DA
 168 010a 8DB41A79 		.ascii	"\215\264\032y \364\022\272\267k\364\022\032=\006\032"
 168      20F412BA 
 168      B76BF412 
 168      1A3D061A 
 169 011a 097DBFD2 		.ascii	"\011}\277\322h\323\351\312\321\306yO\243\347\220\215"
 169      68D3E9CA 
 169      D1C6794F 
 169      A3E7908D 
 170 012a 1C89AC73 		.ascii	"\034\211\254s\031z\354c\220~\257\265\343\2656\235\232"
 170      197AEC63 
 170      907EAFB5 
 170      E3B5369D 
 170      9A
 171 013b 2E38787E 		.ascii	".8x~\002\356\1774\341x\231\027\024\245Z\351Z\244\014"
 171      02EE7F34 
 171      E1789917 
 171      14A55AE9 
 171      5AA40C
 172 014e 9C0B3CFD 		.ascii	"\234\013<\375\205\025\330~^&\037\013E^\034\372V\346"
 172      8515D87E 
 172      5E261F0B 
 172      455E1CFA 
 172      56E6
 173 0160 7545A9EB 		.ascii	"uE\251\353\332u\342\024\257(\371\002\333\304z\001\356"
 173      DA75E214 
 173      AF28F902 
 173      DBC47A01 
 173      EE
 174 0171 0F2C7307 		.ascii	"\017,s\007\263L\2017\320\377N\023\252K\350\236\332\025"
 174      B34C8137 
ARM GAS  /tmp/ccViGmLR.s 			page 13


 174      D0FF4E13 
 174      AA4BE89E 
 174      DA15
 175 0183 7722F422 		.ascii	"w\"\364\"\204VX\226\021\330\327\331;\\\0035Om\034\202"
 175      84565896 
 175      11D8D7D9 
 175      3B5C0335 
 175      4F6D1C82 
 176 0197 404B1168 		.ascii	"@K\021h\263\011H`\241\332p\341\263\336\200\240\341k"
 176      B3094860 
 176      A1DA70E1 
 176      B3DE80A0 
 176      E16B
 177 01a9 ADD04BF3 		.ascii	"\255\320K\363\364\243\266\275\231iT\342]]\257N\357\034"
 177      F4A3B6BD 
 177      996954E2 
 177      5D5DAF4E 
 177      EF1C
 178 01bb 3B4F494C 		.ascii	";OILQz{\237c\0060\263@\232J\274VQX\031Y\306\207\021"
 178      517A7B9F 
 178      630630B3 
 178      409A4ABC 
 178      56515819 
 179 01d3 BB532CFB 		.ascii	"\273S,\373t\226s\014j9\251\251e\005\262\334c%;G@=-;"
 179      7496730C 
 179      6A39A9A9 
 179      6505B2DC 
 179      63253B47 
 180 01eb 9BD96A18 		.ascii	"\233\331j\030\\`\337F\250+}\206j\336\273VU\303j\004"
 180      5C60DF46 
 180      A82B7D86 
 180      6ADEBB56 
 180      55C36A04 
 181 01ff AAE1CC6A 		.ascii	"\252\341\314j\3103\251!\217\026\027<\222\221\276%\223"
 181      C833A921 
 181      8F16173C 
 181      9291BE25 
 181      93
 182 0210 0FFB9C56 		.ascii	"\017\373\234VC\036<\314\377\275\237\025\233\004b9;\000"
 182      431E3CCC 
 182      FFBD9F15 
 182      9B046239 
 182      3B00
 183 0222 4B3CBA16 		.ascii	"K<\272\026\314=S\211\215\252\302\271\226\231A\360|\006"
 183      CC3D5389 
 183      8DAAC2B9 
 183      969941F0 
 183      7C06
 184 0234 31C57374 		.ascii	"1\305st\200\337\246\344\264\265~g\023;\031E\276\216"
 184      80DFA6E4 
 184      B4B57E67 
 184      133B1945 
 184      BE8E
 185 0246 BD168076 		.ascii	"\275\026\200v\233$\225\025\210c>\300.\033\241\273\332"
 185      9B249515 
 185      88633EC0 
 185      2E1BA1BB 
ARM GAS  /tmp/ccViGmLR.s 			page 14


 185      DA
 186 0257 11A195AE 		.ascii	"\021\241\225\256\236\331\237Lb'!4y\307P\260\324u\013"
 186      9ED99F4C 
 186      62272134 
 186      79C750B0 
 186      D4750B
 187 026a 1307CA13 		.ascii	"\023\007\312\023\227k\027\334\240\304\267C\373\265l"
 187      976B17DC 
 187      A0C4B743 
 187      FBB56C
 188 0279 21E0D6F1 		.ascii	"!\340\326\361:\256\225\004\264\242zi\015h\274\253-E"
 188      3AAE9504 
 188      B4A27A69 
 188      0D68BCAB 
 188      2D45
 189 028b 75820E36 		.ascii	"u\202\0166\3075\230\217\002\233\331\332\200\304i3\201"
 189      C735988F 
 189      029BD9DA 
 189      80C46933 
 189      81
 190 029c 03135CA4 		.ascii	"\003\023\\\244\273\305\0164\301F\336rJq\342\026\265"
 190      BBC50E34 
 190      C146DE72 
 190      4A71E216 
 190      B5
 191 02ad BBB6696E 		.ascii	"\273\266in\321\202P\213\373\014\325<u\323CH\323\036"
 191      D182508B 
 191      FB0CD53C 
 191      75D34348 
 191      D31E
 192 02bf 045AC99B 		.ascii	"\004Z\311\233\335\302cr\013\017m\246\036o\252@\254\263"
 192      DDC26372 
 192      0B0F6DA6 
 192      1E6FAA40 
 192      ACB3
 193 02d1 3FF31337 		.ascii	"?\363\0237\347\230\015N\024\227og\005J\327\305\331\335"
 193      E7980D4E 
 193      14976F67 
 193      054AD7C5 
 193      D9DD
 194 02e3 2C99E178 		.ascii	",\231\341x\315\222\343yv2\342\230m8V\233\331\222W7\236"
 194      CD92E379 
 194      7632E298 
 194      6D38569B 
 194      D9925737 
 195 02f8 AED62CB9 		.ascii	"\256\326,\271\315\221%\257\3357\007\215%\253Kr\372\370"
 195      CD9125AF 
 195      DD37078D 
 195      25AB4B72 
 195      FAF8
 196 030a 8370FCC9 		.ascii	"\203p\374\3119d\374\017\315\343o\375\354\324\303s\025"
 196      3964FC0F 
 196      CDE36FFD 
 196      ECD4C373 
 196      15
 197 031b A5587D95 		.ascii	"\245X}\225}\370\346\366W\322\207\027\330\207\257\317"
 197      7DF8E6F6 
ARM GAS  /tmp/ccViGmLR.s 			page 15


 197      57D28717 
 197      D887AFCF 
 198 032b 641AAB1B 		.ascii	"d\032\253\033[\277\326\230<\214\036\263?\307l\034C\013"
 198      5BBFD698 
 198      3C8C1EB3 
 198      3FC76C1C 
 198      430B
 199 033d 69F5C1B3 		.ascii	"i\365\301\263\241\001\307t$\311\357\223\303\002\237"
 199      A101C774 
 199      24C9EF93 
 199      C3029F
 200 034c BB472E5B 		.ascii	"\273G.[\245(/\346\3514\034u\215\350\243$\361N;N\001"
 200      A5282FE6 
 200      E9341C75 
 200      8DE8A324 
 200      F14E3B4E 
 201 0361 2A58A713 		.ascii	"*X\247\0230[K\252N\274k\004;\356\032\214\246l\235\021"
 201      305B4BAA 
 201      4EBC6B04 
 201      3BEE1A8C 
 201      A66C9D11 
 202 0375 EC332760 		.ascii	"\3543'`\305\366\224m0\202u\273\006\243)\333d\004;\345"
 202      C5F6946D 
 202      308275BB 
 202      06A329DB 
 202      64043BE5 
 203 0389 046CA03D 		.ascii	"\004l\240=e[\214`\377u\015FSv\300\010v\326\011\230\317"
 203      655B8C60 
 203      FF750D46 
 203      5376C008 
 203      76D60998 
 204 039e 82B2E465 		.ascii	"\202\262\344e\267\256\266\263I;\347\230\3639\372\224"
 204      B7AEB6B3 
 204      493BE798 
 204      F339FA94 
 205 03ae E0D2A699 		.ascii	"\340\322\246\231\024FO\216\333)\214\342\033V\322\023"
 205      14464F8E 
 205      DB298CE2 
 205      1B56D213 
 206 03be 4DECCCC9 		.ascii	"M\354\314\311\312\356\301\372jv\305\011b\006\203\231"
 206      CAEEC1FA 
 206      6A76C509 
 206      62068399 
 207 03ce DF6A581A 		.ascii	"\337jX\032kr\335\202\231L\231\200QsM2\\Nd\016\227I\344"
 207      6B72DD82 
 207      994C9980 
 207      51734D32 
 207      5C4E640E 
 208 03e5 CE1962EB 		.ascii	"\316\031b\353\201\326m\005\366\033\366V\310/h\2613y"
 208      81D66D05 
 208      F61BF656 
 208      C82F68B1 
 208      3379
 209 03f7 752119D0 		.ascii	"u!\031\320^\320\"Z\216\231\226k\265\011@\200\314]\355"
 209      5ED0225A 
 209      8E99966B 
 209      B5094080 
ARM GAS  /tmp/ccViGmLR.s 			page 16


 209      CC5DED
 210 040a 2CE16BA3 		.ascii	",\341k\243%\324;\021S\006W8\336\332\360\013\245+\301"
 210      25D43B11 
 210      53065738 
 210      DEDAF00B 
 210      A52BC1
 211 041d EADB9779 		.ascii	"\352\333\227yf<\212\347\354\336p\261\265\360\355g\234"
 211      663C8AE7 
 211      ECDE70B1 
 211      B5F0ED67 
 211      9C
 212 042e 6F4C16E9 		.ascii	"oL\026\351\233\247\3138zS\256yv_\344rg\3021\313\\sp"
 212      9BA7CB38 
 212      7A53AE79 
 212      765FE472 
 212      67C231CB 
 213 0445 BBC9AE77 		.ascii	"\273\311\256w\326\263\347\253\225\271\203\235\263\321"
 213      D6B3E7AB 
 213      95B9839D 
 213      B3D1
 214 0453 ADB3410C 		.ascii	"\255\263A\014\207c\232\177\0046\326\273fc\260\201\015"
 214      87639A7F 
 214      0436D6BB 
 214      6663B081 
 214      0D
 215 0464 12E85EA8 		.ascii	"\022\350^\250W\335\363:\246>s\210A\350\251\341\256\243"
 215      57DDF33A 
 215      A63E7388 
 215      41E8A9E1 
 215      AEA3
 216 0476 96F7C4D1 		.ascii	"\226\367\304\321\275\254O\255\316\266\264+\211\236\275"
 216      BDAC4FAD 
 216      CEB6B42B 
 216      899EBD
 217 0485 0D5A8CAC 		.ascii	"\015Z\214\254n\266\022H;\351\333\227%WI\274\262\017"
 217      6EB61248 
 217      3BE9DB97 
 217      255749BC 
 217      B20F
 218 0497 270215AC 		.ascii	"'\002\025\254\365\007\201U'V\377S\017\340\207\222y\345"
 218      F5078155 
 218      2756FF53 
 218      0FE08792 
 218      79E5
 219 04a9 C00F84FB 		.ascii	"\300\017\204\373`\237\333\220\273\346K\3158\246\243"
 219      609FDB90 
 219      BBE64BCD 
 219      38A6A3
 220 04b8 711C4E33 		.ascii	"q\034N3\216\026\263q8\211@?\357+\037\311\213c\276t2"
 220      8E16B371 
 220      3889403F 
 220      EF2B1FC9 
 220      8B63BE74 
 221 04cd 79F86CF5 		.ascii	"y\370l\365\324\325\323\321\243\331X\3260V\337\331\265"
 221      D4D5D3D1 
 221      A3D958D6 
 221      3056DFD9 
ARM GAS  /tmp/ccViGmLR.s 			page 17


 221      B5
 222 04de B74C62A7 		.ascii	"\267Lb\247`<\367\012Gvv_\231\244\341 \036\276\202]\346"
 222      603CF70A 
 222      4776765F 
 222      99A4E120 
 222      1EBE825D 
 223 04f3 70693BBB 		.ascii	"pi;\273\375\372\316\216\274s\020\017S;;\201\335\312"
 223      FDFACE8E 
 223      BC73100F 
 223      533B3B81 
 223      DDCA
 224 0505 721A6E5F 		.ascii	"r\032n_%J)1E\240\300\316\343\310J1\237\273\305(\375"
 224      254A2931 
 224      45A0C0CE 
 224      E3C84A31 
 224      9FBBC528 
 225 051a 69796EA5 		.ascii	"iyn\245\3573J?qy_\003K\350\267\010\341\207\031\327\357"
 225      EF334A3F 
 225      71795F03 
 225      4BE8B708 
 225      E18719D7 
 226 052f E4A6BA6D 		.ascii	"\344\246\272m\206&\372\005(\3729y\326\242\037f\007\304"
 226      8626FA05 
 226      28FA3979 
 226      D6A21F66 
 226      07C4
 227 0541 314BB04B 		.ascii	"1K\260K<M\364\035\007u\321\307\035\211\376\220\245\350"
 227      3C4DF41D 
 227      0775D1C7 
 227      1D89FE90 
 227      A5E8
 228 0553 E3EE45AF 		.ascii	"\343\356E\257\341u\2446\325\002\273\3155\230/\223\036"
 228      E175A436 
 228      D502BBCD 
 228      35982F93 
 228      1E
 229 0564 E3063DBE 		.ascii	"\343\006=\276\206z\\\010z\204\032Z\233\353\314\332\244"
 229      867A5C08 
 229      7A841A5A 
 229      9BEBCCDA 
 229      A4
 230 0575 44A7156F 		.ascii	"D\247\025o\267cAI\314l\243\347\320\035N\254c\260\275"
 230      B7634149 
 230      CC6CA3E7 
 230      D01D4EAC 
 230      63B0BD
 231 0588 481ADB50 		.ascii	"H\032\333P$\352\234\263\3075\230\217\002\333<}\201\243"
 231      24EA9CB3 
 231      C735988F 
 231      02DB3C7D 
 231      81A3
 232 059a ADA3C21A 		.ascii	"\255\243\302\032#3\2169\210\343.7\333\313\205\213\007"
 232      23338E39 
 232      88E32E37 
 232      DBCB858B 
 232      07
 233 05ab 9ED7EC65 		.ascii	"\236\327\354e\271\003{\201\005\246\333\253\324\027\351"
ARM GAS  /tmp/ccViGmLR.s 			page 18


 233      B9037B81 
 233      05A6DBAB 
 233      D417E9
 234 05ba 863BDDA3 		.ascii	"\206;\335\243\243f\020u\006k\271\374\305\036\026\341"
 234      A3661075 
 234      066BB9FC 
 234      C51E16E1 
 235 05ca D44873B6 		.ascii	"\324Hs\266\031\316\345\016\354\252\270{\260;\301\250"
 235      19CEE50E 
 235      ECAAB87B 
 235      B03BC1A8 
 236 05da 1E9938B6 		.ascii	"\036\2318\266\236,\261k\220\247F\217yUP%c0\304\345\006"
 236      9E2CB16B 
 236      90A7468F 
 236      79555025 
 236      6330C4E5 
 237 05ef 437C0B0D 		.ascii	"C|\013\015q%\032b3\346\253\215\346h\267\312\277\303"
 237      71251A62 
 237      33E6AB8D 
 237      E668B7CA 
 237      BFC3
 238 0601 1942C7C5 		.ascii	"\031B\307\305\256\371\366\231\264c7\314\233\306aVx\034"
 238      AEF9F699 
 238      B46337CC 
 238      9BC66156 
 238      781C
 239 0613 D8DE105B 		.ascii	"\330\336\020[\361\302\274~h\246\276\317P\017\255\326"
 239      F1C2BC7E 
 239      68A6BECF 
 239      500FADD6 
 240 0623 BA46A4AD 		.ascii	"\272F\244\255\371\334t*\"\330\356\004n\230\005\201V"
 240      F9DC742A 
 240      22D8EE04 
 240      6E980581 
 240      56
 241 0634 97F1C851 		.ascii	"\227\361\310Q`7\343\016a\013K\024\224\300|;\346\373"
 241      6037E30E 
 241      610B4B14 
 241      94C07C3B 
 241      E6FB
 242 0646 313F8DF9 		.ascii	"1?\215\371\031\314\317a\376-\346\2270\357\305|\012*"
 242      19CCCF61 
 242      FE2DE697 
 242      30EFC57C 
 242      0A2A
 243 0658 7726E60D 		.ascii	"w&\346\015\230/\306|)\346o`\276\001\363MN\014@\235!"
 243      982FC67C 
 243      29E66F60 
 243      BE01F34D 
 243      4E0C409D 
 244 066d 9366A61D 		.ascii	"\223f\246\035\322\252s\016\026\236\342\223\030\034\263"
 244      D2AA730E 
 244      169EE293 
 244      181CB3
 245 067c D7649483 		.ascii	"\327d\224\203\230\205\212RO\216\347\233\211FF\350\036"
 245      98858A52 
 245      4F8EE79B 
ARM GAS  /tmp/ccViGmLR.s 			page 19


 245      894646E8 
 245      1E
 246 068d 7410DBBD 		.ascii	"t\020\333\275\311\336l9\256\332J\355\\\247\374K\034"
 246      C9DE6C39 
 246      AEDA4AED 
 246      5CA7FC4B 
 246      1C
 247 069e A14F7187 		.ascii	"\241Oq\207\263t\323\210\272\215YD\334iemMq\216^i\337"
 247      B374D388 
 247      BA8D5944 
 247      DC69656D 
 247      4D718E5E 
 248 06b4 4D63742B 		.ascii	"Mct+\307\031\325\242~X\200\335\3164\320|u\242\267w("
 248      C719D5A2 
 248      7E5880DD 
 248      CE34D07C 
 248      75A2B777 
 249 06c9 FD5D41A5 		.ascii	"\375]A\245\321Nj-\334\000\206\026\017\307\0343\311F"
 249      D14E6A2D 
 249      DC008616 
 249      0FC71C33 
 249      C946
 250 06db A3B35A59 		.ascii	"\243\263ZY\265T\361j,C\203]\\F2[-\311\3348u\037LP\312"
 250      B554F16A 
 250      2C43835D 
 250      5C46325B 
 250      2DC9DC38 
 251 06f4 F7BDBDBC 		.ascii	"\367\275\275\274\231L\233\3432\202\265\227\243N\336"
 251      994C9BE3 
 251      3282B597 
 251      A34EDE
 252 0703 551AB268 		.ascii	"U\032\262h\270\333R\303\312\345\322\021\311\325\224"
 252      B8DB52C3 
 252      CAE5D211 
 252      C9D594
 253 0712 23ABE91E 		.ascii	"#\253\351\036\0336h\335\276\252\353\026<5K7Z\267\323"
 253      1B3668DD 
 253      BEAAEB16 
 253      3C354B37 
 253      5AB7D3
 254 0725 949A6216 		.ascii	"\224\232b\026\231c\264^\224K\355O\227RW\035\011\370"
 254      9963B45E 
 254      944BED4F 
 254      9752571D 
 254      09F8
 255 0737 6AD91993 		.ascii	"j\331\031\223\343\273\225\263$&v.\250v\263\240\232\220"
 255      E3BB95B3 
 255      2426762E 
 255      A876B3A0 
 255      9A90
 256 0749 644A305F 		.ascii	"dJ0_\247\251Wmz\320\212\224\304\352\217\246\337\240"
 256      A7A9576D 
 256      7AD08A94 
 256      C4EA8FA6 
 256      DFA0
 257 075b 34B9B6AB 		.ascii	"4\271\266\253\016+\215\231\010Q\362\255\0119bI\310\372"
 257      0E2B8D99 
ARM GAS  /tmp/ccViGmLR.s 			page 20


 257      0851F2AD 
 257      09396249 
 257      C8FA
 258 076d F92F2509 		.ascii	"\371/%\011Q-\202c^\262A\370\210F\370%\323D\020z\347"
 258      512D8263 
 258      5EB241F8 
 258      8846F825 
 258      D344107A 
 259 0782 CC660141 		.ascii	"\314f\001AQ\256\366\366Z\205\226\012o\214\027\222\261"
 259      51AEF6F6 
 259      5A85960A 
 259      6F8C1792 
 259      B1
 260 0793 E557FA07 		.ascii	"\345W\372\007\233N\\\316\346\231\306\314\012\3041\213"
 260      9B4E5CCE 
 260      E699C6CC 
 260      0AC4318B 
 261 07a3 B0CBF1F4 		.ascii	"\260\313\361\364\260~W\215\026+\034w\024+,\350\260\015"
 261      B07E578D 
 261      162B1C77 
 261      142B2CE8 
 261      B00D
 262 07b5 8BBB92AB 		.ascii	"\213\273\222\253\360\215\006\332\333\017}\252\321\376"
 262      F08D06DA 
 262      DB0F7DAA 
 262      D1FE
 263 07c3 39D2BE32 		.ascii	"9\322\2762;\3554\020\307l\302.'"
 263      3BED3410 
 263      C76CC22E 
 263      27
 264 07d0 D2693F38 		.ascii	"\322i?8E\243\375\204#\332?lWi\327#\235\275I\334\276"
 264      45A3FD84 
 264      23DA3F6C 
 264      5769D723 
 264      9DBD49DC 
 265 07e5 453A07D5 		.ascii	"E:\007\325\263Iu\331l7\203\271\212s\224\304\021\025"
 265      B34975D9 
 265      6C3783B9 
 265      8A7394C4 
 265      1115
 266 07f7 AC0DBFC8 		.ascii	"\254\015\277\310\035u\015\346\243(;^O\177V;\356\004"
 266      1D750DE6 
 266      A3283B5E 
 266      4F7F563B 
 266      EE04
 267 0809 2FC3D9E1 		.ascii	"/\303\331\341\331v\303\331\341I\327`4q\027\215`g\234"
 267      D976C3D9 
 267      E149D760 
 267      3471178D 
 267      60679C
 268 081c 80599DB0 		.ascii	"\200Y\235\260Y]F#\021\330S\030\305}\201\313\367\177"
 268      595D4623 
 268      11D85318 
 268      C57D81CB 
 268      F77F
 269 082e 303F8DF9 		.ascii	"0?\215\371\031\314\317a~\236\336f|\227\364\022KS\314"
 269      19CCCF61 
ARM GAS  /tmp/ccViGmLR.s 			page 21


 269      7E9EDE66 
 269      7C97F412 
 269      4B53CC
 270 0841 66124A62 		.ascii	"f\022Jb\215\275{<\243w/2xG}\367$\266\006M\270\007M\262"
 270      8DBD7B3C 
 270      A3772F32 
 270      78477DF7 
 270      24B6064D 
 271 0859 37BB7750 		.ascii	"7\273wP8\0343\313Kz\\J\3374^\231\2549\307%G\233\306"
 271      381C33CB 
 271      4B7A5C4A 
 271      DF345E99 
 271      AC39C725 
 272 0870 EF5E76B6 		.ascii	"\357^v\266\011\211'%\362s\003\037\355\237\350\273\337"
 272      09892725 
 272      F273031F 
 272      ED9FE8BB 
 272      DF
 273 0881 5EE463B9 		.ascii	"^\344c\2717\373'e\012\010\274\034\273T\363i\214\234"
 273      37FB2765 
 273      0A08BC1C 
 273      BB54F369 
 273      8C9C
 274 0893 D61921EF 		.ascii	"\326\031!\357\2623\262\376e\335\366\257r\370M+\211\333"
 274      B233B2FE 
 274      65DDF6AF 
 274      72F84D2B 
 274      89DB
 275 08a5 B7DDEF86 		.ascii	"\267\335\357\206\367\321\\U\260C\256\301h\333\337\374"
 275      F7D15C55 
 275      B043AEC1 
 275      68DBDFFC 
 276 08b5 7EC34025 		.ascii	"~\303@%\276M?\337Rj\225\333\227\246DR\254#pF\023Y{\007"
 276      BE4D3FDF 
 276      526A95DB 
 276      97A64452 
 276      AC237046 
 277 08cd 9E6F4DE5 		.ascii	"\236oM\345I\375\307&\301:\006\212\367\324\016P \302"
 277      49FDC726 
 277      C13A068A 
 277      F7D40E50 
 277      20C2
 278 08df 9B863027 		.ascii	"\233\2060'\373\012\323\325<u\211\3729\271\016\201\316"
 278      FB0AD3D5 
 278      3C7589FA 
 278      39B90E81 
 278      CE
 279 08f0 9A800496 		.ascii	"\232\200\004\2267\035\267\361\364q\033\357M\025H\004"
 279      371DB7F1 
 279      F4711BEF 
 279      4D154804 
 280 0900 F61336E6 		.ascii	"\366\0236\346\230\313fuQ\034e\335|v]\3548\303\343\207"
 280      98CB6675 
 280      511C65DD 
 280      7C765DEC 
 280      38C3E387 
 281 0914 64CA2B9C 		.ascii	"d\312+\234\307B\263yS\0102\324\024\201XuL*\276s\222"
ARM GAS  /tmp/ccViGmLR.s 			page 22


 281      C742B379 
 281      530832D4 
 281      14815875 
 281      4C2ABE73 
 282 0929 F60BC02C 		.ascii	"\366\013\300,\236\330\336\224\002Z\324\246O\275d,;:"
 282      9ED8DE94 
 282      025AD4A6 
 282      4FBD642C 
 282      3B3A
 283 093b E6F38536 		.ascii	"\346\363\2056~\223\366\216c\246\0258\260\361L\237\256"
 283      7E93F68E 
 283      63A61538 
 283      B0F14C9F 
 283      AE
 284 094c 3ABE59A8 		.ascii	":\276Y\250o)q\0138\313\011\240\325\352cu\031\247\010"
 284      6F29710B 
 284      38CB09A0 
 284      D5EA6375 
 284      19A708
 285 095f D8C0F164 		.ascii	"\330\300\361d\216\257\341\311\\\376<\346/b\376\012\346"
 285      8EAFE1C9 
 285      5CFE3CE6 
 285      2F62FE0A 
 285      E6
 286 0970 0DBC834D 		.ascii	"\015\274\203M\333\325\324vZ`kyN\233M\3736Y|\237\232"
 286      DBD5D476 
 286      5A606B79 
 286      4E9B4DFB 
 286      36597C9F 
 287 0985 2C04F605 		.ascii	",\004\366\005\327`\224 \0233\332\325\311B\365}\330\247"
 287      D7609420 
 287      1333DAD5 
 287      C942F57D 
 287      D8A7
 288 0997 9AF1DC59 		.ascii	"\232\361\334Ys\342\355\372\242\003\317\350\023IC\001"
 288      73E2EDFA 
 288      A203CFE8 
 288      13494301 
 289 09a7 EB12AC38 		.ascii	"\353\022\2548\223R.\031\026\336\357q\341\275\202\013"
 289      93522E19 
 289      16DEEF71 
 289      E1BD820B 
 290 09b7 6C232AE2 		.ascii	"l#*\342U\314\343<\265\330.-0-\266\324\312f\265\364\033"
 290      55CCE33C 
 290      B5D82E2D 
 290      302DB6D4 
 290      CA66B5F4 
 291 09cc C5A32436 		.ascii	"\305\243$6u\200\254\235\037\215\237\324\217\306_\347"
 291      7580AC9D 
 291      1F8D9FD4 
 291      8FC65FE7 
 292 09dc 310E2DB0 		.ascii	"1\016-\260\\\2412\035\215o\301.K\322V\250\331\335z\034"
 292      5CA1321D 
 292      8D6FC12E 
 292      4BD256A8 
 292      D9DD7A1C 
 293 09f0 BA24FB0A 		.ascii	"\272$\373\0125erb\315\314\305\251\245vr\322\201\317"
ARM GAS  /tmp/ccViGmLR.s 			page 23


 293      35657262 
 293      CDCCC5A9 
 293      A57672D2 
 293      81CF
 294 0a02 C3AA6067 		.ascii	"\303\252`g\244\324W\311\266$\035.\215\324ZuK\014\376"
 294      A4D457C9 
 294      B6241D2E 
 294      8DD45A75 
 294      4B0CFE
 295 0a15 B40CFDE9 		.ascii	"\264\014\375\351\015ZQG\314\212\262\032/\303\341\353"
 295      0D5A5147 
 295      CC8AB21A 
 295      2FC3E1EB 
 296 0a25 E10EF5F0 		.ascii	"\341\016\365\360\325\251\256\276{\367\334\203\270\304"
 296      D5A9AEBE 
 296      7BF7DC83 
 296      B8C4
 297 0a33 AC444DBD 		.ascii	"\254DM\275\\\350RS\204\251U&-%\316\213>\265\326\301"
 297      5CE85253 
 297      84A95526 
 297      2D25CE8B 
 297      3EB5D6C1 
 298 0a47 4F69DD78 		.ascii	"Oi\335x\202\351\374\033\324\256\317\265oPk\320\265\342"
 298      82E9FC1B 
 298      D4AECFB5 
 298      6F506BD0 
 298      B5E2
 299 0a59 85E635B1 		.ascii	"\205\3465\261O\337\240\226\"\314\252\037K\315\253\014"
 299      4FDFA096 
 299      22CCAA1F 
 299      4BCDAB0C 
 300 0a69 6A5E8D6A 		.ascii	"j^\215j~\207V\363\312B\267j\366e\032\357\270aF\370\024"
 300      7E8756F3 
 300      CA42B76A 
 300      F6651AEF 
 300      B86146F8 
 301 0a7e 6784CF70 		.ascii	"g\204\317pF\270\210\371B\234\021\336\242)X\225\024\234"
 301      46B888F9 
 301      429C11DE 
 301      A2295895 
 301      149C
 302 0a90 3600BD8B 		.ascii	"6\000\275\213%\250\033\370\344\266\332\264\376-\260"
 302      25A81BF8 
 302      E4B6DAB4 
 302      FE2DB0
 303 0a9f 211C4F0D 		.ascii	"!\034O\015\371B\233^\235\031zmJ\365\272\206\251S\277"
 303      F9429B5E 
 303      9D197A6D 
 303      4AF5BA86 
 303      A953BF
 304 0ab2 DECCEDA7 		.ascii	"\336\314\355\247\376B`5i\222>\233\371k\260D\375\266"
 304      FE426035 
 304      69923E9B 
 304      F96BB044 
 304      FDB6
 305 0ac4 8A2DEC46 		.ascii	"\212-\354F\331\302\247~S(\362\246\012,=\264\3174\362"
 305      D9C2A77E 
ARM GAS  /tmp/ccViGmLR.s 			page 24


 305      5328F2A6 
 305      0A2C3DB4 
 305      CF34F2
 306 0ad7 10BD9D47 		.ascii	"\020\275\235G\303\331\352z\344\204\315\310y\326\242"
 306      C3D9EA7A 
 306      E484CDC8 
 306      79D6A2
 307 0ae6 22E72976 		.ascii	"\"\347)vP\333l\005\334\236\241\327\366T/r\302\2228\013"
 307      50DB6C05 
 307      DC9EA1D7 
 307      F6542F72 
 307      C292380B 
 308 0afa 73E995C3 		.ascii	"s\351\225\303l=\304\016x\352\024\317w\036j\3554\207"
 308      6C3DC40E 
 308      78EA14CF 
 308      771E6AED 
 308      3487
 309 0b0c 5AD4F99C 		.ascii	"Z\324\371\234f\000\246\323\2375&G\325\316\347\326\213"
 309      6600A6D3 
 309      9F352647 
 309      D5CEE7D6 
 309      8B
 310 0b1d A6F3B91D 		.ascii	"\246\363\271\035|\366\363\271zefKQ\035\253\016\3051"
 310      7CF6F3B9 
 310      7A65664B 
 310      511DAB0E 
 310      C531
 311 0b2f DB11DABE 		.ascii	"\333\021\332\276\243F\220vBwLyr`\362\200\216t\242<\251"
 311      A3469076 
 311      42774C79 
 311      7260F280 
 311      8E74A23C 
 312 0b44 954F3B8C 		.ascii	"\225O;\214\002Q-\330\362\305\015\313\311\237s\312\325"
 312      02512DD8 
 312      F2C50DCB 
 312      C99F73CA 
 312      D5
 313 0b55 DEE7264D 		.ascii	"\336\347&My\204\022U>\363<\376\\Q\243Lb\307&\375\325"
 313      79841255 
 313      3EF33CFE 
 313      5C51A34C 
 313      62C726FD 
 314 0b6a E66F1C81 		.ascii	"\346o\034\201m\343\363\201\346K\205\266\377\322\220"
 314      6DE3F381 
 314      E64B85B6 
 314      FFD290
 315 0b79 06BAA9A8 		.ascii	"\006\272\251\250e\275\224\341W\232\375V*1\037\300\025"
 315      65BD94E1 
 315      579AFD56 
 315      2A311FC0 
 315      15
 316 0b8a 59AA60B3 		.ascii	"Y\252`\263Y\005\357eVA\362|\370h'\221\244J\"\325+\337"
 316      5905EF65 
 316      5641F27C 
 316      F8682791 
 316      A44A22D5 
 317 0ba0 EC57F0BA 		.ascii	"\354W\360\272\335R\260=\035;\007nH\011\226us\344h\346"
ARM GAS  /tmp/ccViGmLR.s 			page 25


 317      DD52B03D 
 317      1D3B076E 
 317      48099675 
 317      73E468E6 
 318 0bb4 78239FC6 		.ascii	"x#\237\306q\2355\307\227\011\307j\363\275\030\347\035"
 318      719D35C7 
 318      9709C76A 
 318      F3BD18E7 
 318      1D
 319 0bc5 72643BD5 		.ascii	"rd;\325\312\205\177?9\"u\"n\327K#\360\010\315\261\311"
 319      CA857F3F 
 319      39227522 
 319      6ED74B23 
 319      F008CDB1 
 320 0bda 57F766F0 		.ascii	"W\367f\360\325ci\276\012\006x\223\301\000Y\375D\364"
 320      D56369BE 
 320      0A067893 
 320      C10059FD 
 320      44F4
 321 0bec 356B06D3 		.ascii	"5k\006\323\274\252\323\201W\325)\037\233O\275\355\273"
 321      BCAAD381 
 321      57D5291F 
 321      9B4FBDED 
 321      BB
 322 0bfd D1A7DE47 		.ascii	"\321\247\336G\215>\325i\366\251\217iA0#J*\"!\261$\020"
 322      8D3ED569 
 322      F6A98F69 
 322      4130234A 
 322      2A2221B1 
 323 0c13 299D5852 		.ascii	")\235XR*\216+\011T\004\307\004#\261\022Y\252\012?[\002"
 323      2A8E2B09 
 323      5404C704 
 323      23B11259 
 323      AA0A3F5B 
 324 0c28 05492E89 		.ascii	"\005I.\211F$9V\362\310\250\307\207?>\001Z\206\242\301"
 324      46243956 
 324      F2C8A8C7 
 324      873F3E01 
 324      5A86A2C1 
 325 0c3c 4A518A95 		.ascii	"JQ\212\225<6|84\227'F\305\330\335\025L\276\034\223\005"
 325      3C367C38 
 325      34972746 
 325      C5D8DD15 
 325      4CBE1C93 
 326 0c51 59F4CB79 		.ascii	"Y\364\313y\217=\361\224o83\250\244*&\225\010R\350\256"
 326      8F3DF194 
 326      6F3833A8 
 326      A42A2695 
 326      0852E8AE 
 327 0c65 70242CDE 		.ascii	"p$,\336%\012c\202%\301p\240\262\252T,\211\311\245\301"
 327      250A6382 
 327      25C170A0 
 327      B2AA542C 
 327      89C9A5C1 
 328 0c79 B00C9D3C 		.ascii	"\260\014\235<Up\037\342\227\357\317\3208$\000Ma\261"
 328      55701FE2 
 328      97EFCFD0 
ARM GAS  /tmp/ccViGmLR.s 			page 26


 328      3824004D 
 328      61B1
 329 0c8b C45F2A96 		.ascii	"\304_*\226\011U\225\262_\037\321\353\367k\335K\0340"
 329      095595B2 
 329      5F1FD1EB 
 329      F76BDD4B 
 329      1C30
 330 0c9d 11930250 		.ascii	"\021\223\002P\037\212\225\337\035`r\341\346\227=\320"
 330      1F8A95DF 
 330      1D6072E1 
 330      E6973DD0 
 331 0cad F9BE7BFD 		.ascii	"\371\276{\3752\340h\245!\016pt\262\002\025\261\211\261"
 331      32E068A5 
 331      210E7074 
 331      B20215B1 
 331      89B1
 332 0cbf 14F31592 		.ascii	"\024\363\025\222(\224\002V\240\302\257\226\357w\207"
 332      28940256 
 332      A0C2AF96 
 332      EF7787
 333 0cce 15A82805 		.ascii	"\025\250(\005\234\274\250?,N\220\341\026\225\304q\036"
 333      9CBCA83F 
 333      2C4E90E1 
 333      1695C471 
 333      1E
 334 0cdf 392A0523 		.ascii	"9*\005#~9\277J\243\257@\345\230\024\261I0\342\011D\302"
 334      7E39BF4A 
 334      A3AF40E5 
 334      9814B149 
 334      30E20944 
 335 0cf4 32F478C8 		.ascii	"2\364x\310\265\032+\002\021I\204!\013I5\021@@\236\360"
 335      B51A2B02 
 335      11498421 
 335      0B493511 
 335      40409EF0 
 336 0d08 9BBEA1F8 		.ascii	"\233\276\241\370\307=\030\"B\220\304rP\241_\346\244"
 336      C73D1822 
 336      4290C472 
 336      50A15FE6 
 336      A4
 337 0d19 FB39E9D7 		.ascii	"\3739\351\327\234\364\000'=\310IC8\351!^\272g0\244{"
 337      9CF40027 
 337      3DC84943 
 337      38E9215E 
 337      BA6730A4 
 338 0d2e B84A096E 		.ascii	"\270J\011n\367\345F\3750\232\2070;^\224\340\036\251"
 338      F7E546FD 
 338      309A8730 
 338      3B5E94E0 
 338      1EA9
 339 0d40 2C15A59C 		.ascii	",\025\245\234@\205 \021\011\010!\021\352\320\234<r("
 339      40852011 
 339      09082111 
 339      EAD09C3C 
 339      7228
 340 0d52 520A4605 		.ascii	"R\012F\005\317e\225By\314#KbY\014\331'\205<\251t\"\350"
 340      CF659542 
ARM GAS  /tmp/ccViGmLR.s 			page 27


 340      79CC234B 
 340      62590CD9 
 340      27853CA9 
 341 0d69 325F9C10 		.ascii	"2_\234\020\224\201j1o\274\034\031\363\217h\2418N\014"
 341      94816A31 
 341      6FBC1C19 
 341      F38F68A1 
 341      384E0C
 342 0d7c CB2121F6 		.ascii	"\313!!\366,\264\024\307\223\002\037\365W\365S5\023\363"
 342      2CB414C7 
 342      93021FF5 
 342      57F55335 
 342      13F3
 343 0d8e 57066360 		.ascii	"W\006c`F\375\223\272Rk\274Q\377x!(\007\303\345\375\365"
 343      46FD93BA 
 343      526BBC51 
 343      FF782128 
 343      07C3E5FD 
 344 0da3 EAB15562 		.ascii	"\352\261Ub\025\214^lh\211U\005Q?\014\213\305\\,B\205"
 344      158C5E6C 
 344      68895505 
 344      513F0C8B 
 344      C55C2C42 
 345 0db8 1815C360 		.ascii	"\030\025\303`\326\345\271\241*\320\310}\256\324\037"
 345      D6E5B9A1 
 345      2AD0C87D 
 345      AED41F
 346 0dc7 9227106F 		.ascii	"\222'\020o\010\251\350p\217\214\017\203`\020\011X\010"
 346      08A9E870 
 346      8F8C0F83 
 346      60100958 
 346      08
 347 0dd8 A155007D 		.ascii	"\241U\000}\320\216PZ@\270\027*\321\000\2402\032\211"
 347      D08E505A 
 347      40B8172A 
 347      D100A032 
 347      1A89
 348 0dea 5482E13D 		.ascii	"T\202\341=\036+\037\015$pr\224\007\212\324\212\247\201"
 348      1E2B1F0D 
 348      24707294 
 348      078AD48A 
 348      A781
 349 0dfc A1222C8D 		.ascii	"\241\",\215\022+E!&\376,P1:P\361Xdt\245(FG\027\342\323"
 349      122B4521 
 349      26FE2C50 
 349      313A50F1 
 349      586474A5 
 350 0e16 28606CE2 		.ascii	"(`l\342\310\",?-<+V\341\013?\261o1\244\332\264Z.\"\""
 350      C8222C3F 
 350      2D3C2B56 
 350      E10B3FB1 
 350      6F31A4DA 
 351 0e2f 98A8890F 		.ascii	"\230\250\211\017\220\374\251g\217\244\322\236'\241]"
 351      90FCA967 
 351      8FA4D29E 
 351      27A15D
 352 0e3e E64AA861 		.ascii	"\346J\250aI\323\260\244j\330\013\265U\222\004\272\311"
ARM GAS  /tmp/ccViGmLR.s 			page 28


 352      49D3B0A4 
 352      6AD80BB5 
 352      559204BA 
 352      C9
 353 0e4f 9548A7EB 		.ascii	"\225H\247\353\307\005%\271J\250\364\313\301\020\314"
 353      C70525B9 
 353      4AA8F4CB 
 353      C110CC
 354 0e5e 281AF000 		.ascii	"(\032\360\000\000\266x\321\237\252S\225BUy\306\311("
 354      00B678D1 
 354      9FAA5395 
 354      425579C6 
 354      C928
 355 0e70 277227EE 		.ascii	"'r'\356\343%D\303\013\315\201\356y \351@\244\230\017"
 355      E32544C3 
 355      0BCD81EE 
 355      7920E940 
 355      A4980F
 356 0e83 AD4AC54A 		.ascii	"\255J\305JY\200BYU8\340\307~\244\224G\372\013R!\334"
 356      59804259 
 356      5538E0C7 
 356      7EA49447 
 356      FA0B5221 
 357 0e98 2A85984C 		.ascii	"*\205\230L \240\212\220\320O\023I\2518\246\252\\5 c"
 357      20A08A90 
 357      D04F1349 
 357      A938A6AA 
 357      5C352063 
 358 0eac 8D372A84 		.ascii	"\2157*\204\203\001b\016|\351\230\362{]Y\200L<\250X\016"
 358      8301620E 
 358      7CE998F2 
 358      7B5D5980 
 358      4C3CA858 
 359 0ec1 F9034265 		.ascii	"\371\003Bep\214$\310\301H\030H\222\344@\030D\222\027"
 359      708C24C8 
 359      C1481848 
 359      92E44018 
 359      449217
 360 0ed4 292B8B89 		.ascii	")+\213\2112'\207\270@E\221j\225\301pL\224d^\036\033"
 360      322787B8 
 360      4045916A 
 360      95C1704C 
 360      94645E1E 
 361 0ee9 75696B30 		.ascii	"uik0\005V0\271\376G\301j\372\243i\214\214=\251\232\356"
 361      055630B9 
 361      FE47C16A 
 361      FAA3698C 
 361      8C3DA99A 
 362 0efe C86B54E8 		.ascii	"\310kT\350\262`Y\004t\033\212\214#\366\2222\236\321"
 362      B2605904 
 362      741B8A8C 
 362      23F69232 
 362      9ED1
 363 0f10 FF036E42 		.ascii	"\377\003nB\225j"
 363      956A
 364              		.text
 365              		.section	.gnu.lto_.symtab.17c763d22831d414,"",%progbits
ARM GAS  /tmp/ccViGmLR.s 			page 29


 366 0000 63684D73 		.ascii	"chMsgSend\000\000\000\000\000\000\000\000\000\000\000"
 366      6753656E 
 366      64000000 
 366      00000000 
 366      00000000 
 367 0014 00AB0000 		.ascii	"\000\253\000\000\000chMsgWait\000\000\000\000\000\000"
 367      0063684D 
 367      73675761 
 367      69740000 
 367      00000000 
 368 0028 00000000 		.ascii	"\000\000\000\000\000\000E\001\000\000chMsgRelease\000"
 368      00004501 
 368      00006368 
 368      4D736752 
 368      656C6561 
 369 003f 00000000 		.ascii	"\000\000\000\000\000\000\000\000\000\000\000I\001\000"
 369      00000000 
 369      00000049 
 369      0100
 370 004d 00636800 		.ascii	"\000ch\000\000\002\000\000\000\000\000\000\000\000\000"
 370      00020000 
 370      00000000 
 370      000000
 371 005c 5B010000 		.ascii	"[\001\000\000chSchGoSleepS\000\000\002\000\000\000\000"
 371      63685363 
 371      68476F53 
 371      6C656570 
 371      53000002 
 372 0074 00000000 		.ascii	"\000\000\000\000\000Q\001\000\000chSchReadyI\000\000"
 372      00510100 
 372      00636853 
 372      63685265 
 372      61647949 
 373 008a 02000000 		.ascii	"\002\000\000\000\000\000\000\000\000\000U\001\000\000"
 373      00000000 
 373      00005501 
 373      0000
 374 0098 63685363 		.ascii	"chSchWakeupS\000\000\002\000\000\000\000\000\000\000"
 374      6857616B 
 374      65757053 
 374      00000200 
 374      00000000 
 375 00ae 00005901 		.ascii	"\000\000Y\001\000\000"
 375      0000
 376              		.text
 377              		.section	.gnu.lto_.opts,"",%progbits
 378 0000 272D6D63 		.ascii	"'-mcpu=cortex-m3' '-mno-thumb-interwork' '-mthumb' "
 378      70753D63 
 378      6F727465 
 378      782D6D33 
 378      2720272D 
 379 0033 272D4F32 		.ascii	"'-O2' '-fomit-frame-pointer' '-falign-functions=16'"
 379      2720272D 
 379      666F6D69 
 379      742D6672 
 379      616D652D 
 380 0066 20272D66 		.ascii	" '-ffunction-sections' '-fdata-sections' '-fno-comm"
ARM GAS  /tmp/ccViGmLR.s 			page 30


 380      66756E63 
 380      74696F6E 
 380      2D736563 
 380      74696F6E 
 381 0099 6F6E2720 		.ascii	"on' '-flto'\000"
 381      272D666C 
 381      746F2700 
 382              		.text
 383              		.section	.text.chMsgSend,"ax",%progbits
 384              		.align	2
 385              		.p2align 4,,15
 386              		.global	chMsgSend
 387              		.thumb
 388              		.thumb_func
 389              		.type	chMsgSend, %function
 390              	chMsgSend:
 391              		@ args = 0, pretend = 0, frame = 0
 392              		@ frame_needed = 0, uses_anonymous_args = 0
 393 0000 0E4B     		ldr	r3, .L5
 394 0002 70B5     		push	{r4, r5, r6, lr}
 395 0004 2022     		movs	r2, #32
 396 0006 9C69     		ldr	r4, [r3, #24]
 397              	@ 546 "/home/cody/dev/chibios/trunk/os/ext/CMSIS/include/core_cmFunc.h" 1
 398 0008 82F31188 		MSR basepri, r2
 399              	@ 0 "" 2
 400              		.thumb
 401 000c 00F12805 		add	r5, r0, #40
 402 0010 067F     		ldrb	r6, [r0, #28]	@ zero_extendqisi2
 403 0012 2562     		str	r5, [r4, #32]
 404 0014 C26A     		ldr	r2, [r0, #44]
 405 0016 0E2E     		cmp	r6, #14
 406 0018 2163     		str	r1, [r4, #48]
 407 001a 2560     		str	r5, [r4]
 408 001c 6260     		str	r2, [r4, #4]
 409 001e C462     		str	r4, [r0, #44]
 410 0020 1460     		str	r4, [r2]
 411 0022 07D0     		beq	.L4
 412              	.L2:
 413 0024 0C20     		movs	r0, #12
 414 0026 FFF7FEFF 		bl	chSchGoSleepS
 415 002a 206A     		ldr	r0, [r4, #32]
 416 002c 0023     		movs	r3, #0
 417              	@ 546 "/home/cody/dev/chibios/trunk/os/ext/CMSIS/include/core_cmFunc.h" 1
 418 002e 83F31188 		MSR basepri, r3
 419              	@ 0 "" 2
 420              		.thumb
 421 0032 70BD     		pop	{r4, r5, r6, pc}
 422              	.L4:
 423 0034 FFF7FEFF 		bl	chSchReadyI
 424 0038 F4E7     		b	.L2
 425              	.L6:
 426 003a 00BF     		.align	2
 427              	.L5:
 428 003c 00000000 		.word	ch
 429              		.size	chMsgSend, .-chMsgSend
 430              		.section	.text.chMsgWait,"ax",%progbits
 431              		.align	2
ARM GAS  /tmp/ccViGmLR.s 			page 31


 432              		.p2align 4,,15
 433              		.global	chMsgWait
 434              		.thumb
 435              		.thumb_func
 436              		.type	chMsgWait, %function
 437              	chMsgWait:
 438              		@ args = 0, pretend = 0, frame = 0
 439              		@ frame_needed = 0, uses_anonymous_args = 0
 440 0000 10B5     		push	{r4, lr}
 441 0002 2023     		movs	r3, #32
 442              	@ 546 "/home/cody/dev/chibios/trunk/os/ext/CMSIS/include/core_cmFunc.h" 1
 443 0004 83F31188 		MSR basepri, r3
 444              	@ 0 "" 2
 445              		.thumb
 446 0008 0B4C     		ldr	r4, .L10
 447 000a A269     		ldr	r2, [r4, #24]
 448 000c 1346     		mov	r3, r2
 449 000e 53F8280F 		ldr	r0, [r3, #40]!
 450 0012 9842     		cmp	r0, r3
 451 0014 08D0     		beq	.L9
 452              	.L8:
 453 0016 0168     		ldr	r1, [r0]
 454 0018 0D24     		movs	r4, #13
 455 001a 9162     		str	r1, [r2, #40]
 456 001c 4B60     		str	r3, [r1, #4]
 457 001e 0022     		movs	r2, #0
 458 0020 0477     		strb	r4, [r0, #28]
 459              	@ 546 "/home/cody/dev/chibios/trunk/os/ext/CMSIS/include/core_cmFunc.h" 1
 460 0022 82F31188 		MSR basepri, r2
 461              	@ 0 "" 2
 462              		.thumb
 463 0026 10BD     		pop	{r4, pc}
 464              	.L9:
 465 0028 0E20     		movs	r0, #14
 466 002a FFF7FEFF 		bl	chSchGoSleepS
 467 002e A269     		ldr	r2, [r4, #24]
 468 0030 906A     		ldr	r0, [r2, #40]
 469 0032 02F12803 		add	r3, r2, #40
 470 0036 EEE7     		b	.L8
 471              	.L11:
 472              		.align	2
 473              	.L10:
 474 0038 00000000 		.word	ch
 475              		.size	chMsgWait, .-chMsgWait
 476 003c AFF30080 		.section	.text.chMsgRelease,"ax",%progbits
 477              		.align	2
 478              		.p2align 4,,15
 479              		.global	chMsgRelease
 480              		.thumb
 481              		.thumb_func
 482              		.type	chMsgRelease, %function
 483              	chMsgRelease:
 484              		@ args = 0, pretend = 0, frame = 0
 485              		@ frame_needed = 0, uses_anonymous_args = 0
 486 0000 08B5     		push	{r3, lr}
 487 0002 2023     		movs	r3, #32
 488              	@ 546 "/home/cody/dev/chibios/trunk/os/ext/CMSIS/include/core_cmFunc.h" 1
ARM GAS  /tmp/ccViGmLR.s 			page 32


 489 0004 83F31188 		MSR basepri, r3
 490              	@ 0 "" 2
 491              		.thumb
 492 0008 FFF7FEFF 		bl	chSchWakeupS
 493 000c 0023     		movs	r3, #0
 494              	@ 546 "/home/cody/dev/chibios/trunk/os/ext/CMSIS/include/core_cmFunc.h" 1
 495 000e 83F31188 		MSR basepri, r3
 496              	@ 0 "" 2
 497              		.thumb
 498 0012 08BD     		pop	{r3, pc}
 499              		.size	chMsgRelease, .-chMsgRelease
 500              		.comm	__gnu_lto_v1,1,1
 501 0014 AFF30080 		.ident	"GCC: (GNU Tools for ARM Embedded Processors) 4.8.4 20140526 (release) [ARM/embedded-4_8-br
 501      AFF30080 
 501      AFF30080 
ARM GAS  /tmp/ccViGmLR.s 			page 33


DEFINED SYMBOLS
                            *ABS*:0000000000000000 chmsg.c
     /tmp/ccViGmLR.s:384    .text.chMsgSend:0000000000000000 $t
     /tmp/ccViGmLR.s:390    .text.chMsgSend:0000000000000000 chMsgSend
     /tmp/ccViGmLR.s:428    .text.chMsgSend:000000000000003c $d
     /tmp/ccViGmLR.s:431    .text.chMsgWait:0000000000000000 $t
     /tmp/ccViGmLR.s:437    .text.chMsgWait:0000000000000000 chMsgWait
     /tmp/ccViGmLR.s:474    .text.chMsgWait:0000000000000038 $d
     /tmp/ccViGmLR.s:477    .text.chMsgRelease:0000000000000000 $t
     /tmp/ccViGmLR.s:483    .text.chMsgRelease:0000000000000000 chMsgRelease
                            *COM*:0000000000000001 __gnu_lto_v1
     /tmp/ccViGmLR.s:476    .text.chMsgWait:000000000000003c $t

UNDEFINED SYMBOLS
chSchGoSleepS
chSchReadyI
ch
chSchWakeupS
