ARM GAS  /tmp/cc0XT6Se.s 			page 1


   1              		.syntax unified
   2              		.cpu cortex-m3
   3              		.fpu softvfp
   4              		.eabi_attribute 20, 1
   5              		.eabi_attribute 21, 1
   6              		.eabi_attribute 23, 3
   7              		.eabi_attribute 24, 1
   8              		.eabi_attribute 25, 1
   9              		.eabi_attribute 26, 1
  10              		.eabi_attribute 30, 2
  11              		.eabi_attribute 34, 1
  12              		.eabi_attribute 18, 4
  13              		.thumb
  14              		.file	"chregistry.c"
  15              		.section	.gnu.lto_.jmpfuncs.ed734383ee02092a,"",%progbits
  16 0000 789C6362 		.ascii	"x\234cb`b\300\0068\2414P\226\211\221\021\310\000\000"
  16      6062C006 
  16      38A13450 
  16      96899111 
  16      C80000
  17 0013 01890014 		.ascii	"\001\211\000\024"
  18              		.text
  19              		.section	.gnu.lto_.inline.ed734383ee02092a,"",%progbits
  20 0000 789C6362 		.ascii	"x\234cb`b\300\006\364\2414P\226\223\203\221\201\211"
  20      6062C006 
  20      F4A13450 
  20      96938391 
  20      8189
  21 0012 E7412C03 		.ascii	"\347A,\003\333\002y&\210\030\257(P\210\177A\011\003"
  21      DB027926 
  21      8818AF28 
  21      50887F41 
  21      0903
  22 0024 7B873A44 		.ascii	"{\207:D\210\233\201\201q\202\037\003\000\200k\005H"
  22      889B8181 
  22      71821F03 
  22      00806B05 
  22      48
  23              		.text
  24              		.section	.gnu.lto_.pureconst.ed734383ee02092a,"",%progbits
  25 0000 789C6362 		.ascii	"x\234cb`b`e\200\000&\006+&+\000\001\210\000\202"
  25      60626065 
  25      80002606 
  25      2B262B00 
  25      01880082 
  26              		.text
  27              		.section	.gnu.lto_chRegFirstThread.ed734383ee02092a,"",%progbits
  28 0000 789C8D51 		.ascii	"x\234\215Q\315K\033Q\020\237y\233\215\032/\322S\275"
  28      CD4B1B51 
  28      109F799B 
  28      8D1A2FD2 
  28      53BD
  29 0012 C822F4E0 		.ascii	"\310\"\364\340\007y=(^\005A\310!\2076\026\352I\222\315"
  29      07793D28 
  29      5E0541C8 
  29      21873616 
  29      EA4992CD 
ARM GAS  /tmp/cc0XT6Se.s 			page 2


  30 0026 923CEC26 		.ascii	"\222<\354&\362\262\221\206\034\362br\360P\250\210\210"
  30      F2B29186 
  30      1CF26272 
  30      F050A888 
  30      88
  31 0037 56053F40 		.ascii	"V\005?@T\004\305\223G\377\001\005\257\245\007\261\364"
  31      5404C593 
  31      47FF0105 
  31      AFA507B1 
  31      F4
  32 0048 D063AF52 		.ascii	"\320c\257RH\347\355nB\333K\234\307\276\231\235\231\337"
  32      48E7ED6E 
  32      42DB4B9C 
  32      C7BE999D 
  32      99DF
  33 005a 6F3E1E03 		.ascii	"o>\036\003\006\377\313 }qro\222F\003\220\255\335\001"
  33      06FFCB20 
  33      7D71726F 
  33      92460390 
  33      ADDD01
  34 006d D47B19A2 		.ascii	"\324{\031\2426\000\241\306\2606\217:\025\207\341@\251"
  34      3600A1C6 
  34      B0368F3A 
  34      1587E140 
  34      A9
  35 007e F5871F87 		.ascii	"\365\207\037\207?q[\3354\367\325\357V\013Q \321N!\330"
  35      3F715BDD 
  35      34F7D5EF 
  35      560B5120 
  35      D14E21D8 
  36 0092 08EFE907 		.ascii	"\010\357\351\007-_\261\310\277u.\330\315C\253u~\177"
  36      2D5FB1C8 
  36      BF752ED8 
  36      CD43AB75 
  36      7E7F
  37 00a4 F2B88B2F 		.ascii	"\362\270\213/b\006\244\361\200\370\" \3200\365E)&4\225"
  37      6206A4F1 
  37      80F82220 
  37      D030F545 
  37      29263495 
  38 00b8 5AB38208 		.ascii	"Z\263\202\010h>\2229\272u'\357\220im\334\301\312\257"
  38      683E9239 
  38      BA7527EF 
  38      90696DDC 
  38      C1CAAF
  39 00cb A78DEF2F 		.ascii	"\247\215\357/\303d \242#4\375\366\350T\015=\242\021"
  39      C36420A2 
  39      2334FDF6 
  39      E8540D3D 
  39      A211
  40 00dd CC39049F 		.ascii	"\3149\004\237pOmM\013\364{\321]\231\226\266:\361\317"
  40      704F6D4D 
  40      0BF47BD1 
  40      5D9996B6 
  40      3AF1CF
  41 00f0 613C1AF4 		.ascii	"a<\032\364x\013+_\277]oD\003\312\034\032cp\246H\336"
  41      780B2B5F 
ARM GAS  /tmp/cc0XT6Se.s 			page 3


  41      BF5D6F44 
  41      03CA1C1A 
  41      6370A648 
  42 0105 D088A139 		.ascii	"\320\210\2419)\260g\007\276\324\225\032\020\330[\205"
  42      29B06707 
  42      BED4951A 
  42      10D85B85 
  43 0115 27B5AAAD 		.ascii	"'\265\252\255>\027\333%\372|\252\014B\250C\303'\337"
  43      3E17DB25 
  43      FA7CAA0C 
  43      42A843C3 
  43      27DF
  44 0127 3A1E6973 		.ascii	":\036isG\306`T`\214\270\010\323O\2654\266\215a\035L"
  44      47C66054 
  44      608CB808 
  44      D34FB534 
  44      B68D611D 
  45 013c 63B5B1DC 		.ascii	"c\265\261\334\206\230\204\322Y1\014\350\022A \354\254"
  45      869884D2 
  45      59310CE8 
  45      124120EC 
  45      AC
  46 014d BF0B5B4E 		.ascii	"\277\013[No\3519\333K\3431=\207\277-\370k[i<\305\241"
  46      6FE939DB 
  46      4BE3313D 
  46      87BF2DF8 
  46      6B5B693C 
  47 0163 80F21EEA 		.ascii	"\200\362\036\352\227W\251\316\226\002\347\034MJ\017"
  47      9757A9CE 
  47      9602E71C 
  47      4D4A0F
  48 0172 A4732778 		.ascii	"\244s'x\276\350:\334.f+<\353,s;/2\242X\342\236,\027"
  48      BEE83ADC 
  48      2E662B3C 
  48      EB2C733B 
  48      2F32A258 
  49 018a 163919D2 		.ascii	"\0269\031\322\343%i\223_:9Q\362d%n\003\363\226\246\273"
  49      E3256993 
  49      5F3A3951 
  49      F264256E 
  49      03F396A6 
  50 019f E19C8F1E 		.ascii	"\341\234\217\036\237I\246\022).\012\366\207rV\347Jg"
  50      9F49A612 
  50      292E0AF6 
  50      877256E7 
  50      4A67
  51 01b1 C17667CB 		.ascii	"\301vg\313\005;\236\207\201d\352\255\225I\227\234%)"
  51      053B9E87 
  51      8164EAAD 
  51      9549979C 
  51      2529
  52 01c3 C6AD57AF 		.ascii	"\306\255W\257\201I\350q\035\267(+\360\007f\342\250="
  52      8149E871 
  52      1DB7282B 
  52      F00766E2 
  52      A83D
  53              		.text
ARM GAS  /tmp/cc0XT6Se.s 			page 4


  54              		.section	.gnu.lto_chRegNextThread.ed734383ee02092a,"",%progbits
  55 0000 789C8D52 		.ascii	"x\234\215RMk\023Q\024\275\347\275\311\207\261Hq\345"
  55      4D6B1351 
  55      14BDE7BD 
  55      C987B148 
  55      71E5
  56 0012 424A10DC 		.ascii	"BJ\020\334X\351(\012\335\026\004\241\213n\214\005]I"
  56      58E9280A 
  56      DD1604A1 
  56      8B6E8C05 
  56      5D49
  57 0024 32199287 		.ascii	"2\031\222\207NR&\211\030Z\350k\232E\021\204 \212\337"
  57      4E522689 
  57      185AE86B 
  57      9A451184 
  57      208ADF
  58 0037 60150415 		.ascii	"`\025\004\025\024\374\005)(\270\260UW\305\266\213\240"
  58      14FC0529 
  58      28B8B055 
  58      57C5B68B 
  58      A0
  59 0048 82B85370 		.ascii	"\202\270Sp!Z\211\367efbuS/\314\373\272\367\234w\356"
  59      215A89F7 
  59      65666275 
  59      532FCCFB 
  59      BAF79C77 
  60 005d 792348D0 		.ascii	"y#H\320\277q\204\277\307||\215g\304\010\242\265B4\227"
  60      BF7184BF 
  60      C77C7C8D 
  60      67C408A2 
  60      B5423497 
  61 0071 14C26A83 		.ascii	"\024\302j\203tJ\276yE\244\007$\254\340\334\002\314\202"
  61      744ABE79 
  61      45A40724 
  61      ACE0DC02 
  61      CC82
  62 0083 40B3425A 		.ascii	"@\263BZ\230=\015C\202}\264\250\365\345\316\213'\237"
  62      983D0D43 
  62      827DB4A8 
  62      F5E5CE8B 
  62      279F
  63 0095 7143B79B 		.ascii	"qC\267\233w\365f\267\013(\360\205\243 \007t\2127H\367"
  63      77F566B7 
  63      0B28F085 
  63      A3200774 
  63      8A3748F7 
  64 00a9 2661FDAD 		.ascii	"&a\375\255\340\251hw\272\335\333\253\037\337\257c\367"
  64      E0A96877 
  64      BADDDBAB 
  64      1FDFAF63 
  64      F7
  65 00ba 2E50168B 		.ascii	".P\026\213\314\027\203\007\212\207\233\004)\310\244"
  65      CC178307 
  65      8A879B04 
  65      29C8A4
  66 00c9 19B83E46 		.ascii	"\031\270>FM\255[\351 C\206\234\343$\217F\330$\204\231"
  66      4DAD5BE9 
ARM GAS  /tmp/cc0XT6Se.s 			page 5


  66      2043869C 
  66      E3248F46 
  66      D8248499 
  67 00dd E50A35BE 		.ascii	"\345\0125\276\376\274\362aOXLLt\237\333\353)\007\315"
  67      FEBCF261 
  67      4F584C4C 
  67      749FDBEB 
  67      2907CD
  68 00f0 48E3840C 		.ascii	"H\343\204\014\354\030\242K\270\243\257\217)\364\204"
  68      EC18A24B 
  68      B8A3AF8F 
  68      29F484
  69 00ff 1989B1B4 		.ascii	"\031\211\261\264Y\365\363\2550\037\017\004/Scm\343\333"
  69      59F5F3AD 
  69      301F0F04 
  69      2F53636D 
  69      E3DB
  70 0111 D5444059 		.ascii	"\325D@Y@|\230\036i\216Q\356\367\026\335d|\242\200\230"
  70      407C981E 
  70      698E51EE 
  70      F716DD64 
  70      7CA28098 
  71 0125 E109EA73 		.ascii	"\341\011\352s\210Z}I\317?-\375\272(\373\310i\372\241"
  71      885A7D49 
  71      CF3F2DFD 
  71      BA28FBC8 
  71      69FAA1
  72 0138 17B4AE29 		.ascii	"\027\264\256)$C\222i\205\035\036\220C\037\364'&\271"
  72      24439269 
  72      851D1E90 
  72      431FF427 
  72      26B9
  73 014a 7F7E0F69 		.ascii	"\177~\017i\004|\177\266\204\210&1L\007\024R\375\273"
  73      047C7FB6 
  73      84882631 
  73      4C071452 
  73      FDBB
  74 015c E35BEF8E 		.ascii	"\343[\357\216\236|\231\346\027\346\357\3651I\206\231"
  74      9E7C99E6 
  74      17E6EFF5 
  74      31498699 
  75 016c B214828E 		.ascii	"\262\024\202\216\306\203D\250\342\3606t\214\217$Y\377"
  75      C68344A8 
  75      E2F03674 
  75      8C8F2459 
  75      FF
  76 017d ED77160F 		.ascii	"\355w\026\017\270\201\236\277\264\305\337,\036b(`{M"
  76      B8819EBF 
  76      B4C5DF2C 
  76      1E622860 
  76      7B4D
  77 018f CD2F8DF5 		.ascii	"\315/\215\365\231\010\033\2703\250\260\323\011\355`"
  77      99081BB8 
  77      33A8B0D3 
  77      09ED60
  78 019e 5F150688 		.ascii	"_\025\006\210\336\322\\g\315\215z\351\345\336\021B\235"
  78      DED25C67 
ARM GAS  /tmp/cc0XT6Se.s 			page 6


  78      CD8D7AE9 
  78      E5DE1142 
  78      9D
  79 01af 627335CF 		.ascii	"bs5\317\252\345\306\352^\363c\300\01047\035\265\213"
  79      AAE5C6EA 
  79      5EF363C0 
  79      0834371D 
  79      B58B
  80 01c1 65CFB59D 		.ascii	"e\317\265\235r\276n\347\335\363\266ST9U\256\330U\277"
  80      72BE6EE7 
  80      DDF3B653 
  80      543955AE 
  80      D855BF
  81 01d4 563A6BF3 		.ascii	"V:k\363\302\257\332\025\337\341s\337-\250J\325\257\217"
  81      C2AFDA15 
  81      DFE173DF 
  81      2DA84AD5 
  81      AF8F
  82 01e6 38244BD5 		.ascii	"8$K\325\251\261\355\200\356\205\252}l\"3\236\261U\311"
  82      A9B1ED80 
  82      EE85AA7D 
  82      6C22339E 
  82      B155C9
  83 01f9 3957CB9B 		.ascii	"9W\313\233Z\337=\343x\307k%g\244H\203\023\231\023\351"
  83      5ADF3DE3 
  83      78C76B25 
  83      67A44883 
  83      139913E9 
  84 020d 5CB6E24E 		.ascii	"\\\266\342N\371\352`z\377!\022>%<\327+\373u\372\015"
  84      F9EA607A 
  84      FF21123E 
  84      253CD72B 
  84      FB75FA0D 
  85 0221 B542CCA9 		.ascii	"\265B\314\251"
  86              		.text
  87              		.section	.gnu.lto_.symbol_nodes.ed734383ee02092a,"",%progbits
  88 0000 789C6362 		.ascii	"x\234cb`bpa\200\002\246\325\214\365\014\014\023\316"
  88      60627061 
  88      8002A6D5 
  88      8CF50C0C 
  88      13CE
  89 0012 3130D4D7 		.ascii	"10\324\327\317\353`d]\313\010d10\255a\254gD\022]\305"
  89      CFEB6064 
  89      5DCB0864 
  89      3130AD61 
  89      AC674412 
  90 0028 C8C85ACF 		.ascii	"\310\310Z\317\300\270\236\261\236\011\"\332\320\300"
  90      C0B89EB1 
  90      9E0922DA 
  90      D0C0
  91 0036 C8CCC4C2 		.ascii	"\310\314\304\302\360\370\341?F\006\000\204&\022\356"
  91      F0F8E13F 
  91      46060084 
  91      2612EE
  92              		.text
  93              		.section	.gnu.lto_.refs.ed734383ee02092a,"",%progbits
  94 0000 789C6362 		.ascii	"x\234cb`b\340d\200\000F bdbbd\000\000\001\"\000\026"
ARM GAS  /tmp/cc0XT6Se.s 			page 7


  94      6062E064 
  94      80004620 
  94      62646262 
  94      64000001 
  95              		.text
  96              		.section	.gnu.lto_.decls.ed734383ee02092a,"",%progbits
  97 0000 789CC55A 		.ascii	"x\234\305Z{p\024E\032\357\231\315k\223%\304\027\027"
  97      7B701445 
  97      1AEF99CD 
  97      6B9325C4 
  97      1717
  98 0012 AB3C59AF 		.ascii	"\253<Y\257\364\212\362J\022\225\023\274\252\003\256"
  98      F48AF24A 
  98      129513BC 
  98      AA03AE
  99 0021 B094F34A 		.ascii	"\260\224\363J\353\216\322*\377\271[\207\335I\262g\366"
  99      EB8ED22A 
  99      FFB95B87 
  99      DD49B267 
  99      F6
 100 0032 71B3131E 		.ascii	"q\263\023\036\376\343\020\220S\204\200\033\216\213\020"
 100      FEE31090 
 100      5384801B 
 100      8E8B10
 101 0041 2021A860 		.ascii	" !\250`\000y\0040<W\016\010\006\014\020y\210\274\026"
 101      00790430 
 101      3C570E08 
 101      060C1079 
 101      88BC16
 102 0054 CBE8A594 		.ascii	"\313\350\245\224\2237(\217\\\3677=\263\323\223\235\315"
 102      9337288F 
 102      5CF7373D 
 102      B3D3939D 
 102      CD
 103 0065 4CD4BBA9 		.ascii	"L\324\273\251\332o\272g\272\177\375\275\272\277\257"
 103      DA6FBA67 
 103      BA7FFDBD 
 103      BABFAF
 104 0074 7B96473C 		.ascii	"{\226G<\362p\010\365\340k\3570\204n\317E\310\205\020"
 104      F27008F5 
 104      E06BEF30 
 104      846ECF45 
 104      C88510
 105 0087 1A895217 		.ascii	"\032\211R\027\2517\342\337(\334\356I\374\343q\371i|"
 105      A937E2DF 
 105      28DCEE49 
 105      FCE371F9 
 105      697C
 106 0099 7F8F43CC 		.ascii	"\177\217C\314E\332x\360\257\011\377\012i\23149\216\311"
 106      45DA78F0 
 106      AF09FF0A 
 106      69993439 
 106      8EC9
 107 00ab 3A7C3F89 		.ascii	":|?\211\357\343\360\357\017\370w\032\377\256\340gK)"
 107      EFE3F0EF 
 107      0FF8771A 
 107      FFAEE067 
ARM GAS  /tmp/cc0XT6Se.s 			page 8


 107      4B29
 108 00bd FE9F70FD 		.ascii	"\376\237p\375/\370w\231\366i\244\367\247Mc\020\036\006"
 108      2FF87799 
 108      F669A4F7 
 108      A74D6310 
 108      1E06
 109 00cf F43106C1 		.ascii	"\3641\006\301L\322\261\310\030g\360\375)N\035\3473:"
 109      4CD2B1C8 
 109      1867F0FD 
 109      294E1DE7 
 109      333A
 110 00e1 16198737 		.ascii	"\026\031\2077\3114\206\353=\336`\264HiH&w-9\306\275"
 110      C93486EB 
 110      3DDE60B4 
 110      48694826 
 110      772D39C6 
 111 00f6 A524A629 		.ascii	"\245$\246)==\257\240A\350\037\012\276\032\246+\012'"
 111      3D3DAFA0 
 111      41E81F0A 
 111      BE1AA62B 
 111      0A27
 112 0108 17A0198A 		.ascii	"\027\240\031\212RM*c\367\024\336\216\336$o\274{0k/p"
 112      524D2A63 
 112      F714DE8E 
 112      DE246FBC 
 112      7B306B2F 
 113 011d 0257E846 		.ascii	"\002W\350F\015YP\362\270\321\023\030\356\001\264TQ\346"
 113      0D5950F2 
 113      B8D11318 
 113      EE01B454 
 113      51E6
 114 012f 244F37CE 		.ascii	"$O7\316\374\215\242\344\011\334R\356v<t\224C\017\242"
 114      FC8DA2E4 
 114      09DC52EE 
 114      763C7494 
 114      430FA2
 115 0142 E5B8E31C 		.ascii	"\345\270\343\034EY2\322\304\001\\}\002\363H\3418$p\313"
 115      455932D2 
 115      C4015C7D 
 115      02F348E1 
 115      382470CB 
 116 0156 30A0C0BD 		.ascii	"0\240\300\275\313=\250\016\245$\327\31785\205\233\202"
 116      CB3DA80E 
 116      A524D7CF 
 116      3835859B 
 116      82
 117 0167 3955DF21 		.ascii	"9U\337!\3726\315u\037j\300\222$\256O_x\267\322\260\003"
 117      FA36CD75 
 117      1F6AC092 
 117      24AE4F5F 
 117      78B7D2B0 
 118 017c B76FE20A 		.ascii	"\267o\342\0120\356v\035\227\016\354\325\306\315BH+\252"
 118      30EE761D 
 118      970EECD5 
 118      C6CD4248 
 118      2BAA
 119 018e 176DC0E2 		.ascii	"\027m\300\342\335\332\355\231#h`\273\035\203y\031\260"
ARM GAS  /tmp/cc0XT6Se.s 			page 9


 119      DDDAED99 
 119      236860BB 
 119      1D837919 
 119      B0
 120 019f DAB67A60 		.ascii	"\332\266z`\316\215^Ki\035\245\005\243\252\336\334\321"
 120      CE8D5E4B 
 120      691DA505 
 120      A3AADEDC 
 120      D1
 121 01b0 71909B0A 		.ascii	"q\220\233\012\362\257\306\335x4\217\347\030\035\330"
 121      F2AFC6DD 
 121      78348FE7 
 121      181DD8
 122 01bf 87BA19DF 		.ascii	"\207\272\031\337\365!W\015P\353\000\352_\375\206j\235"
 122      F521570D 
 122      50EB00EA 
 122      5FFD866A 
 122      9D
 123 01d0 B7E57170 		.ascii	"\267\345qp\200\015\0004\305\305\002\011\\\256\256F\275"
 123      800D0034 
 123      C5C50209 
 123      5CAEAE46 
 123      BD
 124 01e1 AE352068 		.ascii	"\2565 h\360\232\026\310\324\035\210~\342\346<\232\351"
 124      F09A16C8 
 124      D41D887E 
 124      E2E63C9A 
 124      E9
 125 01f2 B261BA3C 		.ascii	"\262a\272<+?P\222-3\272`\012\271\250/7\344X\351\210"
 125      2B3F5092 
 125      2D33BA60 
 125      0AB9A82F 
 125      37E458E9 
 126 0207 47B530D6 		.ascii	"G\2650\326f\263/_\235\177\266\232\372\362f[\276\274"
 126      66B32F5F 
 126      9D7FB69A 
 126      FAF2665B 
 126      BEBC
 127 0219 71EF3FC1 		.ascii	"q\357?\301]\372\234\244\2746\376\3750\376a\030?a\036"
 127      5DFA9CA4 
 127      BC36FEFD 
 127      30FE6118 
 127      3F611E
 128 022c BFF6F495 		.ascii	"\277\366\364\225\251t\374\204\255\361\327t\316\355="
 128      A974FC84 
 128      ADF1D774 
 128      CEED3D
 129 023b BEC08DBC 		.ascii	"\276\300\215\274+\223o\\\235\337v\201\216\262\023&\315"
 129      2B936F5C 
 129      9DDF7681 
 129      8EB21326 
 129      CD
 130 024c E22CB377 		.ascii	"\342,\263w\214*`\355\207\353\206\006<Z\226\245\361\337"
 130      8C2A60ED 
 130      87EB8606 
 130      3C5A96A5 
 130      F1DF
ARM GAS  /tmp/cc0XT6Se.s 			page 10


 131 025e AF398B05 		.ascii	"\2579\213\005\3357\227\213OU\366\224j<4;F\3642\232h"
 131      DD37978B 
 131      4F55F694 
 131      6A3C343B 
 131      46F4329A 
 132 0273 E9845540 		.ascii	"\351\204U@\005[e\007\314\322\225\252\023\033\214`k\034"
 132      055B6507 
 132      CCD295AA 
 132      131B8C60 
 132      6B1C
 133 0285 83B19C7D 		.ascii	"\203\261\234}`\004k\261\003Vd\315\331&#\330F\307`,g"
 133      60046BB1 
 133      035664CD 
 133      D92623D8 
 133      46C7602C 
 134 029a 5B8C609B 		.ascii	"[\214`\233\354\200\025[s\266\315\010\266\3151\030\313"
 134      EC80155B 
 134      73B6CD08 
 134      B6CD3118 
 134      CB
 135 02ab D90123D8 		.ascii	"\331\001#\330\016;`\3364\234\351W\272~\304\255\267s"
 135      0E3B60DE 
 135      349CE957 
 135      BA7EC4AD 
 135      B773
 136 02bd BA9FF368 		.ascii	"\272\237\363hW\226\266&8\364i\224\302\370(\313\351\032"
 136      5796B626 
 136      38F46994 
 136      C2F828CB 
 136      E91A
 137 02cf C6C88D83 		.ascii	"\306\310\215\203\351\227\215\\\255:/\324\200\266\337"
 137      E9978D5C 
 137      AD3A2FD4 
 137      80B6DF
 138 02de 0E620687 		.ascii	"\016b\006\207\231\337f\210\216G\035\203\231\\\231\200"
 138      99DF6688 
 138      8E471D83 
 138      995C9980 
 139 02ee 316B0D8D 		.ascii	"1k\015\215H\311\267\023\305u\251\345.O\303\"\251\206"
 139      48C9B713 
 139      C575A9E5 
 139      2E4FC322 
 139      A986
 140 0300 BAB6E1CC 		.ascii	"\272\266\341\314\203\327\033+\305\305\351\333\012\334"
 140      83D71B2B 
 140      C5C5E9DB 
 140      0ADC
 141 030e 19EE014C 		.ascii	"\031\356\001L?\347\334:\027jY+\365@.u:+]\022\003\000"
 141      3FE7DC3A 
 141      176A592B 
 141      F5402E75 
 141      3A2B5D12 
 142 0324 99BB5A79 		.ascii	"\231\273Zy\302i\243'|aGM\031\246\302\351\266\372\237"
 142      C269A327 
 142      7C61474D 
 142      19A6C2E9 
 142      B6FA9F
ARM GAS  /tmp/cc0XT6Se.s 			page 11


 143 0337 29C90467 		.ascii	")\311\004g\2207\243rp\022Q\363\261\226D|\011\001\373"
 143      9037A372 
 143      701251F3 
 143      B196447C 
 143      0901FB
 144 034a EBACB491 		.ascii	"\353\254\264\221\337\006\324\315\370\312_A\344\357\006"
 144      DF06D4CD 
 144      F8CA5F41 
 144      E4EF06
 145 0359 A04BFD06 		.ascii	"\240K\375\006j\235\267h\004\000}\003@7z\005\011\316"
 145      6A9DB768 
 145      04007D03 
 145      40377A05 
 145      09CE
 146 036b 9442706C 		.ascii	"\224Bpl\220\327uOU\377S\265\345\321\364l\223\275\030"
 146      90D7754F 
 146      55FF53B5 
 146      E5D1F46C 
 146      93BD18
 147 037e 71FA5C6D 		.ascii	"q\372\\m\222\353\333o\276\311]\254V\352J\035X\254c\237"
 147      92EBDB6F 
 147      BEC95DAC 
 147      56EA4A1D 
 147      58AC639F 
 148 0392 66B1F3A0 		.ascii	"f\261\363\240\237\232l\263~\272\035*\010\247\216\216"
 148      9F9A6CB3 
 148      7EBA1D2A 
 148      08A78E8E 
 149 03a2 0519C20A 		.ascii	"\005\031\302\0122cg\334\271 \272\353]\001A\026\375\010"
 149      326367DC 
 149      B920BAEB 
 149      5D014116 
 149      FD08
 150 03b4 82BCE358 		.ascii	"\202\274\343X\220R\203 dSq9\256\256\203w\240x\346d\216"
 150      90528320 
 150      64537139 
 150      AEAE8377 
 150      A078E664 
 151 03c9 F0739DBB 		.ascii	"\360s\235\273\203I\244\022\307\3329\257\372\270\257"
 151      8349A412 
 151      C7DA39AF 
 151      FAB8AF
 152 03d8 1C4A495C 		.ascii	"\034JI\\m7\244\374\212\255\224\277f\277\246\262[\240"
 152      6D37A4FC 
 152      8AAD94BF 
 152      66BFA6B2 
 152      5BA0
 153 03ea B295D969 		.ascii	"\262\225\331i&\231-\250\233\235;\327\320\224\177\012"
 153      26992DA8 
 153      9B9D3BD7 
 153      D0947F0A 
 154 03fa 4FA0D6F5 		.ascii	"O\240\326\365\033\252\365\310Fu\276N\003\240\315\275"
 154      1BAAF5C8 
 154      4675BE4E 
 154      03A0CDBD 
 155 040a CC9863B2 		.ascii	"\314\230c\262b\016kE\\%#]#\0119\367\012}B*\271\350\177"
 155      620E6B45 
ARM GAS  /tmp/cc0XT6Se.s 			page 12


 155      5C25235D 
 155      230939F7 
 155      0A7D422A 
 156 0421 DE0F4763 		.ascii	"\336\017Gc`\237X\260?\031&\361\240\256\270\026IU#\355"
 156      609F58B0 
 156      3F1926F1 
 156      A0AEB816 
 156      495523ED 
 157 0435 FB4188D5 		.ascii	"\373A\210\325\211uoh\373\326Q$\226\036\376\201p\007"
 157      89756F68 
 157      FBD65124 
 157      961EFE81 
 157      7007
 158 0447 F73ADE69 		.ascii	"\367:\336i\326\034\322\334n\026\230\370D/\023\2573\317"
 158      D61CD2DC 
 158      6E1698F8 
 158      442F13AF 
 158      33CF
 159 0459 543B1BAF 		.ascii	"T;\033\257\177\367W\022\375\342\321\267\346\011o7G\323"
 159      7FF75712 
 159      FDE2D1B7 
 159      E6096F37 
 159      47D3
 160 046b CCD57E95 		.ascii	"\314\325~\225\232\253\317\335\233v\304\261~\346Xp\367"
 160      9AABCFDD 
 160      9B76C4B1 
 160      7EE65870 
 160      F7
 161 047c 5A9E1C71 		.ascii	"Z\236\034q\\4\351\302\306&\260:\207t\231\307\367:\320"
 161      5C34E9C2 
 161      C626B03A 
 161      877499C7 
 161      F73AD0
 162 048f F8583BD0 		.ascii	"\370X;\320 \357ll\002\231\003\015\201[\301\361\024\267"
 162      20EF6C6C 
 162      0299030D 
 162      815BC1F1 
 162      14B7
 163 04a1 BFFA644C 		.ascii	"\277\372dL\230bP\340\352x\222\035\275\305\337g\324}"
 163      986250E0 
 163      EA78921D 
 163      BDC5DF67 
 163      D47D
 164 04b3 3CC7A9EE 		.ascii	"<\307\251\356\275F\335'\256\357\255\347\010\377i\366"
 164      BD46DD27 
 164      AEEFADE7 
 164      08FF69F6 
 165 04c3 ADA38D39 		.ascii	"\255\243\2159\253\246\370\3633\177\017\212\257\007\305"
 165      ABA6F8F3 
 165      337F0F8A 
 165      AF07C5
 166 04d2 D7E7A457 		.ascii	"\327\347\244W\374h+\030\036\255\200.\213{)\276\375\220"
 166      FC682B18 
 166      1EAD802E 
 166      8B7B29BE 
 166      FD90
 167 04e4 A6F8C5B6 		.ascii	"\246\370\305\266\024\1778\255\342\027;W<\305;\222:I"
ARM GAS  /tmp/cc0XT6Se.s 			page 13


 167      147F38AD 
 167      E2173B57 
 167      3CC53B92 
 167      3A49
 168 04f6 12B8558E 		.ascii	"\022\270U\216\301\274\231\254\270\330`\305F\260\342"
 168      C1BC99AC 
 168      B8D860C5 
 168      46B0E2
 169 0505 126C453C 		.ascii	"\022lE<\030k\313\255f[2\252\243\305!V\"(\211\332\216"
 169      186BCBAD 
 169      665B32AA 
 169      A3C52156 
 169      222889DA 
 170 051a 7AAA1275 		.ascii	"z\252\022u\321\333c\3077J\255U\262\250\003T\242\256"
 170      D1DB63C7 
 170      374AAD55 
 170      B2A80354 
 170      A2AE
 171 052c 371D8EC1 		.ascii	"7\035\216\301\274\014\330\326\232\205\266NK\024\316"
 171      BC0CD8D6 
 171      9A85B64E 
 171      4B14CE
 172 053b B817E1D1 		.ascii	"\270\027\341\3211\030\267\331\354/=W\016\374\235\372"
 172      3118B7D9 
 172      EC2F3D57 
 172      0EFC9DFA 
 173 054b 4BB30D7F 		.ascii	"K\263\015\177\301\221\276\313\255\304=\232\343\326\346"
 173      C191BECB 
 173      ADC43D9A 
 173      E3D6E6
 174 055a 6AA81954 		.ascii	"j\250\031T\235\301[\256w\177\304\001\234\272\267Z`\206"
 174      9DC15BAE 
 174      777FC401 
 174      9CBAB75A 
 174      6086
 175 056c EB73EBC7 		.ascii	"\353s\353\307\302\335\022\367\224:S\214:\037\023\307"
 175      C2DD12F7 
 175      943A538C 
 175      3A1F13C7 
 176 057c 5B49AED3 		.ascii	"[I\256\323\00225\345\232#\202\252\031\203#6\033\034"
 176      023235E5 
 176      9A2382AA 
 176      19832336 
 176      1B1C
 177 058e 712538E2 		.ascii	"q%8\342*p\304\325@\327\032\335\321*\335Z\307\0336K\315"
 177      2A70C4D5 
 177      40D71ADD 
 177      D12ADD5A 
 177      C71B364B 
 178 05a3 8EE5F69A 		.ascii	"\216\345\366\232\254c5\314{\306a\326\346\332\360\275"
 178      AC6335CC 
 178      7BC661D6 
 178      E6DAF0BD 
 179 05b3 1196EAC5 		.ascii	"\021\226\352\305\253\372\341Z-\037P\317i\2678Fd\275"
 179      ABFAE15A 
 179      2D1F50CF 
 179      69B73846 
ARM GAS  /tmp/cc0XT6Se.s 			page 14


 179      64BD
 180 05c5 F97C0D93 		.ascii	"\371|\015\223\017\264\331\201\033\235\206\301t\227\361"
 180      0FB4D981 
 180      1B9D86C1 
 180      7497F1
 181 05d4 9C1D2B02 		.ascii	"\234\035+\002\366\304\315\0341\320J\240\357\003\335"
 181      F6C4CD1C 
 181      31D04AA0 
 181      EF03DD
 182 05e3 04F433A0 		.ascii	"\004\3643\240'\200\236\002\332\005\364\034\320\313@"
 182      27809E02 
 182      DA05F41C 
 182      D0CB40
 183 05f2 BF071A07 		.ascii	"\277\007\032\007\023/\000\3726\320w\201.\007\332\012"
 183      132F00FA 
 183      36D07781 
 183      2E07DA0A 
 184 0602 74B31D07 		.ascii	"t\263\035\007PWH\335\315\254\232-\341\006\321\322\363"
 184      505748DD 
 184      CDAC9A2D 
 184      E106D1D2 
 184      F3
 185 0613 2ECD8EFB 		.ascii	".\315\216\373M\036\212\320/\321\333\304@\360\005dn\""
 185      4D1E8AD0 
 185      2FD1DBC4 
 185      40F00564 
 185      6E22
 186 0625 4B45279D 		.ascii	"KE'\235\032\271\301\026\320\360z+\317\033U\246~HI\\"
 186      1AB9C116 
 186      D0F07A2B 
 186      CF1B55A6 
 186      7E48495C 
 187 0639 68F7CC99 		.ascii	"h\367\314\231\222\354\351\031\314|DQA\255\370L\360*"
 187      92ECE919 
 187      CC7C4451 
 187      41ADF84C 
 187      F02A
 188 064b 9F2EF84A 		.ascii	"\237.\370J\243\313\2471\015|'M|\337\217\232\024%\256"
 188      A3CBA731 
 188      0D7C274D 
 188      7CDF8F9A 
 188      1425AE
 189 065e 2C10C76A 		.ascii	",\020\307j\013\3009h\261\235O\317\264&\026\025W\331"
 189      0BC03968 
 189      B19D4FCF 
 189      B4261615 
 189      57D9
 190 0670 F8C51FC7 		.ascii	"\370\305\037\307\246D\265\352E\031\334\321[\324\344"
 190      A644B5EA 
 190      4519DCD1 
 190      5BD4E4
 191 067f 9CE4D19E 		.ascii	"\234\344\321\236O\357\256[\253L{]\271\325\363\012g\222"
 191      4FEFAE5B 
 191      AB4C7B5D 
 191      B9D5F30A 
 191      6792
 192 0691 D7E20898 		.ascii	"\327\342\010\230\240\265\331\020\2679\317l&\265\351"
ARM GAS  /tmp/cc0XT6Se.s 			page 15


 192      A0B5D910 
 192      B739CF6C 
 192      26B5E9
 193 06a0 472C27BF 		.ascii	"G,'\277@\215\204\223\365\355=\273\270\270\322\260\007"
 193      408D8493 
 193      F5ED3DBB 
 193      B8B8D2B0 
 193      07
 194 06b1 2FB23899 		.ascii	"/\2628\231\037\234n\351r\031\003\204\236J\324\250\237"
 194      1F9C6EE9 
 194      72190384 
 194      9E4AD4A8 
 194      9F
 195 06c2 A9F6C2EA 		.ascii	"\251\366\302\352\365\201i\320>ax\264\023\272t\364\316"
 195      F58169D0 
 195      3E6178B4 
 195      13BA74F4 
 195      CE
 196 06d3 E176BD4A 		.ascii	"\341v\275JCC\207\255\320\260\360\210e\016\224\324\027"
 196      434387AD 
 196      D0B0F088 
 196      650E94D4 
 196      17
 197 06e4 DD7B0C9C 		.ascii	"\335{\014\234\257\2345\0228\357\004\316;\372\346\234"
 197      AF9C3512 
 197      38EF04CE 
 197      3BFAE69C 
 198 06f4 85E1D171 		.ascii	"\205\341\321q\350r\2707\347\207\246Q\316\017\333\342"
 198      E872B837 
 198      E787A651 
 198      CE0FDBE2 
 199 0704 FC934E95 		.ascii	"\374\223N\225s-\254u\353\270\375\013k\207\324\243Wu"
 199      732DAC75 
 199      EBB8FD0B 
 199      6B87D4A3 
 199      5775
 200 0716 8D3C6F06 		.ascii	"\215<o\006s\024\324\224\304\247*\330f\370\012y\3151"
 200      7314D494 
 200      C4A72AD8 
 200      66F80A79 
 200      CD31
 201 0728 9897E1EC 		.ascii	"\230\227\341\354t\234\375px\313\016^\206\243\321s\235"
 201      749CFD70 
 201      78CB0E5E 
 201      86A3D173 
 201      9D
 202 0739 86A3D1E9 		.ascii	"\206\243\321\351n\247`,sW\214`5v\300\322\035 \246\273"
 202      6EA7602C 
 202      73578C60 
 202      3576C0D2 
 202      1D20A6BB 
 203 074d 8C4E2270 		.ascii	"\214N\"pG!d\177\012k\365g@O\000=\0054\011\364s6\247"
 203      4721647F 
 203      0A6BF567 
 203      404F003D 
 203      053409F4 
 204 0764 AC736B73 		.ascii	"\254sks$\255+\366\345\022Jb\275\365\344xQ\353\3561\314"
ARM GAS  /tmp/cc0XT6Se.s 			page 16


 204      24AD2BF6 
 204      E5124A62 
 204      BDF5E478 
 204      51EBEE31 
 205 0779 8DE5352F 		.ascii	"\215\3455/\300\334\370\022\034r\221\273\317\271\301"
 205      C0DCF812 
 205      1C7291BB 
 205      CFB9C1
 206 0788 A0F0A805 		.ascii	"\240\360\250\005zt\367\336\037\334\324\276\216u\333"
 206      7A74F7DE 
 206      1FDCD4BE 
 206      8E75DB
 207 0797 DA1F7C37 		.ascii	"\332\037|7\333^\276\331\240\353\343N\203\024\227g\251"
 207      DB5EBED9 
 207      A0EBE34E 
 207      83149767 
 207      A9
 208 07a8 DB9CFF80 		.ascii	"\333\234\377\200\024{\373\226\202\205\3013\034\272\234"
 208      147BFB96 
 208      8285C133 
 208      1CBA9C
 209 07b7 EF2DC659 		.ascii	"\357-\306YM\214\363\266\304h\235\255\371\375Y\236x\327"
 209      4D8CF3B6 
 209      C4689DAD 
 209      F9FD599E 
 209      78D7
 210 07c9 373A6EFF 		.ascii	"7:n\377\2669\233"
 210      B6399B
 211 07d0 F683ABAA 		.ascii	"\366\203\253\252`\227\034\203\261~\277u\177}\261\322"
 211      60971C83 
 211      B17EBF75 
 211      7F7DB1D2 
 212 07e0 F0A1768C 		.ascii	"\360\241v\214\241LW\206,K\251\244HC\340\015\212m\375"
 212      A14C5786 
 212      2C4BA9A4 
 212      4843E00D 
 212      8A6DFD
 213 07f3 8407C57E 		.ascii	"\204\007\305~\007\233\212\033&\305\332\006j\270\031"
 213      079B8A1B 
 213      26C5DA06 
 213      6AB819
 214 0802 1FA4E074 		.ascii	"\037\244\340t\341\006\300L\317\357'L\262u\336\273\352"
 214      E106C04C 
 214      CFEF274C 
 214      B275DEBB 
 214      EA
 215 0813 A7F21E00 		.ascii	"\247\362\036\000\232m\002\0228\227\351L\305\305\236"
 215      9A6D0212 
 215      3897E94C 
 215      C5C59E
 216 0822 A9B8DCA9 		.ascii	"\251\270\334\251BO\217\013\375\204\215y4?\337d.F\242"
 216      424F8F0B 
 216      FD848D79 
 216      343FDF64 
 216      2E46A2
 217 0835 3E7719C9 		.ascii	">w\031\311\226\366o]\360\221\234\231\023\366s\207W]"
 217      96F66F5D 
ARM GAS  /tmp/cc0XT6Se.s 			page 17


 217      F0919C99 
 217      13F67387 
 217      575D
 218 0847 A6DC6194 		.ascii	"\246\334a\224)uH\327Q3\374\231YC\324\003J\027\361\274"
 218      297548D7 
 218      5133FC99 
 218      5943D403 
 218      4A17F1BC 
 219 085b 2693A24D 		.ascii	"&\223\242M\337\260\311HV\\\274\356*\260\2305\275\336"
 219      DFB0C948 
 219      565CBCEE 
 219      2AB09835 
 219      BDDE
 220 086d F1688559 		.ascii	"\361h\205Ye\316\302\016\236\257\227\232\264\235\003"
 220      65CEC20E 
 220      9EAF979A 
 220      B49D03
 221 087c 64FA2D76 		.ascii	"d\372-v\000\323\305\235t\227q\201\020\270\213\260\272"
 221      00D3C59D 
 221      74977181 
 221      10B88BB0 
 221      BA
 222 088d 5F8255FC 		.ascii	"_\202U\374\012\320k@\247\272\010}\303e#7?\233\3325\341"
 222      0AD06B40 
 222      A7BA087D 
 222      C3652337 
 222      3F9BDA35 
 223 08a2 EC9FE7E9 		.ascii	"\354\237\347\351J\332\277\245\342Fj\251\020\270\253"
 223      4ADABFA5 
 223      E2466AA9 
 223      10B8AB
 224 08b1 8EC11845 		.ascii	"\216\301\030E&\336\354T\227\012u\346\013\\\265\313\204"
 224      26DEEC54 
 224      970A75E6 
 224      0B5CB5CB 
 224      84
 225 08c2 E7CC9713 		.ascii	"\347\314\227\023\253\343\236\003/j\313\310\346|\316"
 225      ABE39E03 
 225      2F6ACBC8 
 225      E67CCE
 226 08d1 21585126 		.ascii	"!XQ&\243t\033\214\3625\030\345\0330\304,0D\015\320\331"
 226      A3741B8C 
 226      F23518E5 
 226      1B30C42C 
 226      30440DD0 
 227 08e6 2E26CCB6 		.ascii	".&\314\266\345\233\302,\023\325\322\005}\243z\224\304"
 227      E59BC22C 
 227      13D5D205 
 227      7DA37A94 
 227      C4
 228 08f7 962358D7 		.ascii	"\226#X\327\266O?\267\326\320\323O\027\344\237\371i\243"
 228      B64F3FB7 
 228      D6D0D34F 
 228      17E49FF9 
 228      69A3
 229 0909 53A6D3CF 		.ascii	"S\246\323\317\223\320e\236\253W\376\331\245\345\237"
 229      93D0659E 
ARM GAS  /tmp/cc0XT6Se.s 			page 18


 229      AB57FED9 
 229      A5E59F
 230 0918 E45D1FD1 		.ascii	"\344]\037\321i\332\324\304\372\332wRAv\252>}\2238\""
 230      69DAD4C4 
 230      FADA7752 
 230      4176AA3E 
 230      7D933822 
 231 092c 58B928F3 		.ascii	"X\271(\363\261\365\254\316\207C\027Mo\270\224@\002W"
 231      B1F5ACCE 
 231      8743174D 
 231      6FB89440 
 231      0257
 232 093e E782D352 		.ascii	"\347\202\323R\326LW\315fJ7^\206\023\266\243G\324\023"
 232      D64C57CD 
 232      664A375E 
 232      8613B6A3 
 232      47D413
 233 0951 36BB96BA 		.ascii	"6\273\226\272\272\361\374p\260\324\"\260\324\252\002"
 233      BAF1FC70 
 233      B0D422B0 
 233      D4AA02
 234 0960 8796829D 		.ascii	"\207\226\202\235\260\311J\211\213\242W}j\343\357v]p"
 234      B0C94A89 
 234      8BA2577D 
 234      6AE3EF76 
 234      5D70
 235 0972 4CE5E433 		.ascii	"L\345\3443C\233\366\231a\251\213L\237\355\005\346\210"
 235      439BF699 
 235      61A98B4C 
 235      9FED05E6 
 235      88
 236 0983 D8AFCF0C 		.ascii	"\330\257\317\014m\000\323\370c\031\272\321`\350%`\350"
 236      6D00D3F8 
 236      6319BAD1 
 236      60E82560 
 236      E8
 237 0994 26D6D01D 		.ascii	"&\326\320\035\005N\015\355\3154^\207aE8\000+\302AX\021"
 237      054E0DED 
 237      CD345E87 
 237      61453800 
 237      2BC24158 
 238 09a9 BA80C661 		.ascii	"\272\200\306aEX\310rpPW\034\035\200\335\275\022\324"
 238      4558C872 
 238      7050571C 
 238      1D80DDBD 
 238      12D4
 239 09bb E52E7D3F 		.ascii	"\345.}?M\366\322\253\023\311\256\257\222\374\024\362"
 239      4DF6D2AB 
 239      13C9AEAF 
 239      92FC14F2 
 240 09cb 4F50E506 		.ascii	"OP\345\006\336J\353n\206\355a\310cV\353\251\346\240"
 240      DE4AEB6E 
 240      86ED61C8 
 240      6356EBA9 
 240      E6A0
 241 09dd 94E18E6D 		.ascii	"\224\341\216m;x7\261\233\226\232Z\266\027\270\025Xa"
 241      3B7837B1 
ARM GAS  /tmp/cc0XT6Se.s 			page 19


 241      9B969A5A 
 241      B617B815 
 241      5861
 242 09ef 7D36230D 		.ascii	"}6#\015W\231=\3578\361\274U6<OI\234\274\234\247L\367"
 242      57993DEF 
 242      38F1BC55 
 242      363C4F49 
 242      9CBC9CA7 
 243 0a05 DC86E6A8 		.ascii	"\334\206\346\250\337\003\212\325\177aX\371\370\032\327"
 243      DF038AD5 
 243      7F6158F9 
 243      F81AD7
 244 0a14 6D50623E 		.ascii	"mPb>xB\013\253\036k]\251\177zx\334\251\202\226\214\360"
 244      78420BAB 
 244      1E6B5DA9 
 244      7F7A78DC 
 244      A982968C 
 245 0a29 689687A3 		.ascii	"h\226\207\2432\364/\374\235\372s]\251\366G\212\005f"
 245      32F42FFC 
 245      9DFA735D 
 245      A9F6478A 
 245      0566
 246 0a3b AC749FB4 		.ascii	"\254t\237\264\031,/\203u\316\200\325\344\030\213\371"
 246      192C2F83 
 246      75CE80D5 
 246      E4188BF9 
 247 0a4b CE9FB820 		.ascii	"\316\237\270 ,+\325\022\337f3V\272\300\307`\2252X\227"
 247      2C2BD512 
 247      DF663356 
 247      BAC0C760 
 247      95325897 
 248 0a5f 0C7C6DB0 		.ascii	"\014|m\260\303W\206\210|\305\200\365\241c\254<\006\353"
 248      C3578688 
 248      7CC580F5 
 248      A163AC3C 
 248      06EB
 249 0a71 9A01EB63 		.ascii	"\232\001\353c\307XE\014\326\367\006\254\343\216\261"
 249      C758450C 
 249      D6F706AC 
 249      E38EB1
 250 0a80 8A19AC1B 		.ascii	"\212\031\254\033\006\254\257\034c\261>q\313\200u\301"
 250      06ACAF1C 
 250      63B13E71 
 250      CB8075C1 
 251 0a90 3116EB13 		.ascii	"1\026\353\023sv\027\254~Q\003\353q\014\306:E\334\010"
 251      737617AC 
 251      7E5103EB 
 251      710CC63A 
 251      45DC08
 252 0aa3 36738053 		.ascii	"6s\200S\260\021\014\330\\#X\235\035\260\014\2076uF\260"
 252      B0110CD8 
 252      5C23589D 
 252      1DB00C87 
 252      367546B0 
 253 0ab7 658EC158 		.ascii	"e\216\301X\037\233o\004[\357\030\214u\262z#\330\016"
 253      1F9B6F04 
 253      5BEF188C 
ARM GAS  /tmp/cc0XT6Se.s 			page 20


 253      75B27A23 
 253      D80E
 254 0ac9 C760AC97 		.ascii	"\307`\254\227-2\202u8\006c\335l\255\021\354\244c\260"
 254      2D328275 
 254      380663DD 
 254      6CAD11EC 
 254      A463B0
 255 0adc 2188BDB4 		.ascii	"!\210\275\264(\370>D\335\325\020\371Z\200n\000\372\001"
 255      28F83E44 
 255      DDD510F9 
 255      5A806E00 
 255      FA01
 256 0aee D04D40B7 		.ascii	"\320M@\267\000\335\0064\001t\007\320\235@w\003\335\003"
 256      00DD0634 
 256      017407D0 
 256      9D407703 
 256      DD03
 257 0b00 B41DE83E 		.ascii	"\264\035\350>\240\035@\017\000\355\004z\210\215\254"
 257      A01D400F 
 257      00ED047A 
 257      888DAC
 258 0b0f DD03CC29 		.ascii	"\335\003\314)\211\032\222\014<\246\"\027\372\177qyQ"
 258      891A920C 
 258      3CA62217 
 258      FA7F7179 
 258      51
 259 0b20 E7D232BE 		.ascii	"\347\3222\276\036\305\361\377^tc\300BE\365\314ah\235"
 259      1EC5F1FF 
 259      5E7463C0 
 259      4245F5CC 
 259      61689D
 260 0b33 F25AA221 		.ascii	"\362Z\242![\340\232\201\177\302\367\275hV\341B\245n"
 260      5BE09A81 
 260      7FC2F7BD 
 260      6856E142 
 260      A56E
 261 0b45 348D91AA 		.ascii	"4\215\221\252\030\004\007\2620U\036Z\035D\005#U\034"
 261      180407B2 
 261      30551E5A 
 261      1D440523 
 261      551C
 262 0b57 1D95522A 		.ascii	"\035\225R*\"}\235Ee\245U\236\012M\253OP\351i5\217\252"
 262      227D9D45 
 262      65A5559E 
 262      0A4DAB4F 
 262      50E96935 
 263 0b6d 81563D54 		.ascii	"\201V=T\037\264ZD\025C\253wR\015\321j1U\225\201\313"
 263      1FB45A44 
 263      1543AB77 
 263      520DD16A 
 263      31559581 
 264 0b82 7DA9EA3D 		.ascii	"}\251\352=Ty\264\372s\252EZ\275\227\252\323\320\367"
 264      5479B4FA 
 264      73AA455A 
 264      BD97AAD3 
 264      D0F7
 265 0b94 90B18A90 		.ascii	"\220\261\212\220\236R\324\02529\005\023\371H\277\343"
ARM GAS  /tmp/cc0XT6Se.s 			page 21


 265      9E52D415 
 265      32390513 
 265      F948BFE3 
 266 0ba4 8E738A13 		.ascii	"\216s\212\023\0269\205\366\237D:\264\3274\362\010\255"
 266      163985F6 
 266      9F443AB4 
 266      D734F208 
 266      AD
 267 0bb5 5D2EC539 		.ascii	"].\3059\351x\344S\026#\347\320\221M\307#{-\362Z\330"
 267      E978E453 
 267      1623E7D0 
 267      914DC723 
 267      7B2DF25A 
 268 0bca 5FB9F4FD 		.ascii	"_\271\364\375\225\251Wg\206^I\313^\344\203\221U\257"
 268      95A95767 
 268      865E49CB 
 268      5EE48391 
 268      55AF
 269 0bdc 33A95E68 		.ascii	"3\251^hXIE$$\226\370#\201\311%\001qB\211\277\"8>\030"
 269      58494524 
 269      2496F823 
 269      81C92501 
 269      714289BF 
 270 0bf4 8995C852 		.ascii	"\211\225\310RU\370\245\022\\\220\344\222\230\344\307"
 270      55F8A512 
 270      5C90E492 
 270      98E4C7
 271 0c03 CF25B13C 		.ascii	"\317%\261<\030\223\245\311C\375h\204\215N\301\260\277"
 271      1893A5C9 
 271      43FD6884 
 271      8D4EC1B0 
 271      BF
 272 0c14 B22A801B 		.ascii	"\262*\200\033U\304&\307\344\311Q16\264\002\345\311\030"
 272      55C426C7 
 272      E4C95131 
 272      36B402E5 
 272      C918
 273 0c26 4608F8E4 		.ascii	"F\010\370\344\234\247\236}\336;\006\271\375\025>\365"
 273      9CA79E7D 
 273      DE3B06B9 
 273      FD153EF5 
 274 0c36 911D3E0C 		.ascii	"\221\035>\014\220\376\212\000\206\313\211\372\302\342"
 274      90FE8A00 
 274      86CB89FA 
 274      C2E2
 275 0c44 2419DFA2 		.ascii	"$\031\337\242\2228a\254\015\210hD\222c%\277\033\367"
 275      923861AC 
 275      0D886844 
 275      926325BF 
 275      1BF7
 276 0c56 CC986726 		.ascii	"\314\230g&\341\226\241h\260R\224b%O\215\031\203\233"
 276      E196A168 
 276      B0529462 
 276      254F8D19 
 276      839B
 277 0c68 6B5CE6CA 		.ascii	"k\\\346\312Q)\030\361\311\367\227T\305\244\022A\012"
 277      512918F1 
ARM GAS  /tmp/cc0XT6Se.s 			page 22


 277      C9F79754 
 277      C5A41241 
 277      0A
 278 0c79 3D148E84 		.ascii	"=\024\216\204\305\207Da|P\347!&\007\202a\231\210T\205"
 278      C5874461 
 278      7C50E721 
 278      26078261 
 278      99885485 
 279 0c8d EF8F3EE2 		.ascii	"\357\217>\342\223\207eh\035\02203a\261\304\027\020\313"
 279      93876568 
 279      1D123033 
 279      61B1C417 
 279      10CB
 280 0c9f 84AA4AD9 		.ascii	"\204\252J\331\247\015\225\357\363i\375A\212`$\327\037"
 280      A70D95EF 
 280      F369FD41 
 280      8A6024D7 
 280      1F
 281 0cb0 09CB58A8 		.ascii	"\011\313X\250\307\035KS\341\217H\"\306, \217}\030\325"
 281      C71D4B53 
 281      E18F4822 
 281      C62C208F 
 281      7D18D5
 282 0cc3 2F4FFA6D 		.ascii	"/O\372m\377P|\023\206\207\210l\330\346X \237\314K\303"
 282      FF507C13 
 282      8687886C 
 282      D8E65820 
 282      9FCC4BC3 
 283 0cd7 78E9D7BC 		.ascii	"x\351\327\274\364\030/\015\347\245\021\274\364\270K"
 283      F4182F0D 
 283      E7A511BC 
 283      F4B84B
 284 0ce6 7AB814FF 		.ascii	"z\270\024\377\036\346+%|{4;\352\303\243\345\022{L\024"
 284      1EE62B25 
 284      7C7B343B 
 284      EAC3A3E5 
 284      127B4C14 
 285 0cfa 257C8F54 		.ascii	"%|\217T\006D)\313_!H\304HBH\314\223c\262 \213>9\227"
 285      064429CB 
 285      5F2148C4 
 285      484248CC 
 285      9363B220 
 286 0d12 083CC227 		.ascii	"\010<\302'\273U\321q\0117\207w\271r(\022\020\241^V)"
 286      BB55D171 
 286      09378777 
 286      B9722812 
 286      10A15E56 
 287 0d27 94C77265 		.ascii	"\224\307reI,\213\201fH!;\024+\307/\251\272pwMqR`2~\225"
 287      492C8B81 
 287      6648213B 
 287      142BC72F 
 287      A9BA7077 
 288 0d42 274E0ACA 		.ascii	"'N\012\312XP1g\242\034\031\377\327h\2018A\014\313!!"
 288      58503167 
 288      A21C19FF 
 288      D7688138 
 288      410CCB21 
ARM GAS  /tmp/cc0XT6Se.s 			page 23


 289 0d57 F6126E22 		.ascii	"\366\022n\"N$\005W\324WU\250\372[\314W\211\275\331'"
 289      4E240557 
 289      D45755A8 
 289      FA5BCC57 
 289      89BDD927 
 290 0d6b 0FD43D50 		.ascii	"\017\324=P}\342\216\372&\012A9\030.\037\250=\376[\225"
 290      7DE28EFA 
 290      260A4139 
 290      182E1FA8 
 290      3DFE5B95 
 291 0d7f 5885B92A 		.ascii	"X\205\271*2\264\204G\371Q\037\036\026\212\331P\304\017"
 291      32B48447 
 291      F9511F1E 
 291      168AD950 
 291      C40F
 292 0d91 C4A818C6 		.ascii	"\304\250\030\306\216Q\236\035\252\302F|\324\221S\207"
 292      8E519E1D 
 292      AAC2467C 
 292      D4915387 
 293 0da1 E449C4F9 		.ascii	"\344I\304\371B*:\276G&\206\261.\001\011\213\020\002"
 293      422A3ABE 
 293      472686B1 
 293      2E01098B 
 293      1002
 294 0db3 5FC7FCE1 		.ascii	"_\307\374\341v\204\323|\242\025\241\022|\006?\214F\""
 294      7684D37C 
 294      A215A112 
 294      7C063F8C 
 294      4622
 295 0dc5 9598C571 		.ascii	"\225\230\305qb\371\223A)&?\007\234\016\204\007\317\342"
 295      62F99341 
 295      29263F07 
 295      9C0E8407 
 295      CFE2
 296 0dd7 7E6A9D97 		.ascii	"~j\235\227\243\303\035\361\024\230\214m\027\364c\276"
 296      A3C31DF1 
 296      14988C6D 
 296      17F463BE 
 297 0de7 3CFE8AE7 		.ascii	"<\376\212\347*\002\343\304JQ\210\211\005X\027dZ\213"
 297      2A02E3C4 
 297      4A518889 
 297      05581764 
 297      5A8B
 298 0df9 D837DC7A 		.ascii	"\3307\334z\331C\206\230L\025;\000?N\325s%U\252\034\011"
 298      D9438698 
 298      4C153B00 
 298      3F4ED573 
 298      2555AA1C 
 299 0e0e 9C3C5B02 		.ascii	"\234<[\002w\221\250\273H\252\273\270\361\323*I\302V"
 299      7791A8BB 
 299      48AABBB8 
 299      F1D32A49 
 299      C256
 300 0e20 CB9648A7 		.ascii	"\313\226H\247\273&\004%\271J\250\364\311\301\020\236"
 300      BB260425 
 300      B94AA8F4 
 300      C9C1109E 
ARM GAS  /tmp/cc0XT6Se.s 			page 24


 301 0e30 A5147810 		.ascii	"\245\024x\020\006N\363b \363L5\027\363(w\202\014\032"
 301      064EF362 
 301      20F34C35 
 301      17F32877 
 301      820C1A
 302 0e43 2477B25C 		.ascii	"$w\262\\\270\011\323\370\205O\206)\374\360c>\231\316"
 302      B809D3F8 
 302      854F8629 
 302      FCF0633E 
 302      99CE
 303 0e55 4652CCC3 		.ascii	"FR\314\303\255\002b\245,\340BYU\330\357\203~\244\224"
 303      AD0262A5 
 303      2CE04259 
 303      55D8EF83 
 303      7EA494
 304 0e68 43FA0B52 		.ascii	"C\372\013R\001\276U\0121\231@\340G\204\205B\252\222"
 304      01BE550A 
 304      319940E0 
 304      47848542 
 304      AA92
 305 0e7a 8038BEAA 		.ascii	"\2008\276\252\\u-\343\023wT\010\007\375\304Q\\\201\361"
 305      5C752DE3 
 305      13775408 
 305      07FDC451 
 305      5C81F1
 306 0e8d E58F38B2 		.ascii	"\345\2178\262\203L\246c\221\034\362\371\205\312\340"
 306      834CA663 
 306      911CF2F9 
 306      85CAE0
 307 0e9c 78499083 		.ascii	"xI\220\203\2210fI\222\375a\254\222\234HYYL\224y9\304"
 307      91306649 
 307      92FD61AC 
 307      929C4859 
 307      594C9479 
 308 0eb2 FB2B9C2D 		.ascii	"\373+\234-\316\372\252^\201\210\305\202\001\254\375"
 308      CEFAAA5E 
 308      8188C582 
 308      01ACFD
 309 0ec1 605910AB 		.ascii	"`Y\020\253\013\327^\026\245\010\271\307\202/\213\371"
 309      0BD75E16 
 309      A508B9C7 
 309      822F8BF9 
 310 0ed1 449F58D9 		.ascii	"D\237X\331x`R\214\312\022yJ\034\201h\200\224\007\244"
 310      7860528C 
 310      CA12794A 
 310      1C816880 
 310      9407A4
 311 0ee4 2608BC29 		.ascii	"&\010\274)\363a\266\300\334\371\264\214m\356\241E0\274"
 311      F361B6C0 
 311      DCF9B48C 
 311      6DEEA145 
 311      30BC
 312 0ef6 5601EB6B 		.ascii	"V\001\353k\035\310b1\220\226c\362K\225\301PP\366\350"
 312      1DC86231 
 312      909663F2 
 312      4B95C150 
 312      50F6E8
ARM GAS  /tmp/cc0XT6Se.s 			page 25


 313 0f09 75BC4C68 		.ascii	"u\274Lh\025X#\264^d\201(\324\207\024\305PT\326^\021"
 313      155823B4 
 313      5E648128 
 313      D48714C5 
 313      5054D65E 
 314 0f1e FEB09352 		.ascii	"\376\260\223R\253\344a.\241X4T\212\004\004Y\030\252"
 314      ABE4612E 
 314      A1583454 
 314      8A040459 
 314      18AA
 315 0f30 3DC80E09 		.ascii	"=\310\016\011\3010\372/K\271\020\337"
 315      C130FA2F 
 315      4BB910DF 
 316              		.text
 317              		.section	.gnu.lto_.symtab.ed734383ee02092a,"",%progbits
 318 0000 63685265 		.ascii	"chRegFirstThread\000\000\000\000\000\000\000\000\000"
 318      67466972 
 318      73745468 
 318      72656164 
 318      00000000 
 319 0019 000000A1 		.ascii	"\000\000\000\241\000\000\000chRegNextThread\000\000"
 319      00000063 
 319      68526567 
 319      4E657874 
 319      54687265 
 320 0031 00000000 		.ascii	"\000\000\000\000\000\000\000\000\000\000?\001\000\000"
 320      00000000 
 320      00003F01 
 320      0000
 321 003f 63685F64 		.ascii	"ch_debug\000\000\000\000\000\000\000\000\000\000\000"
 321      65627567 
 321      00000000 
 321      00000000 
 321      000000
 322 0052 00AA0100 		.ascii	"\000\252\001\000\000ch\000\000\002\000\000\000\000\000"
 322      00636800 
 322      00020000 
 322      000000
 323 0061 00000000 		.ascii	"\000\000\000\000J\001\000\000chThdRelease\000\000\002"
 323      4A010000 
 323      63685468 
 323      6452656C 
 323      65617365 
 324 0078 00000000 		.ascii	"\000\000\000\000\000\000\000\000\000F\001\000\000"
 324      00000000 
 324      00460100 
 324      00
 325              		.text
 326              		.section	.gnu.lto_.opts,"",%progbits
 327 0000 272D6D63 		.ascii	"'-mcpu=cortex-m3' '-mno-thumb-interwork' '-mthumb' "
 327      70753D63 
 327      6F727465 
 327      782D6D33 
 327      2720272D 
 328 0033 272D4F32 		.ascii	"'-O2' '-fomit-frame-pointer' '-falign-functions=16'"
 328      2720272D 
 328      666F6D69 
ARM GAS  /tmp/cc0XT6Se.s 			page 26


 328      742D6672 
 328      616D652D 
 329 0066 20272D66 		.ascii	" '-ffunction-sections' '-fdata-sections' '-fno-comm"
 329      66756E63 
 329      74696F6E 
 329      2D736563 
 329      74696F6E 
 330 0099 6F6E2720 		.ascii	"on' '-flto'\000"
 330      272D666C 
 330      746F2700 
 331              		.text
 332              		.section	.text.chRegFirstThread,"ax",%progbits
 333              		.align	2
 334              		.p2align 4,,15
 335              		.global	chRegFirstThread
 336              		.thumb
 337              		.thumb_func
 338              		.type	chRegFirstThread, %function
 339              	chRegFirstThread:
 340              		@ args = 0, pretend = 0, frame = 0
 341              		@ frame_needed = 0, uses_anonymous_args = 0
 342              		@ link register save eliminated.
 343 0000 2023     		movs	r3, #32
 344              	@ 546 "/home/cody/dev/chibios/trunk/os/ext/CMSIS/include/core_cmFunc.h" 1
 345 0002 83F31188 		MSR basepri, r3
 346              	@ 0 "" 2
 347              		.thumb
 348 0006 044A     		ldr	r2, .L2
 349 0008 0023     		movs	r3, #0
 350 000a 1069     		ldr	r0, [r2, #16]
 351 000c 827F     		ldrb	r2, [r0, #30]	@ zero_extendqisi2
 352 000e 0132     		adds	r2, r2, #1
 353 0010 8277     		strb	r2, [r0, #30]
 354              	@ 546 "/home/cody/dev/chibios/trunk/os/ext/CMSIS/include/core_cmFunc.h" 1
 355 0012 83F31188 		MSR basepri, r3
 356              	@ 0 "" 2
 357              		.thumb
 358 0016 7047     		bx	lr
 359              	.L3:
 360              		.align	2
 361              	.L2:
 362 0018 00000000 		.word	ch
 363              		.size	chRegFirstThread, .-chRegFirstThread
 364 001c AFF30080 		.section	.text.chRegNextThread,"ax",%progbits
 365              		.align	2
 366              		.p2align 4,,15
 367              		.global	chRegNextThread
 368              		.thumb
 369              		.thumb_func
 370              		.type	chRegNextThread, %function
 371              	chRegNextThread:
 372              		@ args = 0, pretend = 0, frame = 0
 373              		@ frame_needed = 0, uses_anonymous_args = 0
 374 0000 10B5     		push	{r4, lr}
 375 0002 2023     		movs	r3, #32
 376              	@ 546 "/home/cody/dev/chibios/trunk/os/ext/CMSIS/include/core_cmFunc.h" 1
 377 0004 83F31188 		MSR basepri, r3
ARM GAS  /tmp/cc0XT6Se.s 			page 27


 378              	@ 0 "" 2
 379              		.thumb
 380 0008 074B     		ldr	r3, .L7
 381 000a 0469     		ldr	r4, [r0, #16]
 382 000c 9C42     		cmp	r4, r3
 383 000e 17BF     		itett	ne
 384 0010 A37F     		ldrbne	r3, [r4, #30]	@ zero_extendqisi2
 385 0012 0024     		moveq	r4, #0
 386 0014 0133     		addne	r3, r3, #1
 387 0016 A377     		strbne	r3, [r4, #30]
 388 0018 0023     		movs	r3, #0
 389              	@ 546 "/home/cody/dev/chibios/trunk/os/ext/CMSIS/include/core_cmFunc.h" 1
 390 001a 83F31188 		MSR basepri, r3
 391              	@ 0 "" 2
 392              		.thumb
 393 001e FFF7FEFF 		bl	chThdRelease
 394 0022 2046     		mov	r0, r4
 395 0024 10BD     		pop	{r4, pc}
 396              	.L8:
 397 0026 00BF     		.align	2
 398              	.L7:
 399 0028 00000000 		.word	ch
 400              		.size	chRegNextThread, .-chRegNextThread
 401              		.global	ch_debug
 402 002c AFF30080 		.section	.rodata.ch_debug,"a",%progbits
 403              		.align	2
 404              		.type	ch_debug, %object
 405              		.size	ch_debug, 22
 406              	ch_debug:
 407 0000 6D61696E 		.ascii	"main"
 408 0004 00       		.byte	0
 409 0005 16       		.byte	22
 410 0006 0018     		.short	6144
 411 0008 04       		.byte	4
 412 0009 02       		.byte	2
 413 000a 44       		.byte	68
 414 000b 08       		.byte	8
 415 000c 0C       		.byte	12
 416 000d 10       		.byte	16
 417 000e 14       		.byte	20
 418 000f 18       		.byte	24
 419 0010 00       		.byte	0
 420 0011 1C       		.byte	28
 421 0012 1D       		.byte	29
 422 0013 1E       		.byte	30
 423 0014 00       		.byte	0
 424 0015 00       		.byte	0
 425              		.comm	__gnu_lto_v1,1,1
 426 0016 0000     		.ident	"GCC: (GNU Tools for ARM Embedded Processors) 4.8.4 20140526 (release) [ARM/embedded-4_8-br
ARM GAS  /tmp/cc0XT6Se.s 			page 28


DEFINED SYMBOLS
                            *ABS*:0000000000000000 chregistry.c
     /tmp/cc0XT6Se.s:333    .text.chRegFirstThread:0000000000000000 $t
     /tmp/cc0XT6Se.s:339    .text.chRegFirstThread:0000000000000000 chRegFirstThread
     /tmp/cc0XT6Se.s:362    .text.chRegFirstThread:0000000000000018 $d
     /tmp/cc0XT6Se.s:365    .text.chRegNextThread:0000000000000000 $t
     /tmp/cc0XT6Se.s:371    .text.chRegNextThread:0000000000000000 chRegNextThread
     /tmp/cc0XT6Se.s:399    .text.chRegNextThread:0000000000000028 $d
     /tmp/cc0XT6Se.s:406    .rodata.ch_debug:0000000000000000 ch_debug
     /tmp/cc0XT6Se.s:403    .rodata.ch_debug:0000000000000000 $d
                            *COM*:0000000000000001 __gnu_lto_v1
     /tmp/cc0XT6Se.s:364    .text.chRegFirstThread:000000000000001c $t
     /tmp/cc0XT6Se.s:402    .text.chRegNextThread:000000000000002c $t

UNDEFINED SYMBOLS
ch
chThdRelease
