ARM GAS  /tmp/ccKIDmyW.s 			page 1


   1              		.syntax unified
   2              		.cpu cortex-m3
   3              		.fpu softvfp
   4              		.eabi_attribute 20, 1
   5              		.eabi_attribute 21, 1
   6              		.eabi_attribute 23, 3
   7              		.eabi_attribute 24, 1
   8              		.eabi_attribute 25, 1
   9              		.eabi_attribute 26, 1
  10              		.eabi_attribute 30, 2
  11              		.eabi_attribute 34, 1
  12              		.eabi_attribute 18, 4
  13              		.thumb
  14              		.file	"sdc.c"
  15              		.section	.gnu.lto_.inline.925e49e12e00bb70,"",%progbits
  16 0000 789C6362 		.ascii	"x\234cb`b\300\006\020\242\000\000\272\000\007"
  16      6062C006 
  16      10A20000 
  16      BA0007
  17              		.text
  18              		.section	.gnu.lto_.pureconst.925e49e12e00bb70,"",%progbits
  19 0000 789C6362 		.ascii	"x\234cb`b`d\200\002\000\000F\000\006"
  19      60626064 
  19      80020000 
  19      460006
  20              		.text
  21              		.section	.gnu.lto_.symbol_nodes.925e49e12e00bb70,"",%progbits
  22 0000 789C6362 		.ascii	"x\234cb`\002B\030\000\000\000V\000\007"
  22      60024218 
  22      00000056 
  22      0007
  23              		.text
  24              		.section	.gnu.lto_.refs.925e49e12e00bb70,"",%progbits
  25 0000 789C6362 		.ascii	"x\234cb`b`d\200\002\000\000F\000\006"
  25      60626064 
  25      80020000 
  25      460006
  26              		.text
  27              		.section	.gnu.lto_.decls.925e49e12e00bb70,"",%progbits
  28 0000 789C6362 		.ascii	"x\234cb`bPa``\370\017\004@\212\201\021\212\355\030\010"
  28      60625061 
  28      6060F80F 
  28      04408A81 
  28      118AED18 
  29 0015 0000CE1B 		.ascii	"\000\000\316\033\004e"
  29      0465
  30              		.text
  31              		.section	.gnu.lto_.symtab.925e49e12e00bb70,"",%progbits
  32              		.text
  33              		.section	.gnu.lto_.opts,"",%progbits
  34 0000 272D6D63 		.ascii	"'-mcpu=cortex-m3' '-mno-thumb-interwork' '-mthumb' "
  34      70753D63 
  34      6F727465 
  34      782D6D33 
  34      2720272D 
  35 0033 272D4F32 		.ascii	"'-O2' '-fomit-frame-pointer' '-falign-functions=16'"
  35      2720272D 
ARM GAS  /tmp/ccKIDmyW.s 			page 2


  35      666F6D69 
  35      742D6672 
  35      616D652D 
  36 0066 20272D66 		.ascii	" '-ffunction-sections' '-fdata-sections' '-fno-comm"
  36      66756E63 
  36      74696F6E 
  36      2D736563 
  36      74696F6E 
  37 0099 6F6E2720 		.ascii	"on' '-flto'\000"
  37      272D666C 
  37      746F2700 
  38              		.text
  39              		.comm	__gnu_lto_v1,1,1
  40              		.ident	"GCC: (GNU Tools for ARM Embedded Processors) 4.8.4 20140526 (release) [ARM/embedded-4_8-br
ARM GAS  /tmp/ccKIDmyW.s 			page 3


DEFINED SYMBOLS
                            *ABS*:0000000000000000 sdc.c
                            *COM*:0000000000000001 __gnu_lto_v1

NO UNDEFINED SYMBOLS
