ARM GAS  /tmp/cccOURs7.s 			page 1


   1              		.syntax unified
   2              		.cpu cortex-m3
   3              		.fpu softvfp
   4              		.eabi_attribute 20, 1
   5              		.eabi_attribute 21, 1
   6              		.eabi_attribute 23, 3
   7              		.eabi_attribute 24, 1
   8              		.eabi_attribute 25, 1
   9              		.eabi_attribute 26, 1
  10              		.eabi_attribute 30, 2
  11              		.eabi_attribute 34, 1
  12              		.eabi_attribute 18, 4
  13              		.thumb
  14              		.file	"vectors.c"
  15              		.section	.gnu.lto_.jmpfuncs.53e12e37d9b77021,"",%progbits
  16 0000 789C6362 		.ascii	"x\234cb`b\300\006X\2404#\020\003\000\000\344\000\012"
  16      6062C006 
  16      58A03423 
  16      10030000 
  16      E4000A
  17              		.text
  18              		.section	.gnu.lto_.inline.53e12e37d9b77021,"",%progbits
  19 0000 789C6DCB 		.ascii	"x\234m\313Y7\202\001\024\206\321\257\301\020\242()\032"
  19      59378201 
  19      1486D1AF 
  19      C110A228 
  19      291A
  20 0012 244313C9 		.ascii	"$C\023\311\034\0152D\246\376\377\257\321\252\265\266"
  20      1C0D3244 
  20      A6FEFFAF 
  20      D1AAB5B6 
  21 0022 1BE7E6DD 		.ascii	"\033\347\346\335\027\317\011\007\341\340\277\253F\346"
  21      17CF0907 
  21      E1E0BFAB 
  21      46E6
  22 0030 3B09A641 		.ascii	";\011\246Ah\026E\347iH\363\367\031\241(-\320\"-\321"
  22      681645E7 
  22      6948F3F7 
  22      19A1282D 
  22      D0222DD1 
  23 0044 32C56885 		.ascii	"2\305h\205Vi\215\342\264N\033\224\240$m\322\026\245"
  23      56698DE2 
  23      B44E1B94 
  23      A0246DD2 
  23      16A5
  24 0056 284DDB94 		.ascii	"(M\333\224\241\035\312R\216vi\217\362T\240\"\225h\237"
  24      A11DCA52 
  24      8E76698F 
  24      F254A022 
  24      95689F
  25 0069 CA744015 		.ascii	"\312t@\025:\244#:\246\023\252R\215\352\324\240&\235"
  25      3AA4233A 
  25      A613AA52 
  25      8DEAD4A0 
  25      269D
  26 007b D219B5E8 		.ascii	"\322\031\265\350\234\332tA\227tE\327tC\267tG\035\272"
  26      9CDA7441 
ARM GAS  /tmp/cccOURs7.s 			page 2


  26      977445D7 
  26      7443B774 
  26      471DBA
  27 008e A707EA52 		.ascii	"\247\007\352R\217\3724\240G\032\322\023=\323\013\275"
  27      8FFA34A0 
  27      471AD213 
  27      3DD30BBD 
  28 009e D288DEE8 		.ascii	"\322\210\336\350\235\306\364A\237\364E\337\364C\301"
  28      9DC6F441 
  28      9FF445DF 
  28      F443C1
  29 00ad 2FCE000C 		.ascii	"/\316\000\014\344"
  29      E4
  30              		.text
  31              		.section	.gnu.lto_.pureconst.53e12e37d9b77021,"",%progbits
  32 0000 789C25C1 		.ascii	"x\234%\301\331B\001\001\000\000\300mEt\0109\246(\222"
  32      D9420101 
  32      0000C06D 
  32      45740839 
  32      A62892
  33 0013 12455454 		.ascii	"\022ETTtPJ\244\343\027\373S\017f\302 \014\376\203\225"
  33      74504AA4 
  33      E317FB53 
  33      0F66C220 
  33      0CFE8395 
  34 0027 BFA0B326 		.ascii	"\277\240\263&\024\261.*fC\\\302\246-\333v$\355JI\313"
  34      14B12E2A 
  34      66435CC2 
  34      A62DDB76 
  34      24ED4A49 
  35 003c D8939593 		.ascii	"\330\223\225\223W\300\276\003E%\207\216\224U\034\253"
  35      57C0BE03 
  35      4525878E 
  35      94551CAB 
  36 004c 3A5173EA 		.ascii	":Qs\352L\335\271\206\246\013\227Z\332\256tt]\273q\253"
  36      4CDDB986 
  36      A60B975A 
  36      DAAE7474 
  36      5DBB71AB 
  37 0060 A7EFCEBD 		.ascii	"\247\357\316\275\007\003C\217\236<{12\366\352\315\304"
  37      0703438F 
  37      9E3C7B31 
  37      32F6EACD 
  37      C4
  38 0071 BB0F539F 		.ascii	"\273\017S\237f\346\276,|\373\361k\011\241\271\024\346"
  38      66E6BE2C 
  38      7CFBF16B 
  38      09A1B914 
  38      E6
  39              		.text
  40              		.section	.gnu.lto__unhandled_exception.53e12e37d9b77021,"",%progbits
  41 0000 789C6362 		.ascii	"x\234cb`b@\007:@\354\003\304~@\314\310\312\300\3104"
  41      60624007 
  41      3A40EC03 
  41      C47E40CC 
  41      C8CAC0C8 
  42 0015 E11C0343 		.ascii	"\341\034\003C#\007\023#3\210\301\310\314\310\002\021"
ARM GAS  /tmp/cccOURs7.s 			page 3


  42      23071323 
  42      3388C1C8 
  42      CCC80211 
  43 0025 60810838 		.ascii	"`\201\010822\32431\2630\326G2\202\265\257g:\360\340"
  43      3232D433 
  43      31B330D6 
  43      473282B5 
  43      AF673AF0 
  44 003a FFFF75BB 		.ascii	"\377\377u\273\216-\231\3038\213\011$\306\312\320\322"
  44      8E2D99C3 
  44      388B0924 
  44      C6CAD0D2 
  45 004a D0304181 		.ascii	"\3200A\201\201!\031\254\"\004H2\002I&\240Y!\214\314"
  45      812119AC 
  45      22044832 
  45      024926A0 
  45      59218CCC 
  46 005e 0C404318 		.ascii	"\014@C\030C\030Y\2404\304\020\006\037\375\214\374\334"
  46      431859A0 
  46      34C41006 
  46      1FFD8CFC 
  46      DC
  47 006f 54FDE4FC 		.ascii	"T\375\344\374\224J\375\224\3242\375\344\214\314\244"
  47      944AFD94 
  47      D432FDE4 
  47      8CCCA4
  48 007e CCFC62FD 		.ascii	"\314\374b\375\222\242\322\274l} #9?77?O\277 \277\250"
  48      92A2D2BC 
  48      6C7D2023 
  48      393F3737 
  48      3F4FBF20 
  49 0094 A458DF31 		.ascii	"\244X\3371\310\327\331\267\002$V\220\231\223ZT\254\357"
  49      C8D7D9B7 
  49      02245690 
  49      99935A54 
  49      ACEF
  50 00a6 EEECAC5F 		.ascii	"\356\354\254_\226\232\\\222_T\254\227\314\000\0004<"
  50      969A5C92 
  50      5F54AC97 
  50      CC000034 
  50      3C
  51 00b7 3470     		.ascii	"4p"
  52              		.text
  53              		.section	.gnu.lto_.symbol_nodes.53e12e37d9b77021,"",%progbits
  54 0000 789C55D4 		.ascii	"x\234U\324ErV\001\024\005\341\363\036\374\004www\327"
  54      45725601 
  54      1405E1F3 
  54      1EFC0477 
  54      7777D7
  55 0013 7870083A 		.ascii	"xp\010:b=\215\006\230\261\002\252\330\011\356\004ww"
  55      623D8D06 
  55      98B102AA 
  55      D809EE04 
  55      7777
  56 0025 77775205 		.ascii	"wwR\005\003\372\216N\177\013\270e\312l\250\344\357\225"
  56      03FA8E4E 
  56      7F0BB865 
ARM GAS  /tmp/cccOURs7.s 			page 4


  56      CA6CA8E4 
  56      EF95
  57 0037 D524BB5A 		.ascii	"\325$\273Z\023\330\335\\\326P\374\213\226=E\221\262"
  57      13D8DD5C 
  57      D650FC8B 
  57      963D4591 
  57      B2
  58 0048 96525D47 		.ascii	"\226R]G;u=\355\325\015T\324\215tP7Q\245\336\033:\012"
  58      3B753DED 
  58      D50D54D4 
  58      8D745037 
  58      51A5DE1B 
  59 005e F6854E82 		.ascii	"\366\205N\202\375\241\263\340@\350\"8\030\272\012\016"
  59      FDA1B3E0 
  59      40E82238 
  59      18BA0A0E 
  60 006e 856E82C3 		.ascii	"\205n\202\303\241\273\340H\350!8\032z\012\216\205^\202"
  60      A1BBE048 
  60      E821381A 
  60      7A0A8E85 
  60      5E82
  61 0080 E3A1B7E0 		.ascii	"\343\241\267\340D\350#8\031\372\012N\205~\202\326\320"
  61      44E82338 
  61      19FA0A4E 
  61      857E82D6 
  61      D0
  62 0091 5F703A0C 		.ascii	"_p:\014\020\234\011\003\005g\303 \301\2710Xp>\014\021"
  62      109C0903 
  62      0567C320 
  62      C1B93058 
  62      703E0C11 
  63 00a5 5C084305 		.ascii	"\\\010C\005\027\3030\301\2450\\p9\214\020\\\011#\005"
  63      17C330C1 
  63      A5305C70 
  63      398C105C 
  63      092305
  64 00b8 57C328C1 		.ascii	"W\303(\301\2650Zp=\214\021\334\010c\0057\3038\301\255"
  64      B5305A70 
  64      3D8C11DC 
  64      08630537 
  64      C338C1AD 
  65 00cc 305E703B 		.ascii	"0^p;L\020\334\011\023\005w\303$\301\2750Yp?L\021<\010"
  65      4C10DC09 
  65      130577C3 
  65      24C1BD30 
  65      59703F4C 
  66 00e3 53050FC3 		.ascii	"S\005\017\3034\301\2430]\3608\314\020<\0113\005O\303"
  66      34C1A330 
  66      5DF038CC 
  66      103C0933 
  66      054FC3
  67 00f6 2CC1B330 		.ascii	",\301\2630[\360<\314\021\274\010s\005/\303<\301\253"
  67      5BF03CCC 
  67      11BC0873 
  67      052FC33C 
  67      C1AB
  68 0108 305FF03A 		.ascii	"0_\360:,\020\274\011\325\202\267\241F\360.\324\012\336"
ARM GAS  /tmp/cccOURs7.s 			page 5


  68      2C10BC09 
  68      D582B7A1 
  68      46F02ED4 
  68      0ADE
  69 011a 873AC187 		.ascii	"\207:\301\207P/\370\030\032\004\237B\243\340sh\022|"
  69      502FF818 
  69      1A049F42 
  69      A3E07368 
  69      127C
  70 012c 090B055F 		.ascii	"\011\013\005_\303\"\301\267\260X\360=,\021\374\010K"
  70      C322C1B7 
  70      B058F03D 
  70      2C11FC08 
  70      4B
  71 013d 053FC332 		.ascii	"\005?\3032\301\257\260\\\360;\254\020l,X)\330T\320,"
  71      C1AFB05C 
  71      F03BAC10 
  71      6C2C5829 
  71      D854D02C 
  72 0151 D85CB04A 		.ascii	"\330\\\260J\260\245`\265`k\301\032\301\266\202\265\202"
  72      B0A560B5 
  72      606BC11A 
  72      C1B682B5 
  72      82
  73 0162 96827582 		.ascii	"\226\202u\202\355\005\353\377\207\312\216\"U\244\262"
  73      ED05EBFF 
  73      87CA8E22 
  73      55A4B2
  74 0171 B36DB7BD 		.ascii	"\263m\267\275\323?,\212\216g"
  74      D33F2C8A 
  74      8E67
  75              		.text
  76              		.section	.gnu.lto_.refs.53e12e37d9b77021,"",%progbits
  77 0000 789C1DC3 		.ascii	"x\234\035\303\005RB\001\024@\321\367/v\"v\"\006\330"
  77      05524201 
  77      1440D1F7 
  77      2F762276 
  77      2206D8
  78 0013 ADA06277 		.ascii	"\255\240bw\273d\273c\334\211K\360\216g\346\020\304o"
  78      BB64BB63 
  78      DC894BF0 
  78      8E67E610 
  78      C46F
  79 0025 12FF9224 		.ascii	"\022\377\222$\025\011N\271\302\225\256r\265k\\\353:"
  79      15094EB9 
  79      C295AE72 
  79      B56B5CEB 
  79      3A
  80 0036 D7BBC18D 		.ascii	"\327\273\301\215nr\263\323nq\306\255ns\273;\334\351"
  80      6E72B3D3 
  80      6E71C6AD 
  80      6E73BB3B 
  80      DCE9
  81 0048 2E77BBC7 		.ascii	".w\273\307\275\356s\277\007\234\365\240s\036\362\260"
  81      BDEE73BF 
  81      079CF5A0 
  81      731EF2B0 
ARM GAS  /tmp/cccOURs7.s 			page 6


  82 0058 473CEABC 		.ascii	"G<\352\274\013\036\363\270'<\351)O{\306\263\236\363"
  82      0B1EF3B8 
  82      273CE929 
  82      4F7BC6B3 
  82      9EF3
  83 006a BC17BCE8 		.ascii	"\274\027\274\350%/{\305E\227\274\3525\257\273\354\015"
  83      252F7BC5 
  83      4597BCEA 
  83      35AFBBEC 
  83      0D
  84 007b 6F7ACBDB 		.ascii	"oz\313\333\336\361\256\367\274\357\003\037\372\310\307"
  84      DEF1AEF7 
  84      BCEF031F 
  84      FAC8C7
  85 008a 3EF1A9CF 		.ascii	">\361\251\317|\356\013_\372*\025\327\327\374\004\011"
  85      7CEE0B5F 
  85      FA2A15D7 
  85      D7FC0409 
  86 009a 90A2824A 		.ascii	"\220\242\202J\252\250\246\206Z\352\250\247\201F\232"
  86      AAA8A686 
  86      5AEAA8A7 
  86      81469A
  87 00a9 68264D0B 		.ascii	"h&M\013\031Zi\243\235\016:\351\242\233\036z\351\243"
  87      195A69A3 
  87      9D0E3AE9 
  87      A29B1E7A 
  87      E9A3
  88 00bb 9F01B20C 		.ascii	"\237\001\262\014\222c\210aF\030%O\2011\306\231`\222"
  88      92638861 
  88      4618254F 
  88      8131C699 
  88      6092
  89 00cd 29A69961 		.ascii	")\246\231a\2269\346Y`\221%\226Y\241H\211U\326X\247\314"
  89      9639E659 
  89      60912596 
  89      59A14889 
  89      55D658A7 
  90 00e2 069B6C71 		.ascii	"\006\233lq\023\334\006w\301}\360\020<\006O\301s\360"
  90      13DC0677 
  90      C17DF010 
  90      3C064FC1 
  90      73F0
  91 00f4 12BC066F 		.ascii	"\022\274\006o\301{\360\021|\006_\301w\304\037\244b$"
  91      C17BF011 
  91      7C065FC1 
  91      77C41FA4 
  91      6224
  92 0106 F3       		.ascii	"\363"
  93              		.text
  94              		.section	.gnu.lto_.decls.53e12e37d9b77021,"",%progbits
  95 0000 789CAD9B 		.ascii	"x\234\255\233yp\023\327\035\307\337\312\026>0`\010\020"
  95      797013D7 
  95      1DC7DFCA 
  95      163E3060 
  95      0810
  96 0012 68DA60D2 		.ascii	"h\332`\322\220PR\020>\000\3236\341\020\0202-I\032\012"
  96      90505210 
ARM GAS  /tmp/cccOURs7.s 			page 7


  96      3E00D336 
  96      E1101032 
  96      2D491A0A 
  97 0026 ED4CA7A3 		.ascii	"\355L\247\243Yd5h\3002\265d\032&\177d\201\020H8\"\314"
  97      59643568 
  97      C032B564 
  97      1A267F64 
  97      81104838 
  98 003c 6143C011 		.ascii	"aC\300\021`\356\3135\016\341F\320`\034\256\000\341\306"
  98      60EECB35 
  98      0EE146D0 
  98      601CAE00 
  98      E1C6
  99 004e 18137241 		.ascii	"\030\023rAh\270\217\332\306\356O\273\372\255\364\016"
  99      68B88FDA 
  99      C6EE4FBB 
  99      FAADF40E 
 100 005e A7F6CCDB 		.ascii	"\247\366\314\333\231\357\362\264\277\357\376>\337}\322"
 100      99EFF2B4 
 100      BFEFFE3E 
 100      DF7DD2
 101 006d 4A9BF0B0 		.ascii	"J\233\360\260\020\013\361+\2044\300V\233I\310\020+\201"
 101      100BF12B 
 101      8434C056 
 101      9B49C810 
 101      2B81
 102 007f 2384BC44 		.ascii	"#\204\274D\"\333\353\240e\240U\240-\240\355\240\275"
 102      22DBEBA0 
 102      65A055A0 
 102      2DA0EDA0 
 102      BD
 103 0090 A003A0C3 		.ascii	"\240\003\240\303\240\023\240\263\240K\240\253\240k\240"
 103      A013A0B3 
 103      A04BA0AB 
 103      A06BA0
 104 009f 9BA0FBA0 		.ascii	"\233\240\373\240Z\220\002\375\343@\255@O\200:\203\272"
 104      5A9002FD 
 104      E340AD40 
 104      4F803A83 
 104      BA
 105 00b0 80BA815E 		.ascii	"\200\272\201^\000\245\202\372\201^\004\331A\257\200"
 105      00A582FA 
 105      815E04D9 
 105      41AF80
 106 00bf 5E038D02 		.ascii	"^\003\215\002\375\025\244\202\336\004e\203\274\240I"
 106      FD15A482 
 106      DE046583 
 106      BCA049
 107 00ce A07740D3 		.ascii	"\240w@\323@3AsA\005\240\245\240\025\240\265\240\315"
 107      40334173 
 107      4105A0A5 
 107      A015A0B5 
 107      A0CD
 108 00e0 A04F403B 		.ascii	"\240O@;A\373@\007AGA_\202\316\203.\203\276\001\375\000"
 108      41FB4007 
 108      4147415F 
 108      82CE832E 
ARM GAS  /tmp/cccOURs7.s 			page 8


 108      83BE01FD 
 109 00f5 BA0D7A08 		.ascii	"\272\015z\010z\014\212\201\213O\000\265\001u\000=\005"
 109      7A0C8A81 
 109      8B4F00B5 
 109      0175003D 
 109      05
 110 0106 EA0A7A1E 		.ascii	"\352\012z\036\324\023\224\016\352\017\032\000\032\012"
 110      D413940E 
 110      EA0F1A00 
 110      1A0A
 111 0114 FA3DE88F 		.ascii	"\372=\350\217\240?\203\376\006r\202\334\240\034P\036"
 111      A03F83FE 
 111      067282DC 
 111      A01C501E 
 112 0124 E86DD064 		.ascii	"\350m\320d\2131\247\323aw\320B\250mY\324Xa^\343\326"
 112      8B31A7D3 
 112      6177D042 
 112      A86D59D4 
 112      58615EE3 
 113 0139 85146925 		.ascii	"\205\024i%W\252W~W\322Y\013L\01164\014H\356H\026h\260"
 113      57AA577E 
 113      57D2590B 
 113      4C093634 
 113      0C48EE48 
 114 0150 05DED334 		.ascii	"\005\336\3234\305\247*/u \177QT\245u\002I\321\007I\011"
 114      C5A72A2F 
 114      75207F51 
 114      54A57502 
 114      49D10749 
 115 0165 24563F55 		.ascii	"$V?UU\226+\035\303\243Q1F;\013ym\262\246%\223\036d-"
 115      55962B1D 
 115      C3A35131 
 115      463B0B79 
 115      6DB2A625 
 116 017d B4F06BDA 		.ascii	"\264\360k\332\224tE@%\3449\2622\004\321\326h1:\"\324"
 116      94744540 
 116      25E439B2 
 116      3204D1D6 
 116      68313A22 
 117 0192 6499D225 		.ascii	"d\231\322%\332\242*+\024\352\212BY\253\375\301\013\345"
 117      DAA22A2B 
 117      14EA8A42 
 117      59ABFDC1 
 117      0BE5
 118 01a4 49FE7DD5 		.ascii	"I\376}\325\015\015]\214\000\0262N\001o\261\322C7\305"
 118      0D0D5D8C 
 118      0016324E 
 118      016FB1D2 
 118      4337C5
 119 01b7 107D46E0 		.ascii	"\020}F\340}\324G\204<M\336Y\252\025\016lK\374!^J!\\"
 119      7DD44784 
 119      3C4DDE59 
 119      AA150E6C 
 119      4BFC215E 
 120 01ce C80CC8A5 		.ascii	"\310\014\310\245U\257\324:u\"xm\361xm\241\270\335H\261"
 120      55AFD43A 
 120      7522786D 
ARM GAS  /tmp/cccOURs7.s 			page 9


 120      F1786DA1 
 120      B8DD48B1 
 121 01e2 91DEA22A 		.ascii	"\221\336\242*\033\225\004\350\263@\021_\0061\014\241"
 121      1B9504E8 
 121      B340115F 
 121      06310CA1 
 122 01f2 2D74BE31 		.ascii	"-t\2761\306Q\203b\266_\243`\377\016\341\3236(m\365\221"
 122      C6518362 
 122      B65FA360 
 122      FF0EE1D3 
 122      36286DF5 
 123 0207 9E469FED 		.ascii	"\236F\237\355\341\025\255uGc\263]\022\005JJ\210\014"
 123      E115AD75 
 123      4763B35D 
 123      12054A4A 
 123      880C
 124 0219 DA47C509 		.ascii	"\332G\305\011_\375b.\256\252\254\026Nf%;\231\037+\334"
 124      5FFD622E 
 124      AEAAAC16 
 124      4E66253B 
 124      991F2BDC 
 125 022d 6CAACA5A 		.ascii	"l\252\312Z8\227\236\316\310\005\204-\245\212\205C\226"
 125      38979ECE 
 125      C805842D 
 125      A58A8543 
 125      96
 126 023e 0991552C 		.ascii	"\011\221U,r\275D\344\016!\362\026\213\334-\021\031\024"
 126      72BD44E4 
 126      0E21F216 
 126      8BDC2D11 
 126      1914
 127 0250 22EFB0C8 		.ascii	"\"\357\260\310/$\"\313\205\310{,\262Z\"\362\210\020"
 127      2F2422CB 
 127      85C87B2C 
 127      B25A22F2 
 127      8810
 128 0262 F98045DE 		.ascii	"\371\200E\336\225\210<)D>b\221u\022\221\347\204\310"
 128      95883C29 
 128      443E6291 
 128      751291E7 
 128      84C8
 129 0274 1A1639CD 		.ascii	"\032\0269\315\"\017Y%D\326\261\3109\022\221_\013\221"
 129      220F5925 
 129      44D6B1C8 
 129      3912915F 
 129      0B91
 130 0286 F52CB240 		.ascii	"\365,\262@\"\362\272\020\351?\310 WHD\336\022\"\363"
 130      22F2BA10 
 130      E93FC820 
 130      574844DE 
 130      1222F3
 131 0299 59649944 		.ascii	"Yd\231D\344\003!r>\213\334-\021Y'D.d\221G$\"\247XD\310"
 131      E4032172 
 131      3E8BDC2D 
 131      11592744 
 131      2E649147 
 132 02b3 42165929 		.ascii	"B\026Y)\0219C\210\\\314\"\277\221\210\234#D.a\221?J"
ARM GAS  /tmp/cccOURs7.s 			page 10


 132      11394388 
 132      5CCC22BF 
 132      91889C23 
 132      442E6191 
 133 02c9 44CE1722 		.ascii	"D\316\027\"\213X\344C\211\310\305Bd)\213\324b\344!\003"
 133      8B58E443 
 133      89C8C542 
 133      64298BD4 
 133      62E42103 
 134 02dd 4264198B 		.ascii	"Bd\031\213|_\"r\225\020\271\225E\346KDn\020\"\267\261"
 134      7C5F2272 
 134      9510B995 
 134      45E64B44 
 134      6E1022B7 
 135 02f2 C88F2422 		.ascii	"\310\217$\"K\205\310=,\262X\"r\233\020y\234En\224\210"
 135      4B85C83D 
 135      2CB25822 
 135      729B1079 
 135      9C456E94 
 136 0307 DC23449E 		.ascii	"\334#D\236d\221[%\"?\023\"O\261\310\275\022\221\207"
 136      64915B25 
 136      223F1322 
 136      4FB1C8BD 
 136      129187
 137 031a 84C80B2C 		.ascii	"\204\310\013,\262B\"\362\270\020Y\311\"OHD\236\021\""
 137      B24222F2 
 137      B81059C9 
 137      224F4844 
 137      9E1122
 138 032d AB58E405 		.ascii	"\253X\344\005\211\310J!\362\026\213\274*\021\371\225"
 138      89C84A21 
 138      F2168BBC 
 138      2A11F995 
 139 033d 10F98045 		.ascii	"\020\371\200E\336\220\210\374^\210|\304\"\357KD\376"
 139      DE9088FC 
 139      5E887CC4 
 139      22EF4B44 
 139      FE
 140 034e 2844D6B0 		.ascii	"(D\326\260\310z\211\310{Bd\035\213\234\036+\017Y#D\346"
 140      C87A89C8 
 140      7B42641D 
 140      8B9C1E2B 
 140      0F592344 
 141 0363 1F62907E 		.ascii	"\037b\220~\211H-F\370P\311\"\027ID\276'D.d\221\313%"
 141      89482D46 
 141      F850C922 
 141      174944BE 
 141      27442E64 
 142 037a 22670991 		.ascii	"\"g\011\221\205,r\275Dd\276\020Y\304\"\313$\"\013\205"
 142      852C72BD 
 142      4464BE10 
 142      59C422CB 
 142      24220B85 
 143 038e C81216B9 		.ascii	"\310\022\026\271[\"\262H\210,e\221\345\022\221\305B"
 143      5B22B248 
 143      882C6591 
 143      E51291C5 
ARM GAS  /tmp/cccOURs7.s 			page 11


 143      42
 144 039f 64198BFC 		.ascii	"d\031\213\374B\"r\235\020\271\203E\236\223\210,\021"
 144      4222729D 
 144      10B98345 
 144      9E93882C 
 144      11
 145 03b0 2277B1C8 		.ascii	"\"w\261\310+\022\221[\205\310=,\362\272D\344.!\3628"
 145      2B12915B 
 145      85C83D2C 
 145      F2BA44E4 
 145      2E21F238 
 146 03c4 8BBC2B11 		.ascii	"\213\274+\021\271_\210<\303\"\353$\"+\204\310s,r\232"
 146      B95F883C 
 146      C322EB24 
 146      222B84C8 
 146      732C729A 
 147 03d8 551EF298 		.ascii	"U\036\362\230\020y\201E\316\221\210<%DV\262\310\002"
 147      10798145 
 147      CE91883C 
 147      254456B2 
 147      C802
 148 03ea 89C80B42 		.ascii	"\211\310\013B\344\035\026\031\220\210\254\026\"\357"
 148      E41D1619 
 148      9088AC16 
 148      22EF
 149 03f8 B1C8B512 		.ascii	"\261\310\265\022\221\337\012\221\017Xd\251D\344\015"
 149      91DF0A91 
 149      0F5864A9 
 149      44E40D
 150 0407 21F2118B 		.ascii	"!\362\021\213\334)\021yG\210\254g\221\237ID>\022\"\375"
 150      DC291179 
 150      4788AC67 
 150      919F4944 
 150      3E1222FD 
 151 041b 8719E451 		.ascii	"\207\031\344Q\211\310z!2\237E\236\221\210|7V\370\204"
 151      89C87A21 
 151      329F459E 
 151      91887C37 
 151      56F884
 152 042e C7222F4B 		.ascii	"\307\"/KD~ D.f\221\337KD\372\205\310%,\362\266D\344"
 152      447E2044 
 152      2E6691DF 
 152      4B44FA85 
 152      C8252CF2 
 153 0445 4221B288 		.ascii	"B!\262\210E\326HD.\021\"KX\344\324\026\362\220\313\205"
 153      45D64844 
 153      2E11224B 
 153      58E4D416 
 153      F290CB85 
 154 0459 C8AD2C72 		.ascii	"\310\255,r\226D\344\032!r\033\213\\(\021\271I\210\334"
 154      9644E41A 
 154      21721B8B 
 154      5C2811B9 
 154      4988DC
 155 046c C1220312 		.ascii	"\301\"\003\022\221eB\344.\026\271N\"r\207\020y\222E"
 155      916542E4 
 155      2E16B94E 
ARM GAS  /tmp/cccOURs7.s 			page 12


 155      22728710 
 155      799245
 156 047f 96494406 		.ascii	"\226ID\006\205\310S,r\217Dd\271\020y\206EVHD\036\021"
 156      85C8532C 
 156      728F4464 
 156      B9107986 
 156      45564844 
 157 0495 22CFB1C8 		.ascii	"\"\317\261\310\223\022\221'\205\310*\026Y)\021yN\210"
 157      93129127 
 157      85C82A16 
 157      59291179 
 157      4E88
 158 04a7 BCC522BF 		.ascii	"\274\305\"\277\225\210\254\022\"\357\260\310[\022\221"
 158      9588AC12 
 158      22EFB0C8 
 158      5B1291
 159 04b6 5F0B91F7 		.ascii	"_\013\221\367\270\257u\211\310\353Bd\015\213|7N\342"
 159      B8AF7589 
 159      C8EB4264 
 159      0D8B7C37 
 159      4EE2
 160 04c8 DF5F0A91 		.ascii	"\337_\012\221u,r\216D\344\003!\262\236E\026JD\326\011"
 160      752C728E 
 160      44E40321 
 160      B29E4516 
 160      4A44D609 
 161 04dc 91FE63EC 		.ascii	"\221\376c\354\377j\222\210\234b\245\216=C\226i\201\343"
 161      FF6A9288 
 161      9C62A58E 
 161      3D439669 
 161      81E3
 162 04ee C1D355B3 		.ascii	"\301\323U\263\225@`\212\246\32574(\355\310\\}\265PE"
 162      9540608A 
 162      A6D53734 
 162      28EDC85C 
 162      7DB55045 
 163 0502 6B73098F 		.ascii	"ks\011\217\326\036\027\334\004C\247\353k\204\374\301"
 163      D61E17DC 
 163      0443A7EB 
 163      6B84FCC1 
 164 0512 45E54A8A 		.ascii	"E\345J\212\252\314\260\266\003\334\006*#!\377\277I("
 164      AACCB0B6 
 164      03DC062A 
 164      2321FFBF 
 164      4928
 165 0524 CD4C38D7 		.ascii	"\315L8\3278\313Xv\024<\355J1\216\022\252\033\265u%\001"
 165      38CB5876 
 165      143CED4A 
 165      318E12AA 
 165      1BB57525 
 166 0539 4D9B123C 		.ascii	"M\233\022<\273\366sE\313OjI>\010\255h2\326\020\205\227"
 166      BBF67345 
 166      CB4F6A49 
 166      3E08AD68 
 166      32D61085 
 167 054e 37192F88 		.ascii	"7\031/\210p5\221\221\275\372R\355\361N\0334-YU>\264"
 167      70359191 
ARM GAS  /tmp/cccOURs7.s 			page 13


 167      BDFA52ED 
 167      F14E1B34 
 167      2D59553E 
 168 0563 8616395D 		.ascii	"\206\0269]d\3627\275\323\242\206`\2012U\323\240\220"
 168      64F237BD 
 168      D3A28660 
 168      813255D3 
 168      A090
 169 0575 AFB75A14 		.ascii	"\257\267Z\024O\267R\225\270\004\372M\200\327h\010\365"
 169      4FB75295 
 169      B804FA4D 
 169      80D76808 
 169      F5
 170 0586 8B4B880C 		.ascii	"\213K\210\014B\353\005\333\220\346\332\033[65\307\332"
 170      42EB05DB 
 170      90E6DA1B 
 170      5B3635C7 
 170      DA
 171 0597 12DB5848 		.ascii	"\022\333XH\261\236+4\271\"\273\271\262\212\020\263\037"
 171      B19E2B34 
 171      B922BBB9 
 171      B28A10B3 
 171      1F
 172 05a8 35E1D5D3 		.ascii	"5\341\325\323.\316\357\254\005\366+\324\214\033\237"
 172      2ECEEFAC 
 172      05F62BD4 
 172      8C1B9F
 173 05b7 D1C6A727 		.ascii	"\321\306\247'\270C\201C\005\220\303B63\023\323\304F"
 173      B8438143 
 173      0590C342 
 173      363313D3 
 173      C446
 174 05c9 A10B590C 		.ascii	"\241\013Y\014\015\304\037\010\256f!\273\232}\241)\324"
 174      0DC41F08 
 174      AE6621BB 
 174      9A7DA129 
 174      D4
 175 05da 27EB82AB 		.ascii	"'\353\202\253\2427f>\324\224^\361\215NZ\2602\252\327"
 175      A237663E 
 175      D4945EF1 
 175      8D4E5AB0 
 175      32AAD7
 176 05ed 9966F7A2 		.ascii	"\231f\367\242sUE\365\372\276)\275\222\033\317u+\252"
 176      735545F5 
 176      FABE29BD 
 176      921BCF75 
 176      2BAA
 177 05ff 574DB37B 		.ascii	"WM\263{\321\271\356D\365\232\231\320\204^\235\032\317"
 177      D1B9EE44 
 177      F59A99D0 
 177      845E9D1A 
 177      CF
 178 0610 752FAA57 		.ascii	"u/\252WQ\263{\321\271\036D\365Z\335\224^)\215\347z\024"
 178      51B37BD1 
 178      B91E44F5 
 178      5ADD945E 
 178      298DE77A 
ARM GAS  /tmp/cccOURs7.s 			page 14


 179 0625 D5ABA4D9 		.ascii	"\325\253\244\331\275\350\\5Q\275\2667\245W\367\306s"
 179      BDE85C35 
 179      51BDB637 
 179      A557F7C6 
 179      73
 180 0636 D545F5DA 		.ascii	"\325E\365\332\337\354^t\256\372\250^\307\232\322\253"
 180      DFEC5E74 
 180      AEFAA85E 
 180      C79AD2AB 
 181 0646 77E3B9FC 		.ascii	"w\343\271\374\345I~\025\233]mv3:X~t\263\033Mi\226\331"
 181      E5497E15 
 181      9B5D6D76 
 181      333A587E 
 181      74B31B4D 
 182 065d 78B2F9D1 		.ascii	"x\262\371\321\315j\233\335,:\231\026\\8\314\257\342"
 182      CD6A9BDD 
 182      2C3A9916 
 182      5C38CCAF 
 182      E2
 183 066e EADAD077 		.ascii	"\352\332\320wX\250+\376\334%\343\371\032\376\334m\267"
 183      58A82BFE 
 183      DC25E3F9 
 183      1AFEDC6D 
 183      B7
 184 067f 3677DDEB 		.ascii	"6w\335\353\016\253x\335\353\200\3605\301\015\227\310"
 184      0EAB78DD 
 184      EB80F035 
 184      C10D97C8 
 185 068f 5C01C30D 		.ascii	"\\\001\303\015\217\007\012&D\264E\377&\253\312,k7\330"
 185      8F070A26 
 185      44B445FF 
 185      26ABCA2C 
 185      6B37D8
 186 06a2 CFB67685 		.ascii	"\317\266v\205\375B}\277D\337\027\351\373\200\276_\256"
 186      FD427DBF 
 186      44DF17E9 
 186      FB80BE5F 
 186      AE
 187 06b3 EF8BF5FD 		.ascii	"\357\213\365\375*}\277F\337\257\323\367\033\364\375"
 187      2A7DBF46 
 187      DFAFD3F7 
 187      1BF4FD
 188 06c2 267D5FA2 		.ascii	"&}_\242\357K\365}\231\276\337\252\357\267\301\336\334"
 188      EF4BF57D 
 188      99BEDFAA 
 188      EFB7C1DE 
 188      DC
 189 06d3 2C645E22 		.ascii	",d^\"\376L\210\036\034\364g\033\013Y\222\030\265\310"
 189      FE4C881E 
 189      1CF4671B 
 189      0B599218 
 189      B5C8
 190 06e5 B938316A 		.ascii	"\27181j\225s``akc\015r\370\364\201\364W\253\252\354"
 190      95736060 
 190      616B630D 
 190      72F8F481 
 190      F457ABAA 
ARM GAS  /tmp/cccOURs7.s 			page 15


 191 06fa 6BF6DBB0 		.ascii	"k\366\333\260\277\221\267!.j\346\302\3016&F/?V\225]"
 191      BF91B721 
 191      2E6AE6C2 
 191      C1362646 
 191      2F3F5695 
 192 070f F0C005FF 		.ascii	"\360\300\005\377\235i}\032^e\220-\332\214\240\337j<"
 192      9D697D1A 
 192      5E65902D 
 192      DA8CA0DF 
 192      6A3C
 193 0721 341913FB 		.ascii	"4\031\023\3736\251\321fh\301\263U\212\361s\035z\"\253"
 193      36A9D166 
 193      68C1B355 
 193      8AF1731D 
 193      7A22AB
 194 0734 CE0F9E2F 		.ascii	"\316\017\236/\207\037\333e\341'2|H)eg\206\013ZA=\336"
 194      871FDB65 
 194      E127327C 
 194      48296567 
 194      860B5A41 
 195 074a 196F9A49 		.ascii	"\031o\232Ix\022\177+W\031\213\315\215w\323(k\237*X\335"
 195      78127F2B 
 195      57198BCD 
 195      8D77D328 
 195      6B9F2A58 
 196 075f 82D5A248 		.ascii	"\202\325\242H\265\301\254n\307j \322\372|\225Y\336\213"
 196      B5C1AC6E 
 196      C76A20D2 
 196      FA7C9559 
 196      DE8B
 197 0771 E5E59193 		.ascii	"\345\345\221\223\035X<\200\305b\021\3670VW\211\270'"
 197      1D583C80 
 197      C56211F7 
 197      30565789 
 197      B827
 198 0783 B0BA26C2 		.ascii	"\260\272&\302\275\030\341\236\305\362:\001\367\022\026"
 198      BD18E19E 
 198      C5F23A01 
 198      F71216
 199 0792 3788B857 		.ascii	"7\210\270W\261\272I\304\275\206\325\222\010\367R\204"
 199      B1BA49C4 
 199      BD86D592 
 199      08F75284 
 200 07a2 7B13CBA5 		.ascii	"{\023\313\245\002\356},\226\211\270\265X\335*\342N\266"
 200      02EE7D2C 
 200      9689B8B5 
 200      58DD2AE2 
 200      4EB6
 201 07b4 84ABA1BB 		.ascii	"\204\253\241\273\303\370\340h\251\306W\210y\027\207"
 201      C3F8E068 
 201      A9C65788 
 201      791787
 202 07c3 E3DCAEB2 		.ascii	"\343\334\256\262\340Y\323\215\263\302\016\005\333"
 202      E059D38D 
 202      B3C20E05 
 202      DB
 203 07d0 7AB13E9B 		.ascii	"z\261>\233\252[\260\276\323\304\316\243\0141h\230\327"
ARM GAS  /tmp/cccOURs7.s 			page 16


 203      AA5BB0BE 
 203      D3C4CEA3 
 203      0C316898 
 203      D7
 204 07e1 020D8B28 		.ascii	"\002\015\213(C,f\270\037\311\3601\345\260r\031VR\365"
 204      432C66B8 
 204      1FC9F031 
 204      E5B07219 
 204      5652F5
 205 07f4 167C86F5 		.ascii	"\026|\206\365\224!\216\317\360/\312\020\217\031j#\031"
 205      94218ECF 
 205      F02FCA10 
 205      8F196A23 
 205      19
 206 0805 3EA51C09 		.ascii	">\245\034\011\\\206\335T=\221\317\360o\312\320\222\317"
 206      5C86DD54 
 206      3D91CFF0 
 206      6FCAD092 
 206      CF
 207 0816 F0396548 		.ascii	"\3609eH\302\014s/\233\031\276\240\034\255\270\014\247"
 207      C20C732F 
 207      9B19BEA0 
 207      1CADB80C 
 207      A7
 208 0827 A97A6B3E 		.ascii	"\251zk>\303E\312\320\206\317p\2052$c\206\202H\206\357"
 208      C345CAD0 
 208      86CF7085 
 208      32246386 
 208      824886EF 
 209 083b 28475B2E 		.ascii	"(G[.\303\177\250z;>\303]\312\360\004\237\341\277\224"
 209      C37FA87A 
 209      3B3EC35D 
 209      CAF0049F 
 209      E1BF94
 210 084e A13D6658 		.ascii	"\241=fX\032\311\320@9:p\031\246\305D\327;\362\031fR"
 210      1AC9D040 
 210      393A7019 
 210      A6C544D7 
 210      3BF21966 
 211 0863 8627F90C 		.ascii	"\206'\371\014s)C'\314\260%\222\241\200rt\3462,\245\352"
 211      73294327 
 211      CCB02592 
 211      A1807274 
 211      E6322CA5 
 212 0878 3FE333AC 		.ascii	"?\3433\254\240\014O\361\031\326R\206\237c\206\355\221"
 212      A00C4FF1 
 212      19D65286 
 212      9F6386ED 
 212      91
 213 0889 0C9B29C7 		.ascii	"\014\233)\307/\270\014\237P\365\247\371\014;)C\027>"
 213      2FB80C9F 
 213      50F5A7F9 
 213      0C3B2943 
 213      173E
 214 089b C33ECA90 		.ascii	"\303>\312\220\202\031\366F2\034\244\034]\271\014G\251"
 214      8219F646 
 214      321CA41C 
ARM GAS  /tmp/cccOURs7.s 			page 17


 214      5DB90C47 
 214      A9
 215 08ac FA337C86 		.ascii	"\3723|\206/)\303/\371\014\347)\303\263\230\341t$\303"
 215      2F29C32F 
 215      F90CE729 
 215      C3B398E1 
 215      7424C3
 216 08bf 65CAD18D 		.ascii	"e\312\321\215\313\360\015U\177\216\317\360\003ex\236"
 216      CBF00D55 
 216      7F8ECFF0 
 216      0365789E 
 217 08cf CF709B32 		.ascii	"\317p\2332t7\177.\"\031\036R\216_q\031\036S\365\036"
 217      74377F2E 
 217      22191E52 
 217      8E5F7119 
 217      1E53F51E 
 218 08e3 7C86A9B1 		.ascii	"|\206\251\261\321\206\027\370\014\357S\206_\233\337"
 218      D18617F8 
 218      0CEF5386 
 218      5F9BDF
 219 08f2 D5910C1F 		.ascii	"\325\221\014\037R\216\236\\\206\005T\275\027\237\341"
 219      528E9E5C 
 219      860554BD 
 219      179FE1
 220 0901 23CA60E3 		.ascii	"#\312`\3433,\243\014\2751\303\303H\206\325\224#\225"
 220      332CA30C 
 220      BD31C3C3 
 220      4886D594 
 220      2395
 221 0913 CBB091AA 		.ascii	"\313\260\221\252\247\361\031\266P\206t>\303v\312\220"
 221      A7F119B6 
 221      5086743E 
 221      C376CA90 
 222 0923 81191E47 		.ascii	"\201\031\036G2\354\245\034}\270\014\007\250z_>\303a"
 222      32ECA51C 
 222      7DB80C07 
 222      A87A5F3E 
 222      C361
 223 0935 CAD08FCF 		.ascii	"\312\320\217\317p\2022db\206y_u7\037\037(G\177.\303"
 223      70823264 
 223      6286795F 
 223      75371F1F 
 223      28477F2E 
 224 094a 25AAFE1B 		.ascii	"%\252\376\033>\303U\312\360[>\3035\312\360;\314\260"
 224      3EC355CA 
 224      F05B3EC3 
 224      35CAF03B 
 224      CCB0
 225 095c 2892E126 		.ascii	"(\222\341&\345x\221\313p\237\252\277\304g\250\245\014"
 225      E57891CB 
 225      709FAABF 
 225      C467A8A5 
 225      0C
 226 096d 03F80C93 		.ascii	"\003\370\014\223\255\346?2\374\203mlN\266\313\346\314"
 226      ADE63F32 
 226      FC836D6C 
 226      4EB6CBE6 
ARM GAS  /tmp/cccOURs7.s 			page 18


 226      CC
 227 097e C99A64CB 		.ascii	"\311\232d\313rM\2649\307\272\307\270s\2746_n\236g\234"
 227      724DB439 
 227      C7BAC7B8 
 227      73BC365F 
 227      6E9E679C 
 228 0992 0D06CE9C 		.ascii	"\015\006\316\234\354\354\034\217mBN\256\317k\033\364"
 228      ECEC1C8F 
 228      6D424EAE 
 228      CF6B1BF4 
 229 09a2 C608FB88 		.ascii	"\306\010\373\210\267B\307&\270\307\273r\275\266\227"
 229      B742C726 
 229      B8C7BB72 
 229      BDB697
 230 09b1 ED76DB44 		.ascii	"\355v\333D\227\323\227\223\353\355\345$\355\035y\236"
 230      97D39793 
 230      EBEDE524 
 230      ED1D799E 
 231 09c1 B1AA276B 		.ascii	"\261\252'k\274+\313\341z\313\351\232\340s\347xZ\274"
 231      BC2BCBE1 
 231      7ACBE99A 
 231      E073E778 
 231      5ABC
 232 09d3 FCEAA814 		.ascii	"\374\352\250\024;i\365\206\313\353\3629\206\353\345"
 232      3B69F586 
 232      CBEBF239 
 232      86EBE5
 233 09e2 5CAB3ADE 		.ascii	"\\\253:\336\255z;\210\374$\3269V\315\215\375\247K\035"
 233      AD7A3B88 
 233      FC24D639 
 233      56CD8DFD 
 233      A74B1D
 234 09f5 D7F2D511 		.ascii	"\327\362\325\021\257\340\031m\207\253\271Y\303\324\274"
 234      AFE0196D 
 234      87ABB959 
 234      C3D4BC
 235 0a04 F1668FB6 		.ascii	"\361f\217\266#\\\331#T\217\372\246\013\217$\017\316"
 235      235CD923 
 235      548FFAA6 
 235      0B8F240F 
 235      CE
 236 0a15 F3529676 		.ascii	"\363R\226v\243\274P\246\016\305\217\326\343\246\332"
 236      A3BC50A6 
 236      0EC58FD6 
 236      E3A6DA
 237 0a24 C383B4DE 		.ascii	"\303\203\264\3368\310\300Af\313\221\243\355f\317!\256"
 237      38C8C041 
 237      66CB91A3 
 237      ED66CF21 
 237      AE
 238 0a35 31796F8E 		.ascii	"1yo\216\310\3610\015\3223Z\277\356\362d\215\034\215"
 238      C8F1300D 
 238      D2335ABF 
 238      EEF2648D 
 238      1C8D
 239 0a47 C7DB8C9C 		.ascii	"\307\333\214\234\344\375\223\3339\216\361e`\377\014"
 239      E4FD93DB 
ARM GAS  /tmp/cccOURs7.s 			page 19


 239      398EF165 
 239      60FF0C
 240 0a56 EC9F9189 		.ascii	"\354\237\221\211\003\314\320\007=}\320\323\007=}\320"
 240      03CCD007 
 240      3D7DD0D3 
 240      073D7DD0 
 241 0a66 D3173D7D 		.ascii	"\323\027=}\321\323\027=}\321\323\017=\375\320\323\017"
 241      D1D3173D 
 241      7DD1D30F 
 241      3DFDD0D3 
 241      0F
 242 0a77 3DFDD093 		.ascii	"=\375\320\223\211\236L\364d\242'\023=\375\321\323\037"
 242      899E4CF4 
 242      64A22713 
 242      3DFDD1D3 
 242      1F
 243 0a88 3DFDD1D3 		.ascii	"=\375\321\323\037=\203\3203\010=\203\3203\010=\203\321"
 243      1F3D83D0 
 243      33083D83 
 243      D033083D 
 243      83D1
 244 0a9a 33183D83 		.ascii	"3\030=\203\3213\030=v\364\330\321cG\217\035=C\3203\004"
 244      D133183D 
 244      76F4D8D1 
 244      63478F1D 
 244      3D43D033 
 245 0aaf 3D43D033 		.ascii	"=C\3203\004=C\3213\024=C\3213\024=\303\3203\014=\303"
 245      043D43D1 
 245      33143D43 
 245      D133143D 
 245      C3D0330C 
 246 0ac5 D033CC9E 		.ascii	"\3203\314\236\020\376`\364\356m\2162\314Q\24692}\251"
 246      10FE60F4 
 246      EE6D8E32 
 246      CC51A639 
 246      327DA9
 247 0ad8 A62FD5F4 		.ascii	"\246/\325\364\245\232\276T\323\227f\372\322L_\232\351"
 247      A59ABE54 
 247      D39766FA 
 247      D24C5F9A 
 247      E9
 248 0ae9 4B337DE9 		.ascii	"K3}\351\246/\335\364\245\233\276t{B\370>s\370\236\265"
 248      A62FDDF4 
 248      A59BBE74 
 248      7B42F83E 
 248      73F89EB5 
 249 0afd E579736D 		.ascii	"\345ysmjnvOO\216\307\325\323\245\216q\333\334\036\347"
 249      6A6E764F 
 249      4F8EC7D5 
 249      D3A58E71 
 249      DBDC1EE7 
 250 0b11 F8BC2C97 		.ascii	"\370\274,\227\315\353\313r{|\275\306\222\370<\3703="
 250      CDEBCB72 
 250      7B7CBDC6 
 250      92F83CF8 
 250      333D
 251 0b23 CDE1CBF8 		.ascii	"\315\341\313\370\011w\266\012\367\273\307esd\271\376"
ARM GAS  /tmp/cccOURs7.s 			page 20


 251      0977B60A 
 251      F7BBC765 
 251      7364B9FE 
 252 0b33 AEDF24BE 		.ascii	"\256\337$\276I\023\\^8;\321\341\300\363\023\335\036"
 252      49135C5E 
 252      383BD1E1 
 252      C0F313DD 
 252      1E
 253 0b44 B7CFE1F5 		.ascii	"\267\317\341\365\251\316qI\356\334\1778\214\030\016"
 253      A9CE7149 
 253      EEDC7F38 
 253      8C180E
 254 0b53 5FAB5CFD 		.ascii	"_\253\\\375\2066\356\337\334\226\236l7\216\333\302\375"
 254      8636EEDF 
 254      DC969E6C 
 254      378EDBC2 
 254      FD
 255 0b64 9B65F4C3 		.ascii	"\233e\364\303#\331\256\354l\343V\015\037I\036\223\347"
 255      23D9AEEC 
 255      6CE3560D 
 255      1F491E93 
 255      E7
 256 0b75 A52CEDF2 		.ascii	"\245,\355\362B\267*u(\336@\245:\303\003\270U'\342\255"
 256      42B72A75 
 256      28DE40A5 
 256      3AC303B8 
 256      5527E2AD 
 257 0b89 3A116F55 		.ascii	":\021oU\357D'\372\333g\205nU\370\266r\207\002\322M\340"
 257      EF4427FA 
 257      DB67856E 
 257      55F8B672 
 257      8702D24D 
 258 0b9e 769D00B7 		.ascii	"v\235\000\267\253w\"\036o\343\235\344\365\205n\327\360"
 258      AB77221E 
 258      6FE39DE4 
 258      F5856ED7 
 258      F0
 259 0baf EBB8F0F4 		.ascii	"\353\270\360\364\306\207/\320\033\347\205?\341\373("
 259      C6872FD0 
 259      1BE7853F 
 259      E1FB28
 260 0bbe DCC04B62 		.ascii	"\334\300Kb\363\274\256\254v\016G\266\352\366\030\363"
 260      F3BCAEAC 
 260      760E47B6 
 260      EAF618F3 
 261 0bce E1808E0E 		.ascii	"\341\200\216\016\307\377\000\214}_\271"
 261      C7FF008C 
 261      7D5FB9
 262              		.text
 263              		.section	.gnu.lto_.symtab.53e12e37d9b77021,"",%progbits
 264 0000 5F756E68 		.ascii	"_unhandled_exception\000\000\000\000\000\000\000\000"
 264      616E646C 
 264      65645F65 
 264      78636570 
 264      74696F6E 
 265 001c 00000000 		.ascii	"\000\000\000\000\241\000\000\000Reset_Handler\000\000"
 265      A1000000 
ARM GAS  /tmp/cccOURs7.s 			page 21


 265      52657365 
 265      745F4861 
 265      6E646C65 
 266 0033 01000000 		.ascii	"\001\000\000\000\000\000\000\000\000\000\246\000\000"
 266      00000000 
 266      0000A600 
 266      00
 267 0040 004E4D49 		.ascii	"\000NMI_Handler\000\000\001\000\000\000\000\000\000"
 267      5F48616E 
 267      646C6572 
 267      00000100 
 267      00000000 
 268 0055 000000B3 		.ascii	"\000\000\000\263\000\000\000HardFault_Handler\000\000"
 268      00000048 
 268      61726446 
 268      61756C74 
 268      5F48616E 
 269 006f 01000000 		.ascii	"\001\000\000\000\000\000\000\000\000\000\271\000\000"
 269      00000000 
 269      0000B900 
 269      00
 270 007c 004D656D 		.ascii	"\000MemManage_Handler\000\000\001\000\000\000\000\000"
 270      4D616E61 
 270      67655F48 
 270      616E646C 
 270      65720000 
 271 0096 00000000 		.ascii	"\000\000\000\000\277\000\000\000BusFault_Handler\000"
 271      BF000000 
 271      42757346 
 271      61756C74 
 271      5F48616E 
 272 00af 00010000 		.ascii	"\000\001\000\000\000\000\000\000\000\000\000\305\000"
 272      00000000 
 272      000000C5 
 272      00
 273 00bc 00005573 		.ascii	"\000\000UsageFault_Handler\000\000\001\000\000\000\000"
 273      61676546 
 273      61756C74 
 273      5F48616E 
 273      646C6572 
 274 00d7 00000000 		.ascii	"\000\000\000\000\000\313\000\000\000Vector1C\000\000"
 274      00CB0000 
 274      00566563 
 274      746F7231 
 274      430000
 275 00ea 01000000 		.ascii	"\001\000\000\000\000\000\000\000\000\000\321\000\000"
 275      00000000 
 275      0000D100 
 275      00
 276 00f7 00566563 		.ascii	"\000Vector20\000\000\001\000\000\000\000\000\000\000"
 276      746F7232 
 276      30000001 
 276      00000000 
 276      000000
 277 010a 0000D700 		.ascii	"\000\000\327\000\000\000Vector24\000\000\001\000\000"
 277      00005665 
 277      63746F72 
ARM GAS  /tmp/cccOURs7.s 			page 22


 277      32340000 
 277      010000
 278 011d 00000000 		.ascii	"\000\000\000\000\000\000\000\335\000\000\000Vector2"
 278      000000DD 
 278      00000056 
 278      6563746F 
 278      7232
 279 012f 38000001 		.ascii	"8\000\000\001\000\000\000\000\000\000\000\000\000\343"
 279      00000000 
 279      00000000 
 279      00E3
 280 013d 00000053 		.ascii	"\000\000\000SVC_Handler\000\000\001\000\000\000\000"
 280      56435F48 
 280      616E646C 
 280      65720000 
 280      01000000 
 281 0152 00000000 		.ascii	"\000\000\000\000\000\351\000\000\000DebugMon_Handle"
 281      00E90000 
 281      00446562 
 281      75674D6F 
 281      6E5F4861 
 282 016a 72000001 		.ascii	"r\000\000\001\000\000\000\000\000\000\000\000\000\357"
 282      00000000 
 282      00000000 
 282      00EF
 283 0178 00000056 		.ascii	"\000\000\000Vector34\000\000\001\000\000\000\000\000"
 283      6563746F 
 283      72333400 
 283      00010000 
 283      000000
 284 018b 00000000 		.ascii	"\000\000\000\000\365\000\000\000PendSV_Handler\000\000"
 284      F5000000 
 284      50656E64 
 284      53565F48 
 284      616E646C 
 285 01a3 01000000 		.ascii	"\001\000\000\000\000\000\000\000\000\000\373\000\000"
 285      00000000 
 285      0000FB00 
 285      00
 286 01b0 00537973 		.ascii	"\000SysTick_Handler\000\000\001\000\000\000\000\000"
 286      5469636B 
 286      5F48616E 
 286      646C6572 
 286      00000100 
 287 01c8 00000000 		.ascii	"\000\000\000\000\001\001\000\000Vector40\000\000\001"
 287      01010000 
 287      56656374 
 287      6F723430 
 287      000001
 288 01db 00000000 		.ascii	"\000\000\000\000\000\000\000\000\000\007\001\000\000"
 288      00000000 
 288      00070100 
 288      00
 289 01e8 56656374 		.ascii	"Vector44\000\000\001\000\000\000\000\000\000\000\000"
 289      6F723434 
 289      00000100 
 289      00000000 
ARM GAS  /tmp/cccOURs7.s 			page 23


 289      000000
 290 01fb 000D0100 		.ascii	"\000\015\001\000\000Vector48\000\000\001\000\000\000"
 290      00566563 
 290      746F7234 
 290      38000001 
 290      000000
 291 020e 00000000 		.ascii	"\000\000\000\000\000\000\023\001\000\000Vector4C\000"
 291      00001301 
 291      00005665 
 291      63746F72 
 291      344300
 292 0221 00010000 		.ascii	"\000\001\000\000\000\000\000\000\000\000\000\031\001"
 292      00000000 
 292      00000019 
 292      01
 293 022e 00005665 		.ascii	"\000\000Vector50\000\000\001\000\000\000\000\000\000"
 293      63746F72 
 293      35300000 
 293      01000000 
 293      000000
 294 0241 0000001F 		.ascii	"\000\000\000\037\001\000\000Vector54\000\000\001\000"
 294      01000056 
 294      6563746F 
 294      72353400 
 294      000100
 295 0254 00000000 		.ascii	"\000\000\000\000\000\000\000\000%\001\000\000Vector"
 295      00000000 
 295      25010000 
 295      56656374 
 295      6F72
 296 0266 35380000 		.ascii	"58\000\000\001\000\000\000\000\000\000\000\000\000+"
 296      01000000 
 296      00000000 
 296      00002B
 297 0275 01000056 		.ascii	"\001\000\000Vector5C\000\000\001\000\000\000\000\000"
 297      6563746F 
 297      72354300 
 297      00010000 
 297      000000
 298 0288 00000000 		.ascii	"\000\000\000\0001\001\000\000Vector60\000\000\001\000"
 298      31010000 
 298      56656374 
 298      6F723630 
 298      00000100 
 299 029c 00000000 		.ascii	"\000\000\000\000\000\000\000\0007\001\000\000Vector"
 299      00000000 
 299      37010000 
 299      56656374 
 299      6F72
 300 02ae 36340000 		.ascii	"64\000\000\001\000\000\000\000\000\000\000\000\000="
 300      01000000 
 300      00000000 
 300      00003D
 301 02bd 01000056 		.ascii	"\001\000\000Vector68\000\000\001\000\000\000\000\000"
 301      6563746F 
 301      72363800 
 301      00010000 
ARM GAS  /tmp/cccOURs7.s 			page 24


 301      000000
 302 02d0 00000000 		.ascii	"\000\000\000\000C\001\000\000Vector6C\000\000\001\000"
 302      43010000 
 302      56656374 
 302      6F723643 
 302      00000100 
 303 02e4 00000000 		.ascii	"\000\000\000\000\000\000\000\000I\001\000\000Vector"
 303      00000000 
 303      49010000 
 303      56656374 
 303      6F72
 304 02f6 37300000 		.ascii	"70\000\000\001\000\000\000\000\000\000\000\000\000O"
 304      01000000 
 304      00000000 
 304      00004F
 305 0305 01000056 		.ascii	"\001\000\000Vector74\000\000\001\000\000\000\000\000"
 305      6563746F 
 305      72373400 
 305      00010000 
 305      000000
 306 0318 00000000 		.ascii	"\000\000\000\000U\001\000\000Vector78\000\000\001\000"
 306      55010000 
 306      56656374 
 306      6F723738 
 306      00000100 
 307 032c 00000000 		.ascii	"\000\000\000\000\000\000\000\000[\001\000\000Vector"
 307      00000000 
 307      5B010000 
 307      56656374 
 307      6F72
 308 033e 37430000 		.ascii	"7C\000\000\001\000\000\000\000\000\000\000\000\000a"
 308      01000000 
 308      00000000 
 308      000061
 309 034d 01000056 		.ascii	"\001\000\000Vector80\000\000\001\000\000\000\000\000"
 309      6563746F 
 309      72383000 
 309      00010000 
 309      000000
 310 0360 00000000 		.ascii	"\000\000\000\000g\001\000\000Vector84\000\000\001\000"
 310      67010000 
 310      56656374 
 310      6F723834 
 310      00000100 
 311 0374 00000000 		.ascii	"\000\000\000\000\000\000\000\000m\001\000\000Vector"
 311      00000000 
 311      6D010000 
 311      56656374 
 311      6F72
 312 0386 38380000 		.ascii	"88\000\000\001\000\000\000\000\000\000\000\000\000s"
 312      01000000 
 312      00000000 
 312      000073
 313 0395 01000056 		.ascii	"\001\000\000Vector8C\000\000\001\000\000\000\000\000"
 313      6563746F 
 313      72384300 
 313      00010000 
ARM GAS  /tmp/cccOURs7.s 			page 25


 313      000000
 314 03a8 00000000 		.ascii	"\000\000\000\000y\001\000\000Vector90\000\000\001\000"
 314      79010000 
 314      56656374 
 314      6F723930 
 314      00000100 
 315 03bc 00000000 		.ascii	"\000\000\000\000\000\000\000\000\177\001\000\000Vec"
 315      00000000 
 315      7F010000 
 315      566563
 316 03cb 746F7239 		.ascii	"tor94\000\000\001\000\000\000\000\000\000\000\000\000"
 316      34000001 
 316      00000000 
 316      00000000 
 316      00
 317 03dc 85010000 		.ascii	"\205\001\000\000Vector98\000\000\001\000\000\000\000"
 317      56656374 
 317      6F723938 
 317      00000100 
 317      000000
 318 03ef 00000000 		.ascii	"\000\000\000\000\000\213\001\000\000"
 318      008B0100 
 318      00
 319 03f8 56656374 		.ascii	"Vector9C\000\000\001\000\000\000\000\000\000\000\000"
 319      6F723943 
 319      00000100 
 319      00000000 
 319      000000
 320 040b 00910100 		.ascii	"\000\221\001\000\000VectorA0\000\000\001\000\000\000"
 320      00566563 
 320      746F7241 
 320      30000001 
 320      000000
 321 041e 00000000 		.ascii	"\000\000\000\000\000\000\227\001\000\000VectorA4\000"
 321      00009701 
 321      00005665 
 321      63746F72 
 321      413400
 322 0431 00010000 		.ascii	"\000\001\000\000\000\000\000\000\000\000\000\235\001"
 322      00000000 
 322      0000009D 
 322      01
 323 043e 00005665 		.ascii	"\000\000VectorA8\000\000\001\000\000\000\000\000\000"
 323      63746F72 
 323      41380000 
 323      01000000 
 323      000000
 324 0451 000000A3 		.ascii	"\000\000\000\243\001\000\000VectorAC\000\000\001\000"
 324      01000056 
 324      6563746F 
 324      72414300 
 324      000100
 325 0464 00000000 		.ascii	"\000\000\000\000\000\000\000\000\251\001\000\000Vec"
 325      00000000 
 325      A9010000 
 325      566563
 326 0473 746F7242 		.ascii	"torB0\000\000\001\000\000\000\000\000\000\000\000\000"
ARM GAS  /tmp/cccOURs7.s 			page 26


 326      30000001 
 326      00000000 
 326      00000000 
 326      00
 327 0484 AF010000 		.ascii	"\257\001\000\000VectorB4\000\000\001\000\000\000\000"
 327      56656374 
 327      6F724234 
 327      00000100 
 327      000000
 328 0497 00000000 		.ascii	"\000\000\000\000\000\265\001\000\000VectorB8\000\000"
 328      00B50100 
 328      00566563 
 328      746F7242 
 328      380000
 329 04aa 01000000 		.ascii	"\001\000\000\000\000\000\000\000\000\000\273\001\000"
 329      00000000 
 329      0000BB01 
 329      00
 330 04b7 00566563 		.ascii	"\000VectorBC\000\000\001\000\000\000\000\000\000\000"
 330      746F7242 
 330      43000001 
 330      00000000 
 330      000000
 331 04ca 0000C101 		.ascii	"\000\000\301\001\000\000VectorC0\000\000\001\000\000"
 331      00005665 
 331      63746F72 
 331      43300000 
 331      010000
 332 04dd 00000000 		.ascii	"\000\000\000\000\000\000\000\307\001\000\000VectorC"
 332      000000C7 
 332      01000056 
 332      6563746F 
 332      7243
 333 04ef 34000001 		.ascii	"4\000\000\001\000\000\000\000\000\000\000\000\000\315"
 333      00000000 
 333      00000000 
 333      00CD
 334 04fd 01000056 		.ascii	"\001\000\000VectorC8\000\000\001\000\000\000\000\000"
 334      6563746F 
 334      72433800 
 334      00010000 
 334      000000
 335 0510 00000000 		.ascii	"\000\000\000\000\323\001\000\000VectorCC\000\000\001"
 335      D3010000 
 335      56656374 
 335      6F724343 
 335      000001
 336 0523 00000000 		.ascii	"\000\000\000\000\000\000\000\000\000\331\001\000\000"
 336      00000000 
 336      00D90100 
 336      00
 337 0530 56656374 		.ascii	"VectorD0\000\000\001\000\000\000\000\000\000\000\000"
 337      6F724430 
 337      00000100 
 337      00000000 
 337      000000
 338 0543 00DF0100 		.ascii	"\000\337\001\000\000VectorD4\000\000\001\000\000\000"
ARM GAS  /tmp/cccOURs7.s 			page 27


 338      00566563 
 338      746F7244 
 338      34000001 
 338      000000
 339 0556 00000000 		.ascii	"\000\000\000\000\000\000\345\001\000\000VectorD8\000"
 339      0000E501 
 339      00005665 
 339      63746F72 
 339      443800
 340 0569 00010000 		.ascii	"\000\001\000\000\000\000\000\000\000\000\000\353\001"
 340      00000000 
 340      000000EB 
 340      01
 341 0576 00005665 		.ascii	"\000\000VectorDC\000\000\001\000\000\000\000\000\000"
 341      63746F72 
 341      44430000 
 341      01000000 
 341      000000
 342 0589 000000F1 		.ascii	"\000\000\000\361\001\000\000VectorE0\000\000\001\000"
 342      01000056 
 342      6563746F 
 342      72453000 
 342      000100
 343 059c 00000000 		.ascii	"\000\000\000\000\000\000\000\000\367\001\000\000Vec"
 343      00000000 
 343      F7010000 
 343      566563
 344 05ab 746F7245 		.ascii	"torE4\000\000\001\000\000\000\000\000\000\000\000\000"
 344      34000001 
 344      00000000 
 344      00000000 
 344      00
 345 05bc FD010000 		.ascii	"\375\001\000\000VectorE8\000\000\001\000\000\000\000"
 345      56656374 
 345      6F724538 
 345      00000100 
 345      000000
 346 05cf 00000000 		.ascii	"\000\000\000\000\000\003\002\000\000VectorEC\000\000"
 346      00030200 
 346      00566563 
 346      746F7245 
 346      430000
 347 05e2 01000000 		.ascii	"\001\000\000\000\000\000\000\000\000\000\011\002\000"
 347      00000000 
 347      00000902 
 347      00
 348 05ef 00566563 		.ascii	"\000VectorF0\000\000\001\000\000\000\000\000\000\000"
 348      746F7246 
 348      30000001 
 348      00000000 
 348      000000
 349 0602 00000F02 		.ascii	"\000\000\017\002\000\000VectorF4\000\000\001\000\000"
 349      00005665 
 349      63746F72 
 349      46340000 
 349      010000
 350 0615 00000000 		.ascii	"\000\000\000\000\000\000\000\025\002\000\000VectorF"
ARM GAS  /tmp/cccOURs7.s 			page 28


 350      00000015 
 350      02000056 
 350      6563746F 
 350      7246
 351 0627 38000001 		.ascii	"8\000\000\001\000\000\000\000\000\000\000\000\000\033"
 351      00000000 
 351      00000000 
 351      001B
 352 0635 02000056 		.ascii	"\002\000\000VectorFC\000\000\001\000\000\000\000\000"
 352      6563746F 
 352      72464300 
 352      00010000 
 352      000000
 353 0648 00000000 		.ascii	"\000\000\000\000!\002\000\000Vector100\000\000\001\000"
 353      21020000 
 353      56656374 
 353      6F723130 
 353      30000001 
 354 065d 00000000 		.ascii	"\000\000\000\000\000\000\000\000'\002\000\000Vector"
 354      00000000 
 354      27020000 
 354      56656374 
 354      6F72
 355 066f 31303400 		.ascii	"104\000\000\001\000\000\000\000\000\000\000\000\000"
 355      00010000 
 355      00000000 
 355      000000
 356 067e 2D020000 		.ascii	"-\002\000\000Vector108\000\000\001\000\000\000\000\000"
 356      56656374 
 356      6F723130 
 356      38000001 
 356      00000000 
 357 0693 00000000 		.ascii	"\000\000\000\0003\002\000\000Vector10C\000\000\001\000"
 357      33020000 
 357      56656374 
 357      6F723130 
 357      43000001 
 358 06a8 00000000 		.ascii	"\000\000\000\000\000\000\000\0009\002\000\000Vector"
 358      00000000 
 358      39020000 
 358      56656374 
 358      6F72
 359 06ba 31313000 		.ascii	"110\000\000\001\000\000\000\000\000\000\000\000\000"
 359      00010000 
 359      00000000 
 359      000000
 360 06c9 3F020000 		.ascii	"?\002\000\000Vector114\000\000\001\000\000\000\000\000"
 360      56656374 
 360      6F723131 
 360      34000001 
 360      00000000 
 361 06de 00000000 		.ascii	"\000\000\000\000E\002\000\000Vector118\000\000\001\000"
 361      45020000 
 361      56656374 
 361      6F723131 
 361      38000001 
 362 06f3 00000000 		.ascii	"\000\000\000\000\000\000\000\000K\002\000\000Vector"
ARM GAS  /tmp/cccOURs7.s 			page 29


 362      00000000 
 362      4B020000 
 362      56656374 
 362      6F72
 363 0705 31314300 		.ascii	"11C\000\000\001\000\000\000\000\000\000\000\000\000"
 363      00010000 
 363      00000000 
 363      000000
 364 0714 51020000 		.ascii	"Q\002\000\000Vector120\000\000\001\000\000\000\000\000"
 364      56656374 
 364      6F723132 
 364      30000001 
 364      00000000 
 365 0729 00000000 		.ascii	"\000\000\000\000W\002\000\000Vector124\000\000\001\000"
 365      57020000 
 365      56656374 
 365      6F723132 
 365      34000001 
 366 073e 00000000 		.ascii	"\000\000\000\000\000\000\000\000]\002\000\000Vector"
 366      00000000 
 366      5D020000 
 366      56656374 
 366      6F72
 367 0750 31323800 		.ascii	"128\000\000\001\000\000\000\000\000\000\000\000\000"
 367      00010000 
 367      00000000 
 367      000000
 368 075f 63020000 		.ascii	"c\002\000\000Vector12C\000\000\001\000\000\000\000\000"
 368      56656374 
 368      6F723132 
 368      43000001 
 368      00000000 
 369 0774 00000000 		.ascii	"\000\000\000\000i\002\000\000Vector130\000\000\001\000"
 369      69020000 
 369      56656374 
 369      6F723133 
 369      30000001 
 370 0789 00000000 		.ascii	"\000\000\000\000\000\000\000\000o\002\000\000Vector"
 370      00000000 
 370      6F020000 
 370      56656374 
 370      6F72
 371 079b 31333400 		.ascii	"134\000\000\001\000\000\000\000\000\000\000\000\000"
 371      00010000 
 371      00000000 
 371      000000
 372 07aa 75020000 		.ascii	"u\002\000\000Vector138\000\000\001\000\000\000\000\000"
 372      56656374 
 372      6F723133 
 372      38000001 
 372      00000000 
 373 07bf 00000000 		.ascii	"\000\000\000\000{\002\000\000Vector13C\000\000\001\000"
 373      7B020000 
 373      56656374 
 373      6F723133 
 373      43000001 
 374 07d4 00000000 		.ascii	"\000\000\000\000\000\000\000\000\201\002\000\000_ve"
ARM GAS  /tmp/cccOURs7.s 			page 30


 374      00000000 
 374      81020000 
 374      5F7665
 375 07e3 63746F72 		.ascii	"ctors\000\000\000\000\000\000\000\000\000\000\000\000"
 375      73000000 
 375      00000000 
 375      00000000 
 375      00
 376 07f4 87020000 		.ascii	"\207\002\000\000__main_stack_end__\000\000\002\000\000"
 376      5F5F6D61 
 376      696E5F73 
 376      7461636B 
 376      5F656E64 
 377 080f 00000000 		.ascii	"\000\000\000\000\000\000\000\307\002\000\000"
 377      000000C7 
 377      020000
 378              		.text
 379              		.section	.gnu.lto_.opts,"",%progbits
 380 0000 272D6D63 		.ascii	"'-mcpu=cortex-m3' '-mno-thumb-interwork' '-mthumb' "
 380      70753D63 
 380      6F727465 
 380      782D6D33 
 380      2720272D 
 381 0033 272D4F32 		.ascii	"'-O2' '-fomit-frame-pointer' '-falign-functions=16'"
 381      2720272D 
 381      666F6D69 
 381      742D6672 
 381      616D652D 
 382 0066 20272D66 		.ascii	" '-ffunction-sections' '-fdata-sections' '-fno-comm"
 382      66756E63 
 382      74696F6E 
 382      2D736563 
 382      74696F6E 
 383 0099 6F6E2720 		.ascii	"on' '-flto'\000"
 383      272D666C 
 383      746F2700 
 384              		.text
 385              		.section	.text._unhandled_exception,"ax",%progbits
 386              		.align	2
 387              		.p2align 4,,15
 388              		.global	_unhandled_exception
 389              		.thumb
 390              		.thumb_func
 391              		.type	_unhandled_exception, %function
 392              	_unhandled_exception:
 393              		@ Volatile: function does not return.
 394              		@ args = 0, pretend = 0, frame = 0
 395              		@ frame_needed = 0, uses_anonymous_args = 0
 396              		@ link register save eliminated.
 397              	.L2:
 398 0000 FEE7     		b	.L2
 399              		.size	_unhandled_exception, .-_unhandled_exception
 400              		.weak	Reset_Handler
 401              		.thumb_set Reset_Handler,_unhandled_exception
 402              		.weak	NMI_Handler
 403              		.thumb_set NMI_Handler,_unhandled_exception
 404              		.weak	HardFault_Handler
ARM GAS  /tmp/cccOURs7.s 			page 31


 405              		.thumb_set HardFault_Handler,_unhandled_exception
 406              		.weak	MemManage_Handler
 407              		.thumb_set MemManage_Handler,_unhandled_exception
 408              		.weak	BusFault_Handler
 409              		.thumb_set BusFault_Handler,_unhandled_exception
 410              		.weak	UsageFault_Handler
 411              		.thumb_set UsageFault_Handler,_unhandled_exception
 412              		.weak	Vector1C
 413              		.thumb_set Vector1C,_unhandled_exception
 414              		.weak	Vector20
 415              		.thumb_set Vector20,_unhandled_exception
 416              		.weak	Vector24
 417              		.thumb_set Vector24,_unhandled_exception
 418              		.weak	Vector28
 419              		.thumb_set Vector28,_unhandled_exception
 420              		.weak	SVC_Handler
 421              		.thumb_set SVC_Handler,_unhandled_exception
 422              		.weak	DebugMon_Handler
 423              		.thumb_set DebugMon_Handler,_unhandled_exception
 424              		.weak	Vector34
 425              		.thumb_set Vector34,_unhandled_exception
 426              		.weak	PendSV_Handler
 427              		.thumb_set PendSV_Handler,_unhandled_exception
 428              		.weak	SysTick_Handler
 429              		.thumb_set SysTick_Handler,_unhandled_exception
 430              		.weak	Vector40
 431              		.thumb_set Vector40,_unhandled_exception
 432              		.weak	Vector44
 433              		.thumb_set Vector44,_unhandled_exception
 434              		.weak	Vector48
 435              		.thumb_set Vector48,_unhandled_exception
 436              		.weak	Vector4C
 437              		.thumb_set Vector4C,_unhandled_exception
 438              		.weak	Vector50
 439              		.thumb_set Vector50,_unhandled_exception
 440              		.weak	Vector54
 441              		.thumb_set Vector54,_unhandled_exception
 442              		.weak	Vector58
 443              		.thumb_set Vector58,_unhandled_exception
 444              		.weak	Vector5C
 445              		.thumb_set Vector5C,_unhandled_exception
 446              		.weak	Vector60
 447              		.thumb_set Vector60,_unhandled_exception
 448              		.weak	Vector64
 449              		.thumb_set Vector64,_unhandled_exception
 450              		.weak	Vector68
 451              		.thumb_set Vector68,_unhandled_exception
 452              		.weak	Vector6C
 453              		.thumb_set Vector6C,_unhandled_exception
 454              		.weak	Vector70
 455              		.thumb_set Vector70,_unhandled_exception
 456              		.weak	Vector74
 457              		.thumb_set Vector74,_unhandled_exception
 458              		.weak	Vector78
 459              		.thumb_set Vector78,_unhandled_exception
 460              		.weak	Vector7C
 461              		.thumb_set Vector7C,_unhandled_exception
ARM GAS  /tmp/cccOURs7.s 			page 32


 462              		.weak	Vector80
 463              		.thumb_set Vector80,_unhandled_exception
 464              		.weak	Vector84
 465              		.thumb_set Vector84,_unhandled_exception
 466              		.weak	Vector88
 467              		.thumb_set Vector88,_unhandled_exception
 468              		.weak	Vector8C
 469              		.thumb_set Vector8C,_unhandled_exception
 470              		.weak	Vector90
 471              		.thumb_set Vector90,_unhandled_exception
 472              		.weak	Vector94
 473              		.thumb_set Vector94,_unhandled_exception
 474              		.weak	Vector98
 475              		.thumb_set Vector98,_unhandled_exception
 476              		.weak	Vector9C
 477              		.thumb_set Vector9C,_unhandled_exception
 478              		.weak	VectorA0
 479              		.thumb_set VectorA0,_unhandled_exception
 480              		.weak	VectorA4
 481              		.thumb_set VectorA4,_unhandled_exception
 482              		.weak	VectorA8
 483              		.thumb_set VectorA8,_unhandled_exception
 484              		.weak	VectorAC
 485              		.thumb_set VectorAC,_unhandled_exception
 486              		.weak	VectorB0
 487              		.thumb_set VectorB0,_unhandled_exception
 488              		.weak	VectorB4
 489              		.thumb_set VectorB4,_unhandled_exception
 490              		.weak	VectorB8
 491              		.thumb_set VectorB8,_unhandled_exception
 492              		.weak	VectorBC
 493              		.thumb_set VectorBC,_unhandled_exception
 494              		.weak	VectorC0
 495              		.thumb_set VectorC0,_unhandled_exception
 496              		.weak	VectorC4
 497              		.thumb_set VectorC4,_unhandled_exception
 498              		.weak	VectorC8
 499              		.thumb_set VectorC8,_unhandled_exception
 500              		.weak	VectorCC
 501              		.thumb_set VectorCC,_unhandled_exception
 502              		.weak	VectorD0
 503              		.thumb_set VectorD0,_unhandled_exception
 504              		.weak	VectorD4
 505              		.thumb_set VectorD4,_unhandled_exception
 506              		.weak	VectorD8
 507              		.thumb_set VectorD8,_unhandled_exception
 508              		.weak	VectorDC
 509              		.thumb_set VectorDC,_unhandled_exception
 510              		.weak	VectorE0
 511              		.thumb_set VectorE0,_unhandled_exception
 512              		.weak	VectorE4
 513              		.thumb_set VectorE4,_unhandled_exception
 514              		.weak	VectorE8
 515              		.thumb_set VectorE8,_unhandled_exception
 516              		.weak	VectorEC
 517              		.thumb_set VectorEC,_unhandled_exception
 518              		.weak	VectorF0
ARM GAS  /tmp/cccOURs7.s 			page 33


 519              		.thumb_set VectorF0,_unhandled_exception
 520              		.weak	VectorF4
 521              		.thumb_set VectorF4,_unhandled_exception
 522              		.weak	VectorF8
 523              		.thumb_set VectorF8,_unhandled_exception
 524              		.weak	VectorFC
 525              		.thumb_set VectorFC,_unhandled_exception
 526              		.weak	Vector100
 527              		.thumb_set Vector100,_unhandled_exception
 528              		.weak	Vector104
 529              		.thumb_set Vector104,_unhandled_exception
 530              		.weak	Vector108
 531              		.thumb_set Vector108,_unhandled_exception
 532              		.weak	Vector10C
 533              		.thumb_set Vector10C,_unhandled_exception
 534              		.weak	Vector110
 535              		.thumb_set Vector110,_unhandled_exception
 536              		.weak	Vector114
 537              		.thumb_set Vector114,_unhandled_exception
 538              		.weak	Vector118
 539              		.thumb_set Vector118,_unhandled_exception
 540              		.weak	Vector11C
 541              		.thumb_set Vector11C,_unhandled_exception
 542              		.weak	Vector120
 543              		.thumb_set Vector120,_unhandled_exception
 544              		.weak	Vector124
 545              		.thumb_set Vector124,_unhandled_exception
 546              		.weak	Vector128
 547              		.thumb_set Vector128,_unhandled_exception
 548              		.weak	Vector12C
 549              		.thumb_set Vector12C,_unhandled_exception
 550              		.weak	Vector130
 551              		.thumb_set Vector130,_unhandled_exception
 552              		.weak	Vector134
 553              		.thumb_set Vector134,_unhandled_exception
 554              		.weak	Vector138
 555              		.thumb_set Vector138,_unhandled_exception
 556              		.weak	Vector13C
 557              		.thumb_set Vector13C,_unhandled_exception
 558              		.global	_vectors
 559 0002 00BFAFF3 		.section	vectors,"aw",%progbits
 559      0080AFF3 
 559      0080AFF3 
 559      0080
 560              		.align	2
 561              		.type	_vectors, %object
 562              		.size	_vectors, 320
 563              	_vectors:
 564 0000 00000000 		.word	__main_stack_end__
 565 0004 00000000 		.word	Reset_Handler
 566 0008 00000000 		.word	NMI_Handler
 567 000c 00000000 		.word	HardFault_Handler
 568 0010 00000000 		.word	MemManage_Handler
 569 0014 00000000 		.word	BusFault_Handler
 570 0018 00000000 		.word	UsageFault_Handler
 571 001c 00000000 		.word	Vector1C
 572 0020 00000000 		.word	Vector20
ARM GAS  /tmp/cccOURs7.s 			page 34


 573 0024 00000000 		.word	Vector24
 574 0028 00000000 		.word	Vector28
 575 002c 00000000 		.word	SVC_Handler
 576 0030 00000000 		.word	DebugMon_Handler
 577 0034 00000000 		.word	Vector34
 578 0038 00000000 		.word	PendSV_Handler
 579 003c 00000000 		.word	SysTick_Handler
 580 0040 00000000 		.word	Vector40
 581 0044 00000000 		.word	Vector44
 582 0048 00000000 		.word	Vector48
 583 004c 00000000 		.word	Vector4C
 584 0050 00000000 		.word	Vector50
 585 0054 00000000 		.word	Vector54
 586 0058 00000000 		.word	Vector58
 587 005c 00000000 		.word	Vector5C
 588 0060 00000000 		.word	Vector60
 589 0064 00000000 		.word	Vector64
 590 0068 00000000 		.word	Vector68
 591 006c 00000000 		.word	Vector6C
 592 0070 00000000 		.word	Vector70
 593 0074 00000000 		.word	Vector74
 594 0078 00000000 		.word	Vector78
 595 007c 00000000 		.word	Vector7C
 596 0080 00000000 		.word	Vector80
 597 0084 00000000 		.word	Vector84
 598 0088 00000000 		.word	Vector88
 599 008c 00000000 		.word	Vector8C
 600 0090 00000000 		.word	Vector90
 601 0094 00000000 		.word	Vector94
 602 0098 00000000 		.word	Vector98
 603 009c 00000000 		.word	Vector9C
 604 00a0 00000000 		.word	VectorA0
 605 00a4 00000000 		.word	VectorA4
 606 00a8 00000000 		.word	VectorA8
 607 00ac 00000000 		.word	VectorAC
 608 00b0 00000000 		.word	VectorB0
 609 00b4 00000000 		.word	VectorB4
 610 00b8 00000000 		.word	VectorB8
 611 00bc 00000000 		.word	VectorBC
 612 00c0 00000000 		.word	VectorC0
 613 00c4 00000000 		.word	VectorC4
 614 00c8 00000000 		.word	VectorC8
 615 00cc 00000000 		.word	VectorCC
 616 00d0 00000000 		.word	VectorD0
 617 00d4 00000000 		.word	VectorD4
 618 00d8 00000000 		.word	VectorD8
 619 00dc 00000000 		.word	VectorDC
 620 00e0 00000000 		.word	VectorE0
 621 00e4 00000000 		.word	VectorE4
 622 00e8 00000000 		.word	VectorE8
 623 00ec 00000000 		.word	VectorEC
 624 00f0 00000000 		.word	VectorF0
 625 00f4 00000000 		.word	VectorF4
 626 00f8 00000000 		.word	VectorF8
 627 00fc 00000000 		.word	VectorFC
 628 0100 00000000 		.word	Vector100
 629 0104 00000000 		.word	Vector104
ARM GAS  /tmp/cccOURs7.s 			page 35


 630 0108 00000000 		.word	Vector108
 631 010c 00000000 		.word	Vector10C
 632 0110 00000000 		.word	Vector110
 633 0114 00000000 		.word	Vector114
 634 0118 00000000 		.word	Vector118
 635 011c 00000000 		.word	Vector11C
 636 0120 00000000 		.word	Vector120
 637 0124 00000000 		.word	Vector124
 638 0128 00000000 		.word	Vector128
 639 012c 00000000 		.word	Vector12C
 640 0130 00000000 		.word	Vector130
 641 0134 00000000 		.word	Vector134
 642 0138 00000000 		.word	Vector138
 643 013c 00000000 		.word	Vector13C
 644              		.comm	__gnu_lto_v1,1,1
 645              		.ident	"GCC: (GNU Tools for ARM Embedded Processors) 4.8.4 20140526 (release) [ARM/embedded-4_8-br
ARM GAS  /tmp/cccOURs7.s 			page 36


DEFINED SYMBOLS
                            *ABS*:0000000000000000 vectors.c
     /tmp/cccOURs7.s:386    .text._unhandled_exception:0000000000000000 $t
     /tmp/cccOURs7.s:392    .text._unhandled_exception:0000000000000000 _unhandled_exception
     /tmp/cccOURs7.s:392    .text._unhandled_exception:0000000000000000 Reset_Handler
     /tmp/cccOURs7.s:392    .text._unhandled_exception:0000000000000000 NMI_Handler
     /tmp/cccOURs7.s:392    .text._unhandled_exception:0000000000000000 HardFault_Handler
     /tmp/cccOURs7.s:392    .text._unhandled_exception:0000000000000000 MemManage_Handler
     /tmp/cccOURs7.s:392    .text._unhandled_exception:0000000000000000 BusFault_Handler
     /tmp/cccOURs7.s:392    .text._unhandled_exception:0000000000000000 UsageFault_Handler
     /tmp/cccOURs7.s:392    .text._unhandled_exception:0000000000000000 Vector1C
     /tmp/cccOURs7.s:392    .text._unhandled_exception:0000000000000000 Vector20
     /tmp/cccOURs7.s:392    .text._unhandled_exception:0000000000000000 Vector24
     /tmp/cccOURs7.s:392    .text._unhandled_exception:0000000000000000 Vector28
     /tmp/cccOURs7.s:392    .text._unhandled_exception:0000000000000000 SVC_Handler
     /tmp/cccOURs7.s:392    .text._unhandled_exception:0000000000000000 DebugMon_Handler
     /tmp/cccOURs7.s:392    .text._unhandled_exception:0000000000000000 Vector34
     /tmp/cccOURs7.s:392    .text._unhandled_exception:0000000000000000 PendSV_Handler
     /tmp/cccOURs7.s:392    .text._unhandled_exception:0000000000000000 SysTick_Handler
     /tmp/cccOURs7.s:392    .text._unhandled_exception:0000000000000000 Vector40
     /tmp/cccOURs7.s:392    .text._unhandled_exception:0000000000000000 Vector44
     /tmp/cccOURs7.s:392    .text._unhandled_exception:0000000000000000 Vector48
     /tmp/cccOURs7.s:392    .text._unhandled_exception:0000000000000000 Vector4C
     /tmp/cccOURs7.s:392    .text._unhandled_exception:0000000000000000 Vector50
     /tmp/cccOURs7.s:392    .text._unhandled_exception:0000000000000000 Vector54
     /tmp/cccOURs7.s:392    .text._unhandled_exception:0000000000000000 Vector58
     /tmp/cccOURs7.s:392    .text._unhandled_exception:0000000000000000 Vector5C
     /tmp/cccOURs7.s:392    .text._unhandled_exception:0000000000000000 Vector60
     /tmp/cccOURs7.s:392    .text._unhandled_exception:0000000000000000 Vector64
     /tmp/cccOURs7.s:392    .text._unhandled_exception:0000000000000000 Vector68
     /tmp/cccOURs7.s:392    .text._unhandled_exception:0000000000000000 Vector6C
     /tmp/cccOURs7.s:392    .text._unhandled_exception:0000000000000000 Vector70
     /tmp/cccOURs7.s:392    .text._unhandled_exception:0000000000000000 Vector74
     /tmp/cccOURs7.s:392    .text._unhandled_exception:0000000000000000 Vector78
     /tmp/cccOURs7.s:392    .text._unhandled_exception:0000000000000000 Vector7C
     /tmp/cccOURs7.s:392    .text._unhandled_exception:0000000000000000 Vector80
     /tmp/cccOURs7.s:392    .text._unhandled_exception:0000000000000000 Vector84
     /tmp/cccOURs7.s:392    .text._unhandled_exception:0000000000000000 Vector88
     /tmp/cccOURs7.s:392    .text._unhandled_exception:0000000000000000 Vector8C
     /tmp/cccOURs7.s:392    .text._unhandled_exception:0000000000000000 Vector90
     /tmp/cccOURs7.s:392    .text._unhandled_exception:0000000000000000 Vector94
     /tmp/cccOURs7.s:392    .text._unhandled_exception:0000000000000000 Vector98
     /tmp/cccOURs7.s:392    .text._unhandled_exception:0000000000000000 Vector9C
     /tmp/cccOURs7.s:392    .text._unhandled_exception:0000000000000000 VectorA0
     /tmp/cccOURs7.s:392    .text._unhandled_exception:0000000000000000 VectorA4
     /tmp/cccOURs7.s:392    .text._unhandled_exception:0000000000000000 VectorA8
     /tmp/cccOURs7.s:392    .text._unhandled_exception:0000000000000000 VectorAC
     /tmp/cccOURs7.s:392    .text._unhandled_exception:0000000000000000 VectorB0
     /tmp/cccOURs7.s:392    .text._unhandled_exception:0000000000000000 VectorB4
     /tmp/cccOURs7.s:392    .text._unhandled_exception:0000000000000000 VectorB8
     /tmp/cccOURs7.s:392    .text._unhandled_exception:0000000000000000 VectorBC
     /tmp/cccOURs7.s:392    .text._unhandled_exception:0000000000000000 VectorC0
     /tmp/cccOURs7.s:392    .text._unhandled_exception:0000000000000000 VectorC4
     /tmp/cccOURs7.s:392    .text._unhandled_exception:0000000000000000 VectorC8
     /tmp/cccOURs7.s:392    .text._unhandled_exception:0000000000000000 VectorCC
     /tmp/cccOURs7.s:392    .text._unhandled_exception:0000000000000000 VectorD0
     /tmp/cccOURs7.s:392    .text._unhandled_exception:0000000000000000 VectorD4
ARM GAS  /tmp/cccOURs7.s 			page 37


     /tmp/cccOURs7.s:392    .text._unhandled_exception:0000000000000000 VectorD8
     /tmp/cccOURs7.s:392    .text._unhandled_exception:0000000000000000 VectorDC
     /tmp/cccOURs7.s:392    .text._unhandled_exception:0000000000000000 VectorE0
     /tmp/cccOURs7.s:392    .text._unhandled_exception:0000000000000000 VectorE4
     /tmp/cccOURs7.s:392    .text._unhandled_exception:0000000000000000 VectorE8
     /tmp/cccOURs7.s:392    .text._unhandled_exception:0000000000000000 VectorEC
     /tmp/cccOURs7.s:392    .text._unhandled_exception:0000000000000000 VectorF0
     /tmp/cccOURs7.s:392    .text._unhandled_exception:0000000000000000 VectorF4
     /tmp/cccOURs7.s:392    .text._unhandled_exception:0000000000000000 VectorF8
     /tmp/cccOURs7.s:392    .text._unhandled_exception:0000000000000000 VectorFC
     /tmp/cccOURs7.s:392    .text._unhandled_exception:0000000000000000 Vector100
     /tmp/cccOURs7.s:392    .text._unhandled_exception:0000000000000000 Vector104
     /tmp/cccOURs7.s:392    .text._unhandled_exception:0000000000000000 Vector108
     /tmp/cccOURs7.s:392    .text._unhandled_exception:0000000000000000 Vector10C
     /tmp/cccOURs7.s:392    .text._unhandled_exception:0000000000000000 Vector110
     /tmp/cccOURs7.s:392    .text._unhandled_exception:0000000000000000 Vector114
     /tmp/cccOURs7.s:392    .text._unhandled_exception:0000000000000000 Vector118
     /tmp/cccOURs7.s:392    .text._unhandled_exception:0000000000000000 Vector11C
     /tmp/cccOURs7.s:392    .text._unhandled_exception:0000000000000000 Vector120
     /tmp/cccOURs7.s:392    .text._unhandled_exception:0000000000000000 Vector124
     /tmp/cccOURs7.s:392    .text._unhandled_exception:0000000000000000 Vector128
     /tmp/cccOURs7.s:392    .text._unhandled_exception:0000000000000000 Vector12C
     /tmp/cccOURs7.s:392    .text._unhandled_exception:0000000000000000 Vector130
     /tmp/cccOURs7.s:392    .text._unhandled_exception:0000000000000000 Vector134
     /tmp/cccOURs7.s:392    .text._unhandled_exception:0000000000000000 Vector138
     /tmp/cccOURs7.s:392    .text._unhandled_exception:0000000000000000 Vector13C
     /tmp/cccOURs7.s:563    vectors:0000000000000000 _vectors
     /tmp/cccOURs7.s:560    vectors:0000000000000000 $d
                            *COM*:0000000000000001 __gnu_lto_v1

UNDEFINED SYMBOLS
__main_stack_end__
