ARM GAS  /tmp/ccdQNcL2.s 			page 1


   1              		.syntax unified
   2              		.cpu cortex-m4
   3              		.eabi_attribute 27, 3
   4              		.eabi_attribute 28, 1
   5              		.fpu fpv4-sp-d16
   6              		.eabi_attribute 20, 1
   7              		.eabi_attribute 21, 1
   8              		.eabi_attribute 23, 3
   9              		.eabi_attribute 24, 1
  10              		.eabi_attribute 25, 1
  11              		.eabi_attribute 26, 1
  12              		.eabi_attribute 30, 2
  13              		.eabi_attribute 34, 1
  14              		.eabi_attribute 18, 4
  15              		.thumb
  16              		.file	"chcore_v7m.c"
  17              		.section	.gnu.lto_.jmpfuncs.fcc73a8183879424,"",%progbits
  18 0000 789C6362 		.ascii	"x\234cb`b\300\006\270\24043\030\263\000I\000\001\302"
  18      6062C006 
  18      B8A03433 
  18      18B30049 
  18      0001C2
  19 0013 0019     		.ascii	"\000\031"
  20              		.text
  21              		.section	.gnu.lto_.inline.fcc73a8183879424,"",%progbits
  22 0000 789C6362 		.ascii	"x\234cb`b\300\006\334\24143\003\203\220$#\003\223\324"
  22      6062C006 
  22      DCA13433 
  22      03839024 
  22      230393D4 
  23 0014 81DD8C0C 		.ascii	"\201\335\214\014l\013\344\301\252\231\270\3012<\334"
  23      6C0BE4C1 
  23      AA99B8C1 
  23      323CDC
  24 0023 4009A10B 		.ascii	"@\011\241\013=\010\011\026\006.\220\030\317\234H\270"
  24      3D080916 
  24      062E9018 
  24      CF9C48B8 
  25 0033 10231788 		.ascii	"\020#\027\210\004\000$\326\007)"
  25      040024D6 
  25      0729
  26              		.text
  27              		.section	.gnu.lto_.pureconst.fcc73a8183879424,"",%progbits
  28 0000 789C6362 		.ascii	"x\234cb`b`g\200\000f\006+f+\026+\000\002\367\000\304"
  28      60626067 
  28      80006606 
  28      2B662B16 
  28      2B0002F7 
  29              		.text
  30              		.section	.gnu.lto__port_irq_epilogue.part.0.fcc73a8183879424,"",%progbits
  31 0000 789CB553 		.ascii	"x\234\265SMHTQ\024>\347\3759N\376m\205\020\021\302 "
  31      4D485451 
  31      143EE7FD 
  31      394EFE6D 
  31      851011C2 
  32 0015 F1252E5C 		.ascii	"\361%.\\\011\206Q\264\230\215\243Q\253\030\237\223>"
  32      098651B4 
ARM GAS  /tmp/ccdQNcL2.s 			page 2


  32      988DA351 
  32      AB189F93 
  32      3E
  33 0026 52679819 		.ascii	"Rg\230\031Ei\341\035\337,D\215\206AC\255\300\351\307"
  33      4569E11D 
  33      DF2C448D 
  33      864143AD 
  33      C0E9C7
  34 0039 42A32430 		.ascii	"B\243$0\204\026\215\205\246\220\206\273\210(w-\214\312"
  34      84168D85 
  34      A69086BB 
  34      8828772D 
  34      8CCA
  35 004b 9524D174 		.ascii	"\225$\321t\356{o\236\243\2134\250;\314=\367\236s\276"
  35      EE7B6F9E 
  35      A38B34A8 
  35      3BCC3DF7 
  35      9E73BE
  36 005e EFFCDCF3 		.ascii	"\357\374\334\363\004\020`\377:M\377\2632\300\033\222"
  36      041060FF 
  36      3A4DFFB3 
  36      32C01B92 
  37 006e 9803A8C4 		.ascii	"\230\003\250\304\327\350\240\240`JA\020\007\312\201"
  37      D7E8A0A0 
  37      604A4110 
  37      07CA81
  38 007d B925BEE7 		.ascii	"\271%\276\347\211(sm\324%e\0162\"?\000B\237\"\210\222"
  38      8928736D 
  38      D425650E 
  38      32223F00 
  38      429F2288 
  39 0092 8C7D1791 		.ascii	"\214}\027\221\263*e\220d,\261\261\370lS\030g\251X\222"
  39      B32A6590 
  39      642CB1B1 
  39      F86C5318 
  39      67A95892 
  40 00a6 FD4CA711 		.ascii	"\375L\247\021u\244\014\352\0214\204\013t\301RS\010\322"
  40      75A40CEA 
  40      1134840B 
  40      74C15253 
  40      08D2
  41 00b8 DE944CEC 		.ascii	"\336\224L\354\304\306\334\322\266o|$\025\233t\260p\030"
  41      C4C6DCD2 
  41      B66F7C24 
  41      159B74B0 
  41      7018
  42 00ca 2005FD3C 		.ascii	" \005\375<|\224\007\335\005\372\360\016\012\3777jj\373"
  42      7C9407DD 
  42      05FAF00E 
  42      0AFF376A 
  42      6AFB
  43 00dc F5AD6236 		.ascii	"\365\255b6\331\037g\277\010\247\243(\300\000\036\252"
  43      D91F67BF 
  43      08A7A328 
  43      C0001EAA 
  44 00ec D2446A7D 		.ascii	"\322Dj}\360z\361\340.T\022\340\332\201\320'\002\333"
  44      F07AF1E0 
ARM GAS  /tmp/ccdQNcL2.s 			page 3


  44      2E5412E0 
  44      DA81D027 
  44      02DB
  45 00fe 48A77F3C 		.ascii	"H\247\177<\315-\342\345\335\3032\352\254\017\223$E\222"
  45      CD2DE2E5 
  45      DDC332EA 
  45      AC0F9324 
  45      4592
  46 0110 5324255B 		.ascii	"S$%[\312@\224\012mr\016i\036\222\306E\027\2058d\210"
  46      CA40940A 
  46      6D720E69 
  46      1E92C645 
  46      17853864 
  47 0125 31162F35 		.ascii	"1\026/5\013\244\325H;\177\315F2\222\024\233\250g\\\256"
  47      0BA4D548 
  47      3B7FCD46 
  47      3292149B 
  47      A8675CAE 
  48 0139 416A2B31 		.ascii	"Aj+1\267\204\266\273\025\315A[A\200\250\247\311cw\215"
  48      B784B6BB 
  48      15CD415B 
  48      4180A8A7 
  48      C963778D 
  49 014d 10DB1A44 		.ascii	"\020\333\032D\223\323\325>\234\341\026\272\337@\221"
  49      93D3D53E 
  49      9CE116BA 
  49      DF4091
  50 015c 8FA068CD 		.ascii	"\217\240h\315a\011L\341m6V\247\323\334\321jE3\013\002"
  50      61094CE1 
  50      6D3656A7 
  50      D3DCD16A 
  50      45330B02 
  51 0170 A5923319 		.ascii	"\245\2223\031P\026\321\207|'b\322\216\370\310v!\217"
  51      5016D187 
  51      7C2762D2 
  51      8EF8C876 
  51      218F
  52 0182 E93F535B 		.ascii	"\351?S[\203\277\012\375\233\2576\207\207\026\025\013"
  52      83BF0AFD 
  52      9BAF3687 
  52      8716150B 
  53 0192 DB8AA269 		.ascii	"\333\212\242iZ\005c\310x1R\234\321Jd0\233>\226N\247"
  53      5A0563C8 
  53      7831529C 
  53      D14A6430 
  53      9B3E964E 
  54 01a7 0B2DE0FC 		.ascii	"\013-\340\374\273\251\005\301r8\001\323\214V\265\216"
  54      BBA905C1 
  54      723801D3 
  54      8C56B58E 
  55 01b7 AE9B3011 		.ascii	"\256\2330\021e\254H\307\\\033\"f \320l\225c\276\236"
  55      65AC48C7 
  55      5C1B2266 
  55      20D06C95 
  55      63BE9E
  56 01ca 4CEE2E93 		.ascii	"L\356.\223\347\345\373\261\007\013R&\220\314\251b\344"
  56      E7E5FBB1 
ARM GAS  /tmp/ccdQNcL2.s 			page 4


  56      070B5226 
  56      90CCA962 
  56      E4
  57 01db E0E64471 		.ascii	"\340\346DqNt\204\373\347\315~4X\201\011\315\003\213"
  57      4E7484FB 
  57      E7CD7E34 
  57      588109CD 
  57      038B
  58 01ed CC66336B 		.ascii	"\314f3k0\036c\206Ai\345= \345\312\254\373\357\262\263"
  58      301E6386 
  58      4169E53D 
  58      20E5CAAC 
  58      FBEFB2B3 
  59 0201 5AD2CA27 		.ascii	"Z\322\312'\201\340_\215\273\243%\031\322\034j\001oz"
  59      81E05F8D 
  59      BBA32519 
  59      D21C6A01 
  59      6F7A
  60 0213 FF56E253 		.ascii	"\377V\342S\2763%N\277\221~\363\373\372\275d\367;\337"
  60      BE33254E 
  60      BF917EF3 
  60      FBFABD64 
  60      F73BDF
  61 0226 22E56D77 		.ascii	"\"\345mwl+\331o\001\360\026\214\357\023\306\314\272"
  61      6C2BD96F 
  61      01F0168C 
  61      EF13C6CC 
  61      BA
  62 0237 D305D755 		.ascii	"\323\005\327U\330a\003<\317\002\315\256SG\312r\031b"
  62      D861033C 
  62      CF02CDAE 
  62      5347CA72 
  62      1962
  63 0249 5FA2558E 		.ascii	"_\242U\216\027/@\311\376\006\232(\207\201r\221\262\337"
  63      172F40C9 
  63      FE069A28 
  63      87817291 
  63      B2DF
  64 025b 319E8F1E 		.ascii	"1\236\217\036\337S~\315A\345\213&\205\025\231\365\352"
  64      DF537ECD 
  64      41E58B26 
  64      851599F5 
  64      EA
  65 026c 58A4A190 		.ascii	"X\244\241\220\305,9\314\337\376\001\263\230\305,\233"
  65      C52C39CC 
  65      DFFE01B3 
  65      98C52C9B 
  66 027c 1FD53A44 		.ascii	"\037\325:D7\226\357\343\356\014[_ r#\317\243Nm\013t"
  66      3796EFE3 
  66      EE0C5B5F 
  66      207223CF 
  66      A34E6D0B 
  67 0291 F8552DD0 		.ascii	"\370U-\320\322\253\266\370\273U\255Mo\326\003a5\022"
  67      D2ABB6F8 
  67      BB55AD4D 
  67      6FD60361 
  67      3512
ARM GAS  /tmp/ccdQNcL2.s 			page 5


  68 02a3 EAEABCA2 		.ascii	"\352\352\274\242\322\301\337\023Q\353=\336s^U\357\324"
  68      D2C1DF13 
  68      51EB3DDE 
  68      735E55EF 
  68      D4
  69 02b4 DABB5AB8 		.ascii	"\332\273Z\270o\310\177I\3538\323\325\251U\266\201\022"
  69      6FC87F49 
  69      EB38D3D5 
  69      A955B681 
  69      12
  70 02c5 F287BBDA 		.ascii	"\362\207\273\332#\265\007\361\204\"j0\020\212\204\325"
  70      23B507F1 
  70      84226A30 
  70      108A84D5 
  71 02d5 530D9E7A 		.ascii	"S\015\236zO\0179\230<\3355\035\225\032HZ\244'\250\360"
  71      4F0F3998 
  71      3CDD351D 
  71      951A485A 
  71      A427A8F0 
  72 02e9 ADB20AA1 		.ascii	"\255\262\012\241\360\274\247\301[z\354dE\351\345`X\013"
  72      F0BCA7C1 
  72      5B7AEC64 
  72      45E9E560 
  72      580B
  73 02fb 81581B82 		.ascii	"\201X\033\202\374\214*\030\016\272\351\346m\340\247"
  73      FC8C2A18 
  73      0EBAE9E6 
  73      6DE0A7
  74 030a 0A52B941 		.ascii	"\012R\271A \227p\020~\003%1\207\250"
  74      20977010 
  74      7E032531 
  74      87A8
  75              		.text
  76              		.section	.gnu.lto_SVC_Handler.fcc73a8183879424,"",%progbits
  77 0000 789C9592 		.ascii	"x\234\225\222Kh\023Q\024\206\317\271\223\227)\321\272"
  77      4B681351 
  77      1486CFB9 
  77      939729D1 
  77      BA
  78 0011 148B8682 		.ascii	"\024\213\206\202+K\246\256\\\025\"\005\245\213l\022"
  78      2B4BA6AE 
  78      5C152205 
  78      A58B6C12 
  79 0021 055D4932 		.ascii	"\005]I2\031\222\301\346\301LR\322Ug:\301\215\025B\350"
  79      1992C1E6 
  79      C14C52D2 
  79      55673AC1 
  79      8D1542E8 
  80 0035 C24705D3 		.ascii	"\302G\005\323\242B\027\352B)R\224P\021\237-\210\340"
  80      A24217EA 
  80      42295294 
  80      50119F2D 
  80      88E0
  81 0047 C285A46E 		.ascii	"\302\205\244n\\\210\232\356\004\213\343\271s\223X\213"
  81      5C889AEE 
  81      048BE3B9 
  81      7393588B 
ARM GAS  /tmp/ccdQNcL2.s 			page 6


  82 0057 58BD21F3 		.ascii	"X\275!\363\317\334\377\234\377~s\3472`\260}\354\243"
  82      CFDCFF9C 
  82      FF7E73E7 
  82      3260B07D 
  82      ECA3
  83 0069 FF8004F0 		.ascii	"\377\200\004\360\206\024%@V[\003\260\002\014\221\337"
  83      86142540 
  83      565B03B0 
  83      020C91DF 
  84 0079 00C214C3 		.ascii	"\000\302\024\303\2513\310K\245Ah\230f\275\365\344c\013"
  84      A933C84B 
  84      A5416898 
  84      66BDF5E4 
  84      630B
  85 008b 2FCF36AB 		.ascii	"/\3176\253\327\315M\307A\324\220b\243\010\012\302iz"
  85      D7CD4DC7 
  85      41D49062 
  85      A3080AC2 
  85      697A
  86 009d C0B02BCC 		.ascii	"\300\260+\314\363\373:\242\267\351<|\216f\335\264\332"
  86      F3FB3AA2 
  86      B7E93C7C 
  86      8E66DDB4 
  86      DA
  87 00ae 8EB34743 		.ascii	"\216\263GC\211\301\211\177kl=8\377\371-\326m\363Y\255"
  87      89C1897F 
  87      6B6C3D38 
  87      FFF92DD6 
  87      6DF359AD 
  88 00c2 DAA4550F 		.ascii	"\332\244U\017j\350ap\021w\352\276\303\232-\307\271\275"
  88      6AE86170 
  88      1177EABE 
  88      C39A2DC7 
  88      B9BD
  89 00d4 B9BEBE88 		.ascii	"\271\276\276\210{C\014\010V\342\027\037$q\001\007\301"
  89      7B430C08 
  89      56E2171F 
  89      24710107 
  89      C1
  90 00e5 DFD10069 		.ascii	"\337\321\000i\203\264\217\364\006)\015/TM\263\026\026"
  90      83B48FF4 
  90      06290D2F 
  90      544DB316 
  90      16
  91 00f6 3EF07568 		.ascii	">\360uh\234\244+\337\230S\310\270J\253\260\362\356\333"
  91      9CA42BDF 
  91      9853C8B8 
  91      4AABB0F2 
  91      EEDB
  92 0108 873626F1 		.ascii	"\2076&\361\026z!\203\3540,\232U\253_C\357U\270B@>N\345"
  92      167A2183 
  92      EC302C9A 
  92      55AB5F43 
  92      EF55B842 
  93 0120 BFFBDE36 		.ascii	"\277\373\3366w\273\200~\027+\205]\300U\260\227\245n"
  93      77BB807E 
  93      172B855D 
ARM GAS  /tmp/ccdQNcL2.s 			page 7


  93      C055B097 
  93      A56E
  94 0132 B74401BC 		.ascii	"\267D\001\274\010~8\264?\256\2732&\314\377\313\245("
  94      087E38B4 
  94      3FAEBB32 
  94      26CCFFCB 
  94      A528
  95 0144 8035B036 		.ascii	"\2005\2606\346\354\245\375\275\027\021/&\362\300\375"
  95      E6ECA5FD 
  95      BD17112F 
  95      26F2C0FD 
  96 0154 B8304B85 		.ascii	"\2700K\205t($q2\016\300<^3/E5\014\210\224\276\016\343"
  96      74282471 
  96      320EC03C 
  96      5E332F45 
  96      350C8894 
  97 016b F4A7C72F 		.ascii	"\364\247\307/\237Z=N\237\353\020\372\005\373\353\214"
  97      9F5A3D4E 
  97      9FEB10FA 
  97      05FBEB8C 
  98 017b BF3BEBCF 		.ascii	"\277;\353\317\010*\226\025=_\354\3573\003]3\220\341"
  98      082A9615 
  98      3D5FECEF 
  98      33035D33 
  98      90E1
  99 018d 886B30BD 		.ascii	"\210k0\2751\267\360\250\213\264\005\006\351ws\033\314"
  99      31B7F0A8 
  99      8BB40506 
  99      E977731B 
  99      CC
 100 019e BD0ECC2E 		.ascii	"\275\016\314.\001\303\231z\336\322VP7\270\361\342\310"
 100      01C3997A 
 100      DED25650 
 100      37B8F1E2 
 100      C8
 101 01af 9F6397FF 		.ascii	"\237c\227\377\026\313\201\305\231\351\371\257:~PD\277"
 101      16CB81C5 
 101      99E9F9AF 
 101      3A7E5044 
 101      BF
 102 01c0 06AB3D7F 		.ascii	"\006\253=\177\337\363k\333\3049@\376\375y\307\210\234"
 102      DFF36BDB 
 102      C43940FE 
 102      FD79C788 
 102      9C
 103 01d1 2DE45459 		.ascii	"-\344TY)\244'\345\264:!+Y-\245\025\014\271\244\227\363"
 103      29A427E5 
 103      B43A212B 
 103      592DA515 
 103      0CB9A497 
 104 01e6 E764BAD1 		.ascii	"\347d\272\321Kr\261\240\227\014\371X<6\032\253P\201"
 104      4B72B1A0 
 104      970CF958 
 104      3C361AAB 
 104      5081
 105 01f8 52D0D5B3 		.ascii	"R\320\325\263\023Gs\021\005|J\251R\214\014{\270DwJR"
 105      13477311 
ARM GAS  /tmp/ccdQNcL2.s 			page 8


 105      057C4AA9 
 105      528C0C7B 
 105      B844774A 
 106 020d 2B257934 		.ascii	"+%y4\226\030K\310Z^\031/\247y-%)\271\343\345\274\022"
 106      96184BC8 
 106      5A5E192F 
 106      A7792D25 
 106      29B9E3E5 
 107 0223 C9824F57 		.ascii	"\311\202OW\215\362x)\024\213'\302\207\206\207\302E\243"
 107      8DF27829 
 107      148B27C2 
 107      878687C2 
 107      45A3
 108 0235 18046944 		.ascii	"\030\004iD\207P,\021\347OC4\035\004\246\203d\024\241"
 108      87502C11 
 108      E74F4334 
 108      1D04A683 
 108      6414A1
 109 0248 9F4FA692 		.ascii	"\237O\246\222\206Z\3245n\200?\247\346\012\372$\374\004"
 109      865AD435 
 109      6E803FA7 
 109      E60AFA24 
 109      FC04
 110 025a 0409F4C2 		.ascii	"\004\011\364\302"
 111              		.text
 112              		.section	.gnu.lto__port_irq_epilogue.fcc73a8183879424,"",%progbits
 113 0000 789C8D50 		.ascii	"x\234\215P=H\034A\024\376\336\314\356y\004\225+\202"
 113      3D481C41 
 113      14FEDECC 
 113      EE790495 
 113      2B82
 114 0012 4D40AE49 		.ascii	"M@\256I\225\340\330]!\202\"\004R\\\343)\304*\334\315"
 114      95E0D85D 
 114      21822204 
 114      525CE329 
 114      C42ADCCD 
 115 0026 2DDEA27B 		.ascii	"-\336\242{+{w\242\244p\326\273\302\"\240\010\201\220"
 115      2B7B77A2 
 115      A470D6BB 
 115      C222A008 
 115      8190
 116 0038 1F821008 		.ascii	"\037\202\020\010HH m\256\010I\2214\032\004\033%\004"
 116      4848206D 
 116      AE084991 
 116      341A041B 
 116      2504
 117 004a 4B8B1449 		.ascii	"K\213\024I\233Fgf\263\307\021\213\344\301\316{3\337"
 117      9B466766 
 117      B3C7118B 
 117      E4C1CE7B 
 117      33DF
 118 005c F7BE7DDF 		.ascii	"\367\276}\337c`\370;&\364wD\3003\235)\003b;\207@\234"
 118      6360F83B 
 118      26F47744 
 118      C0339D29 
 118      03623B87 
 119 0072 658C1F8F 		.ascii	"e\214\037\217@]s\272\005\250AN\256y&'\311q\326%2\005"
ARM GAS  /tmp/ccdQNcL2.s 			page 9


 119      405D73BA 
 119      05A8414E 
 119      AE792627 
 119      C971D625 
 120 0088 081B8C3B 		.ascii	"\010\033\214;.m,\220U{\313>\234]\\\274\371\376\371E"
 120      2E6D2C90 
 120      557BCB3E 
 120      9C5D5CBC 
 120      F9FEF945 
 121 009c 975EB321 		.ascii	"\227^\263!\016\237\340\230C\207\213\216R;y@\332\353"
 121      0E9FE098 
 121      43878B8E 
 121      523B7940 
 121      DAEB
 122 00ae 9C3E8DC6 		.ascii	"\234>\215\306<1\223\371!6\177m}z\367\220\367xe\332#"
 122      3C3193F9 
 122      21367F6D 
 122      7D7AF790 
 122      F77865DA 
 123 00c3 17F62F84 		.ascii	"\027\366/\204\230\270\231\236'\026F\261K\317\325\343"
 123      98B8999E 
 123      271646B1 
 123      4BCFD5E3 
 124 00d3 299FACD6 		.ascii	")\237\254\326=\362\211\345M\325\303\037\375\301yb\363"
 124      3DF289E5 
 124      4DD5C31F 
 124      FDC17962 
 124      F3
 125 00e4 001F4FBF 		.ascii	"\000\037O\277\235o\337H4\027\211\337\302\276\352\350"
 125      9D6FDF48 
 125      341789DF 
 125      C2BEEAE8 
 126 00f4 36E7299E 		.ascii	"6\347)\236\350\344\032\211\214:m\253a\253\226\261]\025"
 126      E8E41A89 
 126      8C3A6DAB 
 126      61AB96B1 
 126      5D15
 127 0106 4AD77480 		.ascii	"J\327t\200\366\373\366>\245\355\216V04\250\234\006\277"
 127      F6FBF63E 
 127      A5ED8E56 
 127      3034A89C 
 127      06BF
 128 0118 A0F3231E 		.ascii	"\240\363#\036\352a\026\350\217y=\305\361\010\377\212"
 128      EA6116E8 
 128      8F793DC5 
 128      F108FF8A 
 129 0128 7636F5F4 		.ascii	"v6\365\364\000\277\325\226\312\3714 \023\013zI\331\224"
 129      00BFD596 
 129      CAF93420 
 129      130B7A49 
 129      D994
 130 013a EDA05BF8 		.ascii	"\355\240[\370\317}\224\351\245.\254\177\364\371/\323"
 130      CF7D94E9 
 130      A52EAC7F 
 130      F4F92FD3 
 131 014a 2B1AED1F 		.ascii	"+\032\355\037\300\265;>B\374s\363\344\372U\3054\346"
 131      C0B53B3E 
ARM GAS  /tmp/ccdQNcL2.s 			page 10


 131      42FC73F3 
 131      E4FA55C5 
 131      34E6
 132 015c F4309A68 		.ascii	"\3640\232h4&E-\014<!\303\352\272\250z\253B\326\374\212"
 132      3426452D 
 132      0C3C21C3 
 132      EABAA87A 
 132      AB42D6FC 
 133 0171 1F364433 		.ascii	"\0376D3j\325\227\204.\242\246X\011\243fCL\317\026g\212"
 133      6AD59784 
 133      2EA2A658 
 133      09A36643 
 133      4CCF1667 
 134 0186 6B9A20C3 		.ascii	"k\232 \303\310\273\277Z\010\306$\246\376\325\355\255"
 134      C8BBBF5A 
 134      08C624A6 
 134      FED5EDAD 
 135 0196 35C54CB1 		.ascii	"5\305L\261t\267$\374\272\\nU\015Ww\313\340N\253.\307"
 135      74B724FC 
 135      BA5C6E55 
 135      0D5777CB 
 135      E04EAB2E 
 136 01ab 6AC8154B 		.ascii	"j\310\025K\263\371J\271\341\255D\376\355\374\315q\260"
 136      B3F94AB9 
 136      E1AD44FE 
 136      EDFCCD71 
 136      B0
 137 01bc 08038117 		.ascii	"\010\003\201\027\204\321:.\001}\236\232\213"
 137      84D13A2E 
 137      017D9E9A 
 137      8B
 138              		.text
 139              		.section	.gnu.lto_.symbol_nodes.fcc73a8183879424,"",%progbits
 140 0000 789C45CA 		.ascii	"x\234E\312;\021\2000\024D\321\335\227D\007\035\332p"
 140      3B118030 
 140      1444D1DD 
 140      9744071D 
 140      DA70
 141 0012 B1010A52 		.ascii	"\261\001\012Rb\000z\314 \202_\003\"(\310\220\333\235"
 141      62007ACC 
 141      20825F03 
 141      2228C890 
 141      DB9D
 142 0024 996B3034 		.ascii	"\231k04\310\331M\001\343\012HS\"O\212\037cK^\224\375"
 142      C8D94D01 
 142      E30A4853 
 142      224F8A1F 
 142      634B5E94 
 143 0039 B28D7279 		.ascii	"\262\215ry\235\023m\247|!\017*\3447\322!\240\037\236"
 143      9D136DA7 
 143      7C210F2A 
 143      E437D221 
 143      A01F9E
 144 004c CA79A05B 		.ascii	"\312y\240[j\274\300\217\037}"
 144      6ABCC08F 
 144      1F7D
 145              		.text
ARM GAS  /tmp/ccdQNcL2.s 			page 11


 146              		.section	.gnu.lto_.refs.fcc73a8183879424,"",%progbits
 147 0000 789C6362 		.ascii	"x\234cb`b`g\200\000&\006&F&&\006\000\000\352\000\025"
 147      60626067 
 147      80002606 
 147      26462626 
 147      060000EA 
 148              		.text
 149              		.section	.gnu.lto_.decls.fcc73a8183879424,"",%progbits
 150 0000 789CAD98 		.ascii	"x\234\255\230_p\023\307\035\307wW\262\261j\217\003\244"
 150      5F7013C7 
 150      1DC77757 
 150      B2B16A8F 
 150      03A4
 151 0012 507829CA 		.ascii	"Px)\312L\323\351\244\023d\003i\340\241\301F\306\265"
 151      4CD3E9A4 
 151      13640369 
 151      E0A1C146 
 151      C6B5
 152 0024 1FDC78A4 		.ascii	"\037\334x\244@\023^\304E\022\221\246\266e\356dJ\336"
 152      40135EC4 
 152      451291A6 
 152      B665EE64 
 152      4ADE
 153 0036 CE987F49 		.ascii	"\316\230\177Ii*\214\003&! \010$`'\224\177\001J\201*"
 153      692A8C03 
 153      26212008 
 153      24602794 
 153      7F014A81 
 154 004b B409505A 		.ascii	"\264\011PZ\010\004p\352a\210&3\235\274\344\2012\014"
 154      080470EA 
 154      61882633 
 154      9DBCE481 
 154      320C
 155 005d 4309E0FE 		.ascii	"C\011\340\376vu'\355\236o\355\273\2647\363\373i%\355"
 155      767527ED 
 155      9E6FEDBB 
 155      B437F3FB 
 155      6925ED
 156 0070 7EF6FBFB 		.ascii	"~\366\373\373\335\336\336\357\216 \202b\030\241\021"
 156      DDDEDEEF 
 156      8E208262 
 156      18A111
 157 007f 38F23F44 		.ascii	"8\362?D\250\325\203\220\027!\364\034*\035\345`;\301"
 157      A8D58390 
 157      1721F41C 
 157      2A1DE560 
 157      3BC1
 158 0091 DE03DB07 		.ascii	"\336\003\333\0076\010\266\037\354 \032}\320~\223\300"
 158      3608B61F 
 158      EC201A7D 
 158      D07E93C0 
 159 00a1 8E815583 		.ascii	"\216\201U\203U\201\235\002\233\0006\037\3540\330=\260"
 159      55819D02 
 159      9B00361F 
 159      EC30D83D 
 159      B0
 160 00b2 3360A7C1 		.ascii	"3`\247\301\036\202=\002\233\014\032\036\007\233\002"
ARM GAS  /tmp/ccdQNcL2.s 			page 12


 160      1E823D02 
 160      9B0C1A1E 
 160      079B02
 161 00c1 7608BE4F 		.ascii	"v\010\276O\305\005\035W\300*\241}\007>?C\205\337v\032"
 161      C5051D57 
 161      C02AA17D 
 161      073E3F43 
 161      85DF761A 
 162 00d5 739B7AAC 		.ascii	"s\233z\254\007\325Wi\314\311k8f\231\217\352\240s\376"
 162      07D55769 
 162      CCC96B38 
 162      66998FEA 
 162      A073FE
 163 00e8 000CD3FE 		.ascii	"\000\014\323\376\306\347\240\015\223\306\3533\230t\014"
 163      C6E7A00D 
 163      93C6EB33 
 163      98740C
 164 00f7 65D17194 		.ascii	"e\321q\2247\035>_\002[\002\266\013\025\030~p\304\030"
 164      371D3E5F 
 164      025B02B6 
 164      0B15187E 
 164      70C418
 165 010a B7D38637 		.ascii	"\267\323\2067\003m\327s\371\374\277\276=0}}vUndd>\232"
 165      036DD773 
 165      F9FCBFBE 
 165      3D307D7D 
 165      76556E64 
 166 0121 8ADED4E1 		.ascii	"\212\336\324\341\310\256\325u\234V\360sS\320\213X\301"
 166      C8AED575 
 166      9C56F073 
 166      53D08B58 
 166      C1
 167 0132 D53EE467 		.ascii	"\325>\344g\215*\037\013\036!\005\357\302S\215\326\""
 167      8D2A1F0B 
 167      1E2105EF 
 167      C2538DD6 
 167      22
 168 0143 4F014750 		.ascii	"O\001GP\035FO\241}0>\243\353gfb\233)\021\3721\332\303"
 168      1D464FA1 
 168      7D303EA3 
 168      EB676662 
 168      9B2911FA 
 169 015a FEDFAB7B 		.ascii	"\376\337\253{\030\237\022v\342\031|\027\005\277\213"
 169      189F1276 
 169      E2197C17 
 169      05BF8B
 170 0169 8955683E 		.ascii	"\211Uh>\223\337t\366\2335xcO\366\234~kd\3441\027Z\337"
 170      93DF74F6 
 170      9B357863 
 170      4FF69C7E 
 170      6B64E431 
 171 0180 B7D1BA03 		.ascii	"\267\321\272\003c\370\276\033?\205\304\251\367\332M"
 171      63F8BE1B 
 171      3F85C4A9 
 171      F7DA4D
 172 018f 9D3B32B4 		.ascii	"\235;2\264A\307\231\356\374\310\310\214\002\216\240"
 172      41C799EE 
ARM GAS  /tmp/ccdQNcL2.s 			page 13


 172      FCC8C88C 
 172      028EA0
 173 019e 8F248081 		.ascii	"\217$\200\201\321\200l>\377\311\216\013X\357\325\037"
 173      D1806C3E 
 173      FFC98E0B 
 173      58EFD51F 
 174 01ae 8C8C7890 		.ascii	"\214\214x\220I8?\212\300\222\243\213\311\031\264&\347"
 174      49383F8A 
 174      C092A38B 
 174      C919B426 
 174      E7
 175 01bf 03BB0972 		.ascii	"\003\273\011r7\317V1};\352L\3745G\370\375V\374\037l"
 175      37CF5631 
 175      7D3BEA4C 
 175      FC3547F8 
 175      FD56FC1F 
 176 01d4 737FF0F7 		.ascii	"s\177\360\367\227\326\312r_\201\326\351\372*=\277F\357"
 176      97D6CA72 
 176      5F81D6E9 
 176      FA2A3DBF 
 176      46EF
 177 01e6 C6CB9179 		.ascii	"\306\313\221y\026*\314\263@\327\301\223hwaY\020\005"
 177      162ACCB3 
 177      40D7C193 
 177      68776159 
 177      1005
 178 01f8 1FC615A0 		.ascii	"\037\306\025\240\356\035b\277>P\241\003=\350\370B\333"
 178      EE1D62BF 
 178      3E50A103 
 178      3DE8F842 
 178      DB
 179 0209 6C61243D 		.ascii	"la$=\307\207l\316\361\273\304\376\024\035\025C\364\241"
 179      C7876CCE 
 179      F1BBC4FE 
 179      141D1543 
 179      F4A1
 180 021b F5543F04 		.ascii	"\365T?\004\323t\256\332~\006\246?\223\377v\323'\037"
 180      D374AEDA 
 180      7E06A63F 
 180      93FF76D3 
 180      271F
 181 022d E35510B3 		.ascii	"\343U\020\263\202\217a\037\314\360\225e\006\347\250"
 181      828F611F 
 181      CCF09565 
 181      06E7A8
 182 023c 635B4ECE 		.ascii	"c[N\316\323\365\012\005\237`\240\254G\004)x\202O\024"
 182      D3F50A05 
 182      9F60A0AC 
 182      47042978 
 182      824F14
 183 024f 0DDFCD0E 		.ascii	"\015\337\315\016\224\306\3766\032t\343|\014\271\355"
 183      94C6FE36 
 183      1A74E37C 
 183      0CB9ED
 184 025e 5E895E2F 		.ascii	"^\211^/i\235\2146\322\023\352\347T\347\312M\331\011"
 184      699D8C36 
 184      D213EAE7 
ARM GAS  /tmp/ccdQNcL2.s 			page 14


 184      54E7CA4D 
 184      D909
 185 0270 96CD4126 		.ascii	"\226\315A&\3614\236l\200\013\3474\277i\335P\017\356"
 185      F1349E6C 
 185      800BE734 
 185      BF69DD50 
 185      0FEE
 186 0282 6639A1FF 		.ascii	"f9\241\377!\233\214\033\307\023(\013\023\346\276\274"
 186      219B8C1B 
 186      C713280B 
 186      13E6BEBC 
 187 0292 D8375DCF 		.ascii	"\3307]\317\236\301\302\374\322\353\327H\327\227o\237"
 187      9EC1C2FC 
 187      D2EBD748 
 187      D7976F9F 
 188 02a2 BD6DCC42 		.ascii	"\275m\314BG\022\364\357Q\011\233_)f\000\276s\035\010"
 188      4712F4EF 
 188      51099B5F 
 188      296600BE 
 188      731D08
 189 02b5 BA5FD46F 		.ascii	"\272_\324o7\217\321D\305\225W\355\023uC\24076\341\336"
 189      378FD144 
 189      C59557ED 
 189      137543A0 
 189      3736E1DE 
 190 02c9 1EFD5C8D 		.ascii	"\036\375\\\215\251\341\241k\242_\310\304\355\213U\031"
 190      A9E1A16B 
 190      A25FC8C4 
 190      ED8B5519 
 191 02d9 C584E95E 		.ascii	"\305\204\351^\007\260\012\251\274\334\035\036\326\343"
 191      07B00AA9 
 191      BCDC1D1E 
 191      D6E3
 192 02e7 1A262ABB 		.ascii	"\032&*\273\313\303\326:\201M\224+\273\307\303^w\015"
 192      CBC3D63A 
 192      814D942B 
 192      BBC7C35E 
 192      770D
 193 02f9 1395DDE7 		.ascii	"\023\225\335\347a\033\235\300\246\311\225=\340a}\256"
 193      611B9DC0 
 193      A6C9953D 
 193      E0617DAE 
 194 0309 61A2B2CC 		.ascii	"a\242\262\314%\016\266\325\011\314/W\326\313\303\266"
 194      250EB6D5 
 194      09CC2F57 
 194      D6CBC3B6 
 195 0319 B98689CA 		.ascii	"\271\206\211\312\372x\330\016'\260\237\310\225m\346"
 195      FA78D80E 
 195      27B09FC8 
 195      956DE6
 196 0328 61BB5CC3 		.ascii	"a\273\\\303De\375<l\217\023X\215\\\331[<l\257k\230\250"
 196      4465FD3C 
 196      6C8F1358 
 196      8D5CD95B 
 196      3C6CAF6B 
 197 033e 6C1B0F1B 		.ascii	"l\033\017\033t\002\233+W\266\235\207\355w\015\023\225"
 197      74029B2B 
ARM GAS  /tmp/ccdQNcL2.s 			page 15


 197      57B69D87 
 197      ED770D13 
 197      95
 198 034f 1DE06107 		.ascii	"\035\340a\007\235\300\352\344\312\016\361\260#\256a"
 198      9DC0EAE4 
 198      CA0EF1B0 
 198      23AE61
 199 035e A2B2233C 		.ascii	"\242\262#<\354\230\023X\223\\\331Q\036\366'\3270Q\331"
 199      EC981358 
 199      935CD951 
 199      1EF627D7 
 199      3051D9
 200 0371 711EF667 		.ascii	"q\036\366g'\260V\271\262\023<\354/\256a\242\262\223"
 200      27B056B9 
 200      B2133CEC 
 200      2FAE61A2 
 200      B293
 201 0383 3CECAC13 		.ascii	"<\354\254\023\330\213re\247y\330\005\3270Q\331g<\354"
 201      D88B7265 
 201      A779D805 
 201      D73051D9 
 201      673CEC
 202 0396 9213D852 		.ascii	"\222\023\330R\271\262+<\354\232k\230\037\211\207\254"
 202      B9B22B3C 
 202      EC9A6B98 
 202      1F8987AC 
 203 03a6 0A3C858B 		.ascii	"\012<\205\213E\300$\224a\025M\177\265Q\224\345\367\350"
 203      45C02494 
 203      61154D7F 
 203      B55194E5 
 203      F7E8
 204 03b8 D3A68D5F 		.ascii	"\323\246\215_\236\376\207\325c7\275\322\362\224v05\024"
 204      9EFE87D5 
 204      6337BDD2 
 204      F2947630 
 204      3514
 205 03ca DA666BA4 		.ascii	"\332fk\244T\237N3\361\036c\324=<\211\265\230\030\275"
 205      549F4E33 
 205      F11E63D4 
 205      3D3C89B5 
 205      9818BD
 206 03dd 58F5D053 		.ascii	"X\365\320S \211\345\0017O\225\257\3240kWF\352\031\263"
 206      2089E501 
 206      374F95AF 
 206      D4306B57 
 206      46EA19B3 
 207 03f1 D654F071 		.ascii	"\326T\360q\374\244\243b\320\256\376\303\374M\317\250"
 207      FCA4A362 
 207      D0AEFEC3 
 207      FC4DCFA8 
 208 0401 C3B67C7D 		.ascii	"\303\266|}k\000\037\322\365\211\012~\004\347\217\240"
 208      6B001FD2 
 208      F5890A7E 
 208      04E78FA0 
 209 0411 9D65621D 		.ascii	"\235eb\0356.\210\252\352&b\021\231;5p\036\263j\230\376"
 209      362E88AA 
 209      EA266211 
ARM GAS  /tmp/ccdQNcL2.s 			page 16


 209      993B3570 
 209      1EB36A98 
 210 0426 335E09A9 		.ascii	"3^\011\251\347.\017\234'[\365\334j\217q\222\263\345"
 210      E72E0F9C 
 210      275BF5DC 
 210      6A8F7192 
 210      B3E5
 211 0438 3497B424 		.ascii	"4\227\264$\227%s5q\233\3765\304>\375\346A\320\000\013"
 211      97257335 
 211      719BFE35 
 211      C43EFDE6 
 211      41D0000B 
 212 044c 9D2A765A 		.ascii	"\235*vZ\376qQ\254\356\311]\241A\367V)\370![rG\\\343"
 212      FE7151AC 
 212      EEC95DA1 
 212      41F75629 
 212      F8215B72 
 213 0463 FC02EEAA 		.ascii	"\374\002\356\252\210;\341\004'\253'\001w]\304\345\\"
 213      883BE104 
 213      27AB2701 
 213      775DC4E5 
 213      5C
 214 0474 E338757D 		.ascii	"\3438u}=\271/\012\270\342\242\315\375\037\026-l\230"
 214      3DB92F0A 
 214      B8E2A2CD 
 214      FD1F162D 
 214      6C98
 215 0486 4E54C94A 		.ascii	"NT\311JSP5l\006\371\006\241A\376\3035\316o\267J\321"
 215      5350356C 
 215      06F906A1 
 215      41FEC335 
 215      CE6FB74A 
 216 049b A865AEE0 		.ascii	"\250e\256\340U\204\306\324C\236\000\277\216\371\327"
 216      5584C6D4 
 216      439E00BF 
 216      8EF9D7
 217 04aa 98FF2DF3 		.ascii	"\230\377-\363\277c>\003\276xX\036\217\036IvK:O/\261"
 217      BF633E03 
 217      BE78581E 
 217      8F1E4976 
 217      4B3A4F2F 
 218 04bf EE7AD9BA 		.ascii	"\356z\331\272\376\352\302\236d\214\231(\356\036\012"
 218      FEEAC29E 
 218      648C9928 
 218      EE1E0A
 219 04ce DEE4FA82 		.ascii	"\336\344\372\202\350\223\\\020\330^0} \227\241\336,"
 219      E8935C10 
 219      D85E307D 
 219      2097A1DE 
 219      2C
 220 04df 09B68C7A 		.ascii	"\011\266\214z\177\214Q\233G\205\351\267D9\327\0342\301"
 220      7F8C519B 
 220      4785E9B7 
 220      4439D71C 
 220      32C1
 221 04f1 18B2C575 		.ascii	"\030\262\305u\224\375\222(\313\215\231m\366\267|\361"
 221      94FD9228 
ARM GAS  /tmp/ccdQNcL2.s 			page 17


 221      CB8D996D 
 221      F6B77CF1 
 222 0501 5EB2A178 		.ascii	"^\262\241x3\311\344v\014c\277\202\267\022\272I~>\376"
 222      33C9E476 
 222      0C63BF82 
 222      B712BA49 
 222      7E3EFE
 223 0514 26698150 		.ascii	"&i\201P)\333\254\273\344\345\241*\335[\370}\234=\022"
 223      29DBACBB 
 223      E4E5A12A 
 223      DD5BF87D 
 223      9C3D12
 224 0527 96F6B5A1 		.ascii	"\226\366\265\241\302c\266\271\266o0\015\333\276\363"
 224      C263B6B9 
 224      B66F300D 
 224      DBBEF3
 225 0536 6E757D88 		.ascii	"nu}\210\335\301\013\273\301W\256a~\001\366\005\017\373"
 225      DDC10BBB 
 225      C157AE61 
 225      7E01F605 
 225      0FFB
 226 0548 DA096C8C 		.ascii	"\332\011l\214\235j\230\207}\343\032&*\273\301\303n;"
 226      9D6A9887 
 226      7DE31A26 
 226      2ABBC1C3 
 226      6E3B
 227 055a 81C9B617 		.ascii	"\201\311\266\027\200\335\344aw]\303xe\335\271[\277:"
 227      80DDE461 
 227      775DC378 
 227      65DDB95B 
 227      BF3A
 228 056c B0D452D4 		.ascii	"\260\324R\324\364\260\242\246\277\264\212FW5\364\245"
 228      F4B0A2A6 
 228      BFB48A46 
 228      5735F4A5 
 229 057c D5873F85 		.ascii	"\325\207?\205{+W\005\311\006(\370C\266Kaq\347-\3268"
 229      7B2B5705 
 229      C90628F8 
 229      43B64B61 
 229      71E72DD6 
 230 0591 468943D0 		.ascii	"F\211C\320}\313zv\300.\276\366\332>\227\335\350\017"
 230      7DCB7A76 
 230      C02EBEF6 
 230      DA3E97DD 
 230      E80F
 231 05a3 B045B9AA 		.ascii	"\260E\271\252\334\372\026\007[^{\215\243\305M_C\326"
 231      DCFA1607 
 231      5B5E7B8D 
 231      A3C54D5F 
 231      43D6
 232 05b5 52535615 		.ascii	"RSV\025\033\306o%\373\211O\322K\301\207]o%G$[I\245 "
 232      1BC66F25 
 232      FB894FD2 
 232      4BC1875D 
 232      6F254724 
 233 05cd DAEC05D9 		.ascii	"\332\354\005\331\330PnY!\202\010\241\206\262[nP\234"
 233      D8506E59 
ARM GAS  /tmp/ccdQNcL2.s 			page 18


 233      218208A1 
 233      86B25B6E 
 233      509C
 234 05df 9D8BEC83 		.ascii	"\235\213\354\203\342\354\265rs\315e\254D\2735\347\227"
 234      E2ECB572 
 234      73CD65AC 
 234      44BB35E7 
 234      97
 235 05f0 5F0D77F8 		.ascii	"_\015w\370\005\274\331\011L\366\346\000`wy\330\333\256"
 235      05BCD909 
 235      4CF6E600 
 235      607779D8 
 235      DBAE
 236 0602 61A2B27B 		.ascii	"a\242\262{<,\353\004&{s\000\260\373<l\217k\230\250\354"
 236      3C2CEB04 
 236      267B7300 
 236      B0FB3C6C 
 236      8F6B98A8 
 237 0617 010F1B74 		.ascii	"\001\017\033t\002\223\2759\000\330#\036v\3005\214S\326"
 237      0293BD39 
 237      00D8231E 
 237      76C0358C 
 237      53D6
 238 0629 D79DCB2C 		.ascii	"\327\235\313,\311(\305\002\201.\3367J\353\275N\334\033"
 238      C928C502 
 238      812EDE37 
 238      4AEBBD4E 
 238      DC1B
 239 063b 856E5C61 		.ascii	"\205n\\am\351\246\340O\215\313\242T\037X\277\022\364"
 239      6DE9A6E0 
 239      4F8DCBA2 
 239      541F58BF 
 239      12F4
 240 064d 9155B740 		.ascii	"\221U\267@1\232u\222$\300\255\254w\230%\241p\037\373"
 240      319A7592 
 240      24C0ADAC 
 240      779825A1 
 240      701FFB
 241 0660 A39324C8 		.ascii	"\243\223$\310\336+\000\254\217\207\235r\015\0233\272"
 241      DE2B00AC 
 241      8F879D72 
 241      0D1333BA 
 242 0670 B99451BF 		.ascii	"\271\224Q\277%\241z\361\251g\"\237Q\277%\241\326n\012"
 242      25A17AF1 
 242      A967229F 
 242      51BF25A1 
 242      D66E0A
 243 0683 BEE87AA3 		.ascii	"\276\350z\243\271$\331h<\245\363\301\365\202\260?\266"
 243      B924D968 
 243      3CA5F3C1 
 243      F582B03F 
 243      B6
 244 0694 862DAA30 		.ascii	"\206-\2520\232\262W \020w\277<\356l\021\365\375\261"
 244      9AB25720 
 244      1077BF3C 
 244      EE6C11F5 
 244      FDB1
ARM GAS  /tmp/ccdQNcL2.s 			page 19


 245 06a6 E2B67653 		.ascii	"\342\266vS\360\347\256\343\276*\211\333+\304}\265\024"
 245      F0E7AEE3 
 245      BE2A89DB 
 245      2BC47DB5 
 245      14
 246 06b7 F7A7D6B8 		.ascii	"\367\247\326\270E\025Fs\251$n\250\300\336ZB\327\016"
 246      45154673 
 246      A9246EA8 
 246      C0DE5A42 
 246      D70E
 247 06c9 55AAE0B5 		.ascii	"U\252\340\265\2048\200uJ\026\017\\\333\333\206\271k"
 247      84388075 
 247      4A160F5C 
 247      DBDB86B9 
 247      6B
 248 06da FB829395 		.ascii	"\373\202\223\225\270\036\333H\263;\370\342Q\301\357"
 248      B81EDB48 
 248      B33BF8E2 
 248      51C1EF
 249 06e9 B0BBFA76 		.ascii	"\260\273\372v\366\214\221e~\027\363\273\231\177\217"
 249      F68C9165 
 249      7E17F3BB 
 249      997F8F
 250 06f8 F9BDCC0F 		.ascii	"\371\275\314\0170\177\224\371\343\314\237`\376$\363"
 250      307F94F9 
 250      E3CC9F60 
 250      FE24F3
 251 0707 A799CF31 		.ascii	"\247\231\3171\177\206\371\2772\177\216\371\2771\377"
 251      7F86F9BF 
 251      327F8EF9 
 251      BF31FF
 252 0716 77E62F33 		.ascii	"w\346/3\177\235\371\2411\236j\266J\342\245\021\374S"
 252      7F9DF9A1 
 252      319E6AB6 
 252      4AE2A511 
 252      FC53
 253 0728 FA90B06B 		.ascii	"\372\220\260k\214\207\204\341\322(\364\363@\"\325\036"
 253      8C8784E1 
 253      D228F4F3 
 253      4022D51E 
 254 0738 0F4453B1 		.ascii	"\017DS\261W\003\261\370\212@4\221|9\231\322\002i\265"
 254      5703B1F8 
 254      8A403491 
 254      7C3999D2 
 254      0269B5
 255 074b ABE3D701 		.ascii	"\253\343\327\001h\250\351@gJMk\201\372PK\260e%t\210"
 255      68A8E940 
 255      674A4D6B 
 255      81FA504B 
 255      B0652574 
 256 0760 A6D47864 		.ascii	"\246\324xd\305\263\3553\243hz\204\376\027I\252\313#"
 256      C5B3ED33 
 256      A3687A84 
 256      FE1749AA 
 256      CB23
 257 0772 F1CE645B 		.ascii	"\361\316d[\352\225\256\370\314NEM\317\254)\377\305/"
 257      EA95AEF8 
ARM GAS  /tmp/ccdQNcL2.s 			page 20


 257      CC4E454D 
 257      CFAC29FF 
 257      C52F
 258 0784 17F983FF 		.ascii	"\027\371\203\377\023>\201\246\024\360\332o\222\351h"
 258      133E81A6 
 258      14F0DA6F 
 258      92E968
 259 0793 22B24C4D 		.ascii	"\"\262LM\265G\222\232\372x\341\327\370\312d\272\370"
 259      B547929A 
 259      FA78E1D7 
 259      F8CA64BA 
 259      F8
 260 07a4 5B657871 		.ascii	"[exq0\322\244t\304\332\342\352\344\321\242\3468\220"
 260      30D2A474 
 260      C4DAE2EA 
 260      E4D1A2E6 
 260      3890
 261 07b6 91EC88B6 		.ascii	"\221\354\210\266u\305\240SB\213&b0{YdA*\3256=\232\010"
 261      75C5A053 
 261      428B2662 
 261      307B5964 
 261      412AD536 
 262 07cd 4713CD   		.ascii	"G\023\315"
 263 07d0 5AAB1A8F 		.ascii	"Z\253\032\217\267w\246\223\251\216P|yWR\215\307~\024"
 263      B777A693 
 263      A98E507C 
 263      7957528D 
 263      C77E14
 264 07e3 E8D2D480 		.ascii	"\350\322\324\200\242\266?\335\221\352\210?\035W^N\026"
 264      A2B63FDD 
 264      91EA883F 
 264      1D575E4E 
 264      16
 265 07f4 215A3A96 		.ascii	"!Z:\226\354H\003\244\242\013>g\317\212\244\347\214\321"
 265      EC4803A4 
 265      A20B3E67 
 265      CF8AA4E7 
 265      8CD1
 266 0806 BB5D0141 		.ascii	"\273]\001A\035\361@$\026_\246t\265\245#\351W;\343\032"
 266      1DF14024 
 266      165FA674 
 266      B5A523E9 
 266      573BE31A 
 267 081a 8CFE5E24 		.ascii	"\214\376^$b\216\2574\202NG\323+\347}\267\254R9j\374"
 267      628EAF34 
 267      824E47D3 
 267      2BE77DB7 
 267      AC52396A 
 268 082f 15D01049 		.ascii	"\025\320\020I\023\265\206\250\265D\235E\324\331\036"
 268      13B586A8 
 268      B5449D45 
 268      D4D91E
 269 083e B5765679 		.ascii	"\265vVy\233\032I'b\2443\352]\331\251\251D\253!Z-\321"
 269      9B1A4927 
 269      62A433EA 
 269      5DD9A9A9 
 269      44AB215A 
ARM GAS  /tmp/ccdQNcL2.s 			page 21


 270 0854 66116D36 		.ascii	"f\021m6\321\346\020\355\031\242\375\214h\317\022m.\321"
 270      D1E610ED 
 270      19A2FD8C 
 270      68CF126D 
 270      2ED1
 271 0866 E679B4DA 		.ascii	"\346y\264\332\032\260Z\260Y`\263\301\346\200=S\266\254"
 271      1AB05AB0 
 271      5960B3C1 
 271      E6803D53 
 271      B6AC
 272 0878 538BAA30 		.ascii	"S\213\2520\207\026WW\304c\336hBQ\307]\001\020R \330"
 272      87165757 
 272      C463DE68 
 272      4251C75D 
 272      01105220 
 273 088d 126E0E97 		.ascii	"\022n\016\227\316\000]\001\321\3669Toc\353\242\310\013"
 273      CE005D01 
 273      D1F63954 
 273      6F63EBA2 
 273      C80B
 274 089f 900D5F68 		.ascii	"\220\015_haxah\361\302\206\232\262\306\326`0D}}\250"
 274      61786168 
 274      F1C2869A 
 274      B2C6D660 
 274      30447D7D 
 275 08b4 BCB1B521 		.ascii	"\274\261\265!\014_Z\0267\206j\230\257\255\010\007\027"
 275      0C5F5A16 
 275      37866A98 
 275      AFAD0807 
 275      17
 276 08c5 B01165C1 		.ascii	"\260\021e\301\326E\315\015\336\346`8\344]\374\302\363"
 276      D645CD0D 
 276      DEE66038 
 276      E45DFCC2 
 276      F3
 277 08d6 A1B2FAE6 		.ascii	"\241\262\372\346P0\344\201\356\036\030?\201\346un$\355"
 277      5030E481 
 277      EE1E183F 
 277      81E6756E 
 277      24ED
 278 08e8 2B64185A 		.ascii	"+d\030Z\236pSkY\270\211v\0176\202k\242\256\001\\YKK"
 278      9E70536B 
 278      59B88976 
 278      0F36826B 
 278      A2AE015C 
 279 08ff 637DC8BB 		.ascii	"c}\310\273\200\272z\370\356im\014y\032\300\352\033B"
 279      80BA7AF8 
 279      EE696D0C 
 279      791AC0EA 
 279      1B42
 280 0911 5EF82FE4 		.ascii	"^\370/\344m\016\327\207`\272\372`\350\277u[s\251"
 280      6D0ED787 
 280      60BAFA60 
 280      E8BF755B 
 280      73A9
 281              		.text
 282              		.section	.gnu.lto_.symtab.fcc73a8183879424,"",%progbits
ARM GAS  /tmp/ccdQNcL2.s 			page 22


 283 0000 5356435F 		.ascii	"SVC_Handler\000\000\000\000\000\000\000\000\000\000"
 283      48616E64 
 283      6C657200 
 283      00000000 
 283      00000000 
 284 0015 0000AB00 		.ascii	"\000\000\253\000\000\000_port_irq_epilogue\000\000\000"
 284      00005F70 
 284      6F72745F 
 284      6972715F 
 284      6570696C 
 285 0030 00000000 		.ascii	"\000\000\000\000\000\000\000\000\000\256\000\000\000"
 285      00000000 
 285      00AE0000 
 285      00
 286 003d 5F706F72 		.ascii	"_port_switch_from_isr\000\000\002\000\000\000\000\000"
 286      745F7377 
 286      69746368 
 286      5F66726F 
 286      6D5F6973 
 287 005a 00000000 		.ascii	"\000\000\000\000\246\000\000\000_port_exit_from_isr"
 287      A6000000 
 287      5F706F72 
 287      745F6578 
 287      69745F66 
 288 0075 00000200 		.ascii	"\000\000\002\000\000\000\000\000\000\000\000\000\251"
 288      00000000 
 288      00000000 
 288      A9
 289 0082 00000063 		.ascii	"\000\000\000chSchIsPreemptionRequired\000\000\002\000"
 289      68536368 
 289      49735072 
 289      65656D70 
 289      74696F6E 
 290 00a2 00000000 		.ascii	"\000\000\000\000\000\000\000\000\261\000\000\000"
 290      00000000 
 290      B1000000 
 291              		.text
 292              		.section	.gnu.lto_.opts,"",%progbits
 293 0000 272D6D63 		.ascii	"'-mcpu=cortex-m4' '-mfloat-abi=hard' '-mfpu=fpv4-sp"
 293      70753D63 
 293      6F727465 
 293      782D6D34 
 293      2720272D 
 294 0033 2D643136 		.ascii	"-d16' '-mno-thumb-interwork' '-mthumb' '-O2' '-fomi"
 294      2720272D 
 294      6D6E6F2D 
 294      7468756D 
 294      622D696E 
 295 0066 742D6672 		.ascii	"t-frame-pointer' '-falign-functions=16' '-ffunction"
 295      616D652D 
 295      706F696E 
 295      74657227 
 295      20272D66 
 296 0099 2D736563 		.ascii	"-sections' '-fdata-sections' '-fno-common' '-flto' "
 296      74696F6E 
 296      73272027 
 296      2D666461 
ARM GAS  /tmp/ccdQNcL2.s 			page 23


 296      74612D73 
 297 00cc 272D6673 		.ascii	"'-fsingle-precision-constant'\000"
 297      696E676C 
 297      652D7072 
 297      65636973 
 297      696F6E2D 
 298              		.text
 299              		.section	.text.SVC_Handler,"ax",%progbits
 300              		.align	2
 301              		.p2align 4,,15
 302              		.global	SVC_Handler
 303              		.thumb
 304              		.thumb_func
 305              		.type	SVC_Handler, %function
 306              	SVC_Handler:
 307              		@ args = 0, pretend = 0, frame = 0
 308              		@ frame_needed = 0, uses_anonymous_args = 0
 309              		@ link register save eliminated.
 310 0000 064B     		ldr	r3, .L2
 311 0002 5A68     		ldr	r2, [r3, #4]
 312 0004 22F00102 		bic	r2, r2, #1
 313 0008 5A60     		str	r2, [r3, #4]
 314              	@ 428 "/home/cody/dev/chibios/trunk/os/ext/CMSIS/include/core_cmFunc.h" 1
 315 000a EFF30983 		MRS r3, psp
 316              	
 317              	@ 0 "" 2
 318              		.thumb
 319 000e 6833     		adds	r3, r3, #104
 320              	@ 441 "/home/cody/dev/chibios/trunk/os/ext/CMSIS/include/core_cmFunc.h" 1
 321 0010 83F30988 		MSR psp, r3
 322              	
 323              	@ 0 "" 2
 324              		.thumb
 325 0014 0023     		movs	r3, #0
 326              	@ 546 "/home/cody/dev/chibios/trunk/os/ext/CMSIS/include/core_cmFunc.h" 1
 327 0016 83F31188 		MSR basepri, r3
 328              	@ 0 "" 2
 329              		.thumb
 330 001a 7047     		bx	lr
 331              	.L3:
 332              		.align	2
 333              	.L2:
 334 001c 30EF00E0 		.word	-536809680
 335              		.size	SVC_Handler, .-SVC_Handler
 336              		.section	.text._port_irq_epilogue,"ax",%progbits
 337              		.align	2
 338              		.p2align 4,,15
 339              		.global	_port_irq_epilogue
 340              		.thumb
 341              		.thumb_func
 342              		.type	_port_irq_epilogue, %function
 343              	_port_irq_epilogue:
 344              		@ args = 0, pretend = 0, frame = 0
 345              		@ frame_needed = 0, uses_anonymous_args = 0
 346 0000 10B5     		push	{r4, lr}
 347 0002 2023     		movs	r3, #32
 348              	@ 546 "/home/cody/dev/chibios/trunk/os/ext/CMSIS/include/core_cmFunc.h" 1
ARM GAS  /tmp/ccdQNcL2.s 			page 24


 349 0004 83F31188 		MSR basepri, r3
 350              	@ 0 "" 2
 351              		.thumb
 352 0008 114B     		ldr	r3, .L10
 353 000a 5B68     		ldr	r3, [r3, #4]
 354 000c 13F40063 		ands	r3, r3, #2048
 355 0010 02D1     		bne	.L9
 356              	@ 546 "/home/cody/dev/chibios/trunk/os/ext/CMSIS/include/core_cmFunc.h" 1
 357 0012 83F31188 		MSR basepri, r3
 358              	@ 0 "" 2
 359              		.thumb
 360 0016 10BD     		pop	{r4, pc}
 361              	.L9:
 362              	@ 594 "/home/cody/dev/chibios/trunk/os/ext/CMSIS/include/core_cmFunc.h" 1
 363 0018 F1EE103A 		VMRS r3, fpscr
 364              	@ 0 "" 2
 365              	@ 428 "/home/cody/dev/chibios/trunk/os/ext/CMSIS/include/core_cmFunc.h" 1
 366 001c EFF30984 		MRS r4, psp
 367              	
 368              	@ 0 "" 2
 369              		.thumb
 370 0020 0C4B     		ldr	r3, .L10+4
 371 0022 4FF08072 		mov	r2, #16777216
 372 0026 DB68     		ldr	r3, [r3, #12]
 373 0028 44F8083C 		str	r3, [r4, #-8]
 374 002c 44F84C2C 		str	r2, [r4, #-76]
 375 0030 A4F16803 		sub	r3, r4, #104
 376              	@ 441 "/home/cody/dev/chibios/trunk/os/ext/CMSIS/include/core_cmFunc.h" 1
 377 0034 83F30988 		MSR psp, r3
 378              	
 379              	@ 0 "" 2
 380              		.thumb
 381 0038 FFF7FEFF 		bl	chSchIsPreemptionRequired
 382 003c 18B1     		cbz	r0, .L6
 383 003e 064B     		ldr	r3, .L10+8
 384 0040 44F8503C 		str	r3, [r4, #-80]
 385 0044 10BD     		pop	{r4, pc}
 386              	.L6:
 387 0046 054B     		ldr	r3, .L10+12
 388 0048 44F8503C 		str	r3, [r4, #-80]
 389 004c 10BD     		pop	{r4, pc}
 390              	.L11:
 391 004e 00BF     		.align	2
 392              	.L10:
 393 0050 00ED00E0 		.word	-536810240
 394 0054 30EF00E0 		.word	-536809680
 395 0058 00000000 		.word	_port_switch_from_isr
 396 005c 00000000 		.word	_port_exit_from_isr
 397              		.size	_port_irq_epilogue, .-_port_irq_epilogue
 398              		.comm	__gnu_lto_v1,1,1
 399              		.ident	"GCC: (GNU Tools for ARM Embedded Processors) 4.8.4 20140526 (release) [ARM/embedded-4_8-br
ARM GAS  /tmp/ccdQNcL2.s 			page 25


DEFINED SYMBOLS
                            *ABS*:0000000000000000 chcore_v7m.c
     /tmp/ccdQNcL2.s:300    .text.SVC_Handler:0000000000000000 $t
     /tmp/ccdQNcL2.s:306    .text.SVC_Handler:0000000000000000 SVC_Handler
     /tmp/ccdQNcL2.s:334    .text.SVC_Handler:000000000000001c $d
     /tmp/ccdQNcL2.s:337    .text._port_irq_epilogue:0000000000000000 $t
     /tmp/ccdQNcL2.s:343    .text._port_irq_epilogue:0000000000000000 _port_irq_epilogue
     /tmp/ccdQNcL2.s:393    .text._port_irq_epilogue:0000000000000050 $d
                            *COM*:0000000000000001 __gnu_lto_v1

UNDEFINED SYMBOLS
chSchIsPreemptionRequired
_port_switch_from_isr
_port_exit_from_isr
