ARM GAS  /tmp/ccmQbqf0.s 			page 1


   1              		.syntax unified
   2              		.cpu cortex-m4
   3              		.eabi_attribute 27, 3
   4              		.eabi_attribute 28, 1
   5              		.fpu fpv4-sp-d16
   6              		.eabi_attribute 20, 1
   7              		.eabi_attribute 21, 1
   8              		.eabi_attribute 23, 3
   9              		.eabi_attribute 24, 1
  10              		.eabi_attribute 25, 1
  11              		.eabi_attribute 26, 1
  12              		.eabi_attribute 30, 2
  13              		.eabi_attribute 34, 1
  14              		.eabi_attribute 18, 4
  15              		.thumb
  16              		.file	"chregistry.c"
  17              		.section	.gnu.lto_.jmpfuncs.715e95d74d003177,"",%progbits
  18 0000 789C6362 		.ascii	"x\234cb`b\300\0068\2414P\226\211\221\021\310\000\000"
  18      6062C006 
  18      38A13450 
  18      96899111 
  18      C80000
  19 0013 01890014 		.ascii	"\001\211\000\024"
  20              		.text
  21              		.section	.gnu.lto_.inline.715e95d74d003177,"",%progbits
  22 0000 789C6362 		.ascii	"x\234cb`b\300\006\364\2414P\226\223\203\221\201\211"
  22      6062C006 
  22      F4A13450 
  22      96938391 
  22      8189
  23 0012 E7412C03 		.ascii	"\347A,\003\333\002y&\210\030\257(P\210\177A\011\003"
  23      DB027926 
  23      8818AF28 
  23      50887F41 
  23      0903
  24 0024 7B873A44 		.ascii	"{\207:D\210\233\201\201q\202\037\003\000\200k\005H"
  24      889B8181 
  24      71821F03 
  24      00806B05 
  24      48
  25              		.text
  26              		.section	.gnu.lto_.pureconst.715e95d74d003177,"",%progbits
  27 0000 789C6362 		.ascii	"x\234cb`b`e\200\000&\006+&+\000\001\210\000\202"
  27      60626065 
  27      80002606 
  27      2B262B00 
  27      01880082 
  28              		.text
  29              		.section	.gnu.lto_chRegFirstThread.715e95d74d003177,"",%progbits
  30 0000 789C8D51 		.ascii	"x\234\215Q\315K\033Q\020\237y\233\215\032/\322S\275"
  30      CD4B1B51 
  30      109F799B 
  30      8D1A2FD2 
  30      53BD
  31 0012 C822F4E0 		.ascii	"\310\"\364\340\007y=(^\005A\310!\2076\026\352I\222\315"
  31      07793D28 
  31      5E0541C8 
ARM GAS  /tmp/ccmQbqf0.s 			page 2


  31      21873616 
  31      EA4992CD 
  32 0026 923CEC26 		.ascii	"\222<\354&\362\262\221\206\034\362br\360P\250\210\210"
  32      F2B29186 
  32      1CF26272 
  32      F050A888 
  32      88
  33 0037 56053F40 		.ascii	"V\005?@T\004\305\223G\377\001\005\257\245\007\261\364"
  33      5404C593 
  33      47FF0105 
  33      AFA507B1 
  33      F4
  34 0048 D063AF52 		.ascii	"\320c\257RH\347\355nB\333K\234\307\276\231\235\231\337"
  34      48E7ED6E 
  34      42DB4B9C 
  34      C7BE999D 
  34      99DF
  35 005a 6F3E1E03 		.ascii	"o>\036\003\006\377\313 }qro\222F\003\220\255\335\001"
  35      06FFCB20 
  35      7D71726F 
  35      92460390 
  35      ADDD01
  36 006d D47B19A2 		.ascii	"\324{\031\2426\000\241\306\2606\217:\025\207\341@\251"
  36      3600A1C6 
  36      B0368F3A 
  36      1587E140 
  36      A9
  37 007e F5871F87 		.ascii	"\365\207\037\207?q[\3354\367\325\357V\013Q \321N!\330"
  37      3F715BDD 
  37      34F7D5EF 
  37      560B5120 
  37      D14E21D8 
  38 0092 08EFE907 		.ascii	"\010\357\351\007-_\261\310\277u.\330\315C\253u~\177"
  38      2D5FB1C8 
  38      BF752ED8 
  38      CD43AB75 
  38      7E7F
  39 00a4 F2B88B2F 		.ascii	"\362\270\213/b\006\244\361\200\370\" \3200\365E)&4\225"
  39      6206A4F1 
  39      80F82220 
  39      D030F545 
  39      29263495 
  40 00b8 5AB38208 		.ascii	"Z\263\202\010h>\2229\272u'\357\220im\334\301\312\257"
  40      683E9239 
  40      BA7527EF 
  40      90696DDC 
  40      C1CAAF
  41 00cb A78DEF2F 		.ascii	"\247\215\357/\303d \242#4\375\366\350T\015=\242\021"
  41      C36420A2 
  41      2334FDF6 
  41      E8540D3D 
  41      A211
  42 00dd CC39049F 		.ascii	"\3149\004\237pOmM\013\364{\321]\231\226\266:\361\317"
  42      704F6D4D 
  42      0BF47BD1 
  42      5D9996B6 
  42      3AF1CF
ARM GAS  /tmp/ccmQbqf0.s 			page 3


  43 00f0 613C1AF4 		.ascii	"a<\032\364x\013+_\277]oD\003\312\034\032cp\246H\336"
  43      780B2B5F 
  43      BF5D6F44 
  43      03CA1C1A 
  43      6370A648 
  44 0105 D088A139 		.ascii	"\320\210\2419)\260g\007\276\324\225\032\020\330[\205"
  44      29B06707 
  44      BED4951A 
  44      10D85B85 
  45 0115 27B5AAAD 		.ascii	"'\265\252\255>\027\333%\372|\252\014B\250C\303'\337"
  45      3E17DB25 
  45      FA7CAA0C 
  45      42A843C3 
  45      27DF
  46 0127 3A1E6973 		.ascii	":\036isG\306`T`\214\270\010\323O\2654\266\215a\035L"
  46      47C66054 
  46      608CB808 
  46      D34FB534 
  46      B68D611D 
  47 013c 63B5B1DC 		.ascii	"c\265\261\334\206\230\204\322Y1\014\350\022A \354\254"
  47      869884D2 
  47      59310CE8 
  47      124120EC 
  47      AC
  48 014d BF0B5B4E 		.ascii	"\277\013[No\3519\333K\3431=\207\277-\370k[i<\305\241"
  48      6FE939DB 
  48      4BE3313D 
  48      87BF2DF8 
  48      6B5B693C 
  49 0163 80F21EEA 		.ascii	"\200\362\036\352\227W\251\316\226\002\347\034MJ\017"
  49      9757A9CE 
  49      9602E71C 
  49      4D4A0F
  50 0172 A4732778 		.ascii	"\244s'x\276\350:\334.f+<\353,s;/2\242X\342\236,\027"
  50      BEE83ADC 
  50      2E662B3C 
  50      EB2C733B 
  50      2F32A258 
  51 018a 163919D2 		.ascii	"\0269\031\322\343%i\223_:9Q\362d%n\003\363\226\246\273"
  51      E3256993 
  51      5F3A3951 
  51      F264256E 
  51      03F396A6 
  52 019f E19C8F1E 		.ascii	"\341\234\217\036\237I\246\022).\012\366\207rV\347Jg"
  52      9F49A612 
  52      292E0AF6 
  52      877256E7 
  52      4A67
  53 01b1 C17667CB 		.ascii	"\301vg\313\005;\236\207\201d\352\255\225I\227\234%)"
  53      053B9E87 
  53      8164EAAD 
  53      9549979C 
  53      2529
  54 01c3 C6AD57AF 		.ascii	"\306\255W\257\201I\350q\035\267(+\360\007f\342\250="
  54      8149E871 
  54      1DB7282B 
  54      F00766E2 
ARM GAS  /tmp/ccmQbqf0.s 			page 4


  54      A83D
  55              		.text
  56              		.section	.gnu.lto_chRegNextThread.715e95d74d003177,"",%progbits
  57 0000 789C8D52 		.ascii	"x\234\215RMk\023Q\024\275\347\275\311\207\261Hq\345"
  57      4D6B1351 
  57      14BDE7BD 
  57      C987B148 
  57      71E5
  58 0012 424A10DC 		.ascii	"BJ\020\334X\351(\012\335\026\004\241\213n\214\005]I"
  58      58E9280A 
  58      DD1604A1 
  58      8B6E8C05 
  58      5D49
  59 0024 32199287 		.ascii	"2\031\222\207NR&\211\030Z\350k\232E\021\204 \212\337"
  59      4E522689 
  59      185AE86B 
  59      9A451184 
  59      208ADF
  60 0037 60150415 		.ascii	"`\025\004\025\024\374\005)(\270\260UW\305\266\213\240"
  60      14FC0529 
  60      28B8B055 
  60      57C5B68B 
  60      A0
  61 0048 82B85370 		.ascii	"\202\270Sp!Z\211\367efbuS/\314\373\272\367\234w\356"
  61      215A89F7 
  61      65666275 
  61      532FCCFB 
  61      BAF79C77 
  62 005d 792348D0 		.ascii	"y#H\320\277q\204\277\307||\215g\304\010\242\265B4\227"
  62      BF7184BF 
  62      C77C7C8D 
  62      67C408A2 
  62      B5423497 
  63 0071 14C26A83 		.ascii	"\024\302j\203tJ\276yE\244\007$\254\340\334\002\314\202"
  63      744ABE79 
  63      45A40724 
  63      ACE0DC02 
  63      CC82
  64 0083 40B3425A 		.ascii	"@\263BZ\230=\015C\202}\264\250\365\345\316\213'\237"
  64      983D0D43 
  64      827DB4A8 
  64      F5E5CE8B 
  64      279F
  65 0095 7143B79B 		.ascii	"qC\267\233w\365f\267\013(\360\205\243 \007t\2127H\367"
  65      77F566B7 
  65      0B28F085 
  65      A3200774 
  65      8A3748F7 
  66 00a9 2661FDAD 		.ascii	"&a\375\255\340\251hw\272\335\333\253\037\337\257c\367"
  66      E0A96877 
  66      BADDDBAB 
  66      1FDFAF63 
  66      F7
  67 00ba 2E50168B 		.ascii	".P\026\213\314\027\203\007\212\207\233\004)\310\244"
  67      CC178307 
  67      8A879B04 
  67      29C8A4
ARM GAS  /tmp/ccmQbqf0.s 			page 5


  68 00c9 19B83E46 		.ascii	"\031\270>FM\255[\351 C\206\234\343$\217F\330$\204\231"
  68      4DAD5BE9 
  68      2043869C 
  68      E3248F46 
  68      D8248499 
  69 00dd E50A35BE 		.ascii	"\345\0125\276\376\274\362aOXLLt\237\333\353)\007\315"
  69      FEBCF261 
  69      4F584C4C 
  69      749FDBEB 
  69      2907CD
  70 00f0 48E3840C 		.ascii	"H\343\204\014\354\030\242K\270\243\257\217)\364\204"
  70      EC18A24B 
  70      B8A3AF8F 
  70      29F484
  71 00ff 1989B1B4 		.ascii	"\031\211\261\264Y\365\363\2550\037\017\004/Scm\343\333"
  71      59F5F3AD 
  71      301F0F04 
  71      2F53636D 
  71      E3DB
  72 0111 D5444059 		.ascii	"\325D@Y@|\230\036i\216Q\356\367\026\335d|\242\200\230"
  72      407C981E 
  72      698E51EE 
  72      F716DD64 
  72      7CA28098 
  73 0125 E109EA73 		.ascii	"\341\011\352s\210Z}I\317?-\375\272(\373\310i\372\241"
  73      885A7D49 
  73      CF3F2DFD 
  73      BA28FBC8 
  73      69FAA1
  74 0138 17B4AE29 		.ascii	"\027\264\256)$C\222i\205\035\036\220C\037\364'&\271"
  74      24439269 
  74      851D1E90 
  74      431FF427 
  74      26B9
  75 014a 7F7E0F69 		.ascii	"\177~\017i\004|\177\266\204\210&1L\007\024R\375\273"
  75      047C7FB6 
  75      84882631 
  75      4C071452 
  75      FDBB
  76 015c E35BEF8E 		.ascii	"\343[\357\216\236|\231\346\027\346\357\3651I\206\231"
  76      9E7C99E6 
  76      17E6EFF5 
  76      31498699 
  77 016c B214828E 		.ascii	"\262\024\202\216\306\203D\250\342\3606t\214\217$Y\377"
  77      C68344A8 
  77      E2F03674 
  77      8C8F2459 
  77      FF
  78 017d ED77160F 		.ascii	"\355w\026\017\270\201\236\277\264\305\337,\036b(`{M"
  78      B8819EBF 
  78      B4C5DF2C 
  78      1E622860 
  78      7B4D
  79 018f CD2F8DF5 		.ascii	"\315/\215\365\231\010\033\2703\250\260\323\011\355`"
  79      99081BB8 
  79      33A8B0D3 
  79      09ED60
ARM GAS  /tmp/ccmQbqf0.s 			page 6


  80 019e 5F150688 		.ascii	"_\025\006\210\336\322\\g\315\215z\351\345\336\021B\235"
  80      DED25C67 
  80      CD8D7AE9 
  80      E5DE1142 
  80      9D
  81 01af 627335CF 		.ascii	"bs5\317\252\345\306\352^\363c\300\01047\035\265\213"
  81      AAE5C6EA 
  81      5EF363C0 
  81      0834371D 
  81      B58B
  82 01c1 65CFB59D 		.ascii	"e\317\265\235r\276n\347\335\363\266ST9U\256\330U\277"
  82      72BE6EE7 
  82      DDF3B653 
  82      543955AE 
  82      D855BF
  83 01d4 563A6BF3 		.ascii	"V:k\363\302\257\332\025\337\341s\337-\250J\325\257\217"
  83      C2AFDA15 
  83      DFE173DF 
  83      2DA84AD5 
  83      AF8F
  84 01e6 38244BD5 		.ascii	"8$K\325\251\261\355\200\356\205\252}l\"3\236\261U\311"
  84      A9B1ED80 
  84      EE85AA7D 
  84      6C22339E 
  84      B155C9
  85 01f9 3957CB9B 		.ascii	"9W\313\233Z\337=\343x\307k%g\244H\203\023\231\023\351"
  85      5ADF3DE3 
  85      78C76B25 
  85      67A44883 
  85      139913E9 
  86 020d 5CB6E24E 		.ascii	"\\\266\342N\371\352`z\377!\022>%<\327+\373u\372\015"
  86      F9EA607A 
  86      FF21123E 
  86      253CD72B 
  86      FB75FA0D 
  87 0221 B542CCA9 		.ascii	"\265B\314\251"
  88              		.text
  89              		.section	.gnu.lto_.symbol_nodes.715e95d74d003177,"",%progbits
  90 0000 789C4DC8 		.ascii	"x\234M\310\301\015@@\000D\321?\303v\246\257\331\243"
  90      C10D4040 
  90      0044D13F 
  90      C376A6AF 
  90      D9A3
  91 0012 A30A94A4 		.ascii	"\243\012\224\244\007\226\350BH8\370\247\237g\314\300"
  91      0796E842 
  91      4838F8A7 
  91      9F67CCC0 
  92 0022 979B02D3 		.ascii	"\227\233\002\323\002\311<\252\034z\016\357\212~\272"
  92      02C93CAA 
  92      1C7A0EEF 
  92      8A7EBA
  93 0031 4925E854 		.ascii	"I%\350T\374j\255\352\334\323\326K\334\262\206\024\006"
  93      FC6AADEA 
  93      DCD3D64B 
  93      DCB28614 
  93      06
  94              		.text
ARM GAS  /tmp/ccmQbqf0.s 			page 7


  95              		.section	.gnu.lto_.refs.715e95d74d003177,"",%progbits
  96 0000 789C6362 		.ascii	"x\234cb`b\340d\200\000F bdbbd\000\000\001\"\000\026"
  96      6062E064 
  96      80004620 
  96      62646262 
  96      64000001 
  97              		.text
  98              		.section	.gnu.lto_.decls.715e95d74d003177,"",%progbits
  99 0000 789CC55A 		.ascii	"x\234\305Z{\220\024\305\031\357\231\345\036\313\235"
  99      7B9014C5 
  99      19EF99E5 
  99      1ECB9D
 100 000f 07D148B0 		.ascii	"\007\321H\260*\321MJS\224\211\336\361\210@\252\242\244"
 100      2AD14D4A 
 100      539489DE 
 100      F18840AA 
 100      A2A4
 101 0021 B412F247 		.ascii	"\264\022\362GR)K\253\374'\265\031v\347\356Vo\037\231"
 101      52294BAB 
 101      FC27B519 
 101      76E7EE56 
 101      6F1F99
 102 0034 9DE3E11F 		.ascii	"\235\343\341\037q8\220\010\302y\334!\236\310\343\020"
 102      71389008 
 102      C279DC21 
 102      9EC8E310 
 103 0044 8C904872 		.ascii	"\214\220Hrr \340\241l\224\227\207\036\010\210\032\015"
 103      7220E0A1 
 103      6C949787 
 103      1E08881A 
 103      0D
 104 0055 6C8CF808 		.ascii	"l\214\370\010J\344M\216{\344\353ozf\273\347v\366fN\223"
 104      4AE44D8E 
 104      7BE4EB6F 
 104      7A66BBE7 
 104      76F6664E 
 105 006a 4CD57CD3 		.ascii	"L\325|\323=\323\375\353\357\325\335_w\217LdR.\0212\000"
 105      3DD3FDEB 
 105      EFD5DD5F 
 105      778F4C64 
 105      522E1132 
 106 007f D7C6A984 		.ascii	"\327\306\251\204\334]BH\200\020r;\311]4\277\026\356"
 106      DC5D4248 
 106      8010723B 
 106      C95D34BF 
 106      16EE
 107 0091 3094AB86 		.ascii	"0\224\253\206[\206\364\375\360\334-\021\341\242e\312"
 107      5B86F4FD 
 107      F0DC2D11 
 107      E1A265CA 
 108 00a1 E15E0777 		.ascii	"\341^\007w\005K\323\"W\200t\300\263\017\236\032\334"
 108      054BD322 
 108      578074C0 
 108      B30F9E1A 
 108      DC
 109 00b2 0FD0F6E0 		.ascii	"\017\320\366\340\036\003\367z\206\377\033H\377\026\356"
 109      1E03F77A 
ARM GAS  /tmp/ccmQbqf0.s 			page 8


 109      86FF1B48 
 109      FF16EE
 110 00c1 6B25B3CE 		.ascii	"k%\263\316ZV\367~G\033\224\207\253\206h\203bR&5\326"
 110      5A56F77E 
 110      471B9487 
 110      AB866883 
 110      62522635 
 111 00d6 8604E91A 		.ascii	"\206\004\351\032\311l\247\207\265u-\223\203\227)\"\015"
 111      C96CA787 
 111      B5752D93 
 111      83972922 
 111      0D
 112 00e7 6EEF06B2 		.ascii	"n\357\006\262\332h\313f\367<\375\256\364\244\221\231"
 112      DA68CB66 
 112      F73CFDAE 
 112      F4A49199 
 113 00f7 6F0C0C3C 		.ascii	"o\014\014<D\306\220\307\015\270\332\026\030\206\244"
 113      44C690C7 
 113      0DB8DA16 
 113      1886A4
 114 0106 97914586 		.ascii	"\227\221E\206\321@3\323\367W\\M\226\322/\241\375\300"
 114      D14033D3 
 114      F7575C4D 
 114      96D22FA1 
 114      FDC0
 115 0118 DA7D9222 		.ascii	"\332}\222\"U\004I\333\010L\225\007\311]\000w\023Yo\030"
 115      550449DB 
 115      084C9507 
 115      C95D0077 
 115      13596F18 
 116 012c 4DD9136B 		.ascii	"M\331\023k\027\377\3200J\025i\275t54\235\222\310\315"
 116      17FFD030 
 116      4A1569BD 
 116      7435349D 
 116      92C8CD
 117 013f 6423546C 		.ascii	"d#Tl2\214\247owp\200\327\220\30021$\211(\322\006\000"
 117      328CA76F 
 117      777080D7 
 117      90C03231 
 117      248928D2 
 118 0155 54A467A5 		.ascii	"T\244g\245\233\315\246\214\354\326E\307\347Js\201S\363"
 118      9BCDA68C 
 118      ECD645C7 
 118      E74A7381 
 118      53F3
 119 0167 1B615FF3 		.ascii	"\033a_\363\\\337&m I\346\312\202U\327\031m\257@\371"
 119      5CDF266D 
 119      2049E6CA 
 119      8255D719 
 119      6DAF40F9 
 120 017b 755219E0 		.ascii	"uR\031\340\356\262qY\303!\253\335\021\204XI\363b\005"
 120      EEB27159 
 120      C321ABDD 
 120      11845849 
 120      F36205
 121 018e 44BCFEBD 		.ascii	"D\274\376\275\345M\212\005\266\3277XH\000k\331\267\022"
 121      E54D8A05 
ARM GAS  /tmp/ccmQbqf0.s 			page 9


 121      B6D73758 
 121      48006BD9 
 121      B712
 122 01a0 990B9247 		.ascii	"\231\013\222GrZ'y\301\230\252;\273\273\337\224\346\241"
 122      725A2779 
 122      C198AA3B 
 122      BBBBDF94 
 122      E6A1
 123 01b2 FCED504D 		.ascii	"\374\355PM&\313eI\320\201w\250\276\346=\177\221\032"
 123      26CB6549 
 123      D08177A8 
 123      BEE63D7F 
 123      911A
 124 01c4 10AA03A1 		.ascii	"\020\252\003\241^\0356\324\216\345;\247\242\003\274"
 124      5E1D36D4 
 124      8EE53BA7 
 124      A203BC
 125 01d3 80407303 		.ascii	"\200@s\003\"\220\"\225\330j\264\363V\001\212\206\237"
 125      22902295 
 125      D86AB4F3 
 125      56018A86 
 125      9F
 126 01e4 598276DD 		.ascii	"Y\202v\335Q\344\277\\\\&\213\003\036LW\352\346\007F"
 126      51E4BF5C 
 126      5C268B03 
 126      1E4C57EA 
 126      E60746
 127 01f7 76CBA293 		.ascii	"v\313\242\223\330\205\002\314\227\333\212\335t$\223"
 127      D88502CC 
 127      97DB8ADD 
 127      742493
 128 0206 166CABD3 		.ascii	"\026l\253\323\351\313\227V|\336\300|\271\323\223/o;"
 128      E9CB9756 
 128      7CDEC07C 
 128      B9D3932F 
 128      6F3B
 129 0218 F004BACB 		.ascii	"\360\004\272\313\220\235\264\330j?\212\355\277\205\355"
 129      909DB4D8 
 129      6A3F8AED 
 129      BF85ED
 130 0227 679CEDB7 		.ascii	"g\234\355\267\234\2708\217\265\237\361\324\376\211\203"
 130      9CB8388F 
 130      B59FF1D4 
 130      FE8983
 131 0236 CB06B7AF 		.ascii	"\313\006\267\257H\267_[\3107.\255\330w\226\265\262\033"
 131      48B75F5B 
 131      C8372EAD 
 131      D87796B5 
 131      B21B
 132 0248 3BCD9A11 		.ascii	";\315\232\021N\357\270\243L\264\037\344\271\0022\331"
 132      4EEFB8A3 
 132      4CB41FE4 
 132      B90232D9 
 133 0258 30C2E27F 		.ascii	"0\302\342\177X}6\333\262\246\267Ej\236g\354\257\262"
 133      587D36DB 
 133      B2A6B745 
 133      6A9E67EC 
ARM GAS  /tmp/ccmQbqf0.s 			page 10


 133      AFB2
 134 026a 7878CE37 		.ascii	"xx\3167bH\320\304\331\2038\012\230`\355^\300\\]\251"
 134      6248D0C4 
 134      D983380A 
 134      9860ED5E 
 134      C05C5DA9 
 135 027e 21739E07 		.ascii	"!s\236\007\333\342\033L\344\354\"\017\266\335\013\330"
 135      DBE21B4C 
 135      E4EC220F 
 135      B6DD0BD8 
 136 028e 6877CE2E 		.ascii	"hw\316.\363`;}\203\211\234\365\360`\031/`c\3359\353"
 136      F3603B7D 
 136      83899CF5 
 136      F060192F 
 136      6063DD39 
 137 02a3 E5C176FB 		.ascii	"\345\301v\373\006\0239\353\347\301\366{\001\013\271"
 137      061339EB 
 137      E7C1F67B 
 137      010BB9
 138 02b2 73D67498 		.ascii	"s\326t\230\003{\3357\230\310Y3\017v\310\013\3308w\316"
 138      037BDD37 
 138      98C85933 
 138      0F76C80B 
 138      D83877CE 
 139 02c6 96F16047 		.ascii	"\226\361`G}\203\211\234-\347\301\336\361\002V\345\316"
 139      7D83899C 
 139      2DE7C1DE 
 139      F10256E5 
 139      CE
 140 02d7 592B0FF6 		.ascii	"Y+\017\366\276o0\221\263\025<X\326\013\330\024w\316"
 140      BE6F3091 
 140      B3153C58 
 140      D60BD814 
 140      77CE
 141 02e9 56F2601F 		.ascii	"V\362`\037\372\006\0239k\347\301>\361\0026\315\235\263"
 141      FA061339 
 141      6BE7C13E 
 141      F10236CD 
 141      9DB3
 142 02fb CD3CD829 		.ascii	"\315<\330)\337`\"g[x\260\323^\300\246\273s\366\002\017"
 142      DF602267 
 142      5B78B0D3 
 142      5EC0A6BB 
 142      73F6020F 
 143 030f 76C63798 		.ascii	"v\3067\230\310\331v\036\354\274\027\260_\272s\366\""
 143      C8D9761E 
 143      ECBC17B0 
 143      5FBA73F6 
 143      22
 144 0320 0F76C937 		.ascii	"\017v\3117\230\310\331N\036\254\307\013\330}\356\234"
 144      98C8D94E 
 144      1EACC70B 
 144      D87DEE9C 
 145 0330 BDCC83F5 		.ascii	"\275\314\203\365\373\006\0239;\304\2035\024y\000\373"
 145      FB061339 
 145      3BC48335 
 145      147900FB 
ARM GAS  /tmp/ccmQbqf0.s 			page 11


 146 0340 751ECEEC 		.ascii	"u\036\316\354+_=:M\357\222\354y[&\017\027Y1\216\317"
 146      2B5F3D3A 
 146      4DEF92EC 
 146      795B260F 
 146      1759318E 
 147 0355 399AE430 		.ascii	"9\232\3440\026\026\371\215\311\004\271aq\360\321Z\251"
 147      1616F98D 
 147      C904B961 
 147      71F0D15A 
 147      A9
 148 0366 C59CE7CD 		.ascii	"\305\234\347\315\000\3751/\210\005&\300\025\373\270"
 148      00FD312F 
 148      880526C0 
 148      15FBB8
 149 0375 68FF09DF 		.ascii	"h\377\011\337`\016W\246`B\354\304\"\354\3543\231\261"
 149      600E57A6 
 149      6042ECC4 
 149      22ECEC33 
 149      99B1
 150 0387 ADB9F0AD 		.ascii	"\255\271\360\255\324\302\242K'3V\203\225\224l\0276\306"
 150      D4C2A24B 
 150      27335683 
 150      95946C17 
 150      36C6
 151 0399 8ECD5F56 		.ascii	"\216\315_V\221\346\3127\001m\220\2036\027f\332J\015"
 151      91E6CA37 
 151      016D9083 
 151      361766DA 
 151      4A0D
 152 03ab E0DA704D 		.ascii	"\340\332pMQ\276E\031\002\024\256\352\346\011\003\274"
 152      51BE4519 
 152      0214AEEA 
 152      E60903BC 
 153 03bb 27ACF7A2 		.ascii	"'\254\367\242\246\002S\373\211}+\277ad3\022'oA\345\300"
 153      A60253FB 
 153      897D2BBF 
 153      61643312 
 153      276F41E5 
 154 03d0 A2A8F10D 		.ascii	"\242\250\361\015kQ\264@\246\013\220?\026\345]\311x\200"
 154      6B51B440 
 154      A60B903F 
 154      16E55DC9 
 154      7880
 155 03e2 EA6BDEF4 		.ascii	"\352k\336\364=\\\311,D\240-\303\006\332\261|\365\024"
 155      3D5CC92C 
 155      44A02DC3 
 155      06DAB17C 
 155      F514
 156 03f4 045A8C40 		.ascii	"\004Z\214@;\035@\212$9\226D\222\270h\221\202\271\304"
 156      3B1D408A 
 156      24399644 
 156      92B86891 
 156      82B9C4
 157 0407 8068AEAF 		.ascii	"\200h\256\257\264,,b\235\366\022\304\0312z\312n\355"
 157      B42C2C62 
 157      9DF612C4 
 157      19327ACA 
ARM GAS  /tmp/ccmQbqf0.s 			page 12


 157      6EED
 158 0419 EA5B2A9D 		.ascii	"\352[*\235k0Z\253|X\254\373u\313bKQ?\335\203\364\263"
 158      6B305AAB 
 158      7C58ACFB 
 158      75CB624B 
 158      513FDD83 
 159 042f 50F6A720 		.ascii	"P\366\247 \231\034\363-\3108Q\220E\273\233\375\013b"
 159      991CF32D 
 159      C8385190 
 159      45BB9BFD 
 159      0B62
 160 0441 BBDE7214 		.ascii	"\273\336r\024\344\370W \310G\276\005\251\342\004\241"
 160      E4F85720 
 160      C847BE05 
 160      A9E204A1 
 161 0451 9B24179A 		.ascii	"\233$\027\232\315q\360\032\322\\xqJ\371yJ\276FX\030"
 161      CD71F01A 
 161      D25C7871 
 161      4AF9794A 
 161      BE465818 
 162 0465 66DEED92 		.ascii	"f\336\355\222B\346\353\241\326\204F\346R\027\267\205"
 162      42E6EBA1 
 162      D68446E6 
 162      5217B785 
 163 0475 6178DAC2 		.ascii	"ax\332\302h<h\251l5\252\354\363|\235\314\023T\337\341"
 163      683C68A9 
 163      6C35AAEC 
 163      F37C9DCC 
 163      1354DFE1 
 164 0489 DDCFB32D 		.ascii	"\335\317\263-\214\265\010un\330P;\216m3\373\353z\004"
 164      8CB50875 
 164      6ED8503B 
 164      8E6D33FB 
 164      EB7A04
 165 049c BA32C88C 		.ascii	"\2722\310\214\305\016+\026\213V\204,m\3512\335`\220"
 165      C50E2B16 
 165      8B56842C 
 165      6DE932DD 
 165      6090
 166 04ae 1E626F68 		.ascii	"\036boh\246\204\374\317\353\301l\\,1\303\372\234\215"
 166      A684FCCF 
 166      EBC16C5C 
 166      2C31C3FA 
 166      9C8D
 167 04c0 6D0F3AD9 		.ascii	"m\017:\331l\315\244\246\221\026\177)\304\206L\307\243"
 167      6CCDA4A6 
 167      91167F29 
 167      C4864CC7 
 167      A3
 168 04d1 D63EDC1D 		.ascii	"\326>\334\035t.}\374K\302\275y\300\367\316Y\343Q\313"
 168      742E7DFC 
 168      4BC2BD79 
 168      C0F7CE59 
 168      E351CB
 169 04e4 ED36A144 		.ascii	"\3556\241D+\213\235&\356p\216\311^6\2226\014W\022\373"
 169      2B8B9D26 
 169      EE708EC9 
ARM GAS  /tmp/ccmQbqf0.s 			page 13


 169      5E369236 
 169      0C5712FB 
 170 04f8 92C99F8B 		.ascii	"\222\311\237\213=L\231\241\002\346\352\272\304\3145"
 170      3D4C99A1 
 170      02E6EABA 
 170      C4CC35
 171 0507 E46E94B5 		.ascii	"\344n\224\265e\273u\361tt\367\016\231n\331v8t\341aS"
 171      65BB75F1 
 171      7474F70E 
 171      996ED976 
 171      3874E161 
 172 051c EB15ACF2 		.ascii	"\353\025\254\362\202<h\203\366\015k\203\226~\363\260"
 172      823C6883 
 172      F60D6B83 
 172      967EF3B0 
 173 052c A9256CD0 		.ascii	"\251%l\320*\322s\222\314p\207\253O\301\2049\006\025"
 173      2AD27392 
 173      CC7087AB 
 173      4FC18439 
 173      0615
 174 053e 693B4647 		.ascii	"i;FG;\344o\363\272?\354[\367!^\367\231+\007VJ\224\377"
 174      3BE46FF3 
 174      BA3FEC5B 
 174      F7215EF7 
 174      992B0756 
 175 0555 3CFB70D3 		.ascii	"<\373p\323\370\230\325R\374\231\305?C\305\357D\305\277"
 175      F898D552 
 175      FC99C53F 
 175      43C5EF44 
 175      C5BF
 176 0567 EFA2F869 		.ascii	"\357\242\370in02\371\014\253\354\032\244\370\256\243"
 176      6E3032F9 
 176      0CABEC1A 
 176      A4F8AEA3 
 177 0577 96E27779 		.ascii	"\226\342wyR\374[y\025\277\313\277\342\031\336\261\334"
 177      52FC5B79 
 177      15BFCBBF 
 177      E219DEB1 
 177      DC
 178 0588 CEB822FD 		.ascii	"\316\270\"\375\3117X\250\220\025wqV\374\013Z\361\025"
 178      C93758A8 
 178      90157771 
 178      56FC0B5A 
 178      F115
 179 059a B0A222BD 		.ascii	"\260\242\"\275*\332\262\317iKAu,\351\272CbdZ\272W2\225"
 179      2ADAB2CF 
 179      694B4175 
 179      2CE9BA43 
 179      62645ABA 
 180 05b1 9883DE23 		.ascii	"\230\203\336#%\036|\243\300\276\306\352nT\2119\3364"
 180      251E7CA3 
 180      C0BEC6EA 
 180      6E548939 
 180      DE34
 181 05c3 FA060B09 		.ascii	"\372\006\013\011`/5\256\362\264\373kH\374ZD&Ob\273\007"
 181      602F35AE 
 181      F2B4FB6B 
ARM GAS  /tmp/ccmQbqf0.s 			page 14


 181      48FC5A44 
 181      264F62BB 
 182 05d8 9CFE32D0 		.ascii	"\234\3762\320s\350w\314_\016x\360\027\230\351O\006\215"
 182      73E877CC 
 182      5F0E78F0 
 182      1798E94F 
 182      068D
 183 05ea E672CB71 		.ascii	"\346r\313q\217\330\250\005T]\300[\256|\372\232\204p"
 183      8FD8A805 
 183      545DC05B 
 183      AE7CFA9A 
 183      8470
 184 05fc E6DAEA3D 		.ascii	"\346\332\352='\334\220K?\021\256_\335_\345O1f\177\314"
 184      27DC904B 
 184      3F11AE5F 
 184      DD5FE54F 
 184      31667FCC 
 185 0610 BCB783C6 		.ascii	"\274\267\203\306:GQ\246\177\2248g\004S3\234#\036\340"
 185      3A4751A6 
 185      7F943867 
 185      0453339C 
 185      231EE0
 186 0623 1CF10D74 		.ascii	"\034\361\015t\304nt\304CH\017\363\356\350\026n\035\221"
 186      C46E74C4 
 186      43480FF3 
 186      EEE8166E 
 186      1D91
 187 0635 B9C5D229 		.ascii	"\271\305\322)\337r\207\034\326qk\246\213o\346\254\027"
 187      DF72871C 
 187      D6716BA6 
 187      8B6FE6AC 
 187      17
 188 0646 DF73DF06 		.ascii	"\337s\337\006\203Q\375\255\026+\0360\317\235z}#\212"
 188      8351FDAD 
 188      162B1E30 
 188      CF9D7A7D 
 188      238A
 189 0658 DE7CA651 		.ascii	"\336|\246Q\210\007~W\352\001nZ\036\006\363]\374\271"
 189      88077E57 
 189      EA016E5A 
 189      1E06F35D 
 189      FCB9
 190 066a A122FD41 		.ascii	"\241\"\375A\242f\372\243D\015\264\011\351\237\221\276"
 190      A266FAA3 
 190      440DB409 
 190      E99F91BE 
 191 067a 88B40769 		.ascii	"\210\264\007i/\322~\244\017\243)\233\220>\216t\005\322"
 191      2FD27EA4 
 191      0FA3299B 
 191      903E8E74 
 191      05D2
 192 068c CD483B91 		.ascii	"\315H;\221\356A\272\017\351kH\337E\372\236\027\0070"
 192      EE41BA0F 
 192      E96B48DF 
 192      45FA9E17 
 192      0730
 193 069e 4748DBCD 		.ascii	"GH\333\315\334\212=-\215a\251{\003\226\035\037+\025"
ARM GAS  /tmp/ccmQbqf0.s 			page 15


 193      DC8A3D2D 
 193      8D61A97B 
 193      03961D1F 
 193      2B15
 194 06b0 3D9490EF 		.ascii	"=\224\220\357\222g\250\201\360DwYf\204\211N+\255\225"
 194      9267A881 
 194      F0447759 
 194      6684894E 
 194      2BAD95
 195 06c3 6E7081C6 		.ascii	"np\201\306\317\177\223e^e\346\301p\346lWy\323\334\354"
 195      CF7F9365 
 195      5E65E6C1 
 195      70E66C57 
 195      79D3DCEC 
 196 06d7 C0C00DC2 		.ascii	"\300\300\015\302\241\260\011\352\306gV6\371\014\340"
 196      A1B009EA 
 196      C6675636 
 196      F90CE0
 197 06e6 A9B32D9F 		.ascii	"\251\263-\237\3054\362\335\346\340\373F\262\3160\232"
 197      C534F2DD 
 197      E6E0FB46 
 197      B2CE309A 
 198 06f6 8DA7D4E9 		.ascii	"\215\247\324\351\326\000\320\216%N\310\371\231\266\304"
 198      D600D08E 
 198      254EC8F9 
 198      99B6C4
 199 0705 62E21ADB 		.ascii	"b\342\032\333>\374\345\364\234\250n\265\030\203\037"
 199      3EFCE5F4 
 199      9CA86EB5 
 199      18831F
 200 0714 0C1635DB 		.ascii	"\014\0265\333\224}{\335\273\327\265n6\346/4\372\007"
 200      947D7BDD 
 200      BBD7B56E 
 200      36E62F34 
 200      FA07
 201 0726 1E921CF2 		.ascii	"\036\222\034\362\272\034iQ\264\217=\210{j\220\231\314"
 201      BA1C6951 
 201      B48F3D88 
 201      7B6A9099 
 201      CC
 202 0737 A29F8A9C 		.ascii	"\242\237\212\234|\207\254\245\234l\355\032\330#5\033"
 202      7C87ACA5 
 202      9C6CED1A 
 202      D823351B 
 203 0747 6DFB6190 		.ascii	"m\373a\220\205`\376\206|'z\001\213\215I\204\013%\032"
 203      8560FE86 
 203      7C277A01 
 203      8B8D4984 
 203      0B251A
 204 075a CD63F753 		.ascii	"\315c\367S8z]v4:$\214L\346\007i\225\323\203c\270=\017"
 204      387A5D76 
 204      343A248C 
 204      4CE60769 
 204      95D38363 
 205 0771 B3A9E1B4 		.ascii	"\263\251\341\264\247\251a\3251\327\030(k\017\272\337"
 205      A7A961D5 
 205      31D71828 
ARM GAS  /tmp/ccmQbqf0.s 			page 16


 205      6B0FBADF 
 206 0781 E438DFB4 		.ascii	"\3448\337\264\344v\344\374,r\336\030\034\222s\021F&"
 206      E476E4FC 
 206      2C72DE18 
 206      1C927311 
 206      4626
 207 0793 4F61950B 		.ascii	"Oa\225\013\2039?:\237q~\301\023\347G\016\233\234[\323"
 207      83393F3A 
 207      9F717EC1 
 207      13E7470E 
 207      9B9C5BD3 
 208 07a7 DA461B77 		.ascii	"\332F\033wx\323\332Qs\353\325\034#\237w\202\371\232"
 208      78D3DA51 
 208      73EBD51C 
 208      239F7782 
 208      F99A
 209 07b9 D48CCC3B 		.ascii	"\324\214\314;&X'\376U\261\3357XH\340\354D\263\370#\304"
 209      265827FE 
 209      55B1DD37 
 209      5848E0EC 
 209      44B3F823 
 210 07ce CB5E     		.ascii	"\313^"
 211 07d0 F00A6C8D 		.ascii	"\360\012l\215~q\230\377\021\3027\230\310\334E\036\254"
 211      7E7198FF 
 211      11C23798 
 211      C8DC451E 
 211      AC
 212 07e1 DB0B58BE 		.ascii	"\333\013X\276\015\304|\027\357$\212t\011\247\354\313"
 212      0DC47C17 
 212      EF248A74 
 212      09A7ECCB 
 213 07f1 3856F720 		.ascii	"8V\367 \355E\332\217\324\010P\332\020\020b\312w\354"
 213      ED45DA8F 
 213      D40850DA 
 213      101062CA 
 213      77EC
 214 0803 3E92D715 		.ascii	">\222\327\025\207r\011#\263\325\275s\344\213H\262'6"
 214      87720923 
 214      B3D5BD73 
 214      E48B48B2 
 214      2736
 215 0815 36DE879D 		.ascii	"6\336\207\235cA\200\332\375\370\320\235\303\031\361"
 215      634180DA 
 215      FDF8D09D 
 215      C319F1
 216 0824 9DC72A0B 		.ascii	"\235\307*\013\003\203V\010}\326y?\3756\364\012\341\337"
 216      03835608 
 216      7DD6793F 
 216      FD36F40A 
 216      E1DF
 217 0836 8F798B38 		.ascii	"\217y\2138\333\354\366\277\316\211qa\211\271\320iD1"
 217      DBECF6BF 
 217      CE897161 
 217      89B9D069 
 217      4431
 218 0848 1E1D39F4 		.ascii	"\036\0359\364\350$\300@\037\307*K\007\213\361\271%\306"
 218      E824C040 
ARM GAS  /tmp/ccmQbqf0.s 			page 17


 218      1FC72A4B 
 218      078BF1B9 
 218      25C6
 219 085a 524F62EC 		.ascii	"ROb\354x\314\362\374%\001<\374\267q\207\267\320y\321"
 219      78CCF2FC 
 219      25013CFC 
 219      B77187B7 
 219      D079D1
 220 086d 3C2E36C1 		.ascii	"<.6\301\266\370\006\023=\377\245\203~72N<\177DF\305"
 220      B6F80613 
 220      3DFFA583 
 220      7E37324E 
 220      3C7F4446 
 221 0882 3E19C09D 		.ascii	">\031\300\235e\207b\207\271\215\261\327\213\034\356"
 221      65876287 
 221      B98DB1D7 
 221      8B1CEE
 222 0891 013858E5 		.ascii	"\0018X\345_,B\024\274\305\373\274\272&\340\230W\357"
 222      5F2C4214 
 222      BCC5FBBC 
 222      BA26E098 
 222      57EF
 223 08a3 704CAB85 		.ascii	"pL\253\205T\362\367%\343P%\253\321&\007\035*q\374\257"
 223      54F2F725 
 223      E35025AB 
 223      D126071D 
 223      2A71FCAF 
 224 08b7 425B728D 		.ascii	"B[r\215\315\002e.\3764\350\033\014\015\276u&\330\036"
 224      CD02652E 
 224      FE34E81B 
 224      0C0DBE75 
 224      26D81E
 225 08ca 74767E9D 		.ascii	"tv~\235\025Uc\024\234\365\002\230oL\316w\361]G\221Z"
 225      15556314 
 225      9CF50298 
 225      6F4CCE77 
 225      F15D4791 
 226 08df 0274E45B 		.ascii	"\002t\344[\206#\334r\244\255HW!}&\340!n\245\016oc?\036"
 226      8623DC72 
 226      A4AD4857 
 226      217D26E0 
 226      216EA50E 
 227 08f7 90D91833 		.ascii	"\220\331\0303\274N\324\233\353D\212\364\204o0A\221\231"
 227      BC4ED49B 
 227      EB448AF4 
 227      846F3041 
 227      9199
 228 0909 A587AD75 		.ascii	"\245\207\255u;\355\023\212\264\322\013^\201\325$;\250"
 228      3BED138A 
 228      B4D20B5E 
 228      81D5243B 
 228      A8
 229 091a 373BD8C7 		.ascii	"7;\330\307#%\237`\241BFY\310\031\345Q4\312b4\301\263"
 229      23259F60 
 229      A1424659 
 229      C819E551 
 229      34CA6234 
ARM GAS  /tmp/ccmQbqf0.s 			page 18


 230 0930 483720DD 		.ascii	"H7 \335(NA\347F:\246 q\300\3177#\362\37212;\217\201"
 230      284E41E7 
 230      463AA620 
 230      71C0CF37 
 230      23F2FA31 
 231 0948 3C9EB706 		.ascii	"<\236\267\006_j4\267\0067\341\300\335\223\177\340.\264"
 231      5F6A34B7 
 231      0637E1C0 
 231      DD937FE0 
 231      2EB4
 232 095a 35B8B08C 		.ascii	"5\270\260\214Vi\0374p/:i\005g\355C\017\334\363\347e"
 232      56691F34 
 232      702F3A69 
 232      0567ED43 
 232      0FDCF3E7 
 233 096f B6B6FC3E 		.ascii	"\266\266\374>7\377\314\263\373/=\012u\363Q\341$\362"
 233      37FFCCB3 
 233      FB2F3D0A 
 233      75F351E1 
 233      24F2
 234 0981 499B0F9F 		.ascii	"I\233\017\237>\232\337r\355\234\3456\243\345:D;\255"
 234      3E9ADF72 
 234      ED9CE536 
 234      A3E53A44 
 234      3BAD
 235 0993 2B73D829 		.ascii	"+s\330)_{\256\377\324\030\231\267\217\231n\354\325R"
 235      5F7BAEFF 
 235      D41899B7 
 235      8F996EEC 
 235      D552
 236 09a5 6B3ACF4C 		.ascii	"k:\317LFKmGK\375\265\314\247\245\250P\235\016+e\316"
 236      464B6D47 
 236      4BFDB5CC 
 236      A7A5A850 
 236      9D0E2B65 
 237 09ba A921F3AD 		.ascii	"\251!\363\255\207\177kO\342\036\216\237=\370}\326\036"
 237      877F6B4F 
 237      E21E8E9F 
 237      3DF87DD6 
 237      1E
 238 09cb FCCBD8B7 		.ascii	"\374\313\330\267N\225}%\223\3279\204\351\374\252\014"
 238      4E957D25 
 238      93D73984 
 238      E9FCAA0C 
 239 09db DDC9197A 		.ascii	"\335\311\031z'\032\372%\321\320=^\014\235o_0\177{\247"
 239      271AFA25 
 239      D1D03D5E 
 239      0C9D6F5F 
 239      307F7BA7 
 240 09ef B908F50B 		.ascii	"\271\010\365\013\214P\317`<\3720\016\006\317!\335&r"
 240      8C50CF60 
 240      3CFA300E 
 240      06CF21DD 
 240      2672
 241 0a01 D0672B2E 		.ascii	"\320g+.\357\322\216\242\276\032\260\027\233t\241\331"
 241      EFD28EA2 
 241      BE1AB017 
ARM GAS  /tmp/ccmQbqf0.s 			page 19


 241      9B74A1D9 
 242 0a11 9EC99EFC 		.ascii	"\236\311\236\3748+\317\245\277}\033\275\260\316\264"
 242      382BCFA5 
 242      BF7D1BBD 
 242      B0CEB4
 243 0a20 DD0CECB1 		.ascii	"\335\014\354\261!g\267v{l\031\2233\334\322\017\336\274"
 243      2167B776 
 243      7B6C1993 
 243      33DCD20F 
 243      DEBC
 244 0a32 8EDACD8A 		.ascii	"\216\332\315\212\332\\\313+\322^P\330\220\305h\301\375"
 244      DA5CCB2B 
 244      D25E50D8 
 244      90C568C1 
 244      FD
 245 0a43 4ECF7B8F 		.ascii	"N\317{\217z\336~\017\236gd\376v\241\324XP\3765\322d"
 245      7ADE7E0F 
 245      9E6764FE 
 245      76A1D458 
 245      50FE35D2 
 246 0a58 6E968F35 		.ascii	"n\226\2175\177Qp\363\361\003\201\257aJ8\015\304\022"
 246      7F5170F3 
 246      F10381AF 
 246      614A380D 
 246      C412
 247 0a6a 6E355E0F 		.ascii	"n5^\017\344~\203(\017\346\022V4\"\223\035\345\022\223"
 247      E47E8328 
 247      0FE61256 
 247      3422931D 
 247      E51293
 248 0a7d 6178F3DF 		.ascii	"ax\363\337\361_\265VY\177\031\354sb\345;\357\025\260"
 248      F15FB556 
 248      597F19EC 
 248      7362E53B 
 248      EF15B0
 249 0a90 4202D617 		.ascii	"B\002\326\027\034\326A\337X\302!x\346\254\262\301:\376"
 249      1CD641DF 
 249      58C22178 
 249      E6ACB2C1 
 249      3AFE
 250 0aa2 361618E3 		.ascii	"6\026\030\3438\013\216\266j\313\204\373]b\333\367q\004"
 250      380B8EB6 
 250      6ACB84FB 
 250      5D62DBF7 
 250      7104
 251 0ab4 3A82DDF9 		.ascii	":\202\335\371\355\362\274\277Kx\000\332\261\374Y\363"
 251      EDF2BCBF 
 251      4B7800DA 
 251      B1FC59F3 
 252 0ac4 0FF26308 		.ascii	"\017\362c\010\224-w\216\013\001\307\260\020\020\207"
 252      942D778E 
 252      0B01C7B0 
 252      101087
 253 0ad3 85403097 		.ascii	"\205@0\227\030\030\010\020\177\205a r\252M`2\237\332"
 253      18180810 
 253      7F856120 
 253      72AA4D60 
ARM GAS  /tmp/ccmQbqf0.s 			page 20


 253      329FDA
 254 0ae6 F823F706 		.ascii	"\370#\367\006\332A\336\226\316\320\177\007,C\\\364b"
 254      DA41DE96 
 254      CED07F07 
 254      2C435CF4 
 254      62
 255 0af7 880231C8 		.ascii	"\210\0021\310E\316\250s\257\362\213U*`]\346\260\226"
 255      45CEA873 
 255      AFF28B55 
 255      2A605DE6 
 255      B096
 256 0b09 F8C61A2D 		.ascii	"\370\306\032-`\365pXO\371\306\032+`\365rX\317\372\306"
 256      60F57058 
 256      4FF9C61A 
 256      2B60F572 
 256      58CFFAC6 
 257 0b1d 123B413F 		.ascii	"\022;A?\207\265\3317\226\330\011\232\366\226\265\377"
 257      87B5D937 
 257      96D8099A 
 257      F696B5FF 
 258 0b2d DA02DBE5 		.ascii	"\332\002\333\345\033Lp\215L3\017\366\272o\260)\002\330"
 258      1B4C708D 
 258      4C330FF6 
 258      BA6FB029 
 258      02D8
 259 0b3f 321EEC1D 		.ascii	"2\036\354\035/`\005\266pZy\260O|\203\211>\266\202\007"
 259      2F6005B6 
 259      705A79B0 
 259      4F7C8389 
 259      3EB68207 
 260 0b53 BBE01B4C 		.ascii	"\273\340\033Lt\262\225<XC\205_0\321\313V\363`\215\276"
 260      74B2953C 
 260      5843855F 
 260      30D1CB56 
 260      F3608DBE 
 261 0b67 C14437DB 		.ascii	"\301D7\333\314\203\255\362\0156\216\210\2275\355\277"
 261      CC83ADF2 
 261      0D368E88 
 261      9735EDBF 
 262 0b77 86614617 		.ascii	"\206aF\027N\365\335H\017!=\214\364\257H\337Gz\034i\026"
 262      4EF5DD48 
 262      0F213D8C 
 262      F4AF48DF 
 262      477A1C69 
 263 0b8c E907483F 		.ascii	"\351\007H?D\372\021\322O\220\376\023\351gHO#\375\002"
 263      44FA11D2 
 263      4F90FE13 
 263      E967484F 
 263      23FD02
 264 0b9f E959A4E7 		.ascii	"\351Y\244\347\305Pbc\205s\2545\347`\216\307\334TM\376"
 264      C5506263 
 264      8573AC35 
 264      E7608EC7 
 264      DC544DFE 
 265 0bb3 5F5C76D8 		.ascii	"_\\v\330\\\272\006\024\227 \340\271\236\354\254Xe\230"
 265      5CBA0614 
 265      9720E0B9 
ARM GAS  /tmp/ccmQbqf0.s 			page 21


 265      9EECAC58 
 265      6598
 266 0bc5 9E398974 		.ascii	"\2369\211t\030\217d\332\212\024i\017\362O\371\276\236"
 266      188F64DA 
 266      8A14690F 
 266      F24FF9BE 
 266      9E
 267 0bd6 BC01DF5B 		.ascii	"\274\001\337[\247\261\240\300\024\203\342`\330i\312"
 267      A7B1A0C0 
 267      1483E260 
 267      D869CA
 268 0be5 C3B26398 		.ascii	"\303\262c\230`l\2420\252\230\210\354\363\010&+\227="
 268      606CA230 
 268      AA9888EC 
 268      F308262B 
 268      973D
 269 0bf7 9ECBDEC5 		.ascii	"\236\313\336\305\244g\331R\246\006\226-g\372`\331\321"
 269      A467D952 
 269      A606962D 
 269      67FA60D9 
 269      D1
 270 0c08 4C312CFB 		.ascii	"L1,\373u\246!\226\035\313T\305q\371Y.\373M\246<\226"
 270      75A62196 
 270      1DCB54C5 
 270      71F9592E 
 270      FB4DA63C 
 271 0c1d FD16D322 		.ascii	"\375\026\323\"\313^\317\324\311\325=\317g\011\261c\250"
 271      CB5ECFD4 
 271      C9D53DCF 
 271      6709B163 
 271      A8
 272 0c2e D60A2188 		.ascii	"\326\012!\210\022\346?Z\357\212\357 \252\327%\210\262"
 272      12E63F5A 
 272      EF8AEF20 
 272      AAD72588 
 272      B2
 273 0c3f FE50644D 		.ascii	"\376PdM\207\034-O\261\312\2250\234>\337-\367\273\264"
 273      871C2D4F 
 273      B1CA9530 
 273      9C3EDF2D 
 273      F7BBB4
 274 0c52 5CCC5A76 		.ascii	"\\\314Zvl\010\235r\011\344qA\231\333\364p\324:[\240"
 274      6C089D72 
 274      09E47141 
 274      99DBF470 
 274      D43A5BA0 
 275 0c66 9631C2AD 		.ascii	"\2261\302\255\026=>r\25357W\213L\252\254M\306\325\312"
 275      163D3E72 
 275      AB353757 
 275      8B4CAAAC 
 275      4DC6D5CA 
 276 0c7a 48323AA7 		.ascii	"H2:\2472\252\316\254\214\324\306f\304\222\351J]\253"
 276      32AACEAC 
 276      8CD4C666 
 276      C492E94A 
 276      5DAB
 277 0c8c 4F3C5009 		.ascii	"O<P\011\011M\257Lk\021x\257\2515\261\264\256\315\271"
ARM GAS  /tmp/ccmQbqf0.s 			page 22


 277      094DAF4C 
 277      6B1178AF 
 277      A935B1B4 
 277      AECDB9
 278 0c9f 3542A678 		.ascii	"5B\246x\250\024KD\352\352\243P\2506='\255\317I\251\351"
 278      A8144B44 
 278      EAEAA350 
 278      A8363D27 
 278      ADCF49A9 
 279 0cb4 5B6B49A9 		.ascii	"[kI\251\0160J4\254\027\377\364\027\367\206\356$\301"
 279      0E304A34 
 279      AC17FFF4 
 279      17F786EE 
 279      24C1
 280 0cc6 486DD87C 		.ascii	"Hm\330|\345\205\017\0162R\033\005\270\342T8\241\316"
 280      E5850F0E 
 280      32521B05 
 280      B8E25438 
 280      A1CE
 281 0cd8 D6E191D2 		.ascii	"\326\341\221\322\324\231\323=@\244\222\232\236\256\374"
 281      D499D33D 
 281      40A4929A 
 281      9EAEFC
 282 0ce7 F1DD3FBF 		.ascii	"\361\335?\277\363\347\263\241d<\025\253S\265t\345O\357"
 282      F3E7B3A1 
 282      643C15AB 
 282      53B574E5 
 282      4FEF
 283 0cf9 BC138A5B 		.ascii	"\274\023\212[\\\226\350)-\226\014\3537V\326\247\265"
 283      5C96E829 
 283      2D960CEB 
 283      3756D6A7 
 283      B5
 284 0d0a 4A458BDF 		.ascii	"JE\213\337\222H&\324[TeF\314\346!\255Gc\011\235\212"
 284      924826D4 
 284      5B546546 
 284      CCE621AD 
 284      4763099D 
 285 0d1f 540FCF89 		.ascii	"T\017\317\211\023\302\372\244\002\245\343\0120\223P"
 285      13C2FAA4 
 285      02A5E30A 
 285      309350
 286 0d2e 2BC351B5 		.ascii	"+\303Q\265Z\251\257\323\303VS#\303a\253>J\021K\226D"
 286      5AA9AFD3 
 286      C3565323 
 286      C361AB3E 
 286      4A114B96 
 287 0d43 92091D84 		.ascii	"\222\011\035\204\232\352[\232\332HRS\001\263\214\276"
 287      9AEA5B9A 
 287      DA485253 
 287      01B38CBE 
 288 0d53 0E036A44 		.ascii	"\016\003jD\237\375\243\341\241\204gN\216S\331\300\346"
 288      9FFDA3E1 
 288      A184674E 
 288      8E53D9C0 
 288      E6
 289 0d64 2050580F 		.ascii	" PX\017\244\307\337\006\367d\270\247\300=5\220\236P"
ARM GAS  /tmp/ccmQbqf0.s 			page 23


 289      A4C7DF06 
 289      F764B8A7 
 289      C03D3590 
 289      9E50
 290 0d76 05F778B8 		.ascii	"\005\367x\270'\300=\021\356Ip\377\000n(7\001\312M\200"
 290      27C03D11 
 290      EE4970FF 
 290      006E2837 
 290      01CA4D80 
 291 0d8a 7213A0DC 		.ascii	"r\023\240\334D(7q\274\254M\222\265\037\310\332m\262"
 291      44283771 
 291      BCAC4D92 
 291      B51FC8DA 
 291      6DB2
 292 0d9c 3659D6A6 		.ascii	"6Y\326\246\310\332\324\2006\276\012\356\361r\235\006"
 292      C8DAD480 
 292      36BE0AEE 
 292      F1729D06 
 293 0dac 8F8945A9 		.ascii	"\217\211E\2510p[B\3559K\325\340\231\254\213\252\332"
 293      30705B42 
 293      ED394BD5 
 293      E099AC8B 
 293      AADA
 294 0dbe 8848ADA2 		.ascii	"\210H\255\242Q#+q\265TO\353\212\256\206\365\022\252"
 294      51232B71 
 294      B5544FEB 
 294      8AAE86F5 
 294      12AA
 295 0dd0 B029613D 		.ascii	"\260)a=h\252\016RP\034\277\225\350\361dT\305|u\235R"
 295      68AA0E52 
 295      501CBF95 
 295      E8F16454 
 295      C57C759D 
 296 0de5 932ED135 		.ascii	"\223.\3215\265:\215\232\245\211\242x\272\006>2uCuK\361"
 296      B53A8D9A 
 296      A589A278 
 296      BA063E32 
 296      7543754B 
 297 0dfa 5A740E7C 		.ascii	"Zt\016|*Ug\307tP\224Z<KO\316\270?U\246\316T\023z\\I"
 297      2A5567C7 
 297      7450945A 
 297      3C4B4FCE 
 297      B83F55A6 
 298 0e14 3F0045D4 		.ascii	"?\000E\324Y4\021H\205\353+L\177M\207\353\2407\204\365"
 298      59341148 
 298      85EB2B4C 
 298      7F4D87EB 
 298      A03784F5 
 299 0e28 51B6079B 		.ascii	"Q\266\007\233o\202\251\360,%\246\307\0225\243\254\327"
 299      6F82A9F0 
 299      2C25A6C7 
 299      1235A3AC 
 299      D7
 300 0e39 BFA957EB 		.ascii	"\277\251W\353\201\253\321\\I|52\025\206f1Y\204Ix\241"
 300      81ABD15C 
 300      497C3532 
 300      15866631 
ARM GAS  /tmp/ccmQbqf0.s 			page 24


 300      59844978 
 301 0e4e A6D40438 		.ascii	"\246\324\0048VMQ\274\036\234`\242\257N\021\327gS\347"
 301      564D51BC 
 301      1E9C60A2 
 301      AF4E11D7 
 301      6753E7
 302 0e61 8D9BE8F0 		.ascii	"\215\233\350\360L\316J\200.\021\011D\210c_\001\376\240"
 302      4CCE4A80 
 302      2E110944 
 302      88635F01 
 302      FEA0
 303 0e73 1CE57424 		.ascii	"\034\345t$\325\212R\207>\007/S\311d\035\260x\267Z\363"
 303      D58A5287 
 303      3E072F53 
 303      C9641DB0 
 303      78B75AF3 
 304 0e87 939896D6 		.ascii	"\223\230\226\326\357ANG\341\213_@=3/\353\251\311\276"
 304      EF414E47 
 304      E18B5F40 
 304      3D332FEB 
 304      A9C9BE
 305 0e9a 788ACE01 		.ascii	"x\212\316\001\333\305\"\300Wy\244\366\236\332\350\335"
 305      DBC522C0 
 305      5779A4F6 
 305      9EDAE8DD 
 306 0eaa 6A9DAAA4 		.ascii	"j\235\252\244\3252\320\005\035\026T\360\255\240\235"
 306      D532D005 
 306      1D1654F0 
 306      ADA09D
 307 0eb9 2EA74DCC 		.ascii	".\247M\314a\212\275\012^\347\362%\232)U\261\206\235"
 307      618ABD0A 
 307      5EE7F225 
 307      9A2955B1 
 307      869D
 308 0ecb A4484377 		.ascii	"\244HCw\321\230\273h\246\273\004\341m\275\246\201\325"
 308      D198BB68 
 308      A6BB04E1 
 308      6DBDA681 
 308      D5
 309 0edc 8A345AE9 		.ascii	"\2124Z\351\332\2311M\257W\352\302z,\016\275\234\001"
 309      DA99314D 
 309      AF57EAC2 
 309      7A2C0EBD 
 309      9C01
 310 0eee 8F01E03C 		.ascii	"\217\001\340<\037F\011\357Ls\011\257Jf\352\250A\372"
 310      1F4609EF 
 310      4C7309AF 
 310      4A66EAA8 
 310      41FA
 311 0f00 A4C34D90 		.ascii	"\244\303M\2202\015\037\302z)\274\211\252u\272\002\211"
 311      320D1FC2 
 311      7A29BC89 
 311      AA75BA02 
 311      89
 312 0f11 EAFA4424 		.ascii	"\352\372D$\214eh\252\230\226U\2642x\324)i\235\026\207"
 312      8C6568AA 
 312      989655B4 
ARM GAS  /tmp/ccmQbqf0.s 			page 25


 312      3278D429 
 312      699D1687 
 313 0f25 57B4B90A 		.ascii	"W\264\271\012&~T\235Q_c\272\021\377&\230R\022\261\010"
 313      267E549D 
 313      515F63BA 
 313      11FF2698 
 313      5212B108 
 314 0f39 758A4074 		.ascii	"u\212@tF\315\004_:\327i\327\035\255\307\303\021\245"
 314      46CD045F 
 314      3AD769D7 
 314      1DADC7C3 
 314      11A5
 315 0f4b 2E364353 		.ascii	".6CS\364X2\001,iz$\001\342\027'\253\253\323\252.\353"
 315      F4583201 
 315      2C697A24 
 315      01E21727 
 315      ABABD3AA 
 316 0f61 713952EB 		.ascii	"q9R\353o \267g\200ZB\255\023\213\202\246c\3251P\015"
 316      6F20B767 
 316      805A42AD 
 316      138B82A6 
 316      63D53150 
 317 0f76 E41E54B5 		.ascii	"\344\036T\265$}\246c\017\2528&\216\277-\254\263\341"
 317      247DA663 
 317      0FAA3826 
 317      8EBF2DAC 
 317      B3E1
 318 0f88 0D93549F 		.ascii	"\015\223T\237\240l`\206&S\272FKRG\240Z\241\351\253r"
 318      A06C6086 
 318      2653BA46 
 318      4B5247A0 
 318      5AA1E9AB 
 319 0f9d 1D04BF   		.ascii	"\035\004\277"
 320 0fa0 54878155 		.ascii	"T\207\201U4\367H\226\006\233\227\263$\032\336\312\240"
 320      34F74896 
 320      069B97B3 
 320      241ADECA 
 320      A0
 321 0fb1 F5AD0A74 		.ascii	"\365\255\012t\260\030\305\322i\375\201\272X<\246\227"
 321      B018C5D2 
 321      69FD81BA 
 321      583CA697 
 322 0fc1 DB791826 		.ascii	"\333y\030&\254\014\216\021V-:@T\330M\252j<\245[\237"
 322      AC0C8E11 
 322      562D3A40 
 322      54D84DAA 
 322      6A3CA55B 
 323 0fd6 287FE0A4 		.ascii	"(\177\340\244\314R\245\300%&G\337\252%\243\212\256\334"
 323      CC52A5C0 
 323      252647DF 
 323      AA25A38A 
 323      AEDC
 324 0fe8 6ABD288A 		.ascii	"j\275(\212+\261\004\371\017,\364\3466"
 324      2BB104F9 
 324      0F2CF4E6 
 324      36
 325              		.text
ARM GAS  /tmp/ccmQbqf0.s 			page 26


 326              		.section	.gnu.lto_.symtab.715e95d74d003177,"",%progbits
 327 0000 63685265 		.ascii	"chRegFirstThread\000\000\000\000\000\000\000\000\000"
 327      67466972 
 327      73745468 
 327      72656164 
 327      00000000 
 328 0019 000000A1 		.ascii	"\000\000\000\241\000\000\000chRegNextThread\000\000"
 328      00000063 
 328      68526567 
 328      4E657874 
 328      54687265 
 329 0031 00000000 		.ascii	"\000\000\000\000\000\000\000\000\000\000_\001\000\000"
 329      00000000 
 329      00005F01 
 329      0000
 330 003f 63685F64 		.ascii	"ch_debug\000\000\000\000\000\000\000\000\000\000\000"
 330      65627567 
 330      00000000 
 330      00000000 
 330      000000
 331 0052 00C40100 		.ascii	"\000\304\001\000\000ch\000\000\002\000\000\000\000\000"
 331      00636800 
 331      00020000 
 331      000000
 332 0061 00000000 		.ascii	"\000\000\000\000j\001\000\000chThdRelease\000\000\002"
 332      6A010000 
 332      63685468 
 332      6452656C 
 332      65617365 
 333 0078 00000000 		.ascii	"\000\000\000\000\000\000\000\000\000f\001\000\000"
 333      00000000 
 333      00660100 
 333      00
 334              		.text
 335              		.section	.gnu.lto_.opts,"",%progbits
 336 0000 272D6D63 		.ascii	"'-mcpu=cortex-m4' '-mfloat-abi=hard' '-mfpu=fpv4-sp"
 336      70753D63 
 336      6F727465 
 336      782D6D34 
 336      2720272D 
 337 0033 2D643136 		.ascii	"-d16' '-mno-thumb-interwork' '-mthumb' '-O2' '-fomi"
 337      2720272D 
 337      6D6E6F2D 
 337      7468756D 
 337      622D696E 
 338 0066 742D6672 		.ascii	"t-frame-pointer' '-falign-functions=16' '-ffunction"
 338      616D652D 
 338      706F696E 
 338      74657227 
 338      20272D66 
 339 0099 2D736563 		.ascii	"-sections' '-fdata-sections' '-fno-common' '-flto' "
 339      74696F6E 
 339      73272027 
 339      2D666461 
 339      74612D73 
 340 00cc 272D6673 		.ascii	"'-fsingle-precision-constant'\000"
 340      696E676C 
ARM GAS  /tmp/ccmQbqf0.s 			page 27


 340      652D7072 
 340      65636973 
 340      696F6E2D 
 341              		.text
 342              		.section	.text.chRegFirstThread,"ax",%progbits
 343              		.align	2
 344              		.p2align 4,,15
 345              		.global	chRegFirstThread
 346              		.thumb
 347              		.thumb_func
 348              		.type	chRegFirstThread, %function
 349              	chRegFirstThread:
 350              		@ args = 0, pretend = 0, frame = 0
 351              		@ frame_needed = 0, uses_anonymous_args = 0
 352              		@ link register save eliminated.
 353 0000 2023     		movs	r3, #32
 354              	@ 546 "/home/cody/dev/chibios/trunk/os/ext/CMSIS/include/core_cmFunc.h" 1
 355 0002 83F31188 		MSR basepri, r3
 356              	@ 0 "" 2
 357              		.thumb
 358 0006 044B     		ldr	r3, .L2
 359 0008 1869     		ldr	r0, [r3, #16]
 360 000a 837F     		ldrb	r3, [r0, #30]	@ zero_extendqisi2
 361 000c 0133     		adds	r3, r3, #1
 362 000e 8377     		strb	r3, [r0, #30]
 363 0010 0023     		movs	r3, #0
 364              	@ 546 "/home/cody/dev/chibios/trunk/os/ext/CMSIS/include/core_cmFunc.h" 1
 365 0012 83F31188 		MSR basepri, r3
 366              	@ 0 "" 2
 367              		.thumb
 368 0016 7047     		bx	lr
 369              	.L3:
 370              		.align	2
 371              	.L2:
 372 0018 00000000 		.word	ch
 373              		.size	chRegFirstThread, .-chRegFirstThread
 374 001c AFF30080 		.section	.text.chRegNextThread,"ax",%progbits
 375              		.align	2
 376              		.p2align 4,,15
 377              		.global	chRegNextThread
 378              		.thumb
 379              		.thumb_func
 380              		.type	chRegNextThread, %function
 381              	chRegNextThread:
 382              		@ args = 0, pretend = 0, frame = 0
 383              		@ frame_needed = 0, uses_anonymous_args = 0
 384 0000 10B5     		push	{r4, lr}
 385 0002 2023     		movs	r3, #32
 386              	@ 546 "/home/cody/dev/chibios/trunk/os/ext/CMSIS/include/core_cmFunc.h" 1
 387 0004 83F31188 		MSR basepri, r3
 388              	@ 0 "" 2
 389              		.thumb
 390 0008 074B     		ldr	r3, .L7
 391 000a 0469     		ldr	r4, [r0, #16]
 392 000c 9C42     		cmp	r4, r3
 393 000e 1DBF     		ittte	ne
 394 0010 A37F     		ldrbne	r3, [r4, #30]	@ zero_extendqisi2
ARM GAS  /tmp/ccmQbqf0.s 			page 28


 395 0012 0133     		addne	r3, r3, #1
 396 0014 A377     		strbne	r3, [r4, #30]
 397 0016 0024     		moveq	r4, #0
 398 0018 0023     		movs	r3, #0
 399              	@ 546 "/home/cody/dev/chibios/trunk/os/ext/CMSIS/include/core_cmFunc.h" 1
 400 001a 83F31188 		MSR basepri, r3
 401              	@ 0 "" 2
 402              		.thumb
 403 001e FFF7FEFF 		bl	chThdRelease
 404 0022 2046     		mov	r0, r4
 405 0024 10BD     		pop	{r4, pc}
 406              	.L8:
 407 0026 00BF     		.align	2
 408              	.L7:
 409 0028 00000000 		.word	ch
 410              		.size	chRegNextThread, .-chRegNextThread
 411              		.global	ch_debug
 412 002c AFF30080 		.section	.rodata.ch_debug,"a",%progbits
 413              		.align	2
 414              		.type	ch_debug, %object
 415              		.size	ch_debug, 22
 416              	ch_debug:
 417 0000 6D61696E 		.ascii	"main"
 418 0004 00       		.byte	0
 419 0005 16       		.byte	22
 420 0006 0018     		.short	6144
 421 0008 04       		.byte	4
 422 0009 04       		.byte	4
 423 000a 44       		.byte	68
 424 000b 08       		.byte	8
 425 000c 0C       		.byte	12
 426 000d 10       		.byte	16
 427 000e 14       		.byte	20
 428 000f 18       		.byte	24
 429 0010 00       		.byte	0
 430 0011 1C       		.byte	28
 431 0012 1D       		.byte	29
 432 0013 1E       		.byte	30
 433 0014 00       		.byte	0
 434 0015 00       		.byte	0
 435              		.comm	__gnu_lto_v1,1,1
 436 0016 0000     		.ident	"GCC: (GNU Tools for ARM Embedded Processors) 4.8.4 20140526 (release) [ARM/embedded-4_8-br
ARM GAS  /tmp/ccmQbqf0.s 			page 29


DEFINED SYMBOLS
                            *ABS*:0000000000000000 chregistry.c
     /tmp/ccmQbqf0.s:343    .text.chRegFirstThread:0000000000000000 $t
     /tmp/ccmQbqf0.s:349    .text.chRegFirstThread:0000000000000000 chRegFirstThread
     /tmp/ccmQbqf0.s:372    .text.chRegFirstThread:0000000000000018 $d
     /tmp/ccmQbqf0.s:375    .text.chRegNextThread:0000000000000000 $t
     /tmp/ccmQbqf0.s:381    .text.chRegNextThread:0000000000000000 chRegNextThread
     /tmp/ccmQbqf0.s:409    .text.chRegNextThread:0000000000000028 $d
     /tmp/ccmQbqf0.s:416    .rodata.ch_debug:0000000000000000 ch_debug
     /tmp/ccmQbqf0.s:413    .rodata.ch_debug:0000000000000000 $d
                            *COM*:0000000000000001 __gnu_lto_v1
     /tmp/ccmQbqf0.s:374    .text.chRegFirstThread:000000000000001c $t
     /tmp/ccmQbqf0.s:412    .text.chRegNextThread:000000000000002c $t

UNDEFINED SYMBOLS
ch
chThdRelease
