ARM GAS  /tmp/ccQHKBwS.s 			page 1


   1              		.syntax unified
   2              		.cpu cortex-m4
   3              		.eabi_attribute 27, 3
   4              		.eabi_attribute 28, 1
   5              		.fpu fpv4-sp-d16
   6              		.eabi_attribute 20, 1
   7              		.eabi_attribute 21, 1
   8              		.eabi_attribute 23, 3
   9              		.eabi_attribute 24, 1
  10              		.eabi_attribute 25, 1
  11              		.eabi_attribute 26, 1
  12              		.eabi_attribute 30, 2
  13              		.eabi_attribute 34, 1
  14              		.eabi_attribute 18, 4
  15              		.thumb
  16              		.file	"ms5607.c"
  17              		.section	.gnu.lto_.jmpfuncs.29de982de630aa6f,"",%progbits
  18 0000 789C7D8E 		.ascii	"x\234}\216\301\025\200 \014C\223\002\272\205\3638\202"
  18      C1158020 
  18      0C439302 
  18      BA85F338 
  18      82
  19 0011 03786101 		.ascii	"\003xa\001ft\032g\260P\260\007yriK\232\237\012\004\263"
  19      66741A67 
  19      B050B007 
  19      7972694B 
  19      9A9F0A04 
  20 0026 77F7BA60 		.ascii	"w\367\272`M\021\2316\311\301L\322[5\307!\007\200\205"
  20      4D119936 
  20      C9C14CD2 
  20      5B35C721 
  20      078085
  21 0039 B548E9BA 		.ascii	"\265H\351\272\\\2520\210\255\320VTc\032?PZ#m\016oMx"
  21      5CAA3088 
  21      ADD05654 
  21      631A3F50 
  21      5A236D0E 
  22 0050 332A9A7E 		.ascii	"3*\232~\3040L\256\251x\313=\201\257c\377\213\210H\300"
  22      C4304CAE 
  22      A978CB3D 
  22      81AF63FF 
  22      8B8848C0 
  23 0064 03D67412 		.ascii	"\003\326t\022q"
  23      71
  24              		.text
  25              		.section	.gnu.lto_.inline.29de982de630aa6f,"",%progbits
  26 0000 789C6362 		.ascii	"x\234cb`b\300\006\316Ai6\006f\311)\214\214\214\014\214"
  26      6062C006 
  26      CE416936 
  26      0666C929 
  26      8C8C8C0C 
  27 0015 400E93E8 		.ascii	"@\016\223\350\274\313l\014\354\313\334\300z\330\370"
  27      BCCB6C0C 
  27      ECCBDCC0 
  27      7AD8F8
  28 0024 1919582F 		.ascii	"\031\031X/\360\203\230\254|\014\014,\023\374@\020\250"
  28      F08398AC 
ARM GAS  /tmp/ccQHKBwS.s 			page 2


  28      7C0C0C2C 
  28      13FC4010 
  28      A8
  29 0035 908D0FA6 		.ascii	"\220\215\017\246\036\244j\201<X53\017\220\017R\300\304"
  29      1EA46A81 
  29      3C583533 
  29      0F900F52 
  29      C0C4
  30 0047 C82D0C93 		.ascii	"\310-\014\223g\002j\207)`\027\000\232\003\324\017R\313"
  30      67026A87 
  30      29601700 
  30      9A03D40F 
  30      52CB
  31 0059 22AC0B53 		.ascii	"\"\254\013S\302\262@\036\256\204\215\037\256\204\211"
  31      C2B2401E 
  31      AE848D1F 
  31      AE8489
  32 0068 9B016413 		.ascii	"\233\001d\023B\200\205\201\231\211\021\305FV\014\021"
  32      42808581 
  32      998911C5 
  32      46560C11 
  33 0078 06000C18 		.ascii	"\006\000\014\030\022\254"
  33      12AC
  34              		.text
  35              		.section	.gnu.lto_.pureconst.29de982de630aa6f,"",%progbits
  36 0000 789C6362 		.ascii	"x\234cb`b\340e\200\0006\006)F\011&\011f\011\026\006"
  36      6062E065 
  36      80003606 
  36      29460926 
  36      09660916 
  37 0015 56060005 		.ascii	"V\006\000\0054\000\211"
  37      340089
  38              		.text
  39              		.section	.gnu.lto_ms5607_init.29de982de630aa6f,"",%progbits
  40 0000 789C8554 		.ascii	"x\234\205TMh\023A\024~of7I\363\237\264\264\036<H\300"
  40      4D681341 
  40      147E6F66 
  40      3749F39F 
  40      B4B41E3C 
  41 0016 534DADE0 		.ascii	"SM\255\340\317I\004\365\342\275\005\005Abl\227=\004"
  41      CF4904F5 
  41      E2BD0505 
  41      41626C97 
  41      3D04
  42 0028 255591F6 		.ascii	"%U\221\366\220\211[h\017\026CNE/-\241\324\212\326\203"
  42      90895B68 
  42      0F16434E 
  42      452F2DA1 
  42      D48AD683 
  43 003c 67211584 		.ascii	"g!\025\204P\360\247\336\012\036\342E\017\202\024\374"
  43      50F0A7DE 
  43      0A1EE245 
  43      0F8214FC 
  44 004c 39D4E2FA 		.ascii	"9\324\342\372f&\223.\266\342\300\276\231y?\337\367\275"
  44      6626932E 
  44      B6E2C0BE 
  44      99793FDF 
ARM GAS  /tmp/ccQHKBwS.s 			page 3


  44      F7BD
  45 005e 99611930 		.ascii	"\231a\0310\370{\234\246\257n\001\014\321\214!@V{\003"
  45      F87B9CA6 
  45      AF6E010C 
  45      D18C2140 
  45      567B03
  46 0071 508D30B4 		.ascii	"P\2150\264\364\202\353\305Z\304b|n\015@Dm/\001\"n#J"
  46      F482EBC5 
  46      5AC4627C 
  46      6E0D4044 
  46      6D2F0122 
  47 0088 3F205418 		.ascii	"? T\030\267l\254\\B\011g\345`Q\210z\373\325\375\271"
  47      B76CAC5C 
  47      420967E5 
  47      6051887A 
  47      FBD5FDB9 
  48 009c 81F5B6A8 		.ascii	"\201\365\266\250\211\337\276\217.\022q\037B\021\341"
  48      89DFBE8F 
  48      2E12711F 
  48      4211E1
  49 00ab 226D30A2 		.ascii	"\"m0\242&&\013dz\263.V\205\340\013b\307\367\271\213"
  49      26260B64 
  49      7AB32E56 
  49      85E00B62 
  49      C7F7B98B 
  50 00bf 9CC1C17D 		.ascii	"\234\301\301}s\367\033\252\276\326\374\361=\"\352\242"
  50      73F71BAA 
  50      BED6FCF1 
  50      3D22EAA2 
  51 00cf BAE5FB29 		.ascii	"\272\345\373)\027-\006\271]\200\264\006`{\353D\275\371"
  51      172D06B9 
  51      5D80B406 
  51      607BEB44 
  51      BDF9
  52 00e1 F3F2BC98 		.ascii	"\363\362\274\230n\372\376\031E\233\377\037m\001\033"
  52      6EFAFE19 
  52      459BFF1F 
  52      6D011B
  53 00f0 988367AC 		.ascii	"\230\203g\254\331\366\375{\313\357\016\037@r-\223\213"
  53      D9F6FD7B 
  53      CBEF0E1F 
  53      40722D93 
  53      8B
  54 0101 6309C102 		.ascii	"c\011\301\002\027\355\020\2550L\206\365Pl\221bqr\207"
  54      17ED10AD 
  54      304C86F5 
  54      506C9162 
  54      717287
  55 0114 12D224C9 		.ascii	"\022\322$\311@\212L8-MFn\263r\325+M\177\007\213\206"
  55      408A4C38 
  55      2D4D466E 
  55      B372D52B 
  55      4D7F078B 
  56 0129 0DD342D4 		.ascii	"\015\323B\324\016\025p\211\366\306[TbF\310\322\005\214"
  56      0E157089 
  56      F6C65B54 
  56      6246C8D2 
ARM GAS  /tmp/ccQHKBwS.s 			page 4


  56      058C
  57 013b 22A389BF 		.ascii	"\"\243\211\277\206\273\333\336\347MV\300\025\264\301"
  57      86BBDBDE 
  57      E74D56C0 
  57      15B4C1
  58 014a 416B0A26 		.ascii	"Ak\012&I\304 <\0264\256\270\030y\010\017\250\221\036"
  58      49C4203C 
  58      1634AEB8 
  58      1879080F 
  58      A8911E
  59 015d 07B96C28 		.ascii	"\007\271l(\252\332\270\032l\353-\3144\007u=\300\024"
  59      AADAB81A 
  59      6CEB2DCC 
  59      3407753D 
  59      C014
  60 016f 6C8B5991 		.ascii	"l\213Y\221v1VD\235D\230\016\206\034\014\313\362x\013"
  60      76315644 
  60      9D44980E 
  60      861C0CCB 
  60      F2780B
  61 0182 49694217 		.ascii	"IiB\027\216\"\007z\021\244\301\233\365~m`WtC\3115\220"
  61      8E22077A 
  61      11A4C19B 
  61      F57E6D60 
  61      577443C9 
  62 0198 8440EC28 		.ascii	"\204@\354(\313\371\202\304$\315\027\012\270JA\235Jq"
  62      CBF982C4 
  62      24CD170A 
  62      B84A419D 
  62      4A71
  63 01aa A9625EEC 		.ascii	"\251b^\354\314\304\264?\240#YDft\250\336R\272\250\223"
  63      CCC4B43F 
  63      A0235944 
  63      6674A8DE 
  63      52BAA893 
  64 01be A85051A5 		.ascii	"\250PQ\245\323xA\273\2649\264\3358#\315\031\305\373"
  64      D37841BB 
  64      B439B4DD 
  64      3823CD19 
  64      C5FB
  65 01d0 D56BBC47 		.ascii	"\325k\274G\035r0\356\310\026\245zn\\\011\362\312\222"
  65      1D7230EE 
  65      C816A57A 
  65      6E5C09F2 
  65      CA92
  66 01e2 906F0656 		.ascii	"\220o\006VT\341\207\255\244\311I\346\341\010\201j\032"
  66      54E187AD 
  66      A4C949E6 
  66      E108816A 
  66      1A
  67 01f3 951C384C 		.ascii	"\225\0348L\3051iRS\224\255\030\236v\031\322\344\225"
  67      C5316952 
  67      5394AD18 
  67      9E7619D2 
  67      E495
  68 0205 45D90874 		.ascii	"E\331\010t\200\007L(\263\007\030\377\005\234utC\001"
  68      80074C28 
ARM GAS  /tmp/ccQHKBwS.s 			page 5


  68      B30718FF 
  68      059C7574 
  68      4301
  69 0217 E9BD0A3B 		.ascii	"\351\275\012;\033<\336<<\221\247r\214\330:\017\"\354"
  69      1B3CDE3C 
  69      3C91A772 
  69      8CD83A0F 
  69      22EC
  70 0229 62EFFE0F 		.ascii	"b\357\376\017\302\\v\347n%\240\204z\371\205\005\257"
  70      C25C76E7 
  70      6E25A084 
  70      7AF98505 
  70      AF
  71 023a EA383C17 		.ascii	"\3528<\027\263\362HA\263{\337>v\237^\277\271d\243z\024"
  71      B3F24841 
  71      B37BDF3E 
  71      769F5EBF 
  71      B964A37A 
  72 024f 2DA05F04 		.ascii	"-\240_\004o\301\364\247j\314\244\351\034\273\333\330"
  72      6FC1F4A7 
  72      6ACCA4E9 
  72      1CBBDBD8 
  73 025f 26982AF6 		.ascii	"&\230*\366\210\023\012o\331\262\324\326\257[\361\257"
  73      88130A6F 
  73      D9B2D4D6 
  73      AF5BF1AF 
  74 026f 28FEA500 		.ascii	"(\376\245\000?\375\257`\003\252\355\365\250\216J\204"
  74      3FFDAF60 
  74      03AAEDF5 
  74      A88E4A84 
  75 027f 3E833842 		.ascii	">\2038B\315x\011\371j2\347\313\356\355\261\362\304\321"
  75      CD7809F9 
  75      6A32E7CB 
  75      EEEDB1F2 
  75      C4D1
  76 0291 D2C48993 		.ascii	"\322\304\211\223\303\247\206\212\020\276y\347\\\351"
  76      C3A7868A 
  76      10BE79E7 
  76      5CE9
  77 029f DAD0B0AD 		.ascii	"\332\320\260\255\346\350\215\362\365\322\331[\343\343"
  77      E6E88DF2 
  77      F5D2D95B 
  77      E3E3
  78 02ad 636574FF 		.ascii	"cet\377\000\374[\017\011"
  78      00FC5B0F 
  78      09
  79              		.text
  80              		.section	.gnu.lto_ms5607_stop.29de982de630aa6f,"",%progbits
  81 0000 789C6362 		.ascii	"x\234cb`b@\007\222@|\005\210\205\201\230\221\231\201"
  81      60624007 
  81      92407C05 
  81      88858198 
  81      919981
  82 0013 9169C239 		.ascii	"\221i\3029\006\206F\016&FF\020\203\201\221\241\236\211"
  82      0686460E 
  82      26464610 
  82      838191A1 
ARM GAS  /tmp/ccQHKBwS.s 			page 6


  82      9E89
  83 0025 B13E9211 		.ascii	"\261>\222\021\254v=\323\201\007\377\377\257\333\324"
  83      AC763DD3 
  83      8107FFFF 
  83      AFDBD4
  84 0034 FA88958D 		.ascii	"\372\210\225\215\2211\227\021h\\&#\003\013\220\005\222"
  84      91319711 
  84      685C2623 
  84      030B9005 
  84      92
  85 0045 67656869 		.ascii	"gehih\230\240\300\300\220\014V\035\002$AF\20422\201"
  85      6898A0C0 
  85      C0900C56 
  85      1D022441 
  85      46843232 
  86 005a 68E6B30C 		.ascii	"h\346\263\014M\277\232_\337bJd\\\310\310\312\220\316"
  86      4DBF9A5F 
  86      DF624A64 
  86      5CC8C8CA 
  86      90CE
  87 006c C854CD50 		.ascii	"\310T\315P\005\324\255\315\260\252\001\010b3\031\031"
  87      05D4ADCD 
  87      B0AA0108 
  87      62331919 
  88 007c 6733CC62 		.ascii	"g3\314b\314ddJgd\214\000\322\314`+\223\030\221\334z"
  88      CC64644A 
  88      67648C00 
  88      D2CC602B 
  88      931891DC 
  89 0091 9EA1F580 		.ascii	"\236\241\365\2006D?\003C5\303\257\206\216\006\201LF"
  89      36443F03 
  89      4335C3AF 
  89      868E0681 
  89      4C46
  90 00a3 96644688 		.ascii	"\226dF\210\242t\220^\226L\220\354E\206\306\007\267\271"
  90      A274905E 
  90      964C90EC 
  90      4586C607 
  90      B7B9
  91 00b5 204A4186 		.ascii	" JA\206\261\301\214\010\001\252\005\272\006\024\016"
  91      B1C18C08 
  91      01AA05BA 
  91      06140E
  92 00c4 822E4599 		.ascii	"\202.E\231e\251E\305\372\271\305\246f\006\346z\311\014"
  92      65A945C5 
  92      FAB9C5A6 
  92      6606E67A 
  92      C90C
  93 00d6 00CDB136 		.ascii	"\000\315\2616\317"
  93      CF
  94              		.text
  95              		.section	.gnu.lto_ms5607_reset.29de982de630aa6f,"",%progbits
  96 0000 789C5D51 		.ascii	"x\234]Q=K\003A\020}o/\027/\026\242 \210 \"\266\202Z"
  96      3D4B0341 
  96      107D6F2F 
  96      172F16A2 
  96      20882022 
ARM GAS  /tmp/ccQHKBwS.s 			page 7


  97 0017 A8F901FA 		.ascii	"\250\371\001\372\023\"\3042\306\020\256\270\346N,\014"
  97      1322C432 
  97      C610AEB8 
  97      E64E2C0C 
  98 0027 928D5AA4 		.ascii	"\222\215Z\244\222\240\215\230*\210\215 \0266\001\233"
  98      92A08D98 
  98      2A888D20 
  98      1636019B 
  99 0037 60ED679D 		.ascii	"`\355g\235&\275\245\335\025\236\263\267*\321\201\235"
  99      26BDA5DD 
  99      159EB3B7 
  99      2AD1819D 
 100 0047 D961DEBE 		.ascii	"\331a\336\276\367\206UP\370\037\323r\"\0023R\351\200"
 100      F7865550 
 100      F81FD372 
 100      22023352 
 100      E980
 101 0059 AAF50C34 		.ascii	"\252\365\0144<E\232\013\210\272b}\213\006\312ytt\357"
 101      3C459A0B 
 101      88BA627D 
 101      8B06CA79 
 101      7474EF
 102 006c 7470D53F 		.ascii	"tp\325?\231\322\003\335\322\237IB\237B:I\224\211\242"
 102      99D203DD 
 102      D29F4942 
 102      9F423A49 
 102      9489A2
 103 007f 34F4D2A2 		.ascii	"4\364\322\242\370W\345V\365\006I\362x\363\232\367\034"
 103      F857E556 
 103      F50649F2 
 103      78F39AF7 
 103      1C
 104 0090 0644063E 		.ascii	"\006D\006>\235\254\244\214\014]\034k\335\232+\261#\012"
 104      9DACA48C 
 104      0C5D1C6B 
 104      DD9A2BB1 
 104      230A
 105 00a2 304C1205 		.ascii	"0L\022\005\311\306\301&\225\251\316\023\016\273\335"
 105      C9C6C126 
 105      95A9CE13 
 105      0EBBDD
 106 00b1 FE588997 		.ascii	"\376X\211\227ta\241F\010\263\202\225Y|t\377\341\330"
 106      7461A146 
 106      08B38295 
 106      597C74FF 
 106      E1D8
 107 00c3 6195991A 		.ascii	"a\225\231\032\366\205\177\001\327Z\342L`n\033\027R\262"
 107      F6857F01 
 107      D75AE24C 
 107      606E1B17 
 107      52B2
 108 00d5 553AE6D5 		.ascii	"U:\346\325Hjj{\330\344\013\316u\361\207 [C\254\233z"
 108      486A6A7B 
 108      D8E40BCE 
 108      75F18720 
 108      5B43AC9B 
 109 00ea DCA757A6 		.ascii	"\334\247W\246E\245\254\261\341;\360\231\263\006,\334"
ARM GAS  /tmp/ccQHKBwS.s 			page 8


 109      45A5ACB1 
 109      E13BF099 
 109      B3062CDC 
 110 00fa FAB0EBE7 		.ascii	"\372\260\353\347\276;\310j\243\306\330\303\273\032\266"
 110      BE3BC86A 
 110      A3C6D8C3 
 110      BB1AB6
 111 0109 BC823BDD 		.ascii	"\274\202;\335\264\000\274\241\321s\177\025\255\213\202"
 111      B400BCA1 
 111      D1737F15 
 111      AD8B82
 112 0118 A8C9B6E6 		.ascii	"\250\311\266\346\233&6B\177\257\022FKA\264\272\266\234"
 112      9B263642 
 112      7FAF1246 
 112      4B41B4BA 
 112      B69C
 113 012a 5F2CC30B 		.ascii	"_,\303\013+Qew=\330\371\002\007c^/"
 113      2B516577 
 113      3DD8F902 
 113      07635E2F 
 114              		.text
 115              		.section	.gnu.lto_ms5607_readPressure.29de982de630aa6f,"",%progbits
 116 0000 789C8551 		.ascii	"x\234\205Q\277KBQ\024>\347>MM\263\202\240\202\206p\012"
 116      BF4B4251 
 116      143EE73E 
 116      4D4DB382 
 116      A0828670 
 117 0015 826AE8C7 		.ascii	"\202j\350\307\030\201CS\223A\215/\025y\203\020\317~"
 117      18814353 
 117      93418D2F 
 117      15798310 
 117      CF7E
 118 0027 800E5ECB 		.ascii	"\200\016^\313A\"B\232\242h\020\213\240E\"\002G\011\002"
 118      4122429A 
 118      A268108B 
 118      A0452202 
 118      470902
 119 003a 87ECC7D6 		.ascii	"\207\354\307\326\020\370\210\206\240\177 \034|\235\373"
 119      10F88886 
 119      A07F201C 
 119      7C9DFB
 120 0049 AE9226D1 		.ascii	"\256\222&\321\205w\317\275\357\373\316w\276s\017\003"
 120      8577CFBD 
 120      EFFBCE77 
 120      BE730F03 
 121 0059 06BFD730 		.ascii	"\006\277\3270}\333\364{\214\"*\200,\373\000\220r2Dq"
 121      7DDBF47B 
 121      8C222A80 
 121      2CFB0090 
 121      72324471 
 122 006d 008424C3 		.ascii	"\000\204$\303\344*\012*\363A\216\227\016\215\273\352"
 122      E42A0A2A 
 122      F3418E97 
 122      0E8DBBEA 
 123 007d C1203778 		.ascii	"\301 7x\226\327M\0235$\321\001\204 \302\012]\320i\005"
 123      96D74D13 
 123      3524D101 
ARM GAS  /tmp/ccQHKBwS.s 			page 9


 123      8420C20A 
 123      5DD06905 
 124 0091 86ED55AC 		.ascii	"\206\355U\254\314l\251n/\363t\3114\3475T\030\214\374"
 124      CC6CA96E 
 124      2FF374C9 
 124      34E73554 
 124      188CFC
 125 00a4 640DC92C 		.ascii	"d\015\311,\245=\253\300J\206i\276\026\236\336\321\255"
 125      A53DABC0 
 125      4A8669BE 
 125      169EDED1 
 125      AD
 126 00b5 6014C106 		.ascii	"`\024\301\006\032\332\010\260C\232\363\354\250\2129"
 126      1ADA08B0 
 126      439AF3EC 
 126      A88A39
 127 00c4 F4818A79 		.ascii	"\364\201\212y\332Ah\321\012\320.\234/#\023Q\251\300"
 127      DA4168D1 
 127      0AD02E9C 
 127      2F231351 
 127      A9C0
 128 00d6 4EF1A5EA 		.ascii	"N\361\245\352U\361\034\355 \023D)X$.a\265\335\213\375"
 128      55F11CED 
 128      20134429 
 128      58242E61 
 128      B5DD8BFD 
 129 00ea 250946D0 		.ascii	"%\011F\320\226\2008\025\030\207KN\353\206h\366\0238"
 129      96803815 
 129      18874B4E 
 129      EB8668F6 
 129      1338
 130 00fc A6D01541 		.ascii	"\246\320\025AEd9,[k\255\315=\302\021/*R\001 \0015\236"
 130      4564392C 
 130      5B6BADCD 
 130      3DC2112F 
 130      2A520120 
 131 0113 E17D1A3A 		.ascii	"\341}\032:\203(Y\226jM\350\235\222\200\253i\331\242"
 131      83285996 
 131      6A4DE89D 
 131      9280AB69 
 131      D9A2
 132 0125 5B46E40B 		.ascii	"[F\344\013\270\0327\240\016\273\205j\332\330\313c\207"
 132      B81A37A0 
 132      0EBB856A 
 132      DAD8CB63 
 132      87
 133 0136 AC3B8872 		.ascii	"\254;\210r\204\202\354\011\021\271\307j\243\370\365"
 133      8482EC09 
 133      11B9C76A 
 133      A3F8F5
 134 0145 F6811D3D 		.ascii	"\366\201\035=6\375\335_\235\261\177\034\306\377\360"
 134      36FDDD5F 
 134      9DB17F1C 
 134      C6FFF0
 135 0154 66215EF9 		.ascii	"f!^\371\304\255\210\"}V\340\366\223\265\326\235\206"
 135      C4AD8822 
 135      7D56E0F6 
ARM GAS  /tmp/ccQHKBwS.s 			page 10


 135      93B5D69D 
 135      86
 136 0165 6B9E69D4 		.ascii	"k\236i\324n\003\363-\240\030\3633\244\214r\263C!\331"
 136      6E03F32D 
 136      A018F333 
 136      A48C72B3 
 136      4321D9
 137 0178 DB7CD100 		.ascii	"\333|\321\000\371\242\311\211>\373\375\272\266\025\326"
 137      F9A2C989 
 137      3EFBFDBA 
 137      B615D6
 138 0187 6393D1D8 		.ascii	"c\223\321\330\314\354\324\334D\020\034z8\262\020\012"
 138      CCECD4DC 
 138      44101C7A 
 138      38B2100A 
 139 0197 E99E753D 		.ascii	"\351\236u=\034\213m\352a\277\272\241~\003t\260\235\316"
 139      1C8B6DEA 
 139      61BFBAA1 
 139      7E0374B0 
 139      9DCE
 140              		.text
 141              		.section	.gnu.lto_ms5607_readTemperature.29de982de630aa6f,"",%progbits
 142 0000 789C6362 		.ascii	"x\234cb`b@\007\222@\034\015\304\302@\314\310\314\300"
 142      60624007 
 142      92401C0D 
 142      C4C240CC 
 142      C8CCC0
 143 0013 C834E11C 		.ascii	"\3104\341\034\003C#\007\023##\210\301\300\310P\317\304"
 143      03432307 
 143      13232388 
 143      C1C0C850 
 143      CFC4
 144 0025 581FC908 		.ascii	"X\037\311\010V\273\236\351\300\203\377\377\327\315;"
 144      56BB9EE9 
 144      C083FFFF 
 144      D7CD3B
 145 0034 BEE01623 		.ascii	"\276\340\026##\310(V\206\226\206\206\011\012\014\014"
 145      23C82856 
 145      86968686 
 145      090A0C0C 
 146 0044 C9600521 		.ascii	"\311`\005!@\022\244+\024(\011\244\231/24>\270\271\230"
 146      4012A42B 
 146      142809A4 
 146      992F3234 
 146      3EB8B998 
 147 0058 31917121 		.ascii	"1\221q!#+C\004c&#\334\326\020FF\220\012\220\031\202"
 147      232B4304 
 147      632623DC 
 147      D6104646 
 147      900A9019 
 148 006d 2E459965 		.ascii	".E\231e\251E\305\372\271\305\246f\006\346z\311\014\000"
 148      A945C5FA 
 148      B9C5A666 
 148      06E67AC9 
 148      0C00
 149 007f A79A1FB4 		.ascii	"\247\232\037\264"
 150              		.text
ARM GAS  /tmp/ccQHKBwS.s 			page 11


 151              		.section	.gnu.lto_ms5607_readPROMValues.29de982de630aa6f,"",%progbits
 152 0000 789C6362 		.ascii	"x\234cb`b@\007\222@\034\015\304\302@\314\310\314\300"
 152      60624007 
 152      92401C0D 
 152      C4C240CC 
 152      C8CCC0
 153 0013 C834E11C 		.ascii	"\3104\341\034\003C#\007\023##\210\301\300\310P\317\304"
 153      03432307 
 153      13232388 
 153      C1C0C850 
 153      CFC4
 154 0025 581FC908 		.ascii	"X\037\311\010V\273\236\351\300\203\377\377\327]8\276"
 154      56BB9EE9 
 154      C083FFFF 
 154      D75D38BE 
 155 0035 E0352323 		.ascii	"\3405##\310(V\206\226\206\206\011\012\014\014\311`\005"
 155      C8285686 
 155      96868609 
 155      0A0C0CC9 
 155      6005
 156 0047 214012A4 		.ascii	"!@\022\244+\024(\011\244\231/24>x\265\2301\221q!#+C"
 156      2B142809 
 156      A4992F32 
 156      343E78B5 
 156      98319171 
 157 005f 04632623 		.ascii	"\004c&#\334\326\020FF\220\012\220\031\202.E\231e\251"
 157      DCD61046 
 157      46900A90 
 157      19822E45 
 157      9965A9
 158 0072 45C5FAB9 		.ascii	"E\305\372\271\305\246f\006\346z\311\014\000\303\352"
 158      C5A66606 
 158      E67AC90C 
 158      00C3EA
 159 0081 2008     		.ascii	" \010"
 160              		.text
 161              		.section	.gnu.lto_.symbol_nodes.29de982de630aa6f,"",%progbits
 162 0000 789C4DC7 		.ascii	"x\234M\307\273\021\202@\030E\341\373\337\225\005J\260"
 162      BB118240 
 162      1845E1FB 
 162      DF95054A 
 162      B0
 163 0011 DA8B028A 		.ascii	"\332\213\002\212FV`B\025\306\244\2145\350\330\0021\203"
 163      46566042 
 163      15C6A48C 
 163      35E8D802 
 163      3183
 164 0023 0C8FDD93 		.ascii	"\014\217\335\223\234\371\010\242\307\032O\024\360x\003"
 164      9CF908A2 
 164      C71A4F14 
 164      F07803
 165 0032 D2B3319E 		.ascii	"\322\2631\236)\213XR\214XQ.bM\035\"^\250$\320\032\312"
 165      298B5852 
 165      8C58512E 
 165      624D1D22 
 165      5EA824D0 
 166 0048 2F2C0AB3 		.ascii	"/,\012\263+\225\006\335\250,\350N\345\273\034R\264\237"
ARM GAS  /tmp/ccQHKBwS.s 			page 12


 166      2B9506DD 
 166      A82CE84E 
 166      E5BB1C52 
 166      B49F
 167 005a F17F8FF2 		.ascii	"\361\177\217\3625\034\235e\213\351\321\315w\333s\374"
 167      351C9D65 
 167      8BE9D1CD 
 167      77DB73FC 
 168 006a 56B7DFD1 		.ascii	"V\267\337\3210\001\244&>\000"
 168      3001A426 
 168      3E00
 169              		.text
 170              		.section	.gnu.lto_.refs.29de982de630aa6f,"",%progbits
 171 0000 789C6362 		.ascii	"x\234cb`b`d\200\002\000\000F\000\006"
 171      60626064 
 171      80020000 
 171      460006
 172              		.text
 173              		.section	.gnu.lto_.decls.29de982de630aa6f,"",%progbits
 174 0000 789CBD5B 		.ascii	"x\234\275[{t\024E\272\357\307\220\311$\331\020\340\342"
 174      7B741445 
 174      BAEFC790 
 174      C924D910 
 174      E0E2
 175 0012 C55DEF75 		.ascii	"\305]\357u\366\034\367\036\216\253\344\001\3628\334"
 175      F61CF71E 
 175      8EABE401 
 175      F238DC
 176 0021 ABB00948 		.ascii	"\253\260\011H\274\274N\022\\\371c\357\330\3164d\326"
 176      BCBC4E12 
 176      5CF963EF 
 176      D8CE3464 
 176      D6
 177 0032 4C66ECE9 		.ascii	"Lf\354\351@\370\313&@VP0\020\220\200\020\342\345!\272"
 177      40F8CB26 
 177      40565030 
 177      10908010 
 177      E2E521BA 
 178 0046 884440C0 		.ascii	"\210D@\300\0150\250H\004\015 \206G\024\031w\005y\210"
 178      0D30A848 
 178      040D2086 
 178      47141977 
 178      057988
 179 0059 CBC3F010 		.ascii	"\313\303\360\020In\325\327\3353\325\235\356\231\356"
 179      496ED5D7 
 179      DD33D59D 
 179      EE99EE
 180 0068 59F7CE39 		.ascii	"Y\367\3169US]S\365\253\357Y_Uu\015C1\324\323\014Eu\243"
 180      55535D53 
 180      F5ABEF59 
 180      5F55750D 
 180      4331D4D3 
 181 0080 4FEDE314 		.ascii	"O\355\343\024\2659\235\242\234\024E=\212\222\003\245"
 181      B5399DA2 
 181      9C14453D 
 181      8A9203A5 
 182 0090 D750DA4E 		.ascii	"\327P\332N\311u}P;\374\311@\251/*\347\2424\022\245\321"
ARM GAS  /tmp/ccQHKBwS.s 			page 13


 182      C9757D50 
 182      3BFCC940 
 182      A92F2AE7 
 182      A23412A5 
 183 00a5 283D81D2 		.ascii	"(=\201\322d\224\312P\372\003J>\224\374J{\362\203\373"
 183      6494CA50 
 183      FA034A3E 
 183      94FC4A7B 
 183      F283FB
 184 00b8 F547DF34 		.ascii	"\365G\3374J\331(e)\370\001T\377{F\036\223U\306\275\007"
 184      4AD92865 
 184      29F80154 
 184      FF7B461E 
 184      9355C6BD 
 185 00cd B74529C8 		.ascii	"\267E)\310\310\343\377\017\372\01612\035\317\2414\005"
 185      C8E3FF0F 
 185      FA0E3132 
 185      1DCFA134 
 185      05
 186 00de A51604F4 		.ascii	"\245\026\004\364\357\350\273\006}\343\341~\205\262\177"
 186      EFE8BB06 
 186      7DE3E17E 
 186      85B27F
 187 00ed 63648CBE 		.ascii	"cd\214\276\012-e\312\363@\364\375 J\017\351\350\312"
 187      0A2D65CA 
 187      F340F4FD 
 187      204A0FE9 
 187      E8CA
 188 00ff 55F0F1F8 		.ascii	"U\360\361\370\344\270\002J\274\202M+\330\214\322\336"
 188      E4B8024A 
 188      BC824D2B 
 188      D88CD2DE 
 189 010f A79487A1 		.ascii	"\247\224\207\241l\270\016\017\313$S\341K\345\361\367"
 189      6CB80E0F 
 189      CB2453E1 
 189      4BE5F1F7 
 190 011f 0A0E89AF 		.ascii	"\012\016\211\257\362\202\371 \361G*4\343\272\307t\330"
 190      F282F920 
 190      F1472A34 
 190      E3BAC774 
 190      D8
 191 0130 58D6393A 		.ascii	"X\3269:\3540\323\223v\022\273J\341\357\217\350{\206"
 191      EC30D393 
 191      7612BB4A 
 191      E1EF8FE8 
 191      7B86
 192 0142 8E1F56C1 		.ascii	"\216\037V\301,S\364\205\353\307\352\306|B\251\307\375"
 192      2C53F485 
 192      EBC7EAC6 
 192      7C42A9C7 
 192      FD
 193 0153 2845774F 		.ascii	"(EwO\030\350v\262A\273\311F6@-\226\320\307\335\212\030"
 193      18E876B2 
 193      41BBC946 
 193      36402D96 
 193      D0C7DD8A 
 194 0168 788AE6E8 		.ascii	"x\212\346\350l\027\3654\024\262\\\300\317o\250u\222"
ARM GAS  /tmp/ccQHKBwS.s 			page 14


 194      6C17F534 
 194      14B25CC0 
 194      CF6FA875 
 194      92
 195 0179 54179DF7 		.ascii	"T\027\235\367\"\355\346\350\327\350\276H(\003h\352A"
 195      22EDE6E8 
 195      D7E8BE48 
 195      280368EA 
 195      41
 196 018a EA0DD4A9 		.ascii	"\352\015\324\251N\222j\372\365\204L\212IQ\034\275\036"
 196      4E926AFA 
 196      F5844C8A 
 196      49511CBD 
 196      1E
 197 019b 4171F43A 		.ascii	"Aq\364:\372Ay\004)\262\333\347\226k)\245\336\340\363"
 197      FA417904 
 197      29B2DBE7 
 197      966B29A5 
 197      DEE0F3
 198 01ae 6BAA090D 		.ascii	"k\252\011\015\0319\272m\027-\325f9\251Z\364$E\347\325"
 198      1939BA6D 
 198      172DD566 
 198      39A95AF4 
 198      2445E7D5 
 199 01c2 0C68888F 		.ascii	"\014h\210\217\224\256\216D\307\250\217\354Jg8z#\355"
 199      94AE8E44 
 199      C7A88FEC 
 199      4A67387A 
 199      23ED
 200 01d4 44C4FF96 		.ascii	"D\304\377\226\326\300[\300\300\364\374\031\365\325P"
 200      D6C05BC0 
 200      C0F4FC19 
 200      F5D550
 201 01e3 DBEC60E4 		.ascii	"\333\354`\344\332\004\324\262\024\330\320H\032\320\034"
 201      DA04D4B2 
 201      14D8D048 
 201      1AD01C
 202 01f2 AE785551 		.ascii	"\256xUQ\254\212&\032\026\307jU=\341G\332\025/t\323\232"
 202      AC8A261A 
 202      16C76A55 
 202      3DE147DA 
 202      152F74D3 
 203 0207 0148BA38 		.ascii	"\001H\2728z\023\375\033\224\277E\263\206\335\030j\""
 203      7A13FD1B 
 203      94BF45B3 
 203      86DD186A 
 203      22
 204 0218 AD88DD88 		.ascii	"\255\210\335\210I\245\030\0376[}P\205~\354\207\235X"
 204      49A5181F 
 204      365B7D50 
 204      857EEC87 
 204      9D58
 205 022a E82EEA05 		.ascii	"\350.\352\005\020\330z)\211\320\243\247j\337\372\255"
 205      10D87A29 
 205      89D0A3A7 
 205      6ADFFAAD 
 206 023a 24A573F4 		.ascii	"$\245s\364v\032s4K+x\3538\365\013\032\207\003\316N\300"
ARM GAS  /tmp/ccQHKBwS.s 			page 15


 206      761A7334 
 206      4B2B78EB 
 206      38F50B1A 
 206      8703CE4E 
 207 024f 7997D602 		.ascii	"y\227\326\002)\254\022BA\317j\203\244\002L\322\226\241"
 207      29AC1242 
 207      41CF6A83 
 207      A4024CD2 
 207      96A1
 208 0261 22B45DB1 		.ascii	"\"\264]\261\245\223b\213\356_\260\364^\251\351}:\223"
 208      A593628B 
 208      EE5FB0F4 
 208      5EA9E97D 
 208      3A93
 209 0273 5A80F96D 		.ascii	"Z\200\371m\252\225\306\265f\0338H\204U\301\206\307Y"
 209      AA95C6B5 
 209      661B3848 
 209      8455C186 
 209      C759
 210 0285 6F6E6BDF 		.ascii	"onk\337@\317\221$\364\303\036p\275\205\214\226\371\244"
 210      40CF9124 
 210      F4C31E70 
 210      BD858C96 
 210      F9A4
 211 0297 401C1DA1 		.ascii	"@\034\035\241\031\224\357\323\273\333\325\225Y\222C"
 211      1994EFD3 
 211      BBDBD595 
 211      599243
 212 02a6 AE4FEE70 		.ascii	"\256O\356p\267;\032\377U\212Fh\313\036\027=\363\331"
 212      B73B1AFF 
 212      558A4668 
 212      CB1E173D 
 212      F3D9
 213 02b8 897C50DA 		.ascii	"\211|P\332\207\340u\007\231\224\334\356\200\336\355"
 213      87E07507 
 213      9994DCEE 
 213      80DEED
 214 02c7 8ED6F6C6 		.ascii	"\216\326\366\306T\037\260\344x\355LO\317\2132\206\256"
 214      541FB0E4 
 214      78ED4C4F 
 214      CF8B3286 
 214      AE
 215 02d8 7781D1FA 		.ascii	"w\201\321\372\236R}=^\315\022\325\263\331X\265\203\250"
 215      9E527D3D 
 215      5ECD12D5 
 215      B3D958B5 
 215      83A8
 216 02ea 7E395EDD 		.ascii	"~9^\335\2130\211\204\366w\200p\340Vp\340\217M\034\230"
 216      8B308984 
 216      F6778070 
 216      E05670E0 
 216      8F4D1C98 
 217 02fe A3B7C634 		.ascii	"\243\267\3064\231\222\007G\233\027}s\216\256\237#\265"
 217      99920747 
 217      9B177D73 
 217      8EAE9F23 
 217      B5
ARM GAS  /tmp/ccQHKBwS.s 			page 16


 218 030f E6191923 		.ascii	"\346\031\031#jB'\016\002\221\335\035\264;\331\334\316"
 218      6A42270E 
 218      0291DD1D 
 218      B43BD9DC 
 218      CE
 219 0320 D127111B 		.ascii	"\321'\021\033V\"@\207\336$Ww\200IvX2\311\346\216e\366"
 219      56224087 
 219      DE245777 
 219      80497658 
 219      32C9E68E 
 220 0336 4C3272F5 		.ascii	"L2r\365\004\016a\247\301\036W\262)\331cTo\217\247\226"
 220      040E61A7 
 220      C11E57B2 
 220      29D96354 
 220      6F8FA796 
 221 034a 833D462D 		.ascii	"\203=F-\331\343\006\226\260=\245\256\23154\274\375\254"
 221      D9E30696 
 221      B03DA5AE 
 221      993534BC 
 221      FDAC
 222 035c D6F0AC98 		.ascii	"\326\360\254\230R\2240\245\257\301\224\376j\032\013"
 222      529430A5 
 222      AFC194FE 
 222      6A1A0B
 223 036b 4E00FF1D 		.ascii	"N\000\377\035)\007\203\255\035\313`VSfq\331\220bm\335"
 223      290783AD 
 223      1DCB6056 
 223      536671D9 
 223      90626DDD 
 224 037f 2A828322 		.ascii	"*\202\203\"\242\301\376}t\015Le\027a\036?\303\032\006"
 224      A2C1FE7D 
 224      740D4C65 
 224      17611E3F 
 224      C31A06
 225 0392 040B50F5 		.ascii	"\004\013P\365\013ZF\300\334r\031\200\316\263\372\200"
 225      0B5A46C0 
 225      DC721980 
 225      CEB3FA80 
 226 03a2 E0D40504 		.ascii	"\340\324\005\004\247v\222w\272\342\005\274\324\356M"
 226      A7769277 
 226      BAE205BC 
 226      D4EE4D
 227 03b1 D96D8E66 		.ascii	"\331m\216f\006\275\0005\204\032\011\320M\012\020\371"
 227      06BD0035 
 227      841A09D0 
 227      4D0A10F9 
 228 03c1 62DBBBF4 		.ascii	"b\333\273\364\265\032\251!\317\272\001\327w`\003\276"
 228      B51AA921 
 228      CFBA01D7 
 228      776003BE 
 229 03d1 0606DC9D 		.ascii	"\006\006\334\235\232\001w\352\015\370\216l\300\235\226"
 229      9A0177EA 
 229      0DF88E6C 
 229      C09D96
 230 03e0 0C7891A3 		.ascii	"\014x\221\243\247\001\257v\030\032\360\333\016\373\006"
 230      A701AF76 
 230      181AF0DB 
ARM GAS  /tmp/ccQHKBwS.s 			page 17


 230      0EFB06
 231 03ef DC4918F0 		.ascii	"\334I\030\360\0150\340\233\246\006\374\241\303\202\001"
 231      0D30E09B 
 231      A606FCA1 
 231      C38201
 232 03fe A71B1830 		.ascii	"\247\033\03001\236<\322\0270\322\227\364\257Q~\001\362"
 232      319E3CD2 
 232      1730D297 
 232      F4AF517E 
 232      01F2
 233 0410 AB288F7D 		.ascii	"\253(\217}\030\352\260Co_\362\014E \305\2472*\021\226"
 233      18EAB043 
 233      6F5FF20C 
 233      4520C5A7 
 233      322A1196 
 234 0424 91A9E00E 		.ascii	"\221\251\340\016\307\351\314\370p\247`\270}\251ZVd\305"
 234      C7E9CCF8 
 234      70A760B8 
 234      7DA95A56 
 234      64C5
 235 0436 178DF65C 		.ascii	"\027\215\366\\3\262wy\177l\003\263\031\254\302h\017"
 235      33B27779 
 235      7F6C03B3 
 235      19ACC268 
 235      0F
 236 0447 6E2FEAD7 		.ascii	"n/\352\327WV\374\343\222\025.\214\364\003\\H\221\255"
 236      5756FCE3 
 236      92152E8C 
 236      F4035C48 
 236      91AD
 237 0459 5F34D298 		.ascii	"_4\322\230\013\203@\"\321j\377\234\030\017\321\366o"
 237      0B834022 
 237      D16AFF9C 
 237      180FD1F6 
 237      6F
 238 046a CF9F53A6 		.ascii	"\317\237S\246\227Z\006\257\2246\364J\272R\322\0021\324"
 238      975A06AF 
 238      9436F44A 
 238      BA52D202 
 238      31D4
 239 047c 66E8329F 		.ascii	"f\3502\237\321\205\245N\316-\327&\013JR\344\346Y\227"
 239      D185A54E 
 239      CE2DD726 
 239      0B4A52E4 
 239      E65997
 240 048f B424CB60 		.ascii	"\264$\313`\250Q$\313\352\214x)z\357\307\222\224\303"
 240      A85124CB 
 240      EA8C7829 
 240      7AEFC792 
 240      94C3
 241 04a1 D10B81E2 		.ascii	"\321\013\201\342\313\306\0247\2152\303a\250\273\320"
 241      CBC61437 
 241      8D32C361 
 241      A8BBD0
 242 04b0 A54E4771 		.ascii	"\245NGqt\367\265\326_6\000r\235\005\262k\"\355\265\253"
 242      74F7B5D6 
 242      5F360072 
ARM GAS  /tmp/ccQHKBwS.s 			page 18


 242      9D05B26B 
 242      22EDB5AB 
 243 04c4 2DAD519B 		.ascii	"-\255Q\233\034\352\360Eq6N^\212\014\200\331x\031p\361"
 243      1CEAF045 
 243      71364E5E 
 243      8A0C80D9 
 243      781970F1 
 244 04d8 415A52B9 		.ascii	"AZR\271ka\030\352\023\350\322\320\223\213\350\257d."
 244      6B6118EA 
 244      13E8D2D0 
 244      938BE8AF 
 244      642E
 245 04ea 1A2C7171 		.ascii	"\032,qqG\341\202\243\2272\231\010\366x\014\326\252#"
 245      47E182A3 
 245      97329908 
 245      F6780CD6 
 245      AA23
 246 04fc 69F1BA3E 		.ascii	"i\361\272>\312\252\343T\260\323\266\301\334\032\260"
 246      CAAAE354 
 246      B0D3B6C1 
 246      DC1AB0
 247 050b FA03AB6C 		.ascii	"\372\003\253l\006\314\0257\317\337\273\033\330o\002"
 247      06CC1537 
 247      CFDFBB1B 
 247      D86F02
 248 051a C77CCBF9 		.ascii	"\307|\313\371\2638\346v\247\005F\314\035\023i\345\310"
 248      B338E676 
 248      A70546CC 
 248      1D1369E5 
 248      C8
 249 052b 7DBBDE91 		.ascii	"}\273\336\221\244\371i\252}\246\2311\302P-0\330z\275"
 249      A4F969AA 
 249      7DA69931 
 249      C2502D30 
 249      D87ABD
 250 053e 6657741D 		.ascii	"fWt\035yX\326\354zK\232\335qh\2715\373LS\207\367\301"
 250      7958D6EC 
 250      7A4B9ADD 
 250      7168B935 
 250      FB4C5387 
 251 0554 F05D30FC 		.ascii	"\360]0\374\233\372\341\267\377\357\205G\345\341\337"
 251      9BFAE1B7 
 251      FFEF8547 
 251      E5E1DF
 252 0563 B434FC99 		.ascii	"\2644\374\231\303\006[8\216~\264\177B\365u]\031\270"
 252      C3065B38 
 252      8E7EB47F 
 252      42F5755D 
 252      19B8
 253 0575 0606D90C 		.ascii	"\006\006\331\014\006\324\232\256W\337c\231\344X\360"
 253      06D49AAE 
 253      57DF6399 
 253      E458F0
 254 0584 4C3460A8 		.ascii	"L4`\250\243\351*\365)\331/bs\337co\200\246T\032\332"
 254      A3E92AF5 
 254      29D92F62 
 254      73DF636F 
ARM GAS  /tmp/ccQHKBwS.s 			page 19


 254      80A6541A 
 255 0599 6D236A8D 		.ascii	"m#j\215\370\332a\360\010\031\354\224\0250SC\252\211"
 255      F8DA61F0 
 255      0819EC94 
 255      15305343 
 255      AA89
 256 05ab FC40829D 		.ascii	"\374@\202\235\266\015\246\245\354\006\011\366\265\025"
 256      B60DA6A5 
 256      EC0609F6 
 256      B515
 257 05b9 B01C73CA 		.ascii	"\260\034s\312n\221`gm\203i)\373\221\004\273`\005l\200"
 257      6E916067 
 257      6D836929 
 257      FB9104BB 
 257      60056C80 
 258 05cd 39653F91 		.ascii	"9e?\221`\227m\203i)\353\"\301\256Z\001s\233SV\367\031"
 258      60976D83 
 258      6929EB22 
 258      C1AE5A01 
 258      739B5356 
 259 05e3 01D6691B 		.ascii	"\001\326i\033LK\331\022\022\354\266\025\260\201\346"
 259      4C4BD912 
 259      12ECB615 
 259      B081E6
 260 05f2 942D25C1 		.ascii	"\224-%\301\356\332\006\323R\366\012\0116\333e\001,\317"
 260      EEDA06D3 
 260      52F60A09 
 260      36DB6501 
 260      2CCF
 261 0604 9CB20612 		.ascii	"\234\262\006\022l\236m0-e+I\260\371V\300\206\233S\266"
 261      6C9E6D30 
 261      2D652B49 
 261      B0F956C0 
 261      869B53B6 
 262 0618 8A045B68 		.ascii	"\212\004[h\033LK\331\026\022l\261\025\260Q\346\224\275"
 262      1B4C4BD9 
 262      16126CB1 
 262      15B051E6 
 262      94BD
 263 062a 43822DB5 		.ascii	"C\202-\265\015\246\245l\033\011\266\334\012\3308s\312"
 263      0DA6A56C 
 263      1B09B6DC 
 263      0AD83873 
 263      CA
 264 063b DE25C156 		.ascii	"\336%\301V\332\006\323R\266\223\004[m\005l\2629e\357"
 264      DA06D352 
 264      B693045B 
 264      6D056CB2 
 264      3965EF
 265 064e 91604DB6 		.ascii	"\221`M\266\301\264\224\265\220`k\255\200=eN\331\036"
 265      C1B494B5 
 265      90606BAD 
 265      803D654E 
 265      D91E
 266 0660 12EC75DB 		.ascii	"\022\354u\333`Z\312\216\220`\177\266\002\366\264\001"
 266      605ACA8E 
 266      90607FB6 
ARM GAS  /tmp/ccQHKBwS.s 			page 20


 266      02F6B401 
 267 0670 65B18F51 		.ascii	"e\261\217Q?\034\246\337`\210\315\332f\227\272\300\261"
 267      3F1CA6DF 
 267      6088CDDA 
 267      6697BAC0 
 267      B1
 268 0681 19A3A938 		.ascii	"\031\243\2518\306;.\273+2\015\337x\235|\337{J\234\227"
 268      C63B2EBB 
 268      2B320DDF 
 268      789D7CDF 
 268      7B4A9C97 
 269 0695 17AB3BAD 		.ascii	"\027\253;\255 &\010\200+\017\020+\337\210m0\235)c0\315"
 269      20260880 
 269      2B0F102B 
 269      DF886D30 
 269      9D296330 
 270 06aa D22976F4 		.ascii	"\322)v\364\037I|\342\201\337/1\304{\202\001\306m9\372"
 270      1F497CE2 
 270      81DF2F31 
 270      C47B8201 
 270      C66D39FA 
 271 06be 1283B7F0 		.ascii	"\022\203\267\360\3371\256\030\025rY-\311G\006\255.\355"
 271      DF31AE18 
 271      1572592D 
 271      C94706AD 
 271      2EED
 272 06d0 8143EC93 		.ascii	"\201C\354\223\254\253\231%\\ -\341S+bJ\020\332\317\034"
 272      ACAB9925 
 272      5C202DE1 
 272      532B624A 
 272      10DACF1C 
 273 06e4 5805E799 		.ascii	"X\005\347\231\326\337\213\254\270yD\331 \\\201\015\302"
 273      D6DF8BAC 
 273      B87944D9 
 273      205C810D 
 273      C2
 274 06f5 E72EFD0A 		.ascii	"\347.\375\012s\273\3157#h\035\246\347\302\350X\305|"
 274      73BBCD37 
 274      23681DA6 
 274      E7C2E858 
 274      C57C
 275 0707 4D816CF1 		.ascii	"M\201l\361\344\375\2736K\322\2344;|\264*|t\002\037g"
 275      E4FDBB36 
 275      4BD29C34 
 275      3B7CB42A 
 275      7C74021F 
 276 071c 7F063E2E 		.ascii	"\177\006>.\333\346c\240\216\217\310@\373|\234T\370\370"
 276      DBE663A0 
 276      8E8FC840 
 276      FB7C9C54 
 276      F8F8
 277 072e 11F8E8FC 		.ascii	"\021\370\350\374\031\370\270k\233\217<\202\017\330\255"
 277      19F8B86B 
 277      9B8F3C82 
 277      0FD8AD
 278 073d 0D92776B 		.ascii	"\015\222wk\375\250%\211wk\230\236n\246\237\356|\373"
 278      FDA82589 
ARM GAS  /tmp/ccQHKBwS.s 			page 21


 278      776B989E 
 278      6EA69FEE 
 278      7CFB
 279 074f 203E72C4 		.ascii	" >r\304\325\026\016?\016\022[\\\311\332\026\367\212"
 279      D5160E3F 
 279      0E125B5C 
 279      C9DA16F7 
 279      8A
 280 0760 22B11A16 		.ascii	"\"\261\032\026Kln\206\301\221\260%\244S\037}\330\254"
 280      4B6C6E86 
 280      C191B025 
 280      A4531F7D 
 280      D8AC
 281 0772 1CFFCC03 		.ascii	"\034\377\314\003\250\005)C\325\037\334!\277n|\001\200"
 281      A8052943 
 281      D51FDC21 
 281      BF6E7C01 
 281      80
 282 0783 9664E8B5 		.ascii	"\226d\350\265\230\246Sb\232V\211\350\021\217t\013\357"
 282      98A65362 
 282      9A5689E8 
 282      118F740B 
 282      EF
 283 0794 B8E9E795 		.ascii	"\270\351\347\225\032\374\340\244\376\337\3731\324* "
 283      1AFCE0A4 
 283      FEDFFB31 
 283      D42A20
 284 07a3 1F2BD066 		.ascii	"\037+\320f\200\212\033\320C\273\224\340\"+i\355?\204"
 284      808A1BD0 
 284      43BB94E0 
 284      222B69ED 
 284      3F84
 285 07b5 5813D9FA 		.ascii	"X\023\331\372\242zL\363\030\016/\233\376A\270\243\207"
 285      A27A4CF3 
 285      180E2F9B 
 285      FE41B8A3 
 285      87
 286 07c6 EC1FAC44 		.ascii	"\354\037\254D~)[\335b`"
 286      7E295BDD 
 286      6260
 287 07d0 686B0F0D 		.ascii	"hk\017\015\247t\260\2627UFb\037\206\372(\303B\020q'"
 287      A774B0B2 
 287      37554662 
 287      1F86FA28 
 287      C3421071 
 288 07e5 D2D6AD41 		.ascii	"\322\326\255A\026\017gb\207\220\347\007\264\2020\226"
 288      160F6762 
 288      8790E707 
 288      B4823096 
 289 07f5 B3F8F8EE 		.ascii	"\263\370\370\356\240N\030\026\016yNA\227\225l\217\343"
 289      A04E1816 
 289      0E794E41 
 289      97956C8F 
 289      E3
 290 0806 BB23F7CA 		.ascii	"\273#\367\312\247,\370'\013\207<\232\343;\216^\3050"
 290      A72CF827 
 290      0B873C9A 
ARM GAS  /tmp/ccQHKBwS.s 			page 22


 290      E33B8E5E 
 290      C530
 291 0818 0A6CAAF2 		.ascii	"\012l\252\362\324\2500N\037\202f\361za5\2539\346\277"
 291      D4A8304E 
 291      1F8266F1 
 291      7A6135AB 
 291      39E6BF
 292 082b 605BF66E 		.ascii	"`[\366nR\366\221;\207V\3212\375\362q\356u=\336(r-\247"
 292      52F6913B 
 292      8756D132 
 292      FDF271EE 
 292      753DDE28 
 293 0842 144DF7AD 		.ascii	"\024M\367\255RdI\033,\302d\247\353\262B\\\202\255f\243"
 293      5264491B 
 293      2CC264A7 
 293      EBB2425C 
 293      82AD66A3 
 294 0856 0C261BFC 		.ascii	"\014&\033\374\334L\273`n\015\330\356E\006\307\305\362"
 294      DC4CBB60 
 294      6E0DD8EE 
 294      4506C7C5 
 294      F2
 295 0867 11B95960 		.ascii	"\021\271Y`\331\300\022K\245\227\255\214\237`w\332\336"
 295      D9C0124B 
 295      A597AD8C 
 295      9F6077DA 
 295      DE
 296 0878 B64AB114 		.ascii	"\266J\261\024\371dt\205m<-?W\027if\244uV\340FY6\274"
 296      F9647485 
 296      6D3C2D3F 
 296      57176966 
 296      A47556E0 
 297 0890 F8B93632 		.ascii	"\370\27162BX\250\276\312\3407C\253!_\003\371:\310\277"
 297      4258A8BE 
 297      CAE03743 
 297      AB215F03 
 297      F93AC8BF 
 298 08a4 81FC1CE4 		.ascii	"\201\374\034\344\347!\377;\344?@~\033\362.\310_a\241"
 298      E721FF3B 
 298      E43F407E 
 298      1BF22EC8 
 298      5F61A1
 299 08b7 2FE4AF41 		.ascii	"/\344\257A\276\026\362\365\220o\204\374M\322\274\315"
 299      BE16F2F5 
 299      906F84FC 
 299      4DD2BCCD 
 300 08c7 F422BB5A 		.ascii	"\364\"\273Z\3141U\257\253K\371\320\374x\374\320\234"
 300      CC3155AF 
 300      AB4BF9D0 
 300      FC78FCD0 
 300      9C
 301 08d8 A31B6D83 		.ascii	"\243\033m\203\271\023I\262\216\220\344\022\220d=Hc\223"
 301      B91349B2 
 301      8E90E412 
 301      90643D48 
 301      6393
 302 08ea D6913765 		.ascii	"\326\2217e\252\257q\0228\2369\013\321\317\277=\357\\"
ARM GAS  /tmp/ccQHKBwS.s 			page 23


 302      AAAF7112 
 302      389E390B 
 302      D1CFBF3D 
 302      EF5C
 303 08fc 2145E6B2 		.ascii	"!E\346\262\352\016h\233\0360\351\006M+\223.^w\343B~"
 303      EA0E689B 
 303      1E30E906 
 303      4D2B932E 
 303      5E77E342 
 304 0911 4765A693 		.ascii	"Ge\246\223f\322WZl\217\235P\204\363\011\021\276\010"
 304      66D2575A 
 304      6C8F9D50 
 304      84F30911 
 304      BE08
 305 0923 227C0944 		.ascii	"\"|\011D\270\031Lf\013)H\216^\300\350\356\233h_\230"
 305      B8194C66 
 305      0B29488E 
 305      5EC0E8EE 
 305      9B685F98 
 306 0937 25183CF6 		.ascii	"%\030<\366\222\273\363\270\301\205\023\371UQ\202\240"
 306      92BBF3B8 
 306      C18513F9 
 306      555182A0 
 307 0947 B47CCFA9 		.ascii	"\264|\317\251\3736A\350\330\306b\005\334\311\324G\350"
 307      FB3641E8 
 307      D8C66205 
 307      DCC9D447 
 307      E8
 308 0958 A58CEEF0 		.ascii	"\245\214\356\360\\g\310\014\265(\313\302\013\310\004"
 308      5C67C80C 
 308      B528CBC2 
 308      0BC804
 309 0967 3B99E645 		.ascii	";\231\346E7\217\323s\346H\033\363\224\225\205T+\015"
 309      378FD373 
 309      E6481BF3 
 309      94958554 
 309      2B0D
 310 0979 DC180F82 		.ascii	"\334\030\017\2029*\006\023\243;\262]~\221\272\013f\331"
 310      392A0613 
 310      A33BB25D 
 310      7E91BA0B 
 310      66D9
 311 098b 655986F7 		.ascii	"eY\206\367\033\222\303DO\325\356x\010V\240-\000\264"
 311      1B92C344 
 311      4FD5EE78 
 311      0856A02D 
 311      00B4
 312 099d 2665A0FA 		.ascii	"&e\240\372\005\257\313\027%\366\002\320\306,\275\030"
 312      05AFCB17 
 312      25F602D0 
 312      C62CBD18 
 313 09ad 59DD3A87 		.ascii	"Y\335:\207\325\256sXW\274\320\335\315R\377\304\306h"
 313      D5AE7358 
 313      57BCD0DD 
 313      CD52FFC4 
 313      C668
 314 09bf 19A65798 		.ascii	"\031\246W\230\206\243dk\037\254\260\273\212\261\251"
ARM GAS  /tmp/ccQHKBwS.s 			page 24


 314      86A3646B 
 314      1FACB0BB 
 314      8AB1A9
 315 09ce 374C765A 		.ascii	"7LvZ1\001\015\242\306\004\"?}\001s\231\014\366\276\025"
 315      31010DA2 
 315      C604223F 
 315      7D017399 
 315      0CF6BE15 
 316 09e2 B004C7D0 		.ascii	"\260\004\307\320\313\032\327\230\276\303jJz\365*\272"
 316      CB1AD798 
 316      BEC36A4A 
 316      7AF52ABA 
 317 09f2 EBDCC7FF 		.ascii	"\353\334\307\377\211/\002&\277~u\220\265v\375\352\023"
 317      892F0226 
 317      BF7E7590 
 317      B576FDEA 
 317      13
 318 0a03 56FF9EBB 		.ascii	"V\377\236\273\015\256_}bi\265v\323h\015`t\03316e\014"
 318      0DAE5F7D 
 318      6269B576 
 318      D3680D60 
 318      741B3136 
 319 0a19 883373E2 		.ascii	"\2103s\342\342\307\217\312\267\032\217\300\242\363\360"
 319      E2C78FCA 
 319      B71A8FC0 
 319      A2F3F0
 320 0a28 2F92DF6A 		.ascii	"/\222\337j\324\340`\372\216\351\351\337z\030\350?\226"
 320      D4E060FA 
 320      8EE9E9DF 
 320      7A18E83F 
 320      96
 321 0a39 9CFEB973 		.ascii	"\234\376\271s\";\224wz\340Ls\022n\0338\372\022\\\021"
 321      223B9477 
 321      7AE04C73 
 321      126E1B38 
 321      FA125C11 
 322 0a4d B1B209F8 		.ascii	"\261\262\011\370+pr\314\376\242U!k\247\374N\3468\370"
 322      2B7072CC 
 322      FEA25521 
 322      6BA7FC4E 
 322      E638F8
 323 0a60 EB59DB60 		.ascii	"\353Y\333`n\015\330{$\330E+`fA\014\201\265\220`\337"
 323      6E0DD87B 
 323      24D8452B 
 323      6066410C 
 323      81B59060 
 324 0a75 DB06D352 		.ascii	"\333\006\323R\266\207\004\273n\005\314\354\264\022\201"
 324      B68704BB 
 324      6E05CCEC 
 324      B41281
 325 0a84 1D21C16E 		.ascii	"\035!\301n\331\006s\033Y\011\325\303\3108\372s\3305"
 325      D906731B 
 325      5909D5C3 
 325      C838FA73 
 325      D835
 326 0a96 B443A43C 		.ascii	"\264C\244<\011y\007\344_B\376\025\344Q+\213\256\303"
 326      097907E4 
ARM GAS  /tmp/ccQHKBwS.s 			page 25


 326      5F42FE15 
 326      E4512B8B 
 326      AEC3
 327 0aa8 6480FF09 		.ascii	"d\200\377\011\010\376$5\213A\323\336\256s_\217\224O"
 327      08FE2435 
 327      8B41D3DE 
 327      AE735F8F 
 327      944F
 328 0aba 7F753116 		.ascii	"\177u1\026\313\303\214\202oH\012\346d\333\245\300MR"
 328      CBC38C82 
 328      6F480AE6 
 328      64DBA5C0 
 328      4D52
 329 0acc 10B9D326 		.ascii	"\020\271\323&\237\\\252\027\275_\320\343Y\275\232\245"
 329      9F5CAA17 
 329      BD5FD0E3 
 329      59BD9AA5 
 330 0adc 2E97DA32 		.ascii	".\227\3322\267<\255\202\275l\033Ls\375:Rw\230\000[a"
 330      B73CAD82 
 330      BD6C1B4C 
 330      73FD3A52 
 330      7798005B 
 331 0af1 1B2CA787 		.ascii	"\033,\247\207E\310\266\360)\330B\033\350\374o\220\237"
 331      45C8B6F0 
 331      29D8421B 
 331      E8FC6F90 
 331      9F
 332 0b02 83FC3CE4 		.ascii	"\203\374<\344\027\265\013\322\246l}\334\225\347X\002"
 332      17B50BD2 
 332      A66C7DDC 
 332      95E75802 
 333 0b12 353E1953 		.ascii	"5>\031SVq\315t\333J\352vk\266\335\250\245\321-\012\252"
 333      5671CD74 
 333      DB4AEA76 
 333      6BB6DDA8 
 333      A5D12D0A 
 334 0b27 07BE5583 		.ascii	"\007\276U\203j+\254\305vYAL\260\023\335\366\225\376"
 334      6A2BACC5 
 334      7659414C 
 334      B013DDF6 
 334      95FE
 335 0b39 7580D16C 		.ascii	"u\200\321l\317\220\264\305\242\306\276\251r\324\270"
 335      CF90B4C5 
 335      A2C6BEA9 
 335      72D4B8
 336 0b48 0651636F 		.ascii	"\006Qcov\362\250\301hy\344\350N}\324\270}\014\242F\247"
 336      76F2A8C1 
 336      6879E4E8 
 336      4E7DD4B8 
 336      7D0CA246 
 337 0b5d A5A871F7 		.ascii	"\245\250q\367\330Re\247(\3176\207\200\204\316\224\247"
 337      D85265A7 
 337      28CF3687 
 337      8084CE94 
 337      A7
 338 0b6e FBAE63C4 		.ascii	"\373\256c\304\324u\3306\230[\003Vw\234\000;f\005,\301"
 338      D475D836 
ARM GAS  /tmp/ccQHKBwS.s 			page 26


 338      985B0356 
 338      779C003B 
 338      66052CC1 
 339 0b82 74BF8404 		.ascii	"t\277\204\004;i\033LK\331R\022\354\264\025\260\004\323"
 339      3B691B4C 
 339      4BD95212 
 339      ECB415B0 
 339      04D3
 340 0b94 FD2B2458 		.ascii	"\375+$X\3246\230\226\262\006\022\354\033+`f\257p\020"
 340      D4369896 
 340      B20612EC 
 340      1B2B6066 
 340      AF7010
 341 0ba7 D84A12EC 		.ascii	"\330J\022\354\274m0-e\253H\260\357\254\200\271\315)"
 341      BC6D302D 
 341      65AB48B0 
 341      EFAC80B9 
 341      CD29
 342 0bb9 6B24C1AE 		.ascii	"k$\301\256\331\006s\033\271\204\374!=\212\243o\300\264"
 342      D906731B 
 342      B984FC21 
 342      3D8AA36F 
 342      C0B4
 343 0bcb 781326AB 		.ascii	"x\023&\253\333\220\337\201\374.\344\335\220\317v\340"
 343      DB90DF81 
 343      FC2EE4DD 
 343      90CF76E0 
 344 0bdb 7C0EE4F3 		.ascii	"|\016\344\363 \377\023\344\363\035\026&\267\253\344"
 344      20FF13E4 
 344      F31D1626 
 344      B7ABE4
 345 0bea E476D3F6 		.ascii	"\344v\323\366T\224\220\221\370_d8\372}X\361}\000Wx\333"
 345      54949091 
 345      F85F6438 
 345      FA7D58F1 
 345      7D005778 
 346 0bff 2197609F 		.ascii	"!\227`\237<\017\362\255\300\310N\310?\200|?\344\007"
 346      3C0FF2AD 
 346      C0C84EC8 
 346      3F807C3F 
 346      E407
 347 0c11 20FF1EF2 		.ascii	" \377\036\362+V\346\352\335\361\213\277h?\356\300\333"
 347      2B56E6EA 
 347      DDF18BBF 
 347      683FEEC0 
 347      DB
 348 0c22 EDF5295F 		.ascii	"\355\365)_)?{\360e\273w\362/E7(oM\026\302\375\355;="
 348      293F7BF0 
 348      65BB77F2 
 348      2F453728 
 348      6F4D16C2 
 349 0c3a 22554A47 		.ascii	"\"UJG\341\363z\323\3119Ix9[3\344zB1\033@1\257\203J\266"
 349      E1F37AD3 
 349      C9394978 
 349      395B33E4 
 349      7A42311B 
 350 0c54 41DE02F9 		.ascii	"A\336\002\371K\244\365\350VB8\370\233i`\261#\246\201"
ARM GAS  /tmp/ccQHKBwS.s 			page 27


 350      4BA4F5E8 
 350      564238F8 
 350      9B6960B1 
 350      23A681
 351 0c67 FBA946A9 		.ascii	"\373\251F\251)\032\375\313\217\267\005|\374#uw?O\335"
 351      291AFDCB 
 351      8FB7057C 
 351      FC237577 
 351      3F4FDD
 352 0c7a 432D535E 		.ascii	"C-S^\033I\264(\037\306\232!\325;\356\201\022+\337\203"
 352      1B49B428 
 352      1FC69A21 
 352      D53BEE81 
 352      122BDF83 
 353 0c8e 4F16E224 		.ascii	"O\026\342$\206t5E!\335?\236z\0006\354\2578p\204k\356"
 353      86743545 
 353      21DD3F9E 
 353      7A0036EC 
 353      AF387084 
 354 0ca4 9D34C269 		.ascii	"\2354\302ia0\035+\034\272\010w\007\377\261\022\327&"
 354      61301D2B 
 354      1CBA0877 
 354      07FFB112 
 354      D726
 355 0cb6 7F85D7BD 		.ascii	"\177\205\327\275\016\337_V\377\347\371\036\014\217{"
 355      0EDF5F56 
 355      FFE7F91E 
 355      0C8F7B
 356 0cc5 2A8369F6 		.ascii	"*\203i\366\220\311\226\246Rd\361\355tiAV\037\252\016"
 356      90C996A6 
 356      5264F1ED 
 356      74694156 
 356      1FAA0E
 357 0cd8 88DE982D 		.ascii	"\210\336\230-\037h\030aa\312\032\035}\240\244yS\007"
 357      1F681861 
 357      61CA1A1D 
 357      7DA0A479 
 357      5307
 358 0cea 2DCC24BE 		.ascii	"-\314$\276\306\021\177k\237\345\212\027\324?_1\324>"
 358      C6117F6B 
 358      9FE58A17 
 358      D43F5F31 
 358      D43E
 359 0cfc 2B1C981E 		.ascii	"+\034\230\036`I\221\372\313\015,\010dP\006B\333\257"
 359      604991FA 
 359      CB0D2C08 
 359      64500642 
 359      DBAF
 360 0d0e 47B3131F 		.ascii	"G\263\023\037\020\332\322Oi\274\216\002\2546\333XnC"
 360      10DAD24F 
 360      69BC8E02 
 360      AC36DB58 
 360      6E43
 361 0d20 EFE8A174 		.ascii	"\357\350\241t\216^\351\200Cf\230TWC\376\032\344k\255"
 361      8E5EE980 
 361      43669854 
 361      5743FE1A 
ARM GAS  /tmp/ccQHKBwS.s 			page 28


 361      E46BAD
 362 0d33 4CB0CBE2 		.ascii	"L\260\313\342\376\240\030rl\226\212=+\257\2619zJ\374"
 362      FEA01872 
 362      6C968A3D 
 362      2BAFB139 
 362      7A4AFC
 363 0d46 94072D12 		.ascii	"\224\007-\022t\306\372\000\265V\222\226`w\372\014\257"
 363      74C6FA00 
 363      B5569296 
 363      6077FA0C 
 363      AF
 364 0d57 20C7C9D8 		.ascii	" \307\311\330(\312B\273%\216\373\015iP(\220;K;\370q"
 364      28CA42BB 
 364      258EFB0D 
 364      69502890 
 364      3B4B3BF8 
 365 0d6c F2F00C75 		.ascii	"\362\360\014u.I7 R\351v\363\017\003\324%\377e}7\335"
 365      2E493720 
 365      52E976F3 
 365      0F03D425 
 365      FF657D37 
 366 0d81 D5118597 		.ascii	"\325\021\205\227\377\240\326c\243{\273v^\216Cvs*\301"
 366      FFA0D663 
 366      A37BBB76 
 366      5E8E4376 
 366      732AC1
 367 0d94 688AAC5E 		.ascii	"h\212\254^wh\376O-\317\037\221-|\253t\005M\2046\246"
 367      7768FE4F 
 367      2DCF1F91 
 367      2D7CAB74 
 367      054D8436 
 368 0da9 8E2DDAA9 		.ascii	"\216-\332\251C\226\201\362\220N\375I\376c\2174\233~"
 368      439681F2 
 368      904EFD49 
 368      FE638F34 
 368      9B7E
 369 0dbb 8E32E422 		.ascii	"\2162\344\"~Y\006\205&G:\352w\2437mf)\270\201j\000r"
 369      7E590685 
 369      26473AEA 
 369      77A3376D 
 369      6629B881 
 370 0dd2 592DD194 		.ascii	"Y-\321\224\201V\1772\324\252t\307\247\350\223\243\337"
 370      81567F32 
 370      D4AA74C7 
 370      A7E893A3 
 370      DF
 371 0de3 80B0F5B6 		.ascii	"\200\260\365\266%}\276\212\025#\223\370B\016\255\355"
 371      257DBE8A 
 371      152393F8 
 371      420EADED 
 372 0df3 A6538C42 		.ascii	"\246S\214B\247\261b\314FS8x\327P1\307\355+\246\305H"
 372      A7B162CC 
 372      46533878 
 372      D75031C7 
 372      ED2BA6C5 
 373 0e08 313A09D5 		.ascii	"1:\011\325\345\030J\350\256^B\177I,!3V\315\272)\024"
 373      E5184AE8 
ARM GAS  /tmp/ccQHKBwS.s 			page 29


 373      AE5E427F 
 373      492C2133 
 373      56CDBA29 
 374 0e1d EE3164F5 		.ascii	"\3561d\365\226}V\337O`\203\034=4\323\3006V\033s\376"
 374      967D56DF 
 374      4F60831C 
 374      3D34D3C0 
 374      36561B73 
 375 0e32 2AAFE37C 		.ascii	"*\257\343|\237%\333\330\213\273\015\305\256\336\014"
 375      9F25DBD8 
 375      8BBB0DC5 
 375      AEDE0C
 376 0e41 B8E6BD86 		.ascii	"\270\346\275\206&\020\227Y/\205\313\375=\305\265%\032"
 376      26109759 
 376      2F85CBFD 
 376      3DC5B525 
 376      1A
 377 0e52 597520AB 		.ascii	"Yu \253nv\264\273\373~Y\014(\362\031qV#5\3539;h\201"
 377      6E76B4BB 
 377      FB7E590C 
 377      28F21971 
 377      562335EB 
 378 0e6a B31AA93D 		.ascii	"\263\032\251=\306\331Q\3005\357\225\2103\263^\012g\207"
 378      C6D951C0 
 378      35EF9588 
 378      33B35E0A 
 378      6787
 379 0e7c 0C39DB13 		.ascii	"\0149\333\023\347\254\0058;m\314\331\032=gGR\263V\263"
 379      E7AC0538 
 379      3B6DCCD9 
 379      1A3D6747 
 379      52B356B3 
 380 0e90 6E0A9147 		.ascii	"n\012\221G{\022\031\255\213\316m{I\242e2m\030l{\202"
 380      7B1219AD 
 380      8BCE6D7B 
 380      49A26532 
 380      6D186C7B 
 381 0ea5 F596BC82 		.ascii	"\365\226\274\2021\353y\302 \306)\353@}\214K\366\273"
 381      31EB79C2 
 381      20C629EB 
 381      407D8C4B 
 381      F6BB
 382 0eb7 CE23AEEB 		.ascii	"\316#\256\353\244\253\362\375\245\021\337\221\323'\315"
 382      A4ABF2FD 
 382      A511DF91 
 382      D327CD
 383 0ec6 F836F96B 		.ascii	"\3706\371k\011\206\372J\357\247'H?5\011\325\261\347"
 383      0986FA4A 
 383      EFA72748 
 383      3F3509D5 
 383      B1E7
 384 0ed8 850E23B2 		.ascii	"\205\016#\262k\373\030\223\3757C\262\317|\231\212\272"
 384      6BFB1893 
 384      FD3743B2 
 384      CF7C998A 
 384      BA
 385 0ee9 CE26A45B 		.ascii	"\316&\244[\231\355ut-3\241\353\274\241\031-\337s\341"
ARM GAS  /tmp/ccQHKBwS.s 			page 30


 385      99ED7574 
 385      2D33A1EB 
 385      BCA1192D 
 385      DF73E1
 386 0efc B18677A4 		.ascii	"\261\206w\244\271\363\245\256\356\347i\353\022\275\250"
 386      B9F3A5AE 
 386      EEE769EB 
 386      12BDA8
 387 0f0b A70C0B49 		.ascii	"\247\014\013IG\311:\023J\276\323R\242\254u\233F5h\267"
 387      47C93A13 
 387      4ABED352 
 387      A2AC759B 
 387      463568B7 
 388 0f1f 1D9A5759 		.ascii	"\035\232WY\270\337e\333\213\335\357M\026\273j\240\327"
 388      B8DF65DB 
 388      8BDDEF4D 
 388      16BB6AA0 
 388      D7
 389 0f30 D93F3613 		.ascii	"\331?6\0233\250\277\307\355_\327\253=A\257+\246\275"
 389      33A8BFC7 
 389      ED5FD7AB 
 389      3D41AF2B 
 389      A6BD
 390 0f42 3033A61B 		.ascii	"03\246\033v\323^g\023\214u-\336K\335>\350$:@\355\302"
 390      76D35E67 
 390      138C752D 
 390      DE4BDD3E 
 390      E8243A40 
 391 0f58 2A5DAEDB 		.ascii	"*]\256\333\226\350\017&\022e\214\351\275\230\200\336"
 391      96E80F26 
 391      12658CE9 
 391      BD9880DE 
 392 0f68 4E532EAF 		.ascii	"NS.\257'\220\315\215x/\252\177\221\340\237\301\013\341"
 392      2790CD8D 
 392      782FAA7F 
 392      91E09FC1 
 392      0BE1
 393 0f7a 5C7F81D7 		.ascii	"\\\177\201\327\023\346+\303AaP9\225Y\\PX\012\017\036"
 393      13E62BC3 
 393      41615039 
 393      95595C50 
 393      580A0F1E 
 394 0f8e 31EDF189 		.ascii	"1\355\361\211S\334\205T\357xUX\344D>\275x\342"
 394      53DC8554 
 394      EF785558 
 394      E4443EBD 
 394      78E2
 395 0fa0 E8C2B2E2 		.ascii	"\350\302\262\342'\3078\212\213\306\217q\374nJ\351\324"
 395      27C7388A 
 395      8BC68F71 
 395      FC6E4AE9 
 395      D4
 396 0fb1 5EF0C303 		.ascii	"^\360\303\003\271Ua!\227\023\002\017W\006+\371\207y"
 396      B9556121 
 396      9713020F 
 396      57062BF9 
 396      8779
ARM GAS  /tmp/ccQHKBwS.s 			page 31


 397 0fc3 EE197FAE 		.ascii	"\356\031\177\256\277\322[Q\345\343s\303\242\317_)\242"
 397      BFD25B51 
 397      E5E373C3 
 397      A2CF5F29 
 397      A2
 398 0fd4 019C55E8 		.ascii	"\001\234U\350{\270G\034\222\240q\200\363\226\373+\371"
 398      7BB8471C 
 398      92A07180 
 398      F396FB2B 
 398      F9
 399 0fe5 5C8F8F9F 		.ascii	"\\\217\217\237\306UU\210\036qV\210\017\243\316.\217"
 399      C6555588 
 399      1E715688 
 399      0FA3CE2E 
 399      8F
 400 0ff6 47E9EEE4 		.ascii	"G\351\356\344|>\201\017\207\213"
 400      7C3E810F 
 400      878B
 401 1000 72CB8301 		.ascii	"r\313\203\001>\327\033\364\315\312\365\3613rQ\307g\374"
 401      3ED71BF4 
 401      CDCAF5F1 
 401      337251C7 
 401      67FC
 402 1012 C170AE28 		.ascii	"\301p\256(TU>\233\213\012\345\\En((\210\341\334\322"
 402      54553E9B 
 402      8B0AE55C 
 402      456E2828 
 402      88E1DCD2 
 403 1026 B209830B 		.ascii	"\262\011\203\013r\307\217/\312E\014\315\310\007\276"
 403      72C78F2F 
 403      CA450CCD 
 403      C807BE
 404 1035 2B2A7C18 		.ascii	"+*|\030\026U\310\322(\260\002\247\222\211\000P\347\014"
 404      1655C8D2 
 404      28B002A7 
 404      92890050 
 404      E70C
 405 1047 F405EC7B 		.ascii	"\364\005\354{\304\014\204\343\2312\261xbqY:.\226\226"
 405      C40C84E3 
 405      9932B178 
 405      6271593A 
 405      2E9696
 406 105a 4D9A8CB1 		.ascii	"M\232\214\261=%cF\027M\375\005.\311\222\363\224=E>\225"
 406      3D256346 
 406      174DFD05 
 406      2EC992F3 
 406      943D453E 
 407 106f 3C053DC7 		.ascii	"<\005=\307O*\374\3571E\231\010/\030\012\004}\030p\322"
 407      4F2AFCEF 
 407      31459908 
 407      2F180A04 
 407      7D1870D2 
 408 1083 E409938A 		.ascii	"\344\011\223\212\306x\320\257\375\224b\351\004$pO\321"
 408      C678D0AF 
 408      FD9462E9 
 408      0424704F 
 408      D1
ARM GAS  /tmp/ccQHKBwS.s 			page 32


 409 1094 98278B0B 		.ascii	"\230'\213\013\307\364\321\324\215\233TZ\346\014\206"
 409      C7F4D1D4 
 409      8D9B545A 
 409      E60C86
 410 10a3 3CB86B3A 		.ascii	"<\270k:\026\323\340\002\204 K\014\0273\275\025A\357"
 410      16D3E002 
 410      84204B0C 
 410      1733BD15 
 410      41EF
 411 10b5 B39E7088 		.ascii	"\263\236p\210\347}\331h\020_\2258\313;\313[\201\306"
 411      E77DD968 
 411      105F9538 
 411      CB3BCB5B 
 411      81C6
 412 10c7 C92E2D2B 		.ascii	"\311.-+\362\024M)\233\352)\234Z8~L\237\261\243K\313"
 412      F2144D29 
 412      9BEA299C 
 412      5A387E4C 
 412      9FB1A34B 
 413 10dc 88674FC1 		.ascii	"\210gO\301\277\350k\362\207zFd`\004\017@`.\013\203\225"
 413      BFE86BF2 
 413      877A4664 
 413      60040F40 
 413      602E0B83 
 414 10f1 D3FCD3D3 		.ascii	"\323\374\323\323\274\360\205\2452\255\202\233\036Ff"
 414      BCF085A5 
 414      32AD829B 
 414      1E4666
 415 1100 C40B4250 		.ascii	"\304\013BP\010\017N&ZA\214I\326[\036\020\253\261\261"
 415      080F4E26 
 415      5A418C49 
 415      D65B1E10 
 415      ABB1B1
 416 1113 04AA44BE 		.ascii	"\004\252D\276\332#\366\202\357\341\266\020\302\263\302"
 416      DA23F682 
 416      EFE1B610 
 416      C2B3C2
 417 1122 AAD9F416 		.ascii	"\252\331\364\026\313\005\236\363\205=\317U\361U\210"
 417      CB059EF3 
 417      853DCF55 
 417      F15588
 418 1131 DD1C6FB9 		.ascii	"\335\034o\271GS5\304\036\262\267\034[M\272\014\341\021"
 418      475335C4 
 418      1EB2B71C 
 418      5B4DBA0C 
 418      E111
 419 1143 5D31B8B4 		.ascii	"]1\270\264\220\247\222\257\026\321WH\340g\214\263\200"
 419      90A792AF 
 419      16D15748 
 419      E0678CB3 
 419      80
 420 1154 2A9BE6E8 		.ascii	"*\233\346\350\222\011\205\023\252Q\313@\310_\201}\362"
 420      92098513 
 420      AA51CB40 
 420      C85F817D 
 420      F2
 421 1165 F1C242D4 		.ascii	"\361\302B\324\\\245\337)\206\004\177\320#\343\372\203"
ARM GAS  /tmp/ccQHKBwS.s 			page 33


 421      5CA5DF29 
 421      86047FD0 
 421      23E3FA83 
 422 1175 4E246224 		.ascii	"N$b$\016q\204m\374roP\340\261\227\343j\017\262\013\257"
 422      0E71846D 
 422      FC726F50 
 422      E0B197E3 
 422      6A0FB20B 
 423 118a 58FD5FA9 		.ascii	"X\375_\251\241xf\014\013`!\010\374t\344\304\036\221"
 423      A178660C 
 423      0B602108 
 423      FC74E4C4 
 423      1E91
 424 119c 0DE70F45 		.ascii	"\015\347\017Ei\030J\303Q\032\301\206\013\362P\312G\251"
 424      69184AC3 
 424      511AC186 
 424      0BF250CA 
 424      47A9
 425 11ae 00A5C128 		.ascii	"\000\245\301(\015A\351\021\224P\273\002\324\256\000"
 425      0D41E911 
 425      9450BB02 
 425      D4AE00
 426 11bd B52B40ED 		.ascii	"\265+@\355\006\243v\203\363\031a\010#<\302\010C\031"
 426      06A37683 
 426      F3196108 
 426      233CC208 
 426      4319
 427 11cf 6118230C 		.ascii	"a\030#\014g\204\021\254\220\237\207R>S!\240\257\301"
 427      678411AC 
 427      909F8752 
 427      3E5321A0 
 427      AFC1
 428 11e1 BD421E44 		.ascii	"\275B\036D\255\023Kx&/\240\357`\205\217\027\034\336"
 428      AD134B78 
 428      262FA0EF 
 428      60858F17 
 428      1CDE
 429 11f3 724EC062 		.ascii	"rN\300b\347\002|\272\250\370!\372\021JNQv#\364\014\266"
 429      E7027CBA 
 429      A8F821FA 
 429      114A4E51 
 429      7623F40C 
 430 1208 E814057E 		.ascii	"\350\024\005~Z\030\344\210\013\275\002\341\351\350G"
 430      5A18E488 
 430      0BBD02E1 
 430      E9E847
 431 1217 C53DD0DC 		.ascii	"\305=\320\334\242\224\322\004\337,\364S:_\355\027\221"
 431      A294D204 
 431      DF2CF453 
 431      3A5FED17 
 431      91
 432 1228 58F8B499 		.ascii	"X\370\264\231b\360\231?\2062\371\031|\245\030\340\302"
 432      62F0993F 
 432      8632F919 
 432      7CA518E0 
 432      C2
 433 1239 CF629B9E 		.ascii	"\317b\233\236\211\013l\310S\225\255ZR\205?\214f\252"
ARM GAS  /tmp/ccQHKBwS.s 			page 34


 433      890B6CC8 
 433      5395AD5A 
 433      52853F8C 
 433      66AA
 434 124b DE846DE1 		.ascii	"\336\204m\341\032W\3103\223\363\213\376\312\351\031"
 434      1A57C833 
 434      93F38BFE 
 434      CAE919
 435 125a C835C3D3 		.ascii	"\3105\303\323\301\336zA\021U\360!\276\022M\214\323Q"
 435      C1DE7A41 
 435      1155F021 
 435      BE124D8C 
 435      D351
 436 126c 2B64F1B8 		.ascii	"+d\361\270}\006\246\215\253\000=\243\312P0X\341\014"
 436      7D06A68D 
 436      AB003DA3 
 436      CA503058 
 436      E10C
 437 127e C8568ABE 		.ascii	"\310V\212\276\2033+y!-\000V6\314\226\321*4!\225\365"
 437      83332B79 
 437      212D0056 
 437      36CC96D1 
 437      2A342195 
 438 1293 55EC1689 		.ascii	"U\354\026\211\200\027\370J/\022P\232\\\345BN\213\347"
 438      8017F84A 
 438      2F12509A 
 438      5CE5424E 
 438      8BE7
 439 12a5 558F08F3 		.ascii	"U\217\010\363\007\362qu\376\300E\007\376\311%T\373\002"
 439      07F27175 
 439      FEC04507 
 439      FEC92554 
 439      FB02
 440 12b7 1C16AB4B 		.ascii	"\034\026\253KTKc\355\316\301\220\217\035R]\215\302B"
 440      544B63ED 
 440      CEC1908F 
 440      1D525D8D 
 440      C242
 441 12c9 00491CE1 		.ascii	"\000I\034\341 \272F&\203A<\347\026N(-.E\000r\317iC\362"
 441      20BA4626 
 441      83413CE7 
 441      164E282D 
 441      2E450072 
 442 12e1 F2ABB141 		.ascii	"\362\253\261A\367-\2320\332S\212\324\313\005<e\310k"
 442      F72D9A30 
 442      DA538AD4 
 442      CB053C65 
 442      C86B
 443 12f3 8AF8694C 		.ascii	"\212\370iLa\211cbQY\011;yt\211cB\036\316\362G\227\260"
 443      61896362 
 443      5159093B 
 443      79748963 
 443      421ECEF2 
 444 130a 630B4BD2 		.ascii	"c\013K\322\302\320\320\341\237\346\025\322\374\341r"
 444      C2D0D0E1 
 444      9FE615D2 
 444      FCE172
ARM GAS  /tmp/ccQHKBwS.s 			page 35


 445 1319 FF34D115 		.ascii	"\3774\321\025\346+\246\371+}|u\332\014\336+\006\205"
 445      E62BA6F9 
 445      2B7D7C75 
 445      DA0CDE2B 
 445      0685
 446 132b BE31CA3C 		.ascii	"\2761\312<rk4\011\241\007\241\032\347b5\016\223\352"
 446      726B3409 
 446      A107A11A 
 446      E762350E 
 446      93EA
 447 133d 406C6149 		.ascii	"@laI>J\005\216I\243K\362qV\300\024\225\260\245\250\262"
 447      3E4A058E 
 447      49A34BF2 
 447      7156C014 
 447      95B0A5A8 
 448 1352 B4A4802D 		.ascii	"\264\244\200-,,\351UVR\\:\3061v<\"\006I\330\205g&\177"
 448      2C2CE955 
 448      56525C3A 
 448      C631763C 
 448      220649D8 
 449 136a 00DB25FE 		.ascii	"\000\333%\376\012V\211}\324P\034\010?24o\330 /\245\257"
 449      0A56897D 
 449      D4501C08 
 449      3F32346F 
 449      D8202FA5 
 450 137f 418E2697 		.ascii	"A\216&\227\220\256\344X\315z\271\212\364\012.,\226\361"
 450      90AEE458 
 450      CD7AB98A 
 450      F40A2E2C 
 450      96F1
 451 1391 81900B17 		.ascii	"\201\220\013\027&\343x\230\2514\363W\372E:\220\346\003"
 451      26E37898 
 451      A934F357 
 451      FA453A90 
 451      E603
 452 13a3 98F467B8 		.ascii	"\230\364g\2700?\032i\257\227\347w\310\236\3246a1\030"
 452      303F1A69 
 452      AF97E777 
 452      C89ED436 
 452      613118
 453 13b6 72E20C31 		.ascii	"r\342\0141\223\245\324!\014^\354\027{\340|\200Z%\360"
 453      93A5D421 
 453      0C5EEC17 
 453      7BE07C80 
 453      5A25F0
 454 13c9 E921A570 		.ascii	"\351!\245p\017\361#\036\233\0278\021Ug\212\361r\177"
 454      0FF1231E 
 454      9B173811 
 454      55678AF1 
 454      727F
 455 13db B27FC9A4 		.ascii	"\262\177\311\244\011Or\025U|\270/\261\264\020\270\312"
 455      094F7215 
 455      557CB82F 
 455      B1B410B8 
 455      CA
 456 13ec 30E715B3 		.ascii	"0\347\025\263\343U\230\340lr\245\021\014ex\313\313\312"
 456      E35598E0 
ARM GAS  /tmp/ccQHKBwS.s 			page 36


 456      6C72A511 
 456      0C6578CB 
 456      CBCA
 457 13fe 7DA5153C 		.ascii	"}\245\025<\037\372?\303fy\371"
 457      1FFA3FC3 
 457      6679F9
 458              		.text
 459              		.section	.gnu.lto_.symtab.29de982de630aa6f,"",%progbits
 460 0000 6D733536 		.ascii	"ms5607_init\000\000\000\000\000\000\000\000\000\000"
 460      30375F69 
 460      6E697400 
 460      00000000 
 460      00000000 
 461 0015 00001202 		.ascii	"\000\000\022\002\000\000ms5607_stop\000\000\000\000"
 461      00006D73 
 461      35363037 
 461      5F73746F 
 461      70000000 
 462 002a 00000000 		.ascii	"\000\000\000\000\000\000\000\000/\002\000\000ms5607"
 462      00000000 
 462      2F020000 
 462      6D733536 
 462      3037
 463 003c 5F726573 		.ascii	"_reset\000\000\000\000\000\000\000\000\000\000\000\000"
 463      65740000 
 463      00000000 
 463      00000000 
 463      0000
 464 004e 3B020000 		.ascii	";\002\000\000ms5607_readPressure\000\000\000\000\000"
 464      6D733536 
 464      30375F72 
 464      65616450 
 464      72657373 
 465 006a 00000000 		.ascii	"\000\000\000\000\000\000\000A\002\000\000ms5607_rea"
 465      00000041 
 465      0200006D 
 465      73353630 
 465      375F7265 
 466 007f 6454656D 		.ascii	"dTemperature\000\000\000\000\000\000\000\000\000\000"
 466      70657261 
 466      74757265 
 466      00000000 
 466      00000000 
 467 0095 00004A02 		.ascii	"\000\000J\002\000\000ms5607_readPROMValues\000\000\000"
 467      00006D73 
 467      35363037 
 467      5F726561 
 467      6450524F 
 468 00b3 00000000 		.ascii	"\000\000\000\000\000\000\000\000\000P\002\000\000I2"
 468      00000000 
 468      00500200 
 468      004932
 469 00c2 4353656E 		.ascii	"CSensor_transact\000\000\002\000\000\000\000\000\000"
 469      736F725F 
 469      7472616E 
 469      73616374 
 469      00000200 
ARM GAS  /tmp/ccQHKBwS.s 			page 37


 470 00db 00000054 		.ascii	"\000\000\000T\002\000\000I2CSensor_init\000\000\002"
 470      02000049 
 470      32435365 
 470      6E736F72 
 470      5F696E69 
 471 00f3 00000000 		.ascii	"\000\000\000\000\000\000\000\000\000]\002\000\000I2"
 471      00000000 
 471      005D0200 
 471      004932
 472 0102 4353656E 		.ascii	"CSensor_stop\000\000\002\000\000\000\000\000\000\000"
 472      736F725F 
 472      73746F70 
 472      00000200 
 472      00000000 
 473 0118 00006402 		.ascii	"\000\000d\002\000\000chThdSleep\000\000\002\000\000"
 473      00006368 
 473      54686453 
 473      6C656570 
 473      00000200 
 474 012d 00000000 		.ascii	"\000\000\000\000\000\000\000i\002\000\000"
 474      00000069 
 474      020000
 475              		.text
 476              		.section	.gnu.lto_.opts,"",%progbits
 477 0000 272D6D63 		.ascii	"'-mcpu=cortex-m4' '-mfloat-abi=hard' '-mfpu=fpv4-sp"
 477      70753D63 
 477      6F727465 
 477      782D6D34 
 477      2720272D 
 478 0033 2D643136 		.ascii	"-d16' '-mno-thumb-interwork' '-mthumb' '-O2' '-fomi"
 478      2720272D 
 478      6D6E6F2D 
 478      7468756D 
 478      622D696E 
 479 0066 742D6672 		.ascii	"t-frame-pointer' '-falign-functions=16' '-ffunction"
 479      616D652D 
 479      706F696E 
 479      74657227 
 479      20272D66 
 480 0099 2D736563 		.ascii	"-sections' '-fdata-sections' '-fno-common' '-flto' "
 480      74696F6E 
 480      73272027 
 480      2D666461 
 480      74612D73 
 481 00cc 272D6673 		.ascii	"'-fsingle-precision-constant'\000"
 481      696E676C 
 481      652D7072 
 481      65636973 
 481      696F6E2D 
 482              		.text
 483              		.section	.text.ms5607_init,"ax",%progbits
 484              		.align	2
 485              		.p2align 4,,15
 486              		.global	ms5607_init
 487              		.thumb
 488              		.thumb_func
 489              		.type	ms5607_init, %function
ARM GAS  /tmp/ccQHKBwS.s 			page 38


 490              	ms5607_init:
 491              		@ args = 0, pretend = 0, frame = 8
 492              		@ frame_needed = 0, uses_anonymous_args = 0
 493 0000 F0B5     		push	{r4, r5, r6, r7, lr}
 494 0002 C823     		movs	r3, #200
 495 0004 85B0     		sub	sp, sp, #20
 496 0006 0646     		mov	r6, r0
 497 0008 FFF7FEFF 		bl	I2CSensor_init
 498 000c 3546     		mov	r5, r6
 499 000e A124     		movs	r4, #161
 500 0010 0227     		movs	r7, #2
 501              	.L3:
 502 0012 0122     		movs	r2, #1
 503 0014 03AB     		add	r3, sp, #12
 504 0016 0097     		str	r7, [sp]
 505 0018 3046     		mov	r0, r6
 506 001a 0DF10B01 		add	r1, sp, #11
 507 001e 8DF80B40 		strb	r4, [sp, #11]
 508 0022 FFF7FEFF 		bl	I2CSensor_transact
 509 0026 0134     		adds	r4, r4, #1
 510 0028 9DF80C20 		ldrb	r2, [sp, #12]	@ zero_extendqisi2
 511 002c 9DF80D30 		ldrb	r3, [sp, #13]	@ zero_extendqisi2
 512 0030 E4B2     		uxtb	r4, r4
 513 0032 03EB0223 		add	r3, r3, r2, lsl #8
 514 0036 A62C     		cmp	r4, #166
 515 0038 AB81     		strh	r3, [r5, #12]	@ movhi
 516 003a 05F10205 		add	r5, r5, #2
 517 003e E8D1     		bne	.L3
 518 0040 0020     		movs	r0, #0
 519 0042 05B0     		add	sp, sp, #20
 520              		@ sp needed
 521 0044 F0BD     		pop	{r4, r5, r6, r7, pc}
 522              		.size	ms5607_init, .-ms5607_init
 523 0046 00BFAFF3 		.section	.text.ms5607_stop,"ax",%progbits
 523      0080AFF3 
 523      0080
 524              		.align	2
 525              		.p2align 4,,15
 526              		.global	ms5607_stop
 527              		.thumb
 528              		.thumb_func
 529              		.type	ms5607_stop, %function
 530              	ms5607_stop:
 531              		@ args = 0, pretend = 0, frame = 0
 532              		@ frame_needed = 0, uses_anonymous_args = 0
 533 0000 08B5     		push	{r3, lr}
 534 0002 FFF7FEFF 		bl	I2CSensor_stop
 535 0006 0020     		movs	r0, #0
 536 0008 08BD     		pop	{r3, pc}
 537              		.size	ms5607_stop, .-ms5607_stop
 538 000a 00BFAFF3 		.section	.text.ms5607_reset,"ax",%progbits
 538      0080
 539              		.align	2
 540              		.p2align 4,,15
 541              		.global	ms5607_reset
 542              		.thumb
 543              		.thumb_func
ARM GAS  /tmp/ccQHKBwS.s 			page 39


 544              		.type	ms5607_reset, %function
 545              	ms5607_reset:
 546              		@ args = 0, pretend = 0, frame = 8
 547              		@ frame_needed = 0, uses_anonymous_args = 0
 548 0000 00B5     		push	{lr}
 549 0002 85B0     		sub	sp, sp, #20
 550 0004 04A9     		add	r1, sp, #16
 551 0006 1E23     		movs	r3, #30
 552 0008 01F8013D 		strb	r3, [r1, #-1]!
 553 000c 0023     		movs	r3, #0
 554 000e 0093     		str	r3, [sp]
 555 0010 0122     		movs	r2, #1
 556 0012 FFF7FEFF 		bl	I2CSensor_transact
 557 0016 05B0     		add	sp, sp, #20
 558              		@ sp needed
 559 0018 5DF804FB 		ldr	pc, [sp], #4
 560              		.size	ms5607_reset, .-ms5607_reset
 561 001c AFF30080 		.section	.text.ms5607_readPressure,"ax",%progbits
 562              		.align	2
 563              		.p2align 4,,15
 564              		.global	ms5607_readPressure
 565              		.thumb
 566              		.thumb_func
 567              		.type	ms5607_readPressure, %function
 568              	ms5607_readPressure:
 569              		@ args = 0, pretend = 0, frame = 8
 570              		@ frame_needed = 0, uses_anonymous_args = 0
 571 0000 70B5     		push	{r4, r5, r6, lr}
 572 0002 84B0     		sub	sp, sp, #16
 573 0004 04AD     		add	r5, sp, #16
 574 0006 4823     		movs	r3, #72
 575 0008 05F8053D 		strb	r3, [r5, #-5]!
 576 000c 0024     		movs	r4, #0
 577 000e 2946     		mov	r1, r5
 578 0010 2346     		mov	r3, r4
 579 0012 0122     		movs	r2, #1
 580 0014 0094     		str	r4, [sp]
 581 0016 0646     		mov	r6, r0
 582 0018 FFF7FEFF 		bl	I2CSensor_transact
 583 001c 6420     		movs	r0, #100
 584 001e FFF7FEFF 		bl	chThdSleep
 585 0022 0323     		movs	r3, #3
 586 0024 0093     		str	r3, [sp]
 587 0026 2946     		mov	r1, r5
 588 0028 3046     		mov	r0, r6
 589 002a 0122     		movs	r2, #1
 590 002c 03AB     		add	r3, sp, #12
 591 002e 8DF80B40 		strb	r4, [sp, #11]
 592 0032 FFF7FEFF 		bl	I2CSensor_transact
 593 0036 2046     		mov	r0, r4
 594 0038 04B0     		add	sp, sp, #16
 595              		@ sp needed
 596 003a 70BD     		pop	{r4, r5, r6, pc}
 597              		.size	ms5607_readPressure, .-ms5607_readPressure
 598 003c AFF30080 		.section	.text.ms5607_readTemperature,"ax",%progbits
 599              		.align	2
 600              		.p2align 4,,15
ARM GAS  /tmp/ccQHKBwS.s 			page 40


 601              		.global	ms5607_readTemperature
 602              		.thumb
 603              		.thumb_func
 604              		.type	ms5607_readTemperature, %function
 605              	ms5607_readTemperature:
 606              		@ args = 0, pretend = 0, frame = 0
 607              		@ frame_needed = 0, uses_anonymous_args = 0
 608              		@ link register save eliminated.
 609 0000 0020     		movs	r0, #0
 610 0002 7047     		bx	lr
 611              		.size	ms5607_readTemperature, .-ms5607_readTemperature
 612 0004 AFF30080 		.section	.text.ms5607_readPROMValues,"ax",%progbits
 612      AFF30080 
 612      AFF30080 
 613              		.align	2
 614              		.p2align 4,,15
 615              		.global	ms5607_readPROMValues
 616              		.thumb
 617              		.thumb_func
 618              		.type	ms5607_readPROMValues, %function
 619              	ms5607_readPROMValues:
 620              		@ args = 0, pretend = 0, frame = 0
 621              		@ frame_needed = 0, uses_anonymous_args = 0
 622              		@ link register save eliminated.
 623 0000 0020     		movs	r0, #0
 624 0002 7047     		bx	lr
 625              		.size	ms5607_readPROMValues, .-ms5607_readPROMValues
 626              		.comm	__gnu_lto_v1,1,1
 627 0004 AFF30080 		.ident	"GCC: (GNU Tools for ARM Embedded Processors) 4.8.4 20140526 (release) [ARM/embedded-4_8-br
 627      AFF30080 
 627      AFF30080 
ARM GAS  /tmp/ccQHKBwS.s 			page 41


DEFINED SYMBOLS
                            *ABS*:0000000000000000 ms5607.c
     /tmp/ccQHKBwS.s:484    .text.ms5607_init:0000000000000000 $t
     /tmp/ccQHKBwS.s:490    .text.ms5607_init:0000000000000000 ms5607_init
     /tmp/ccQHKBwS.s:524    .text.ms5607_stop:0000000000000000 $t
     /tmp/ccQHKBwS.s:530    .text.ms5607_stop:0000000000000000 ms5607_stop
     /tmp/ccQHKBwS.s:539    .text.ms5607_reset:0000000000000000 $t
     /tmp/ccQHKBwS.s:545    .text.ms5607_reset:0000000000000000 ms5607_reset
     /tmp/ccQHKBwS.s:562    .text.ms5607_readPressure:0000000000000000 $t
     /tmp/ccQHKBwS.s:568    .text.ms5607_readPressure:0000000000000000 ms5607_readPressure
     /tmp/ccQHKBwS.s:599    .text.ms5607_readTemperature:0000000000000000 $t
     /tmp/ccQHKBwS.s:605    .text.ms5607_readTemperature:0000000000000000 ms5607_readTemperature
     /tmp/ccQHKBwS.s:613    .text.ms5607_readPROMValues:0000000000000000 $t
     /tmp/ccQHKBwS.s:619    .text.ms5607_readPROMValues:0000000000000000 ms5607_readPROMValues
                            *COM*:0000000000000001 __gnu_lto_v1

UNDEFINED SYMBOLS
I2CSensor_init
I2CSensor_transact
I2CSensor_stop
chThdSleep
