ARM GAS  /tmp/ccmkdNEA.s 			page 1


   1              		.syntax unified
   2              		.cpu cortex-m4
   3              		.eabi_attribute 27, 3
   4              		.eabi_attribute 28, 1
   5              		.fpu fpv4-sp-d16
   6              		.eabi_attribute 20, 1
   7              		.eabi_attribute 21, 1
   8              		.eabi_attribute 23, 3
   9              		.eabi_attribute 24, 1
  10              		.eabi_attribute 25, 1
  11              		.eabi_attribute 26, 1
  12              		.eabi_attribute 30, 2
  13              		.eabi_attribute 34, 1
  14              		.eabi_attribute 18, 4
  15              		.thumb
  16              		.file	"sensor_thread.c"
  17              		.section	.gnu.lto_.jmpfuncs.116ce8c3822d0cfe,"",%progbits
  18 0000 789C6362 		.ascii	"x\234cb`b\300\006\342\030!4\023\003##S\004c&#\303\013"
  18      6062C006 
  18      E2182134 
  18      13032323 
  18      53046326 
  19 0017 76060616 		.ascii	"v\006\006\026\246j\206_\015\035\015\002\231\214\214"
  19      A66A865F 
  19      0D1D0D02 
  19      998C8C
  20 0026 B9101560 		.ascii	"\271\020\025`\221\031 \021\246\\FF\270\010X\015s.#\330"
  20      91192011 
  20      A65C4646 
  20      B808580D 
  20      732E23D8 
  21 003a 74B0012C 		.ascii	"t\260\001,F\014\014\314,\017D2\031Y\241v0\261<\020\313"
  21      460C0CCC 
  21      2C0F4432 
  21      1959A176 
  21      30B13C10 
  22 004f 646483B2 		.ascii	"dd\203\262\027Hd2\262\203\331\010U\010\2438r\031\231"
  22      17486432 
  22      B283D908 
  22      5508A338 
  22      721999
  23 0062 E1467196 		.ascii	"\341Fq\226\201\025A5\243(bA(r\000): \216E\0213\232\""
  23      81154135 
  23      A3286241 
  23      28720029 
  23      3A208E45 
  24 007a 98D5B814 		.ascii	"\230\325\270\024y\000\031X\344\340>\347\312\205\370"
  24      79001958 
  24      E4E03EE7 
  24      CA85F8
  25 0089 89098B53 		.ascii	"\211\011\213S0\0241\262(d2r\003\031\354\214\014\000"
  25      301431B2 
  25      28643272 
  25      0319EC8C 
  25      0C00
  26 009b 09973D19 		.ascii	"\011\227=\031"
  27              		.text
ARM GAS  /tmp/ccmkdNEA.s 			page 2


  28              		.section	.gnu.lto_.inline.116ce8c3822d0cfe,"",%progbits
  29 0000 789C758E 		.ascii	"x\234u\216\275\025\200 \014\204/\011\274\024\200kX\272"
  29      BD158020 
  29      0C842F09 
  29      BC14806B 
  29      58BA
  30 0012 09E3B880 		.ascii	"\011\343\270\200\205\226\024N\342>\3666\356 A\237\225"
  30      8596144E 
  30      E23EF636 
  30      EE20419F 
  30      95
  31 0023 A6B9EFF2 		.ascii	"\246\271\357\362\317`|\305\372h\255\016\247'\002\231"
  31      CF607CC5 
  31      FA68AD0E 
  31      A7270299 
  32 0033 F1D326D0 		.ascii	"\361\323&\320yl3\034,\353;\2023\353\022Av-\271d\211"
  32      796C331C 
  32      2CEB3B82 
  32      33EB1241 
  32      762DB964 
  33 0048 04367CC1 		.ascii	"\0046|\301%@J\266\256_\220\330\316=\302\001\240\222"
  33      25404AB6 
  33      AE5F90D8 
  33      CE3DC201 
  33      A092
  34 005a 154EEA0E 		.ascii	"\025N\352\016:\024\272\364\367\257\027\205\341\021\027"
  34      3A14BAF4 
  34      F7AF1785 
  34      E11117
  35              		.text
  36              		.section	.gnu.lto_.pureconst.116ce8c3822d0cfe,"",%progbits
  37 0000 789C6362 		.ascii	"x\234cb`b`e\200\000&\006Kv)\000\001o\000f"
  37      60626065 
  37      80002606 
  37      4B762900 
  37      016F0066 
  38              		.text
  39              		.section	.gnu.lto_sensorThread.116ce8c3822d0cfe,"",%progbits
  40 0000 789CA595 		.ascii	"x\234\245\225\313k\024A\020\207\253z\236\031\327\270"
  40      CB6B1441 
  40      1087AB7A 
  40      9E19D7B8 
  41 0010 714D4C36 		.ascii	"qML6>b|\305<<\010B\020\004\301\213\177@\002z\222\265"
  41      3E627CC5 
  41      3C3C0842 
  41      1004C18B 
  41      7F40027A 
  42 0026 B3C4398C 		.ascii	"\263\3049\214BV\004\315!\235d\2439D\010\210\020\014"
  42      425604CD 
  42      219D64A3 
  42      39440888 
  42      100C
  43 0038 42421044 		.ascii	"BB\020D\020o^<\270\"b\016>\"\012\242\036\\\010\202\007"
  43      106F5E3C 
  43      B822620E 
  43      3E220AA2 
  43      1E5C0882 
ARM GAS  /tmp/ccmkdNEA.s 			page 3


  44 004d AF5E22BA 		.ascii	"\257^\"\272V\367\366\354\303Y\335\210\003[\335\323S"
  44      56F7F6EC 
  44      C359DD88 
  44      035BDDD3 
  44      53
  45 005e F3ABAFAB 		.ascii	"\363\253\257\253zj\0310\370\375:J\277\025\033 I#\332"
  45      7A6A1930 
  45      F8FD3A4A 
  45      BF151B20 
  45      4923DA
  46 0071 806CF625 		.ascii	"\200l\366%\300\270\313\320,N\214\342\344\261k2c\346"
  46      C0B8CBD0 
  46      2C4E8CE2 
  46      E4B16B32 
  46      63E6
  47 0083 1980F0AC 		.ascii	"\031\200\360\254\254\003\"f!\312u@\030c\206i\341\330"
  47      AC032266 
  47      21CA7540 
  47      18638669 
  47      E1D8
  48 0095 299472D8 		.ascii	")\224r\330\011\213B\314\345\237~\274\326&\026&f\305"
  48      098B42CC 
  48      E59F7EBC 
  48      D6261626 
  48      66C5
  49 00a7 CF42017D 		.ascii	"\317B\001}\244\300\011\004\216p\222n\260C\015\314\254"
  49      A4C00904 
  49      8E70926E 
  49      B0430DCC 
  49      AC
  50 00b8 26B9CF72 		.ascii	"&\271\317r\371B\341\371\275\225\267\330\3160@0\300G"
  50      F942E1F9 
  50      BD95B7D8 
  50      CE304030 
  50      C047
  51 00ca C325637A 		.ascii	"\303%czd\254\2304\215d\3548\031\247\211\214\233\220"
  51      64AC9834 
  51      8D64EC38 
  51      19A7898C 
  51      9B90
  52 00dc A6599A16 		.ascii	"\246Y\232\026i\222\230\302EB\240\313\202\254\020\263"
  52      699298C2 
  52      4542A0CB 
  52      82AC10B3 
  53 00ec 1DE13D57 		.ascii	"\035\341=Wt\003d\211~\020\031\015\306\013\230X\233|"
  53      74036489 
  53      7E10190D 
  53      C60B9858 
  53      9B7C
  54 00fe B4CA52B8 		.ascii	"\264\312R\270\204\026\014\2431\012\227)b\017\334\025"
  54      84160CA3 
  54      310A9729 
  54      620FDC15 
  55 010e 74DD20C4 		.ascii	"t\335 \304\006=\277\344\2437\0177ie\30302\011\037S\310"
  55      063DBFE4 
  55      A3370F37 
  55      6965C330 
ARM GAS  /tmp/ccmkdNEA.s 			page 4


  55      32091F53 
  56 0123 6710F488 		.ascii	"g\020\364\210\345}\274\202l\256\267\250\0110\012kbZ"
  56      E57DBC82 
  56      6CAEB7A8 
  56      09300A6B 
  56      625A
  57 0135 C47DDCC8 		.ascii	"\304}\334\310\265\017\305\361\261Q\272M\345\327\216"
  57      B50FC5F1 
  57      B151BA4D 
  57      E5D78E
  58 0144 44FC3671 		.ascii	"D\3746q,\026I\256\270>\306\003D\355$WZ}l\012P#\323\226"
  58      2C1649AE 
  58      B83EC603 
  58      44ED2457 
  58      5A7D6C0A 
  59 015c 372BA185 		.ascii	"7+\241\205\321\365\350\030\177\327Q\351\370\376\244"
  59      D1F5E818 
  59      7FD751E9 
  59      F8FEA4
  60 016b 940E57A5 		.ascii	"\224\016W\245\303\324)\310\370\230\250\235\002V\271"
  60      C3D429C8 
  60      F898A89D 
  60      0256B9
  61 017a F52BB9AE 		.ascii	"\365+\271\256\010\312\026\216\206\336\272\033\245\221"
  61      08CA168E 
  61      86DEBA1B 
  61      A591
  62 0188 52CD2708 		.ascii	"R\315'\010\241E#\3740B\002O\021Xe\202\255\265\011\214"
  62      A14523FC 
  62      3042024F 
  62      11586582 
  62      ADB5098C 
  63 019c 7A04AD1C 		.ascii	"z\004\255\034MM\340\375\201\340\030\021\264i\202\305"
  63      4D4DE0FD 
  63      81E01811 
  63      B46982C5 
  64 01ac 5848105B 		.ascii	"XH\020['\201\371\017\004\261he#\004\267K\004\215\212"
  64      2781F90F 
  64      04B16865 
  64      2304B74B 
  64      048D8A
  65 01bf C02E1324 		.ascii	"\300.\023$k\023X\365\010\332\271\366Q\2325sp\221\010"
  65      6B1358F5 
  65      08DAB9F6 
  65      519A3573 
  65      709108
  66 01d2 B6153506 		.ascii	"\266\0255\006)\251\364\271\353od\246?\304iR8\256\306"
  66      29A9F4B9 
  66      EB6F64A6 
  66      3FC46952 
  66      38AEC6
  67 01e5 F9466F6D 		.ascii	"\371Fom\327\363\367X\367#\261+\031\247r\375\021\306"
  67      D7F3F758 
  67      F723B12B 
  67      19A772FD 
  67      11C6
  68 01f7 1D5CFBD0 		.ascii	"\035\\\373\320I\241X>\356\324\371X\235\351\013\011\022"
ARM GAS  /tmp/ccmkdNEA.s 			page 5


  68      49A1583E 
  68      EED4F958 
  68      9DE90B09 
  68      12
  69 0208 FF43E054 		.ascii	"\377C\340T\023\364E\010:\270\366\241:Q,\037wi\202\317"
  69      13F44508 
  69      3AB8F6A1 
  69      3A512C1F 
  69      776982CF 
  70 021c A58A3457 		.ascii	"\245\2124W\001|\252\000xS\037\300-\003(\331\007\030"
  70      017CAA00 
  70      78531FC0 
  70      2D0328D9 
  70      0718
  71 022e CAB654C9 		.ascii	"\312\266T\311\276\263\313\262\017\355\272\262\015\325"
  71      BEB3CBB2 
  71      0FEDBAB2 
  71      0DD5
  72 023c D58FEEAB 		.ascii	"\325\217\356\253\223\353\320T}\332\002\205\363q\267"
  72      93EBD054 
  72      7DDA0285 
  72      F371B7
  73 024b 74BE9A9F 		.ascii	"t\276\232\237\237t\"\356{\270\226\324'eo\200fu\367\330"
  73      9F7422EE 
  73      7BB896D4 
  73      27656F80 
  73      6675F7D8 
  74 025f 17A055B1 		.ascii	"\027\240U\2612-\304u\342\332\037\240]q\242\272\016\321"
  74      322DC475 
  74      E2DA1FA0 
  74      5D71A2BA 
  74      0ED1
  75 0271 893AA05A 		.ascii	"\211:\240Zb\376\326\361H\224n\216\236\212\"}{\2768\344"
  75      62FED6F1 
  75      48946E8E 
  75      9E8A227D 
  75      7BBE38E4 
  76 0285 DC1B1E3F 		.ascii	"\334\033\036?\023\350\357E\036\277\017s\253\313\245"
  76      13E8EF45 
  76      1EBF0F73 
  76      ABCBA5
  77 0294 9E14EF81 		.ascii	"\236\024\357\201n\352\375\265\223\341\351\014,C\366"
  77      6EEAFDB5 
  77      93E1E90C 
  77      2C43F6
  78 02a3 EBF8E1D2 		.ascii	"\353\370\341\322+\322\245\242\356R\334\222\355\3775"
  78      2BD2A5A2 
  78      EE52DC92 
  78      EDFF35
  79 02b2 8CE7EF2C 		.ascii	"\214\347\357,\225\362\237,>\034\2406\235udO\213g\322"
  79      95F29F2C 
  79      3E1CA036 
  79      9D75644F 
  79      8B67D2
  80 02c5 E732E747 		.ascii	"\3472\347GN_8;\222N\015\035\344\340\004\351L&5\234\376"
  80      4E5F383B 
  80      924E0D1D 
ARM GAS  /tmp/ccmkdNEA.s 			page 6


  80      E4E004E9 
  80      4C26359C 
  81 02da 0575AD82 		.ascii	"\005u\255\202\240"
  81      A0
  82              		.text
  83              		.section	.gnu.lto_sensorThreadStop.116ce8c3822d0cfe,"",%progbits
  84 0000 789C6362 		.ascii	"x\234cb`b@\007\222@<\003\210\205\200\230\221\231\201"
  84      60624007 
  84      92403C03 
  84      88858098 
  84      919981
  85 0013 9169C239 		.ascii	"\221i\3029\006\206F\016&FF\020\203\201\221\241\236\211"
  85      0686460E 
  85      26464610 
  85      838191A1 
  85      9E89
  86 0025 B13E9211 		.ascii	"\261>\222\021\254v=\323\201\007\377\377\257\273wl\301"
  86      AC763DD3 
  86      8107FFFF 
  86      AFBB776C 
  86      C1
  87 0036 4E464616 		.ascii	"NFF\026&\306\\\2600+CKC\303\004\005\006\206d07\004H"
  87      26C65CB0 
  87      302B434B 
  87      43C30405 
  87      06866430 
  88 004d 82B48632 		.ascii	"\202\264\20622\201h\346\263\014M;f\274{\301\224\310"
  88      328168E6 
  88      B30C4D3B 
  88      66BC7BC1 
  88      94C8
  89 005f B8909195 		.ascii	"\270\220\221\225A\233aU\003\020\230g22\314f\230\305"
  89      419B6155 
  89      03109867 
  89      3232CC66 
  89      98C5
  90 0071 98C9C898 		.ascii	"\230\311\310\230\316\310\024\001\244!.K\202X\304\000"
  90      CEC81401 
  90      A4212E4B 
  90      8258C400 
  91 0081 1201332E 		.ascii	"\022\0013.24>\330\251\014\321\013\003!\214\214 \223"
  91      32343ED8 
  91      A90CD10B 
  91      03218C8C 
  91      2093
  92 0093 413A048A 		.ascii	"A:\004\212S\363\212\363\213\342K2\212R\023S\364\222"
  92      53F38AF3 
  92      8BE24B32 
  92      8A521353 
  92      F492
  93 00a5 1900D4A8 		.ascii	"\031\000\324\250,\271"
  93      2CB9
  94              		.text
  95              		.section	.gnu.lto_.symbol_nodes.116ce8c3822d0cfe,"",%progbits
  96 0000 789C45CB 		.ascii	"x\234E\313\311\015\3020\024\204\341\3618\206\260C\005"
  96      C90DC230 
  96      1484E1F1 
ARM GAS  /tmp/ccmkdNEA.s 			page 7


  96      3886B043 
  96      05
  97 0011 1442712F 		.ascii	"\024Bq/\354aO\005\\R\007\247\034\220@\242\006\220\257"
  97      EC614F05 
  97      5C5207A7 
  97      1C9040A2 
  97      0690AF
  98 0024 D4006413 		.ascii	"\324\000d\023\317\227\177\276'\231 &\006\325\343\214"
  98      CF977FBE 
  98      27992026 
  98      06D5E38C 
  99 0034 02240F40 		.ascii	"\002$\017@\344\034\033\267b\000\201\373\032\027\210"
  99      E41C1BB7 
  99      620081FB 
  99      1A1788
 100 0043 756BDA42 		.ascii	"uk\332B'\242HDS\034\247d\036\316)F?\232\204\302\212"
 100      27A24844 
 100      531CA764 
 100      1ECE2946 
 100      3F9A84C2 
 101 0058 5164CC91 		.ascii	"Qd\314\221bU\007J\240\332S\234jGi\250\266\224\246jC"
 101      6255074A 
 101      A0DA539C 
 101      6A4769A8 
 101      B694A66A 
 102 006d 095531A5 		.ascii	"\011U1\245\245ZR\332\252\005\245\363\227\305\010\351"
 102      A55A52DA 
 102      AA05A5F3 
 102      97C508E9 
 103 007d F3937788 		.ascii	"\363\223w\210\254\256/;@\372*\332\207\257\233\256\336"
 103      ACAE2F3B 
 103      40FA2ADA 
 103      87AF9BAE 
 103      DE
 104 008e 638B1E7C 		.ascii	"c\213\036|\331.\322\353\367\342,:\360\325h#\273\225"
 104      D92ED2EB 
 104      F7E22C3A 
 104      F0D56823 
 104      BB95
 105 00a0 A3055F8D 		.ascii	"\243\005_\215\020\363{>\360\003\343\\Z\221"
 105      10F37B3E 
 105      F003E35C 
 105      5A91
 106              		.text
 107              		.section	.gnu.lto_.refs.116ce8c3822d0cfe,"",%progbits
 108 0000 789C6362 		.ascii	"x\234cb`b\220d\200\000n\006&F&&&f0f\006\262\231\231"
 108      60629064 
 108      80006E06 
 108      26462626 
 108      26663066 
 109 0018 58985899 		.ascii	"X\230X\231\330\030\000\007[\000`"
 109      D8180007 
 109      5B0060
 110              		.text
 111              		.section	.gnu.lto_.decls.116ce8c3822d0cfe,"",%progbits
 112 0000 789CBD5D 		.ascii	"x\234\275]\013t\025E\232\356\356\373HB\"\002>\006\037"
 112      0B741545 
ARM GAS  /tmp/ccmkdNEA.s 			page 8


 112      9AEEEEFB 
 112      48422202 
 112      3E061F
 113 0013 7BBC33EB 		.ascii	"{\2743\353\354z\334\321<@\305\235]G&\001e\026\204M\242"
 113      EC7ADCD1 
 113      3C40C59D 
 113      5D472601 
 113      6516844D 
 114 0028 AB337BCE 		.ascii	"\2533{\316\265\271\271@fr\223\314\2757\030f\317\036"
 114      B5B9B940 
 114      667293CC 
 114      BD371866 
 114      CF1E
 115 003a 1BD0F800 		.ascii	"\033\320\370\0001\274\345\375\224\207\212\032\020y\303"
 115      31BCE5FD 
 115      94878A1A 
 115      1079C3
 116 0049 05147908 		.ascii	"\005\024y\010\004\002\010\001\341\202\002\202\210 \017"
 116      04020801 
 116      E1820282 
 116      88200F
 117 0058 8120D9BF 		.ascii	"\201 \331\277\376\352\276\267\252ow\337\356\214g\357"
 117      FEEABEB7 
 117      AA6F77DF 
 117      EE8C67EF 
 118 0068 49FD5D5D 		.ascii	"I\375]]]\365\325\377\377\365W\325_\325\217H\202$\334"
 118      5DF5D5FF 
 118      FFF557D5 
 118      5FD58F48 
 118      8224DC
 119 007b 2D09422B 		.ascii	"-\011B+\374*\377G\020\036\277I\020\\\202 <\006!\007"
 119      FC2AFF47 
 119      101EBF49 
 119      105C8220 
 119      3C062107 
 120 008f 42068459 		.ascii	"B\006\204Y\020\016C\370\015\344;\000\307\\8\306 l\202"
 120      100E43F8 
 120      0DE43B00 
 120      C75C38C6 
 120      206C82
 121 00a2 D00BC2FF 		.ascii	"\320\013\302\377\210\202\320\237\234\303QP\313}\016"
 121      8882D09F 
 121      9CC35150 
 121      CB7D0E
 122 00b1 E74D10FE 		.ascii	"\347M\020\376\004`~\010\003 \204 D \014\201\360\"\204"
 122      04607E08 
 122      03208420 
 122      44200C81 
 122      F02284
 123 00c4 97218C80 		.ascii	"\227!\214\200P\017\301\013e\306\301q\002\204I\020\246"
 123      500FC10B 
 123      65C6C171 
 123      02844910 
 123      A6
 124 00d5 40980661 		.ascii	"@\230\006a\206K\340~\004\367\0018\326C]\355\325\272"
 124      864BE07E 
 124      04F70138 
ARM GAS  /tmp/ccmkdNEA.s 			page 9


 124      D6435DED 
 124      D5BA
 125 00e7 3E85F860 		.ascii	">\205\370`\310W\015\241\034\302qH{X\240\374\034\205"
 125      C8570DA1 
 125      1CC27148 
 125      7B58A0FC 
 125      1C85
 126 00f9 FC5F40D8 		.ascii	"\374_@\330\007a6\\\033\015a\216\213\362Mx\036\351\242"
 126      0761365C 
 126      1B0D618E 
 126      8BF24D78 
 126      1EE9A2
 127 010c 72CC7551 		.ascii	"r\314uQ9\352\\T\266\267\341\250\270\250\254\363\340"
 127      39EA5C54 
 127      B6B7E1A8 
 127      B8A8ACF3 
 127      E0
 128 011d F837080F 		.ascii	"\3707\010\017\002\346|8F!,\200P\011a!\204\201\020\336"
 128      02E67C38 
 128      46212C80 
 128      50096121 
 128      848110DE 
 129 0131 71A5EAE9 		.ascii	"q\245\352\351yH{\327Eu\370\337p\314\206c\034\256\235"
 129      79487BD7 
 129      4575F8DF 
 129      70CC8663 
 129      1CAE9D
 130 0144 80F00C9C 		.ascii	"\200\360\014\234?\001\241\007\204B\010\247!\3552\204"
 130      3F01A107 
 130      844208A7 
 130      21ED3284 
 131 0154 8B10CE42 		.ascii	"\213\020\316B8,\321\374D\336zUO/\253z\033\242\3521\244"
 131      382CD1FC 
 131      44DE7A55 
 131      4F2FAB7A 
 131      1BA2EA31 
 132 0169 EA95E8F7 		.ascii	"\352\225\350\367Oj=\215RRoD\207\254N\331\037i\033\222"
 132      4F6A3D8D 
 132      52526F44 
 132      87AC4ED9 
 132      1F691B92 
 133 017d 4474A5E9 		.ascii	"Dt\245\351\2074\337a\365\330\244\036\237\323\225\313"
 133      8734DF61 
 133      F5D8A41E 
 133      9FD395CB 
 134 018d 165E5794 		.ascii	"\026^W\224a\312\314:\345\311\315\355;\011\243\025\370"
 134      61CACC3A 
 134      E5C9CDED 
 134      3B09A315 
 134      F8
 135 019e F936434B 		.ascii	"\3716CK<+\312b\373,a\246\013c9YBW\310\375ka\256\242"
 135      3C2BCA62 
 135      FB2C61A6 
 135      0B633959 
 135      4257C8FD 
 136 01b6 D4C78FAF 		.ascii	"\324\307\217\257\335\355R\224LY\234-v\002{{B\024\356"
 136      DDED5294 
ARM GAS  /tmp/ccmkdNEA.s 			page 10


 136      4C599C2D 
 136      76027B7B 
 136      4214EE
 137 01c9 171642C1 		.ascii	"\027\026B\301zE\231}\277(\244\376\322\002\313\342\\"
 137      7A45997D 
 137      BF28A4FE 
 137      D202CBE2 
 137      5C
 138 01da 51023A0F 		.ascii	"Q\002:\017\000e\361m\361~Z\225\022k\235\234\243\270"
 138      0065F16D 
 138      F17E5A95 
 138      126B9D9C 
 138      A3B8
 139 01ec 69BAA05E 		.ascii	"i\272\240^1\370\375R\230\011R\304&\036\234\376\013%"
 139      31F8FD52 
 139      980952C4 
 139      261E9CFE 
 139      0B25
 140 01fe 1E133384 		.ascii	"\036\0233\204:\"T\374\345a\235\337J\326\230\251U(&%"
 140      3A2254FC 
 140      E5619DDF 
 140      4AD698A9 
 140      55282625 
 141 0212 39BF694F 		.ascii	"9\277iO>J\262\020\012I\302\010Q\344*\261\001D\270z\017"
 141      3E4AB210 
 141      0A49C208 
 141      51E42AB1 
 141      0144B87A 
 142 0227 0A735C2F 		.ascii	"\012s\\/\255\273\231pM\322-\270vA\215\3607\001*%\200"
 142      ADBB9970 
 142      4DD22DB8 
 142      76418DF0 
 142      37012A25 
 143 023c EEAC64DA 		.ascii	"\356\254d\332\254d\232\310d}'\231,1\311\037%\223]L\362"
 143      AC649AC8 
 143      647D2799 
 143      2C31C91F 
 143      25935D4C 
 144 0251 BA64B29B 		.ascii	"\272d\262\233I\376<\231\354Q9!\247bV2\322\3127\"+\241"
 144      49FE3C99 
 144      EC513921 
 144      A7625632 
 144      D2CA3722 
 145 0267 2C2E127F 		.ascii	",.\022\177\015\364}\321eXL\022\366\241\022I\213\031"
 145      0DF47DD1 
 145      65584C12 
 145      F6A11249 
 145      8B19
 146 0279 E94B8D26 		.ascii	"\351K\215&\353m\257\235\250\255\030?\276\344\202k\222"
 146      EB6DAF9D 
 146      A8AD183F 
 146      BEE4826B 
 146      92
 147 028a 127BC965 		.ascii	"\022{\311ed\233p\"2V\344\323\360\334\2116\215]j\026"
 147      649B7022 
 147      3256E4D3 
 147      F0DC8936 
ARM GAS  /tmp/ccmkdNEA.s 			page 11


 147      8D5D6A16 
 148 029e 7D5A6EAF 		.ascii	"}Zn\257Y^Y\\\013b\244\315F2\306\3646y\276\031m2f\313"
 148      595E595C 
 148      0B62A4CD 
 148      4632C6F4 
 148      3679BE19 
 149 02b6 262F344F 		.ascii	"&/4O\277C\231\271\001\264\363jR\030+\376\343WG}\272"
 149      BF4399B9 
 149      01B4F36A 
 149      52182BFE 
 149      E357477D 
 150 02cb 5E1CA628 		.ascii	"^\034\246(pa\243H\032z\250\304[\245}\250\245cV?\212"
 150      7061A348 
 150      1A7AA8C4 
 150      5BA57DA8 
 150      A563563F 
 151 02e0 E6BD0981 		.ascii	"\346\275\011\201\326\351\200d1#\213e\031\317\265\014"
 151      D6E98064 
 151      31238B65 
 151      19CFB50C 
 152 02f0 042D232B 		.ascii	"\004-#+\031!3\312\315\202\323\354\222\260\025+\215%"
 152      192133CA 
 152      CD82D3EC 
 152      92B0152B 
 152      8D25
 153 0302 CD8163D4 		.ascii	"\315\201c\324\302\034\230z\250\341\255G\303\333 \376"
 153      C21C987A 
 153      A8E1AD47 
 153      C3DB20FE 
 154 0312 32794982 		.ascii	"2yI\202\001R/\023m\027\246t\262\001\005}y\2636_-f'\253"
 154      01522F13 
 154      6D17A674 
 154      B201057D 
 154      79B3365F 
 155 032a 68967406 		.ascii	"h\226t\006\235V\002\037k\002\361\343\037\033\031\264"
 155      9D56021F 
 155      6B02F1E3 
 155      1F1B19B4 
 156 033a DA8A4A9D 		.ascii	"\332\212J\235r\337\202d+v\320\360\244D+\306f\214\275"
 156      72DF8264 
 156      2B76D0F0 
 156      A4442BC6 
 156      668CBD
 157 034d 8DD8DB0E 		.ascii	"\215\330\333\016l\303\243\306\306\220\036\006\354j\331"
 157      6CC3A3C6 
 157      C6901E06 
 157      EC6AD9
 158 035c 6FD01876 		.ascii	"o\320\030v!\320wm\006Z:f>\265\252=\010t9\245\005\\:"
 158      21D0776D 
 158      065A3A66 
 158      3EB5AA3D 
 158      087439A5 
 159 0373 AB72F166 		.ascii	"\253r\361f\342\312JFZ[\371\011\351g\316l\326\276\333"
 159      E2CA4A46 
 159      5A5BF909 
 159      E967CE6C 
 159      D6BEDB
ARM GAS  /tmp/ccmkdNEA.s 			page 12


 160 0386 D9F61DEA 		.ascii	"\331\366\035\352\262\321\276\231l\373\012|\373.\373"
 160      B2D1BE99 
 160      6CFB0A7C 
 160      FB2EFB
 161 0395 96B6AFFD 		.ascii	"\226\266\257\375\216\271d\362\276\013j\037?\200J\\\355"
 161      8EB964F2 
 161      BE0B6A1F 
 161      3F804A5C 
 161      ED
 162 03a6 D22BD1A3 		.ascii	"\322+\321\243S\242\207\027\325\223\225\214$\372\332"
 162      53A28717 
 162      D593958C 
 162      24FADA
 163 03b5 46C792E8 		.ascii	"F\307\222\350,u\245\325\320\253pC/xU*\340}IS\335\233"
 163      2C75A5D5 
 163      D0AB7043 
 163      2F78552A 
 163      E07D4953 
 164 03cb 1C7B7DA6 		.ascii	"\034{}\246ye1\236\034{\315\263\221\214\307R\306\336"
 164      7965319E 
 164      1C7BCDB3 
 164      918CC752 
 164      C6DE
 165 03dd 7D38F61E 		.ascii	"}8\366\036\2635\366^\335G\375\201L\341\025:\215+C\305"
 165      B335F65E 
 165      DD47FD81 
 165      4CE1153A 
 165      8D2B43C5 
 166 03f1 BF5AF803 		.ascii	"\277Z\370\003\304\201\221d\3618\024\220\204-.#O\006"
 166      C4819164 
 166      F1381490 
 166      842D2E23 
 166      4F06
 167 0403 6B251934 		.ascii	"k%\0314\035\322\270\026\303\011p'\266\302\261\266N\200"
 167      1DD2B816 
 167      C3097027 
 167      B6C2B1B6 
 167      4E80
 168 0415 B1FA8939 		.ascii	"\261\372\2119\215\317\333\037\036V\320\341\3414\332"
 168      8DCFDB1F 
 168      1E56D0E1 
 168      E134DA
 169 0424 D1FE143B 		.ascii	"\321\376\024;\332%:\354\215\222\360\255^\000\256Z#\001"
 169      DA253AEC 
 169      8D92F0AD 
 169      5E00AE5A 
 169      2301
 170 0436 3A70024C 		.ascii	":p\002L\372\202\316y\234\025\335.\214W'pE\214\312\342"
 170      FA82CE79 
 170      9C15DD2E 
 170      8C572770 
 170      458CCAE2 
 171 044a 63B79976 		.ascii	"c\267\231v\316s\342\355\030sQ'G\026g\001R\342D\355\272"
 171      CE73E2ED 
 171      18735127 
 171      47166701 
 171      52E244ED 
ARM GAS  /tmp/ccmkdNEA.s 			page 13


 172 045f 89F30354 		.ascii	"\211\363\003T>Y|:98Xx\007S&\334J\264\365=\240H\302\025"
 172      3E597C3A 
 172      39385878 
 172      075326DC 
 172      4AB4F53D 
 173 0477 9DB63886 		.ascii	"\235\2668\206)#fL^\006\000c\373K\271&\011un\235B\235"
 173      2923664C 
 173      5E060063 
 173      FB4BB926 
 173      09756E9D 
 174 048d CD20B186 		.ascii	"\315 \261\206\277O\241\327,\024j\333W\216}\331$\372"
 174      BF4FA1D7 
 174      2C146ADB 
 174      578E7DD9 
 174      24FA
 175 049f 64F12774 		.ascii	"d\361't\224\337p\267\311QV$\235\243\374\305Xt\224Iz"
 175      94DF70B7 
 175      C9515624 
 175      9DA3FCC5 
 175      58749449 
 176 04b4 7A47F92D 		.ascii	"zG\371-w\252\243\374\256\233w\224\005\033\316l\222\013"
 176      77AAA3FC 
 176      AE9B7794 
 176      051BCE6C 
 176      920B
 177 04c6 591C2A11 		.ascii	"Y\034*\021\237b\230d\354\314:\260\2535\324\256\256\242"
 177      9F629864 
 177      ECCC3AB0 
 177      AB35D4AE 
 177      AEA2
 178 04d8 5DAD765B 		.ascii	"]\255v[\332\3255\013\273zU2\267+\3355\030i\354\330\225"
 178      DAD5350B 
 178      BB7A5532 
 178      B72BDD35 
 178      1869ECD8 
 179 04ed F9CC155B 		.ascii	"\371\314\025[\247\332\225\346i\356w\214\307\333\351"
 179      A7DA95E6 
 179      69EE778C 
 179      C7DBE9
 180 04fc A12F72EA 		.ascii	"\241/r\352e\015\354\220\035\260\016\346\314]a\301\342"
 180      650DEC90 
 180      1DB00EE6 
 180      CC5D61C1 
 180      E2
 181 050d 8EC178CE 		.ascii	"\216\301x\316\30653`'\354\200u6\347l:\013v\3061\030"
 181      C6353360 
 181      27EC8075 
 181      36E76C3A 
 181      0B76C631 
 182 0522 CFD97216 		.ascii	"\317\331r\026\354\274\0350\2379g\273Y\260\313\216\301"
 182      ECBC1D30 
 182      9F3967BB 
 182      59B0CB8E 
 182      C1
 183 0533 7C292647 		.ascii	"|)&G{\311W\350y\177\015\236\263,\236Bz\026\351\025\244"
 183      7BC957E8 
 183      797F0D9E 
ARM GAS  /tmp/ccmkdNEA.s 			page 14


 183      B32C9E42 
 183      7A16E915 
 184 0548 AF4B848E 		.ascii	"\257K\204\216D:\012i=\3221H\307!\235 q^{\213[?M\035"
 184      443A0A69 
 184      3DD23148 
 184      C7219D20 
 184      715E7B8B 
 185 0560 D37BEDC7 		.ascii	"\323{\355\3078\257\375g\253\333\254\337\035f=\302Q\036"
 185      38AFFD67 
 185      ABDBACDF 
 185      1D663DC2 
 185      511E
 186 0572 1B7E9485 		.ascii	"\033~\224\205\351\236;\010\315\220vk\305\255!\025\011"
 186      E99E3B08 
 186      CD90766B 
 186      C5AD2115 
 186      09
 187 0583 09C7F08B 		.ascii	"\011\307\360\213\323\261\316+\025\245\203,N\225\310"
 187      D3B1CE2B 
 187      15A5832C 
 187      4E95C8
 188 0592 DECAE71E 		.ascii	"\336\312\347\036^Qiq$a/\026\231!\361\236S\274\365l\374"
 188      5E516971 
 188      24612F16 
 188      9921F19E 
 188      53BCF56C 
 189 05a7 AEB71099 		.ascii	"\256\267\020\231\\J\357<\265\324MK\235s([f:\234\243"
 189      5C4AEF3C 
 189      B5D44D4B 
 189      9D73285B 
 189      663A9CA3 
 190 05bb 1F9FC679 		.ascii	"\037\237\306y5V\034\256\375T\036nlBs&\270\2220\3051"
 190      35561CAE 
 190      FD541E6E 
 190      6C427326 
 190      B89230C5 
 191 05d0 988F031B 		.ascii	"\230\217\003\033\373\331T\207+\361\361\027\276\271c"
 191      FBD95487 
 191      2BF1F117 
 191      BEB963
 192 05df 0DAA6C81 		.ascii	"\015\252l\201D:\324\267^\275\325n\324;WvV\304\027\354"
 192      443AD4B7 
 192      5EBDD56E 
 192      D43B5776 
 192      56C417EC 
 193 05f3 08623A6A 		.ascii	"\010b:j\223\226l\274{\305bEy\315\233v\377B\022\256a"
 193      93966CBC 
 193      7BC56245 
 193      79CD9B76 
 193      FF4212AE 
 194 0608 658BF4D6 		.ascii	"e\213\364\3260\376Z\343\003\324\032\026\331\262\206"
 194      30FE5AE3 
 194      03D41A16 
 194      D9B286
 195 0617 65DB26A6 		.ascii	"e\333&\246Z\203\2211z\265\352\313\260\372\325\031\244"
 195      5A839131 
 195      7AB5EACB 
ARM GAS  /tmp/ccmkdNEA.s 			page 15


 195      B0FAD519 
 195      A4
 196 0628 FAC5FAEA 		.ascii	"\372\305\372\352\033n|\363\030\255~\261\255\352\217"
 196      1B6E7CF3 
 196      18AD7EB1 
 196      ADEA8F
 197 0637 EC1C6764 		.ascii	"\354\034gd\214&>\217\326|\327\316\3357\003+\371\030"
 197      8C263E8F 
 197      D67CD7CE 
 197      DD37032B 
 197      F918
 198 0649 0DA82E53 		.ascii	"\015\250.S\337|\277\313f\353\302s\316~\337\314\324\270"
 198      DF7CBFCB 
 198      66EBC273 
 198      CE7EDFCC 
 198      D4B8
 199 065b 6F93FD82 		.ascii	"o\223\375\202\230\261\337-\304\226\322x\030\353\030"
 199      98B1DF2D 
 199      C496D278 
 199      18EB18
 200 066a 9137E21F 		.ascii	"\2217\342\037vb\217\240`\023\355\200YL\377\027Y\260"
 200      76628FA0 
 200      6013ED80 
 200      594CFF17 
 200      59B0
 201 067c 298EC178 		.ascii	")\216\301x\316.\263`3\354\200Y\315\375,\330\034\307"
 201      CE2EB360 
 201      33EC8059 
 201      CDFD2CD8 
 201      1CC7
 202 068e 603C67D7 		.ascii	"`<g\327X\260\371v\300,\346\376\353,\330\273\216\301"
 202      58B0F976 
 202      C02CE6FE 
 202      EB2CD8BB 
 202      8EC1
 203 06a0 78CE6EB0 		.ascii	"x\316n\260`\037\330\001\363\231sV\277\233\001[\342\030"
 203      601FD801 
 203      F3997356 
 203      BF9B015B 
 203      E218
 204 06b2 8CE76C0C 		.ascii	"\214\347l\014\013\266\314\016\330}\346\234\215c\301"
 204      0BB6CC0E 
 204      D87DE69C 
 204      8D63C1
 205 06c1 563906E3 		.ascii	"V9\006\3439\233\300\202\255\263\003\226g\316\331[,\330"
 205      399BC082 
 205      ADB30396 
 205      67CED95B 
 205      2CD8
 206 06d3 46C7603C 		.ascii	"F\307`<g\223Y\260\317\354\200u3\347l*\013\266\3151\030"
 206      679359B0 
 206      CFEC8075 
 206      33E76C2A 
 206      0BB6CD31 
 207 06e8 CFD9872C 		.ascii	"\317\331\207,\330N;`\217\233s\266\230\005\333\355\030"
 207      D84E3B60 
 207      8F9B73B6 
ARM GAS  /tmp/ccmkdNEA.s 			page 16


 207      9805DBED 
 207      18
 208 06f9 8CE7EC23 		.ascii	"\214\347\354#\026l\257\035\260'\3159\373\230\005\333"
 208      166CAF1D 
 208      B027CD39 
 208      FB9805DB 
 209 0709 EF188CE7 		.ascii	"\357\030\214\347l9\013v\320\016X?s\316V\262`\207\035"
 209      6C390B76 
 209      D00E583F 
 209      73CE56B2 
 209      60871D
 210 071c 83F19CAD 		.ascii	"\203\361\234\255f\301\216\332\001{\326\234\263\265,"
 210      66C18EDA 
 210      017BD69C 
 210      B3B52C
 211 072b D871C760 		.ascii	"\330q\307`<g\215,\330);`\317\033p\226\370\231\371\231"
 211      3C678D2C 
 211      D8293B60 
 211      CF1B7096 
 211      F899F999 
 212 073f 0D12E3AB 		.ascii	"\015\022\343\253\237\311\324\034\034\207s\264\220\304"
 212      9FC9D41C 
 212      1C8773B4 
 212      90C4
 213 074d 3897E9D4 		.ascii	"8\227\351\324#\343\344&\276\365\335+\325y\236:\253\227"
 213      23E3E426 
 213      BEF5DD2B 
 213      D5799E3A 
 213      AB97
 214 075f ED205A4C 		.ascii	"\355 ZL\200\223?c<\337\033\216\301t\246\374\231~9\242"
 214      80933F63 
 214      3CDF1B8E 
 214      C174A6FC 
 214      997E39A2 
 215 0773 FAC0F1B7 		.ascii	"\372\300\361\267c\326\273>\270#\232\310\254t\356l\234"
 215      63D6BB3E 
 215      B8239AC8 
 215      AC74EE6C 
 215      9C
 216 0784 57162FE0 		.ascii	"W\026/\340>\312E)+\301\005\215k1zk\260.\313tO\325\272"
 216      3ECA4529 
 216      2BC1058D 
 216      6B317A6B 
 216      B02ECB74 
 217 079b A899259C 		.ascii	"\250\231%\234g-aD\226\0155YL\355G>\233\212\333\305\214"
 217      672D6144 
 217      960D3559 
 217      4CED473E 
 217      9B8ADBC5 
 218 07b0 BC696E1F 		.ascii	"\274in\037\217\277\320\250.\020\256\340\002aL\226\341"
 218      8FBFD0A8 
 218      2E10AEE0 
 218      02614C96 
 218      E1
 219 07c1 3D151B48 		.ascii	"=\025\033HWG-\372\027\274\247\322\202@S"
 219      57472DFA 
 219      17BCA7D2 
ARM GAS  /tmp/ccmkdNEA.s 			page 17


 219      824053
 220 07d0 DA0CB474 		.ascii	"\332\014\264t\314\364n\010t\003\201\346\350\200\324"
 220      CCF46E08 
 220      740381E6 
 220      E880D4
 221 07df 3D2E46F1 		.ascii	"=.F\361\"\277b\261\3349\373\031\363J\302\"}s\031m\223"
 221      22BF62B1 
 221      DC39FB19 
 221      F34AC222 
 221      7D73196D 
 222 07f4 9B3B4FD0 		.ascii	"\233;O\320\351\366\337\263\342}E\031\356u\322`\233\325"
 222      E9F6DFB3 
 222      E27D4519 
 222      EE75D260 
 222      9BD5
 223 0806 061BEE22 		.ascii	"\006\033\356\"\352Y\232\242\236\026\311\231~$a\215c"
 223      EA599AA2 
 223      9E16C999 
 223      7E24618D 
 223      63
 224 0817 39EED3C9 		.ascii	"9\356\323\311\021\273\317\271\034\373U9^E9>\375\031"
 224      11BBCFB9 
 224      1CFB5539 
 224      5E45393E 
 224      FD19
 225 0829 E4D8EE58 		.ascii	"\344\330\356X\216<F\016\\\226>H\227\245\267\010c\322"
 225      8E3C460E 
 225      5C963E48 
 225      97A5B708 
 225      63D2
 226 083b DF567FC3 		.ascii	"\337V\177\303u\013\267&\214\035\330J\366\227Ir\272\365"
 226      750BB726 
 226      8C1DD84A 
 226      F6974972 
 226      BAF5
 227 084d A012FB71 		.ascii	"\240\022\373q+\263\226W\354\255\345\317\251\032\253"
 227      2BB39657 
 227      ECADE5CF 
 227      A91AAB
 228 085c 478DED31 		.ascii	"G\215\3551\352a\266\220\256\356\370\244A\275w7\026\241"
 228      EA61B690 
 228      AEEEF8A4 
 228      41BD7737 
 228      16A1
 229 086e 9ADB0CB5 		.ascii	"\232\333\014\265t\3672\332Y' \320\261\224V\364\352\032"
 229      74F732DA 
 229      592720D0 
 229      B19456F4 
 229      EA1A
 230 0880 D1CB3722 		.ascii	"\321\3137\"\234\222\232\256\220\255\005\361E5\205\234"
 230      9C929AAE 
 230      90AD05F1 
 230      4535859C 
 231 0890 6408FFEF 		.ascii	"d\010\377\357\345`&F\366I\003:\234\211\223\006\364\233"
 231      E5602646 
 231      F649033A 
 231      9C899306 
ARM GAS  /tmp/ccmkdNEA.s 			page 18


 231      F49B
 232 08a2 15EA2C4A 		.ascii	"\025\352,J\033\351\302\337\2058,\266d\3044u\177\373"
 232      1BE9C2DF 
 232      85382CB6 
 232      64C43475 
 232      7FFB
 233 08b4 77641EBD 		.ascii	"wd\036\275\376w\302\355\332\346|\007)v'\265\272\031"
 233      FE77C2ED 
 233      DAE67C07 
 233      297627B5 
 233      BA19
 234 08c6 28D0F076 		.ascii	"(\320\360v?\313\016\322\233\355\332(H\342'\011\023\332"
 234      3FCB0ED2 
 234      9BEDDA28 
 234      48E22709 
 234      13DA
 235 08d8 D9982D7D 		.ascii	"\331\230-}V\255u\345A\233\273P\211\275\315o:oFe\274"
 235      56AD75E5 
 235      419BBB50 
 235      89BDCD6F 
 235      3A6F4665 
 236 08ed ED227B9B 		.ascii	"\355\"{\233\223u\312\260\261\233\265\020\213,p\245\354"
 236      9375CAB0 
 236      B19BB510 
 236      8B2C70A5 
 236      EC
 237 08fe 6D36DE41 		.ascii	"m6\336A\267\223\310%\033\273Yu\232]\320-\313\271\222"
 237      B793C825 
 237      1BBB5975 
 237      9A5DD02D 
 237      CBB992
 238 0911 A4C2B655 		.ascii	"\244\302\266U\237\\\023&\371\223\305w\\\3041z\327\305"
 238      9F5C1326 
 238      F993C577 
 238      5CC4317A 
 238      D7C5
 239 0923 6D7FAF70 		.ascii	"m\177\257p\254{\037\253\373X\313\266\251\"\341\337`"
 239      AC7B1FAB 
 239      FB58CBB6 
 239      A922E1DF 
 239      60
 240 0934 03EE71D6 		.ascii	"\003\356q\326]M(>~\307\026T\317\373\250\370\215&\212"
 240      5D4D283E 
 240      7EC71654 
 240      CFFBA8F8 
 240      8D268A
 241 0947 7FDC0C47 		.ascii	"\177\334\014G\022\232\260HC\252\3427\337I\025\337`K"
 241      129AB048 
 241      43AAE237 
 241      DF4915DF 
 241      604B
 242 0959 F17B0D15 		.ascii	"\361{\015\025\337\340\\\361*\336\276\344\006\261,\316"
 242      DFE05CF1 
 242      2ADEBEE4 
 242      06B12CCE 
 243 0969 730CE6B3 		.ascii	"s\014\346\263j\305\006\246\025\227`+~\344\"\267\023"
 243      6AC506A6 
ARM GAS  /tmp/ccmkdNEA.s 			page 19


 243      1597602B 
 243      7EE422B7 
 243      13
 244 097a 96F26DF9 		.ascii	"\226\362m\371\265\276-9\315\251Q\323\315\021%6v\307"
 244      B5BE2D39 
 244      CDA951D3 
 244      CD112536 
 244      76C7
 245 098c 54552574 		.ascii	"TU%t\314\373\336\216mXliL\337\201*\241\343\315%\307"
 245      CCFBDE8E 
 245      6D586C69 
 245      4CDF812A 
 245      A1E3CD25 
 246 09a1 603E0E6C 		.ascii	"`>\016l\315(\203\233\000\006V\247\210\3542D\022\224"
 246      CD28839B 
 246      000656A7 
 246      88EC3244 
 246      1294
 247 09b3 6C52EF1A 		.ascii	"lR\357\032\275\271L[\271\353\025q(N\235kl\330\013\314"
 247      BDB94C5B 
 247      B9EB1571 
 247      284E9D6B 
 247      6CD80BCC 
 248 09c7 F3C7B394 		.ascii	"\363\307\263\22419\232\335\256L\240Z\250\332\302ZZN"
 248      31399ADD 
 248      AE4CA05A 
 248      A8DAC25A 
 248      5A4E
 249 09d9 6D11118E 		.ascii	"m\021\021\216.\2536\350\341\322\256\372x\270\033\301"
 249      2EAB36E8 
 249      E1D2AEFA 
 249      78B81BC1 
 250 09e9 CD79CE14 		.ascii	"\315y\316\024\243\336+>\270\202x:\233P\246\255\331\372"
 250      A3DE2B3E 
 250      B882783A 
 250      9B50A6AD 
 250      D9FA
 251 09fb 19816A86 		.ascii	"\031\201j\2061\3045\214!\256CC\214\241!n@\372\011k\216"
 251      31C4358C 
 251      21AE4343 
 251      8CA1216E 
 251      40FA096B 
 252 0a10 66CED6A7 		.ascii	"f\316\326\247.f\235\264\333\261\334>]\353\230U\263\232"
 252      2E669DB4 
 252      DBB1DC3E 
 252      5DEB9855 
 252      B39A
 253 0a22 ADE640B6 		.ascii	"\255\346@\266\015\3333\337\001#\203\372\277j\356\000"
 253      0DDB33DF 
 253      012383FA 
 253      BF6AEE00 
 254 0a32 BDFFF295 		.ascii	"\275\377\362\225cD\336\232\317\217\342\334\201\263v"
 254      6344DE9A 
 254      CF8FE2DC 
 254      81B376
 255 0a41 E01E3760 		.ascii	"\340\0367`\320\350\307\336q\223\305Y\270\034\236\215"
 255      D0E8C7DE 
ARM GAS  /tmp/ccmkdNEA.s 			page 20


 255      7193C559 
 255      B81C9E8D 
 256 0a51 B71FDF46 		.ascii	"\267\037\337F:\037\351{H\317 =\213\364\034\322\037\221"
 256      3A1FE97B 
 256      48CF203D 
 256      8BF41CD2 
 256      1F91
 257 0a63 0EC3067D 		.ascii	"\016\303\006}\005\351H\244s\221.B\272\014\351\012\244"
 257      05E948A4 
 257      73912E42 
 257      BA0CE90A 
 257      A4
 258 0a74 AB906E43 		.ascii	"\253\220nC\272=\235\001\250\263\300\227\353\016\334"
 258      BA3D9D01 
 258      A8B3C097 
 258      EB0EDC
 259 0a83 FD1E8ED5 		.ascii	"\375\036\216\325S\320\374\337\317\321[\336\034Iw?$\345"
 259      53D0FCDF 
 259      CFD15BDE 
 259      1C49773F 
 259      24E5
 260 0a95 86DEFA1C 		.ascii	"\206\336\372\034\2477F\331\026P\342\237\256\373\326"
 260      A73746D9 
 260      1650E29F 
 260      AEFBD6
 261 0aa4 35943C60 		.ascii	"5\224<`F\315_\026\327\272$\036\220\3570F\253\016\316"
 261      46CD5F16 
 261      D7BA241E 
 261      90EF3046 
 261      AB0ECE
 262 0ab7 4A6233A6 		.ascii	"Jb3\246\317\2607By4\260~I\2254\234\330\322m8\016G{\261"
 262      CFB03742 
 262      7934B07E 
 262      4995349C 
 262      D8D26D38 
 263 0acf 33BE7453 		.ascii	"3\276tS\332\273\255<\016Q\322~\335(\027[\266\015\237"
 263      DABBAD3C 
 263      0E51D27E 
 263      DD28175B 
 263      B60D9F
 264 0ae2 51DB9F7E 		.ascii	"Q\333\237~\204{ixl\325\266qI\237r\270\245O\011}\035"
 264      847B6978 
 264      6CD5B671 
 264      499F72B8 
 264      A54F097D 
 265 0af7 EFC3DBF1 		.ascii	"\357\303\333\361\020\353Q\222\375m\233X\201\255\325"
 265      10EB5192 
 265      FD6D9B58 
 265      81ADD5
 266 0b06 DB701639 		.ascii	"\333p\0269\210\263\310X\307`>\016l-\0136\321\016\230"
 266      88B3C858 
 266      C7603E0E 
 266      6C2D0B36 
 266      D10E98
 267 0b19 D9A80B60 		.ascii	"\331\250\013`\215,\330\024\307`<g\273Y\260Yv\300\314"
 267      8D2CD814 
 267      C7603C67 
ARM GAS  /tmp/ccmkdNEA.s 			page 21


 267      BB59B059 
 267      76C0CC
 268 0b2c F6EC006C 		.ascii	"\366\354\000l\017\0136\3371\030\317\331>\026l\221\035"
 268      0F0B36DF 
 268      3118CFD9 
 268      3E166C91 
 268      1D
 269 0b3d 30B34E02 		.ascii	"0\263N\002`\373Y\260%\216\301x\316\232Y\260\025v\300"
 269      60FB59B0 
 269      258EC178 
 269      CE9A59B0 
 269      1576C0
 270 0b50 7CE69C1D 		.ascii	"|\346\234\035b\301\3269\006\3439;\314\202m\264\003f"
 270      62C1D639 
 270      06E3393B 
 270      CC826DB4 
 270      0366
 271 0b62 E69701D8 		.ascii	"\346\227\001\3309\026\3543\307`<g?\260`\237\333\001"
 271      3916EC33 
 271      C7603C67 
 271      3FB0609F 
 271      DB01
 272 0b74 33F3F000 		.ascii	"3\363\360\000\354\"\013\266\3131\030\317\331e\026l\237"
 272      EC220BB6 
 272      CB3118CF 
 272      D965166C 
 272      9F
 273 0b85 1D30B329 		.ascii	"\0350\263)\033\300\256\260`\007\035\203\361\234]c\301"
 273      1BC0AEB0 
 273      60071D83 
 273      F19C5D63 
 273      C1
 274 0b96 E276C01E 		.ascii	"\342v\300\0367\347\354:\013v\3341\030\317\331\015\026"
 274      37E7EC3A 
 274      0B76DC31 
 274      18CFD90D 
 274      16
 275 0ba7 ECB41D30 		.ascii	"\354\264\0350\263\233V\000V\277\203\001\373\3361\230"
 275      B39B5600 
 275      56BF8301 
 275      FBDE3198 
 276 0bb7 4F30FDB1 		.ascii	"O0\375\261S\223,\036@\317\261\031]\206/\221\036Az\024"
 276      53932C1E 
 276      40CFB119 
 276      5D862F91 
 276      1E417A14 
 277 0bcb E957488F 		.ascii	"\351WH\217#=\211\364\024\322o\221~\207\364{\244\347"
 277      233D89F4 
 277      14D26F91 
 277      7E87F47B 
 277      A4E7
 278 0bdd 915E407A 		.ascii	"\221^@z\011\351\217H\257\"mA\372\023\322V\244C\3356"
 278      09E98F48 
 278      AF226D41 
 278      FA13D256 
 278      A443DD36 
 279 0bf1 FCD33DAC 		.ascii	"\374\323=\254\343\370\303M6\234\014\363\333\315\361"
ARM GAS  /tmp/ccmkdNEA.s 			page 22


 279      E3F8C34D 
 279      369C0CF3 
 279      DBCDF1
 280 0c00 E327EC3F 		.ascii	"\343'\354?\305\376\274\206G^<\324\034\245\357\267\374"
 280      C5FEBC86 
 280      475E3CD4 
 280      1CA5EFB7 
 280      FC
 281 0c11 1BF10A0C 		.ascii	"\033\361\012\014f\177.;\270jn\303\347\330\271\\$\337"
 281      667F2E3B 
 281      B86A6EC3 
 281      E7D8B95C 
 281      24DF
 282 0c23 6B6E9D8B 		.ascii	"kn\235\213pi\007\272\010$=\375\242\371G\233\213\260"
 282      706907BA 
 282      08243DFD 
 282      A2F9479B 
 282      8BB0
 283 0c35 58C275EA 		.ascii	"X\302u\352,\260.\316c\324\305y\303M\\\2345\355\323\272"
 283      2CB02ECE 
 283      63D4C579 
 283      C34D5C9C 
 283      35EDD3BA 
 284 0c49 383C0EE1 		.ascii	"8<\016\341\257^\317\377\222\235\310\177}z\376\301\302"
 284      AF5ECFFF 
 284      929DC87F 
 284      7D7AFEC1 
 284      C2
 285 0c5a 97A90FEF 		.ascii	"\227\251\017\357hF\336\210,\220\262m\363M\226\357dz"
 285      6846DE88 
 285      2C90B26D 
 285      F34D96EF 
 285      647A
 286 0c6c 4C936330 		.ascii	"L\223c0\037\007\266\222\005\333o\007\314\3027Y\315\202"
 286      1F07B692 
 286      05DB6F07 
 286      CCC23759 
 286      CD82
 287 0c7e 1D720CC6 		.ascii	"\035r\014\306s\266\226\005;j\007\314\3027id\301N8\006"
 287      73B69605 
 287      3B6A07CC 
 287      C2376964 
 287      C14E3806 
 288 0c92 F31935AF 		.ascii	"\363\0315\257\220b\035\2628\332MF\2311n\322\363\307"
 288      90621DB2 
 288      38DA4D46 
 288      99316ED2 
 288      F3C7
 289 0ca4 219D80F4 		.ascii	"!\235\200\364-\244\223\221N\2653\"\214t3#\302id\370"
 289      2DA49391 
 289      4EB53322 
 289      8C743323 
 289      C26964F8 
 290 0cb8 B5B6590C 		.ascii	"\265\266Y\014\214\010_~\177\364\267\364\376\254\356"
 290      8C085F7E 
 290      7FF4B7F4 
 290      FEACEE
ARM GAS  /tmp/ccmkdNEA.s 			page 23


 291 0cc7 0132A20F 		.ascii	"\0012\242\0173\016f\262\034\234w\314\201\217\345 \326"
 291      330E66B2 
 291      1C9C77CC 
 291      818FE520 
 291      D6
 292 0cd8 B283DE5B 		.ascii	"\262\203\336[\324n\360]\326\343\031\335l\261\332{\330"
 292      D46EF05D 
 292      D6E319DD 
 292      6CB1DA7B 
 292      D8
 293 0ce9 91FDE1F3 		.ascii	"\221\375\341\363\032\330O\216\30129\260\372\235\014"
 293      1AD84F8E 
 293      C13239B0 
 293      FA9D0C
 294 0cf8 D82B373B 		.ascii	"\330+7;\005\353\220b\021\324\026^G[\030\201m>\003\351"
 294      05EB9062 
 294      11D4165E 
 294      475B1881 
 294      6D3E03E9 
 295 0d0c 6CA47391 		.ascii	"l\244s\221\316c\255@\022F\335\254_\215\322\301\221A"
 295      CE63AD40 
 295      1246DDAC 
 295      5F8DD2C1 
 295      9141
 296 0d1e 4D8EA282 		.ascii	"M\216\242\202]\\\263\266}\231m\333Y7;\235o\270\266\215"
 296      5D5CB3B6 
 296      7D996DDB 
 296      59373B9D 
 296      6FB8B68D 
 297 0d32 1F3FA9BE 		.ascii	"\037?\251\276\377\245=x\275\300\016\240\221\203g\364"
 297      FFA53D78 
 297      BDC00EA0 
 297      918367F4 
 298 0d42 635F8A96 		.ascii	"c_\212\226\305\371\270\002\\\200\317>\257B\3729\322"
 298      C5F9B802 
 298      5C80CF3E 
 298      AF42FA39 
 298      D2
 299 0d53 FD48BF44 		.ascii	"\375H\277D:\0317\023v\343\354\333\204\364%\324\314;"
 299      3A193713 
 299      76E3ECDB 
 299      84F425D4 
 299      CC3B
 300 0d65 7634332B 		.ascii	"v43+\371\0344\327W:\012\3658O,hO\337DT\313\307;i\000"
 300      F91C34D7 
 300      573A0AF5 
 300      384F2C68 
 300      4FDF4454 
 301 0d7e EF492AC2 		.ascii	"\357I*\302\"wG\214q\267\3010\213Y\235\357\273\223\367"
 301      2277478C 
 301      71B7C130 
 301      8B599DEF 
 301      BB93F7
 302 0d91 FE73B292 		.ascii	"\376s\262\222\221\361b\032f\337K6\243\321R=\361:\031"
 302      91F1621A 
 302      66DF4B36 
 302      A3D1523D 
ARM GAS  /tmp/ccmkdNEA.s 			page 24


 302      F13A19
 303 0da4 692F753E 		.ascii	"i/u>\334\325r\340^\274\345\366\001N\207\033tf\227\026"
 303      DCD572E0 
 303      5EBCE5F6 
 303      014E871B 
 303      74669716 
 304 0db8 8654BB58 		.ascii	"\206T\273X?\035\266\224\371hj\372\035\315\326\271dG"
 304      3F1DB694 
 304      F9686AFA 
 304      1DCDD6B9 
 304      6447
 305 0dca 339DD3A0 		.ascii	"3\235\323\2402\273\354\306\321_!\263K\221\331\243\351"
 305      32BBECC6 
 305      D15F21B3 
 305      4B91D9A3 
 305      E9
 306 0ddb 994D713D 		.ascii	"\231Mq=\226\353y]Cx]n\313\361\330\365\321\012Q\251\313"
 306      96EB795D 
 306      43785D6E 
 306      CBF1D8F5 
 306      D10A51A9 
 307 0df0 B1FF8AD0 		.ascii	"\261\377\212\320\212L\011\314\322M\336\020\372N\307"
 307      8A4C09CC 
 307      D24DDE10 
 307      FA4EC7
 308 0dff ABCD3784 		.ascii	"\253\3157\204\326\272uo\0105\270%\232\232\376\375\240"
 308      D6BA756F 
 308      0835B825 
 308      9A9AFEFD 
 308      A0
 309 0e10 9F6E4E7D 		.ascii	"\237nN}?\250\256\203\341\213\364#:\360/\322\2536f\371"
 309      3FA8AE83 
 309      E18BF423 
 309      3AF02FD2 
 309      AB3666F9 
 310 0e24 40439235 		.ascii	"@C\2225Y\\\207C[\314m\374\332\220,\256\304\257\031,"
 310      595C8743 
 310      5BCC6DFC 
 310      DA902CAE 
 310      C4AF192C 
 311 0e38 B71E4439 		.ascii	"\267\036D9\333\3465\337tq9\321\2746&\327w\020\035\302"
 311      DBE635DF 
 311      747139D1 
 311      BC3626D7 
 311      77101DC2 
 312 0e4c F103FCDE 		.ascii	"\361\003\374\336\231\270\361\235\326\201L|\223\241["
 312      99B8F19D 
 312      D6814C7C 
 312      93A15B
 313 0e5b D206CFCF 		.ascii	"\322\006\317\317n\3763}#a+\032\341\227\035\322;\220"
 313      6EFE337D 
 313      23612B1A 
 313      E1971DD2 
 313      3B90
 314 0e6d 1C0E0C51 		.ascii	"\034\016\014Qn\242\215\355zK<O\277\355\260\335\226-"
 314      6EA28DED 
 314      7A4B3C4F 
ARM GAS  /tmp/ccmkdNEA.s 			page 25


 314      BFEDB0DD 
 314      962D
 315 0e7f 5E6D76FA 		.ascii	"^mv\372m\207\031\363\257\335I=\337F\264\310\311\035"
 315      6D8719F3 
 315      AFDD493D 
 315      DF46B4C8 
 315      C91D
 316 0e91 DB64914D 		.ascii	"\333d\221Mz\213\334E?\356\320d\313&\337\356\230j\223"
 316      7A8BDC45 
 316      3FEED064 
 316      CB26DFEE 
 316      986A93
 317 0ea4 1F7634B4 		.ascii	"\037v4\264\311\025\035\015?\356\260\261\243\341\307"
 317      C9151D0D 
 317      3FEEB0B1 
 317      A3E1C7
 318 0eb3 1D767534 		.ascii	"\035vu4\374\270\303\221\216\316?\356\320\304\030\366"
 318      FCB8C391 
 318      8ECE3FEE 
 318      D0C418F6 
 319 0ec3 1E34ECBD 		.ascii	"\0364\354\275i\014{{[\015\033\254iC\305\332TO\314\366"
 319      690C7B7B 
 319      5B0D1BAC 
 319      6943C5DA 
 319      544FCCF6 
 320 0ed7 E22CB6C6 		.ascii	"\342,\266\306\370\015c\335\302\354k\233\013\263\023"
 320      F80D63DD 
 320      C2EC6B9B 
 320      0BB313
 321 0ee6 7A9B9C46 		.ascii	"z\233\234F\277\355p\302\226M64\217wf\223\261\363_\220"
 321      BFED70C2 
 321      964D3634 
 321      8F776693 
 321      B1F35F90 
 322 0efa 3B3FA7D0 		.ascii	";?\247\320\036O\267\315\036\317\350\355\361\300D\264"
 322      1E4FB7CD 
 322      1ECFE8ED 
 322      F1C044B4 
 323 0f0a C733B6EC 		.ascii	"\3073\266\354\3612k{j\332\320N\206\2067\276\023oxvL"
 323      F1326B7B 
 323      6ADAD04E 
 323      868637BE 
 323      136F7876 
 324 0f1f E90C634A 		.ascii	"\351\014cJ\337\241)\23551%I\230\337IT[\240mc\344\222"
 324      DFA1299D 
 324      35312549 
 324      98DF4954 
 324      5BA06D63 
 325 0f35 E6F1DCCB 		.ascii	"\346\361\334\313\213\037\350\361\034\272\350\313\233"
 325      8B1FE8F1 
 325      1CBAE8CB 
 325      9B
 326 0f42 C10BB6DF 		.ascii	"\301\013\266\337\224c\233IS^\301\246\\\325\251MM\331"
 326      94639B49 
 326      535EC1A6 
 326      5CD5A94D 
 326      4DD9
ARM GAS  /tmp/ccmkdNEA.s 			page 26


 327 0f54 A26FCA16 		.ascii	"\242o\312\026\332\224-\266\232rk\247\324\246<`\334\224"
 327      DA942DB6 
 327      9A726BA7 
 327      D4A63C60 
 327      DC94
 328 0f66 DFB6A129 		.ascii	"\337\266\241)[\230\246\274\216M\371\223iS*\267\330h"
 328      5B98A6BC 
 328      8E4DF993 
 328      69532AB7 
 328      D868
 329 0f78 4AA3D50C 		.ascii	"J\243\325\014S\037\255\351$\326\364\015\372\253\227"
 329      531FADE9 
 329      24D6F40D 
 329      FAAB97
 330 0f87 90FEC8AF 		.ascii	"\220\376\310\257\023F\334\242_'\234\320\257\023Np\353"
 330      1346DCA2 
 330      5F279CD0 
 330      AF134E70 
 330      EB
 331 0f98 04532C33 		.ascii	"\004S,3\247\362X\322"
 331      A7F258D2 
 332 0fa0 A994C56D 		.ascii	"\251\224\305m\372\361\316\241QM:\350\360\363/\261u\023"
 332      FAF1CEA1 
 332      514D3AE8 
 332      F0F32FB1 
 332      7513
 333 0fb2 F175FE3A 		.ascii	"\361u\376:\017i\302\361)\322\266\351y\241\231\010\223"
 333      0F69C2F1 
 333      29D2B6E9 
 333      79A19908 
 333      93
 334 0fc3 460AF337 		.ascii	"F\012\3637\316bK\016N\027iWc\357\3321x\206w\355,^\026"
 334      CE624B0E 
 334      4E176957 
 334      63EFDA31 
 334      788677ED 
 335 0fda DA7310B7 		.ascii	"\332s\020\267#\246\340\375\305]z4#\356,\336\24294\305"
 335      23A6E0FD 
 335      C55D7A34 
 335      23EE2CDE 
 335      A23934C5 
 336 0fee D1F71296 		.ascii	"\321\367\022\226R\005\277\201\012\236\237\242\3406|"
 336      5205BF81 
 336      0A9E9FA2 
 336      E0367C
 337 0ffd 2FA141   		.ascii	"/\241A"
 338 1000 AF5EA3EF 		.ascii	"\257^\243\357%\370\314\324;,v\351 \377\032\366\307v"
 338      25F8CCD4 
 338      3B2C76E9 
 338      20FF1AF6 
 338      C776
 339 1012 9A8BC3E3 		.ascii	"\232\213\303\343\025r\375 \363\026p\314\016\230\305"
 339      1572FD20 
 339      F31670CC 
 339      0E98C5
 340 1021 CB3BE3D5 		.ascii	"\313;\343\325\033\254t\321\014\303\216c<\236\271\251"
 340      1BAC74D1 
ARM GAS  /tmp/ccmkdNEA.s 			page 27


 340      0CC38E63 
 340      3C9EB9A9 
 341 1031 8791390A 		.ascii	"\207\2219\012\326h\007\314\342a\227\217\016\333x\321"
 341      D66807CC 
 341      E261978F 
 341      0EDB78D1 
 342 1041 3666F0A5 		.ascii	"6f\360\245\222x\303\211\365\317Q\357p\212\207\270\265"
 342      9278C389 
 342      F5CF51EF 
 342      708A87B8 
 342      B5
 343 1052 FB6E49EF 		.ascii	"\373nI\357\326\246|\236d\272G\347>\\mB\367\201\244\247"
 343      D6A67C9E 
 343      64BA47E7 
 343      3E5C6D42 
 343      F781A4A7 
 344 1066 DF17FDA9 		.ascii	"\337\027\375\251\211\335\027\225\305\303\330\017HY\273"
 344      89DD1795 
 344      C5C3D80F 
 344      4859BB
 345 1075 630D8F77 		.ascii	"c\015\217w\243)\261\307'\213q\307`>\016\254~\037\263"
 345      A329B1C7 
 345      278B71C7 
 345      603E0EAC 
 345      7E1FB3
 346 1088 61780C95 		.ascii	"ax\014\225\223\006\314b_t\014\013v\3221\030\317\331"
 346      9306CC62 
 346      5F740C0B 
 346      76D23118 
 346      CFD9
 347 109a B87D8C98 		.ascii	"\270}\214\230\303\3346\304\264\330\027\235\300rv\306"
 347      C3DC36C4 
 347      B4D8179D 
 347      C07276C6 
 348 10aa 0E6716F7 		.ascii	"\016g\026\367l\337b\301\316\331\001\263\270g;\231\005"
 348      6CDF62C1 
 348      CED901B3 
 348      B8673B99 
 348      05
 349 10bb BBE8188C 		.ascii	"\273\350\030\214\347l*\013v\305\016\230\317\234\263"
 349      E76C2A0B 
 349      76C50E98 
 349      CF9CB3
 350 10ca E92CD80D 		.ascii	"\351,\330\015\307`>\243.A\177l\217\222\305\031\036\342"
 350      C7603EA3 
 350      2E417F6C 
 350      8F92C519 
 350      1EE2
 351 10dc 0BCCF490 		.ascii	"\013\314\364\220\231{\026\322\331H\347\"\235\207t>\322"
 351      997B16D2 
 351      D948E722 
 351      9D87743E 
 351      D2
 352 10ed 8548DF45 		.ascii	"\205H\337E\272\010\351\007\036\0333\375d\017\263\013"
 352      BA08E907 
 352      1E1B33FD 
 352      640FB30B 
ARM GAS  /tmp/ccmkdNEA.s 			page 28


 353 10fd 38FC56A7 		.ascii	"8\374V\247C\221\245 \311\325\256,\356@\247f'\272 G\221"
 353      4391A520 
 353      C9D5AE2C 
 353      EE40A766 
 353      27BA2047 
 354 1112 BE8C4CBE 		.ascii	"\276\214L\276\216t\004\322\221HG#\035\213t<\322\211"
 354      8E7404D2 
 354      91484723 
 354      1D8B743C 
 354      D289
 355 1124 4827D911 		.ascii	"H'\331\021g\013\353\2704xt;\020\316\034\227\370\262"
 355      670BEBB8 
 355      3478743B 
 355      10CE1C97 
 355      F8B2
 356 1136 1B077E10 		.ascii	"\033\007~\020G\017W6\347\331\177\332\371\213\323\361"
 356      470F5736 
 356      E7D97FDA 
 356      F98BD3F1 
 357 1146 79EA93F1 		.ascii	"y\352\223\361Kpv}\345\326\237\305}\031}\253\230^\026"
 357      4B70767D 
 357      E5D69FC5 
 357      7D197DAB 
 357      985E16
 358 1159 4BF792AB 		.ascii	"K\367\222\253r9\3234+\260iVb\243lB\272\031\351bV\341"
 358      7239D334 
 358      2BB06956 
 358      62A36C42 
 358      BA19E962 
 359 116f 92300939 		.ascii	"\2220\0119X\234\344\200[I\246\031\232\025%\276\253e"
 359      589CE480 
 359      5B49A619 
 359      9A1525BE 
 359      AB65
 360 1181 FDD7224C 		.ascii	"\375\327\"L(\013\362\330}\324]\311}\324\224\225\351"
 360      280BF2D8 
 360      7DD45DC9 
 360      7DD49495 
 360      E9
 361 1192 0A8FD35D 		.ascii	"\012\217\323]\324\225\036\343]TOB\212\231v\2440\365"
 361      D4951EE3 
 361      5D544F42 
 361      8A9976A4 
 361      30F5
 362 11a4 DA94D8D8 		.ascii	"\332\224\330\330\357\336r\341\363\223\017\266\003\264"
 362      EFDE72E1 
 362      F3930FB6 
 362      03B4
 363 11b2 B97A3427 		.ascii	"\271z4'\003\034\240\215\333.n\316S\261\0269\306\362"
 363      031CA08D 
 363      DB2E6ECE 
 363      53B11639 
 363      C6F2
 364 11c4 59B5F062 		.ascii	"Y\265\360b\246\205\227`\013\177\204\255\272\034;\323"
 364      A6859760 
 364      0B7F84AD 
 364      BA1C3BD3 
ARM GAS  /tmp/ccmkdNEA.s 			page 29


 365 11d4 6AA46BD9 		.ascii	"j\244k\331\026\266\271\037{\344\253\346\177\304\375"
 365      16B6B91F 
 365      7BE4ABE6 
 365      7FC4FD
 366 11e3 D818FA0C 		.ascii	"\330\030\372\014[t\346mg\307a\243\336e8O\366c7\246w"
 366      5B74E66D 
 366      67C761A3 
 366      DE65384F 
 366      F66337A6 
 367 11f8 18C85DE3 		.ascii	"\030\310]\343\271\364i\330\245(\3362\354\341\033=\216"
 367      B9F469D8 
 367      A528DE32 
 367      ECE11B3D 
 367      8E
 368 1209 6DD25867 		.ascii	"m\322Xg\033\231\221\367\023\034y?m\203\206\366\2368"
 368      1B9991F7 
 368      131C793F 
 368      6D8386F6 
 368      9E38
 369 121b 4D35B409 		.ascii	"M5\264\0115\364u\0334\264E\257\241KDC[li\350\252\201"
 369      35F4751B 
 369      34B445AF 
 369      A14B4443 
 369      5B6C69E8 
 370 1231 86B6FC5C 		.ascii	"\206\266\374\\\032\332\302hh+jh\033\253\241{\204\351"
 370      1ADAC268 
 370      682B6A68 
 370      1BABA17B 
 370      84E9
 371 1243 CACC787C 		.ascii	"\312\314x|\325\311\346\301\344n\220\322\332\372\242"
 371      D5C9E6C1 
 371      E46E90D2 
 371      DAFAA2
 372 1252 A0FB4657 		.ascii	"\240\373FW\275\305\355\306\355\036\335G\272\360c\024"
 372      BDC5EDC6 
 372      ED1EDD47 
 372      BAF06314 
 373 1262 CCC7A760 		.ascii	"\314\307\247`\256\325i\363^a\216\242\214Q.\225=\251"
 373      AED569F3 
 373      5E618EA2 
 373      8C512E95 
 373      3DA9
 374 1274 3ED13AE2 		.ascii	">\321:\3426\222\341s\317=\206\265h\337\273\370'\341"
 374      3692E173 
 374      CF3D86B5 
 374      68DFBBF8 
 374      27E1
 375 1286 6DC2D407 		.ascii	"m\302\324\007u/wpS\236\004\213R*{;=\222\300\374P\330"
 375      752F7770 
 375      539E048B 
 375      522A7B3B 
 375      3D92C0FC 
 376 129c 6F628736 		.ascii	"ob\2076\345\324\017\215\267\266\336\343@\320=\274\240"
 376      E5D40F8D 
 376      B7B6DEE3 
 376      40D03DBC 
 376      A0
ARM GAS  /tmp/ccmkdNEA.s 			page 30


 377 12ad 691FDCBC 		.ascii	"i\037\334\274C\003 \337M\326\354l\335\351\015\377\214"
 377      430320DF 
 377      4DD6EC6C 
 377      DDE90DFF 
 377      8C
 378 12be 76F605DA 		.ascii	"v\366\005\332\331\314\333\322\337\306\341q\010'\315"
 378      D9CCDBD2 
 378      DFC6E171 
 378      0827CD
 379 12cd 7A4B5B12 		.ascii	"zK[\022\364\321T\033\257\220\\\215\211\312\3539\332"
 379      F4D1541B 
 379      AF905C8D 
 379      89CAEB39 
 379      DA
 380 12de D7343F40 		.ascii	"\3274?@\006\232=\226K@#SS\341V\234R7\374\351\307\007"
 380      069A3D96 
 380      4B402353 
 380      53E1569C 
 380      5237FCE9 
 381 12f4 57E8E1D2 		.ascii	"W\350\341\322\356\215\261_\340Sb\253\026\232\334e2z"
 381      EE8DB15F 
 381      E05362AB 
 381      169ADC65 
 381      327A
 382 1306 0C36362D 		.ascii	"\01466-K\002\307\004\025\271\336\206\"S\236\200\375"
 382      4B02C704 
 382      15B9DE86 
 382      22539E80 
 382      FD
 383 1317 5AAFC70B 		.ascii	"Z\257\307\013\244\307~m\253\307\376x1\023{,}\032~\007"
 383      A4C77E6D 
 383      ABC7FE78 
 383      31137B2C 
 383      7D1A7E07 
 384 132b 56FFB5C7 		.ascii	"V\377\265\307zc\301T\2170\000\234a\247\250\335z8'\253"
 384      7A63C154 
 384      8F30009C 
 384      61A7A8DD 
 384      7A3827AB 
 385 133f 0340BBF6 		.ascii	"\003@\273\366yr\212jv\214\345\343\260\2563X\307\354"
 385      79728A6A 
 385      768CE5E3 
 385      B0AE3358 
 385      C7EC
 386 1351 60594C9D 		.ascii	"`YL\2357\030\254\323\216\261x\276\352\231i\370\222\035"
 386      3718ACD3 
 386      8EB178BE 
 386      EA9969F8 
 386      921D
 387 1363 2C9F395F 		.ascii	",\2379_c\030\254\033\216\261x\276X\367\340\325\333m"
 387      6318AC1B 
 387      8EB178BE 
 387      58F7E0D5 
 387      DB6D
 388 1375 6059BC63 		.ascii	"`Y\274c3\201\301\032\347\030\213\343K9\300\350~\252"
 388      3381C11A 
 388      E7188BE3 
ARM GAS  /tmp/ccmkdNEA.s 			page 31


 388      4B39C0E8 
 388      7EAA
 389 1387 1D2CD3ED 		.ascii	"\035,\323\355\013Eia\260\346:\306\342\3655\211s\316"
 389      0B456961 
 389      B0E63AC6 
 389      E2F53589 
 389      73CE
 390 1399 16D94133 		.ascii	"\026\331A3}\371BQ\232\030\316\026;\306\3425v\204\301"
 390      7DF94251 
 390      9A18CE16 
 390      3BC6E235 
 390      7684C1
 391 13ac 5A6607EB 		.ascii	"Zf\007\353q\363\226\234\302I\271\3321\232\317T\312\365"
 391      71F3969C 
 391      C249B9DA 
 391      319ACF54 
 391      CAF5
 392 13be 76B04C3F 		.ascii	"v\260L?>\302K\271\3111\226O0\375\261\343+\314\017\350"
 392      3EC24BB9 
 392      C931964F 
 392      30FDB1E3 
 392      2BCC0FE8 
 393 13d2 789C4017 		.ascii	"x\234@\027\366\033\244\247\221\236Az\026\3519\244? "
 393      F61BA4A7 
 393      919E417A 
 393      16E939A4 
 393      3F20
 394 13e4 BD88F432 		.ascii	"\275\210\3642\322+H\257!\275\216\364\006R\305K\3500"
 394      D22B48AF 
 394      21BD8EF4 
 394      0652C54B 
 394      E830
 395 13f6 A42F21AD 		.ascii	"\244/!\255\363r\313\237m\267\353\246#~\0160\032\226"
 395      F372CB9F 
 395      6DB7EBA6 
 395      237E0E30 
 395      1A96
 396 1408 59450F8B 		.ascii	"YE\017\213\255\231\245\276yE\326\250\332\342\264\331"
 396      AD99A5BE 
 396      7945D6A8 
 396      DAE2B4D9 
 397 1418 5A3F165F 		.ascii	"Z?\026_@Y\033$\252\236\205\237Y\035\356\266\201e\372"
 397      40591B24 
 397      AA9E859F 
 397      591DEEB6 
 397      8165FA
 398 142b 011425D6 		.ascii	"\001\024%\326t5\323x\252\234i\364}\276]\227\217\321"
 398      7435D378 
 398      AA9C69F4 
 398      7DBE5D97 
 398      8FD1
 399 143d C747467A 		.ascii	"\307GFz\311|u\354\366\264\323%\017C\232\363M\257\321"
 399      C97C75EC 
 399      F6B4D325 
 399      0F439AF3 
 399      4DAFD1
 400 1450 E32324D5 		.ascii	"\343#$\325\356\343#\274\203KJ:tpU\264\321Lo\222\305"
ARM GAS  /tmp/ccmkdNEA.s 			page 32


 400      EEE323BC 
 400      834B4A3A 
 400      747055B4 
 400      D14C6F92 
 401 1465 357AB4B4 		.ascii	"5z\264\264\313l\2567q\243\377\267\250\2304X\0263\357"
 401      CB6CAE37 
 401      71A3FFB7 
 401      A8983458 
 401      1633EF
 402 1478 F84BA455 		.ascii	"\370K\244U\264\3052Y\371\216u\231/\226'x\235.\226'z"
 402      B4C53259 
 402      F98E7599 
 402      2F962778 
 402      9D2E9627 
 403 148d 8D17CB9A 		.ascii	"\215\027\313\232\223+\011W\364\022\030\351\326b\276"
 403      932B0957 
 403      F41218E9 
 403      D662BE
 404 149c 9FE0D99C 		.ascii	"\237\340\331\234g\302\377\314\304F\362\275*;\223\035"
 404      67C2FFCC 
 404      C446F2BD 
 404      2A3B931D 
 405 14ac 0B30C544 		.ascii	"\0130\305D\200\314\204\000\327\364\002\360\325Z\314"
 405      80CC8400 
 405      D7F402F0 
 405      D55ACC
 406 14bb E6463FD6 		.ascii	"\346F?\326l\301\277\367\222Qh4\216\025c\220\216E:\036"
 406      6CC1BFF7 
 406      92516834 
 406      8E156390 
 406      8E453A1E 
 407 14cf E9247EF4 		.ascii	"\351$~\364\270\256\037=\370.a\324E9U\202\263\277\373"
 407      B8AE1F3D 
 407      F82E61D4 
 407      45395582 
 407      B3BFFB
 408 14e2 04D93DD9 		.ascii	"\004\331=\331\234g\320\277\342\3554\204\367\230\207"
 408      9C67D0BF 
 408      E2ED3484 
 408      F79887
 409 14f1 3F265E6B 		.ascii	"?&^k\276\213\356D\315\300\216:\376\027i;\252\016\210"
 409      BE8BEE44 
 409      CDC08E3A 
 409      FE17693B 
 409      AA0E88
 410 1504 883C5BDF 		.ascii	"\210<[\337S\367n\302\375\375\331\266\372\352\301M\343"
 410      53F76EC2 
 410      FDFDD9B6 
 410      FAEAC14D 
 410      E3
 411 1515 D4BB66F4 		.ascii	"\324\273f\364\361\255\351\310\303\3546\367\326C=\311"
 411      F1ADE9C8 
 411      C3EC36F7 
 411      D6433DC9 
 412 1525 B62BC55A 		.ascii	"\266+\305Z`\007\313\242\257\036\3314\012x[/&\267\243"
 412      6007CBA2 
 412      AF1ED934 
ARM GAS  /tmp/ccmkdNEA.s 			page 33


 412      0A785B2F 
 412      26B7A3
 413 1538 9231D508 		.ascii	"\2221\325\010\355\374K\201\035\037\323\257\326\274\353"
 413      EDFC4B81 
 413      1D1FD3AF 
 413      D6BCEB
 414 1547 25E98B75 		.ascii	"%\351\213uJ\266\017\264t\367<\372!\214\367\021h\245"
 414      4AB60FB4 
 414      74F73CFA 
 414      218CF711 
 414      68A5
 415 1559 0E4816F5 		.ascii	"\016H\026\365_3\221\370mC\211|\230\342Fkk\362\303\024"
 415      5F3391F8 
 415      6D43897C 
 415      98E2466B 
 415      6BF2C314 
 416 156d E4C34129 		.ascii	"\344\303A)\367\264m\227\322\246\271\224G\377\336q\334"
 416      F7B46D97 
 416      D2A6B994 
 416      47FFDE71 
 416      DC
 417 157e 511B4C3A 		.ascii	"Q\033L:\252\366\2774\264\252\022\037\316|^-\270P\255"
 417      AAF6BF34 
 417      B4AA121F 
 417      CE7C5E2D 
 417      B850AD
 418 1591 2A395881 		.ascii	"*9X\201f>\321\267;_N\215\232/\035\240cl\270k\032\364"
 418      663ED1B7 
 418      3B5F4E8D 
 418      9A2F1DA0 
 418      636CB86B 
 419 15a7 8C97BD46 		.ascii	"\214\227\275FMO[R\203\346\326^\204\221\245\216\245\377"
 419      4D4F5B52 
 419      83E6D65E 
 419      8491A58E 
 419      A5FF
 420 15b9 D8447AED 		.ascii	"\330Dz\355C#ZU\211'\306\362\324\202\037\031I\2773Ez"
 420      43235A55 
 420      8927C6F2 
 420      D4821F19 
 420      49BF3345 
 421 15ce AE9C1AAD 		.ascii	"\256\234\032\2555\357B\027\352F%?\361\244\330\3720\323"
 421      35EF4217 
 421      EA46253F 
 421      F1A4D8FA 
 421      30D3
 422 15e0 8EF7EE47 		.ascii	"\216\367\356G\313\\\201\226\331ll\342v>\314\264{Z.\002"
 422      CB5C8196 
 422      D96C6CE2 
 422      763ECCB4 
 422      7B5A2E02 
 423 15f4 AD46A0A3 		.ascii	"\255F\240\243)&.\350L\\\340\215\025N\225\326V\326X!"
 423      29262EE8 
 423      4C5CE08D 
 423      154E95D6 
 423      56D65821 
 424 1608 E545A14D 		.ascii	"\345E\241Me`\325\250\327\244\321\006\303\002\321\312"
ARM GAS  /tmp/ccmkdNEA.s 			page 34


 424      6560D5A8 
 424      D7A4D106 
 424      C302D1CA 
 425 1618 8E76DF35 		.ascii	"\216v\3375\025\277Z\244\251\346G\347\220\231\202\351"
 425      15BF5AA4 
 425      A9E647E7 
 425      909982E9 
 426 1628 8F1D7C65 		.ascii	"\217\035|eq\016\3167sqv\231\207t\001\322%H\227#\215"
 426      710ECE37 
 426      73717699 
 426      877401D2 
 426      25489723 
 427 163d F1B3CE4B 		.ascii	"\361\263\316K\235u\263\216n|W\3433-d\\w\272Y\235w\264"
 427      9D75B38E 
 427      6E7C57E3 
 427      332D645C 
 427      77BA599D 
 428 1653 C78547E8 		.ascii	"\307\205G\350A\371\021B\215n\226XL\037g\201\373=\004"
 428      41F91142 
 428      8D6E9658 
 428      4C1F6781 
 428      FB3D04
 429 1666 8DEE1F8F 		.ascii	"\215\356\037\217\321\243\031\015\342\337X\20053`S\355"
 429      D1A3190D 
 429      E2DF5880 
 429      35336053 
 429      ED
 430 1677 805D914C 		.ascii	"\200]\221L\245\215}\371]\246R\227p\204\031k\346\346"
 430      A58D7DF9 
 430      5DA65297 
 430      7084196B 
 430      E6E6
 431 1689 26D59AA7 		.ascii	"&\325\232\247\315\331\366K\264\346\2558\275.\355l<\275"
 431      CDD9F64B 
 431      B4E6AD38 
 431      BD2EED6C 
 431      3CBD
 432 169b 9AA1E086 		.ascii	"\232\241\340\206\247~r]\344\225hj\372\251\265\341\303"
 432      A77E725D 
 432      E495686A 
 432      FAA9B5E1 
 432      C3
 433 16ac 2CFBBCFE 		.ascii	",\373\274\3768\247\211\362\332\210\274\356i\003\257"
 433      38A789F2 
 433      DA88BCEE 
 433      6903AF
 434 16bb 4D7A5E3F 		.ascii	"Mz^? \2746Y\363j\364c\241dq\017\2305s\211\272\363\333"
 434      20BC3659 
 434      F36AF463 
 434      A164710F 
 434      98357389 
 435 16d2 933D88E3 		.ascii	"\223=\210\343\303\302A0\256i;S\323\016\354@;\371.\362"
 435      C3C24130 
 435      AE693B53 
 435      D30EEC40 
 435      3BF92EF2 
 436 16e6 95DE648C 		.ascii	"\225\336d\214\352S\\l\205>\266\031\240\203\\Kt\020\272"
ARM GAS  /tmp/ccmkdNEA.s 			page 35


 436      EA535C6C 
 436      853EB619 
 436      A0835C4B 
 436      7410BA
 437 16f9 E17FD28E 		.ascii	"\341\177\322\216\025\032B\032\313\320\314,}\017\342"
 437      151A421A 
 437      CBD0CC2C 
 437      7D0FE2
 438 1708 D2F7102E 		.ascii	"\322\367\020.Y\017#\215#}\015\273\377\353HG \235\216"
 438      590F238D 
 438      237D0DBB 
 438      FFEB4847 
 438      209D8E
 439 171b 7423D24F 		.ascii	"t#\322O\221~\206t\013\322}\254\026\314&\256}\036\346"
 439      917E8674 
 439      0BD27DAC 
 439      16CC26AE 
 439      7D1EE6
 440 172e 662AB70B 		.ascii	"f*\267\013\177Vg?t\027>\276\352\344\017w\356_\254(Y"
 440      7F56673F 
 440      74173EBE 
 440      EAE40F77 
 440      EE5FAC28 
 441 1743 B4ACF658 		.ascii	"\264\254\366XS\223\351f\274Z\203\361n\274Y1\225\241"
 441      5393E966 
 441      BC5A83F1 
 441      6EBC5931 
 441      95A1
 442 1755 FDDE94DD 		.ascii	"\375\336\224\335\3708\371\302\303\251\337\275\265Xy"
 442      F838F9C2 
 442      C3A9DFBD 
 442      B55879
 443 1764 E935706A 		.ascii	"\3515pj^\024\355\377\177\220C^\335\255\207%\370\317"
 443      5E14EDFF 
 443      7F90435E 
 443      DDAD8725 
 443      F8CF
 444 1776 8638A95B 		.ascii	"\2068\251[uRk\234\0346\344\344\374\246\317\307\211\243"
 444      75526B9C 
 444      1C36E4E4 
 444      FCA6CFC7 
 444      89A3
 445 1788 87CFDCAC 		.ascii	"\207\317\334\254\234#\367p\035\334\035\210\353y\341"
 445      9C23F770 
 445      1DDC1D88 
 445      EB79E1
 446 1797 FEF9CB61 		.ascii	"\376\371\313a\335?\177\261\363\317`$\341\365;\214y?"
 446      DD3F7FB1 
 446      F3CF6024 
 446      E1F53B8C 
 446      793F
 447 17a9 6EC8FBAE 		.ascii	"n\310\373\256\226\3655\223\224\015\216o\340\234\364"
 447      96F53593 
 447      940D8E6F 
 447      E09CF4
 448 17b8 9ADFD7A0 		.ascii	"\232\337\327\240\363\207Y\311S\336\204\255%$y8\333\340"
 448      F38759C9 
ARM GAS  /tmp/ccmkdNEA.s 			page 36


 448      53DE84AD 
 448      25247938 
 448      DBE0
 449 17ca 5427D778 		.ascii	"T'\327x\023\271"
 449      13B9
 450 17d0 CE18CA75 		.ascii	"\316\030\312u\370\253c\356\266\310u\326R\256\230\311"
 450      F8AB63EE 
 450      B6C875D6 
 450      52AE98C9 
 451 17e0 C60B2979 		.ascii	"\306\013)y\316T.\235 \013M\004\371\301P\220='v\267I"
 451      CE542E9D 
 451      200B4D04 
 451      F9C15090 
 451      3D2776B7 
 452 17f5 908B9682 		.ascii	"\220\213\226\202l\262\020\344\262]A\326\230\010r\305"
 452      6CB210E4 
 452      B25D41D6 
 452      980872C5 
 453 1805 5090C696 		.ascii	"P\220\306\226Sm\022\344\232\276\217\020\003J\234\250"
 453      536D12E4 
 453      9ABE8F10 
 453      034A9CA8 
 454 1815 8F8124CE 		.ascii	"\217\201$\316\325/A\3528\335c\302\351\015CN\217|u:`"
 454      D52F41EA 
 454      38DD63C2 
 454      E90D434E 
 454      8F7C753A 
 455 182a C6A9C5C0 		.ascii	"\306\251\305\300\242d\350\030=\347\234\321\270\011\243"
 455      A264E818 
 455      3DE79CD1 
 455      B809A3
 456 1839 2F6518DB 		.ascii	"/e\030\333\3065W\033\030\255\3233z\3319\243gL\030}\335"
 456      C635571B 
 456      18ADD333 
 456      7AD939A3 
 456      674C187D 
 457 184e 90D119F3 		.ascii	"\220\321\031\363\267\336\337\226\261z\244\236S\302\\"
 457      B7DEDF96 
 457      B17AA49E 
 457      53C25C
 458 185d E2447D76 		.ascii	"\342D}vY\307\331\025\023\316\3364\344l\352\312\365\377"
 458      59C7D915 
 458      13CEDE34 
 458      E46CEACA 
 458      F5FF
 459 186f D006158E 		.ascii	"\320\006\025\216\3263F\2769\245cd\350\235\306\214\214"
 459      D63346BE 
 459      39A56364 
 459      E89DC68C 
 459      8C
 460 1880 E519F995 		.ascii	"\345\031\371\2250\2130\362\362\273#\357\037J\030Q\256"
 460      308B30F2 
 460      F2BB23EF 
 460      1F4A1851 
 460      AE
 461 1891 C3F245D4 		.ascii	"\303\362E\324\376\335\354\350\004\210\312\012\377\257"
 461      FEDDECE8 
ARM GAS  /tmp/ccmkdNEA.s 			page 37


 461      0488CA0A 
 461      FFAF
 462 189f 6409DEF8 		.ascii	"d\011\336\370$\036\301jl$\263\363hq\034x*d\017\265U"
 462      241EC16A 
 462      6C24B3F3 
 462      68711C78 
 462      2A640FB5 
 463 18b4 BC47168F 		.ascii	"\274G\026\217 \330D=X\352C\236\023U\260\256\302\022"
 463      20D8443D 
 463      58EA439E 
 463      1355B0AE 
 463      C212
 464 18c6 E5D5D887 		.ascii	"\345\325\330\207.Z\224\376K\032\222\225\376\0078\372"
 464      2E5A94FE 
 464      4B1A9295 
 464      FE0738FA 
 465 18d6 CF69C8B9 		.ascii	"\317i\310\271\213<dO\377K\0159\275\214S\024\375\177"
 465      8B3C644F 
 465      FF4B0D39 
 465      BD8C5314 
 465      FD7F
 466 18e8 35E4FC55 		.ascii	"5\344\374U\211\236\223\377\\C\3163\350\204?2yJ\024\356"
 466      899E93FF 
 466      5C43CE33 
 466      E8843F32 
 466      794A14EE 
 467 18fc 16E8FFB3 		.ascii	"\026\350\377\263Q\223\356\022\350?\266QO\011\376\030"
 467      5193EE12 
 467      E83FB651 
 467      4F09FE18 
 468 190c AE009162 		.ascii	"\256\000\221b\034\2178!y\032\373\243\252\211XcltC\226"
 468      1C8F3821 
 468      791AFBA3 
 468      AA895863 
 468      6C744396 
 469 1920 3246C179 		.ascii	"2F\301y\231\276\253)\011\263\364J0x\253s2\257R2\307"
 469      99BEAB29 
 469      09B3F44A 
 469      3078AB73 
 469      32AF5232 
 470 1935 CFDEF0BF 		.ascii	"\317\336\360\277\357\014#\026\254\\i\025[]\332\013b"
 470      EF0C2316 
 470      AC5C6915 
 470      5B5DDA0B 
 470      62
 471 1946 1FA4A894 		.ascii	"\037\244\250\224{\035\214\200M\325\203\305\352\217\200"
 471      7B1D8C80 
 471      4DD583C5 
 471      EA8F80
 472 1955 0CF54315 		.ascii	"\014\365C\025bt\032\320\322\364@\323\015\032zr7\362"
 472      62741AD0 
 472      D2F440D3 
 472      0D1A7A72 
 472      37F2
 473 1967 85A984D1 		.ascii	"\205\251\204\321|\205X\253\364X){\3103\271f\316\243"
 473      7C8558AB 
 473      F458297B 
ARM GAS  /tmp/ccmkdNEA.s 			page 38


 473      C833B966 
 473      CEA3
 474 1979 05E9EB03 		.ascii	"\005\351\353\003$'y\263\205@\\r'\325\276\264\263@\337"
 474      242779B3 
 474      85405C72 
 474      27D5BEB4 
 474      B340DF
 475 198c 2920092D 		.ascii	") \011-\370&H\312\264B\272\205Y\227\231\235a\374\256"
 475      F82648CA 
 475      B442BA85 
 475      5997999D 
 475      61FCAE
 476 199f 2DEDE566 		.ascii	"-\355\345f\245\346\230\226\252\263(5\327\264\224bQ\352"
 476      A5E69896 
 476      AAB32835 
 476      D7B49462 
 476      51EA
 477 19b1 6DD35264 		.ascii	"m\323Rd\0162+5\317\264\324E\213R\363MK\235\265(\265"
 477      0E322B35 
 477      CFB4D445 
 477      8B52F34D 
 477      4B9DB528 
 478 19c6 C0B4D449 		.ascii	"\300\264\324I\213R\013MK\305-J\275cZ\352\220E\251w\223"
 478      8B520B4D 
 478      4BC52D4A 
 478      BD635AEA 
 478      9045A977 
 479 19db A584A2DC 		.ascii	"\245\204\242\334AU\241`n\240\252lHnYppn`Py\377\362\252"
 479      4155A160 
 479      6EA0AA6C 
 479      486E5970 
 479      706E6050 
 480 19f3 486E345C 		.ascii	"Hn4\\S\371\227\\\210\014\222+r\253\253\302\321HnIi\237"
 480      53F9975C 
 480      880C922B 
 480      72ABABC2 
 480      D1486E49 
 481 1a09 2E0594F6 		.ascii	".\005\224\366\354Z[\233+\227\005\374\025\025e\017\016"
 481      EC5A5B9B 
 481      2B9705FC 
 481      1515650F 
 481      0E
 482 1a1a 12B2BA17 		.ascii	"\022\262\272\027\025\026\205\313\007\007\303\336'\236"
 482      151685CB 
 482      0707C3DE 
 482      279E
 483 1a28 7ADA5728 		.ascii	"z\332W(\024\330A-\257\014T\324\224\005\011\016`\264"
 483      14D8412D 
 483      AF0C54D4 
 483      9405090E 
 483      60B4
 484 1a3a 8343242A 		.ascii	"\203C$*G\203\376h;\200\363?\375T\257\247z\225f\222h"
 484      4783FE68 
 484      3B80F33F 
 484      FD54AFA7 
 484      7A956692 
 485 1a4f 4969DF7E 		.ascii	"Ii\337~\244\012\177q\217\356E\317\341\325\356\205\245"
ARM GAS  /tmp/ccmkdNEA.s 			page 39


 485      A40A7F71 
 485      8FEE45CF 
 485      E1D5EE85 
 485      A5
 486 1a60 BD9EE991 		.ascii	"\275\236\351\221C\242\205}\373\364\353\335\243\264\007"
 486      43A2857D 
 486      FBF4EBDD 
 486      A3B407
 487 1a6f E6E8515C 		.ascii	"\346\350Q\\\334\267\330\2038\367\346\326D\302\271r8"
 487      DCB7D883 
 487      38F7E6D6 
 487      44C2B972 
 487      38
 488 1a80 F4406555 		.ascii	"\364@eUe\360\201\240\334\277<Qe$ZV^\031\205Z3k\340\330"
 488      65F081A0 
 488      DCBF3C51 
 488      65245A56 
 488      5E19855A 
 489 1a98 A5C01FED 		.ascii	"\245\300\037\355j\221;$\003\377\225\301\\\177Yp\200"
 489      6A913B24 
 489      03FF95C1 
 489      5C7F5970 
 489      80
 490 1aa9 5C5311F5 		.ascii	"\\S\021\365G\207T\007#\204g\277_+\357)\253\011\205\206"
 490      47875407 
 490      238467BF 
 490      5F2BEF29 
 490      AB098586 
 491 1abd 101E0AAB 		.ascii	"\020\036\012\253*\007\224\017\364\006\360\220M\244\222"
 491      2A07940F 
 491      F406F090 
 491      4DA492
 492 1acc 43D51520 		.ascii	"C\325\025 \026\326\225\3770\310G\213\221h\006\275\030"
 492      16D695FF 
 492      30C8478B 
 492      916806BD 
 492      18
 493 1add 29C0EA2B 		.ascii	")\300\352+\312\373\347\016\014\004tlt}\260\333\203]"
 493      CAFBE70E 
 493      0C04746C 
 493      747DB0DB 
 493      835D
 494 1aef 59D6810D 		.ascii	"Y\326\201\015\250\334\033)\377[\220T\034\254\216\016"
 494      A8DC1B29 
 494      FF5B9054 
 494      1CAC8E0E 
 495 1aff F2F87F5F 		.ascii	"\362\370\177_UU\221\031(\017\007j*\344p'\3226\201Ar"
 495      55559119 
 495      280F076A 
 495      2AE47027 
 495      D2368141 
 496 1b14 6565B022 		.ascii	"ee\260\"\342\257\254\011\371\2439\204jI7\301\365\200"
 496      E2AFAC09 
 496      F9A33984 
 496      6A4937C1 
 496      F580
 497 1b26 5C51D15F 		.ascii	"\\Q\321_\016\374\305\037\365\006+\313\374\201\376\244"
ARM GAS  /tmp/ccmkdNEA.s 			page 40


 497      0EFCC51F 
 497      F5062BCB 
 497      FC81FEA4 
 498 1b36 0582E170 		.ascii	"\005\202\341pU\330\037\355\244\352\322_\324\247{\317"
 498      55D81FED 
 498      A4EAD25F 
 498      D4A77BCF 
 499 1b46 EEBD7A3F 		.ascii	"\356\275z?]\334\243\203\226\324\367\231\036\305={\367"
 499      5DDCA383 
 499      96D4F799 
 499      1EC53D7B 
 499      F7
 500 1b57 FDAF4E5A 		.ascii	"\375\257NZ\366$P&-\036\350\357\012\204\363!\024x\"\241"
 500      F6245026 
 500      2D1EE8EF 
 500      0A84F321 
 500      147822A1 
 501 1b6b EA703ED2 		.ascii	"\352p>\322\002w\344\257\341|B0\326\245\023U\025\330"
 501      0277E4AF 
 501      E17C4230 
 501      D6A51355 
 501      15D8
 502 1b7d 4CA4BCAA 		.ascii	"L\244\274\252\362\211pUM\265{`\270\272\272[:\323\011"
 502      F2897055 
 502      4DB57B60 
 502      B8BABA5B 
 502      3AD309
 503 1b90 4713BA08 		.ascii	"G\023\272\010\014\212\014\211h\215\221\031\035\024\016"
 503      0C8A0C89 
 503      688D9119 
 503      1D140E
 504 1b9f CA65FE68 		.ascii	"\312e\376hV`\220\237\306\273:\303\012\014\"\306\354"
 504      5660909F 
 504      C6BB3AC3 
 504      0A0C22C6 
 504      EC
 505 1bb0 ADF65706 		.ascii	"\255\366W\006k\243p\250\016\007\007?i\003\202v\217\356"
 505      6BA370A8 
 505      0E07073F 
 505      69038276 
 505      8FEE
 506 1bc2 C57D0AFB 		.ascii	"\305}\012\373\324B\316Puy\005H\225\373Da!d\327\330\313"
 506      D442CE50 
 506      75790548 
 506      95FB4461 
 506      2164D7D8 
 507 1bd7 885687CB 		.ascii	"\210V\207\313\253\374\024\267\274*\003\354#\012\325"
 507      ABFC14B7 
 507      BC2A03EC 
 507      230AD5
 508 1be6 3CEA187F 		.ascii	"<\352\030\177P\240*\034\004\300l\222\354\007;\012Dk"
 508      50A02A1C 
 508      04C06C92 
 508      EC073B0A 
 508      446B
 509 1bf8 FFBD6D28 		.ascii	"\377\275m(\376\301\217\204\210\346\302\301\201`r\376"
 509      FEC18F84 
ARM GAS  /tmp/ccmkdNEA.s 			page 41


 509      88E6C2C1 
 509      816072FE 
 510 1c08 A82B92FF 		.ascii	"\250+\222\3770\204G t\203\360\250+R\220\007!\037B\001"
 510      30844720 
 510      7483F0A8 
 510      2B529007 
 510      211F4201 
 511 1c1c 842E10BA 		.ascii	"\204.\020\272Bx\010\002\344+\200|\005\220\257\000\362"
 511      42780802 
 511      E42B807C 
 511      0590AF00 
 511      F2
 512 1c2d 75817C5D 		.ascii	"u\201|]\362\245pW)\374\220\024~X\012?\"\205\273I\341"
 512      F2A57057 
 512      29FC9014 
 512      7E580A3F 
 512      2285BB49 
 513 1c42 475DE1FC 		.ascii	"G]\341\374<\010\371RE\030\016]<\325~\3406\203h\370\205"
 513      3C08F952 
 513      45180E5D 
 513      3CD57EE0 
 513      368368F8 
 514 1c57 60188E55 		.ascii	"`\030\216U\025e\301\260\033\3142L\324.\207\202\231Q"
 514      1565C1B0 
 514      1BCC324C 
 514      D42E8782 
 514      9951
 515 1c69 7510C820 		.ascii	"u\020\310 ]\244\033\264&\355,\020\203\354x-#\032\252"
 515      5DA41BB4 
 515      26ED2C10 
 515      83EC782D 
 515      231AAA
 516 1c7c 2A0BE2F9 		.ascii	"*\013\342\371\200\012y`$#\032\016\016\210\240fI\304"
 516      800A7960 
 516      24231A0E 
 516      0E88A066 
 516      49C4
 517 1c8e 138A0C84 		.ascii	"\023\212\014\204\213j\277\204\342j\314\033.\033\002"
 517      8B6ABF84 
 517      E26ACC1B 
 517      2E1B02
 518 1c9d 973283B5 		.ascii	"\2272\203\265\345QPT\320\373B\264\252\377\237\253\263"
 518      E5515054 
 518      D0FB42B4 
 518      AAFF9FAB 
 518      B3
 519 1cae 83838395 		.ascii	"\203\203\203\225\321\220\034\301\216\360\002\211\270"
 519      D1901CC1 
 519      8EF00289 
 519      B8
 520 1cbb AAFD35ED 		.ascii	"\252\3755\355\251\005E\374\025\345\021\350\3607'l\212"
 520      A90545FC 
 520      15E511E8 
 520      F037276C 
 520      8A
 521 1ccc A66455FB 		.ascii	"\246dU\373_\220\313\243\345\225\003o\326\222\377Z\023"
 521      5F90CBA3 
ARM GAS  /tmp/ccmkdNEA.s 			page 42


 521      E595036F 
 521      D692FF5A 
 521      13
 522 1cdd AC01AE3A 		.ascii	"\254\001\256:091\251]\265\037\252\305\250\007\243\220"
 522      303931A9 
 522      5DB51FAA 
 522      C5A807A3 
 522      90
 523 1cee 10AC862E 		.ascii	"\020\254\206.\007\205=\241\0320\202.\216\3144\024\255"
 523      07853DA1 
 523      1A30822E 
 523      8ECC3414 
 523      AD
 524 1cff 25E614A2 		.ascii	"%\346\024\242\350p\254z\241\022t\211H B\010\255\027"
 524      E870AC7A 
 524      A1127489 
 524      48204208 
 524      AD17
 525 1d11 F8837C84 		.ascii	"\370\203|\204\323vD+r\005\332\034$V\3030\361\210\243"
 525      D376442B 
 525      7205DA1C 
 525      2456C330 
 525      F188A3
 526 1d24 FA5461A0 		.ascii	"\372Ta\240\316Nj\017\003-\007\303\301\312\000H\353\245"
 526      CE4E6A0F 
 526      032D07C3 
 526      C1CA0048 
 526      EBA5
 527 1d36 49BF4D87 		.ascii	"I\277M\207\010,\345\026\366)\351U\002\363\007\014a\241"
 527      082CE516 
 527      F629E955 
 527      02F3070C 
 527      61A1
 528 1d48 2E0503BA 		.ascii	".\005\003\272\346\345\327\242\035\223\201\245\024zI"
 528      E6E5D7A2 
 528      1D9381A5 
 528      147A49
 529 1d57 51708054 		.ascii	"Qp\200TR\354*,\316\207P\340)\351\323\2578\037i\201\347"
 529      52EC2A2C 
 529      CE8750E0 
 529      29E9D3AF 
 529      381F6981 
 530 1d6c 0F7D7B42 		.ascii	"\017}{B\234P\032\357\202\264\253\353\311\322bW\357\322"
 530      9C501AEF 
 530      82B4ABEB 
 530      C9D26257 
 530      EFD2
 531 1d7e 6277C97F 		.ascii	"bw\311\177\026\347\023R@H\027\367\037\200\272\377P\004"
 531      16E71352 
 531      404817F7 
 531      1F80BAFF 
 531      5004
 532 1d90 69400A08 		.ascii	"i@\012\010\351BHW\251\250\330\005\243V\317\266\317y"
 532      E9424857 
 532      A9A8D805 
 532      A356CFB6 
 532      CF79
ARM GAS  /tmp/ccmkdNEA.s 			page 43


 533 1da2 C8BABF2C 		.ascii	"\310\272\277,$\023u\300\340\350/\001\343\223C\011\376"
 533      241375C0 
 533      E0E82F01 
 533      E3934309 
 533      FE
 534 1db3 0B8BDD4F 		.ascii	"\013\213\335O\025\001S\375\272\027\273\373\344\021\222"
 534      150153FD 
 534      BA17BBFB 
 534      E41192
 535 1dc2 DFBDD8D5 		.ascii	"\337\275\330\325\263\260\330\033\301\214\356\362\001"
 535      B3B0D81B 
 535      C18CEEF2 
 535      01
 536 1dcf 81B0B73C 		.ascii	"\201\260\267<2\250|@4+\022\254\030P^Y\026\254\365\016"
 536      32A87C40 
 536      342B12AC 
 536      18505E59 
 536      16ACF50E 
 537 1de3 0E06A255 		.ascii	"\016\006\242U\341N\011t?\315\015\372\205\223H\264:\003"
 537      E14E0974 
 537      3FCD0DFA 
 537      859348B4 
 537      3A03
 538 1df5 0EC4E83B 		.ascii	"\016\304\350;\322Y6\222\033\212<\364p\336#\244\357\322"
 538      D2593692 
 538      1B8A3CF4 
 538      70DE23A4 
 538      EFD2
 539 1e07 983F7A9B 		.ascii	"\230?z\233v\251\274 \340\217\004+#Ua\242\334^\005\205"
 539      76A9BC20 
 539      E08F042B 
 539      235561A2 
 539      DC5E0585 
 540 1e1b 25780236 		.ascii	"%x\0026\234\214c?\312\354\365\024\235F\335\275\212z"
 540      9C8C633F 
 540      CAECF514 
 540      9D46DDBD 
 540      8A7A
 541 1e2d F770FFFE 		.ascii	"\367p\377\376\351\222\3472\344\262\262p0\022q\354\025"
 541      E992E732 
 541      E4B2B270 
 541      301271EC 
 541      15
 542 1e3e F4EE5D94 		.ascii	"\364\356]\224\013\360\203\363\261z\325+\200\004\312"
 542      0BF083F3 
 542      B17AD52B 
 542      8004CA
 543 1e4d 94237700 		.ascii	"\224#w\000\000\310\324\012\007\315\035\000\034\315\035"
 543      00C8D40A 
 543      07CD1D00 
 543      1CCD1D
 544 1e5c 20517407 		.ascii	" Qt\007H\004\335\201\233H\214\312\341/}\226=+~\026K"
 544      4804DD81 
 544      9B488CCA 
 544      E12F7D96 
 544      3D2B7E16 
 545 1e71 F6EE5BF8 		.ascii	"\366\356[\370\037=\212\262\001\257\252\232\016\034\355"
ARM GAS  /tmp/ccmkdNEA.s 			page 44


 545      1F3D8AB2 
 545      01AFAA9A 
 545      0E1CED
 546 1e80 FAF6EBD3 		.ascii	"\372\366\353\323\267\250\207\037\256\336\242FK\372\200"
 546      B7A8871F 
 546      AEDEA246 
 546      4BFA80
 547 1e8f F8FEA21E 		.ascii	"\370\376\242\036\317\364*\354\321\221K{\262oIiF\025"
 547      CFF42AEC 
 547      D1914B7B 
 547      B26F4969 
 547      4615
 548 1ea1 F41C289A 		.ascii	"\364\034(\232\035\250\250\202y.R\035\014\226\265\007"
 548      1DA8A882 
 548      792E521D 
 548      0C96B507 
 549 1eb1 C0B29AE8 		.ascii	"\300\262\232\350\220\300\220\000\231\334\333\227\224"
 549      90C09000 
 549      99DCDB97 
 549      94
 550 1ebe 16F98B9E 		.ascii	"\026\371\213\236.}\316_\370\\a\357\036\035{v/)e\316"
 550      2E7DCE5F 
 550      F85C61EF 
 550      1E1D7B76 
 550      2F2965CE 
 551 1ed2 FD05B7EA 		.ascii	"\375\005\267\352S`\372\177\264\035A\360#\004\221\210"
 551      5360FA7F 
 551      B41D41F0 
 551      23049188 
 552 1ee2 BA0E4474 		.ascii	"\272\016Dt\034\330\310\200D&\324H\026\244\220\226\361"
 552      1CD8C880 
 552      4426D448 
 552      16A49096 
 552      F1
 553 1ef3 47DDE490 		.ascii	"G\335\344\220\025\256U\355!+\252\305<p\014\327\022\032"
 553      15AE55ED 
 553      212BAAC5 
 553      3C700CD7 
 553      121A
 554 1f05 AD258DAE 		.ascii	"\255%\215\256Y\244\273ow\350\006@\012\\%\320\261J\340"
 554      59A4BB6F 
 554      77E80640 
 554      0A5C25D0 
 554      B14AE0
 555 1f18 585858EC 		.ascii	"XXX\354)-\356U\322\303\335\023\372\216\013\260\263\310"
 555      292DEE55 
 555      D2C3DD13 
 555      FA8E0BB0 
 555      B3C8
 556 1f2a 345A1E22 		.ascii	"4Z\036\"c*9T\325D\275\324\202\\0\267gV\200\005\226\006"
 556      632A3954 
 556      D544BDD4 
 556      825C30B7 
 556      67568005 
 557 1f40 43D55924 		.ascii	"C\325Y$\322\217\230G\302\014#\345\217\344\325\346\021"
 557      D28F9847 
 557      C20C23E5 
ARM GAS  /tmp/ccmkdNEA.s 			page 45


 557      8FE4D5E6 
 557      11
 558 1f51 33A4317F 		.ascii	"3\2441\1774q)\032\252.x\344!\234\2271\006#cD5D\0342"
 558      3471291A 
 558      AA2E78E4 
 558      219C9731 
 558      06236344 
 559 1f69 1E0C0839 		.ascii	"\036\014\01094\241\024\317]rx\240.\307 \241=\233\003"
 559      34A114CF 
 559      5D7278A0 
 559      2EC720A1 
 559      3D9B03
 560 1f7c 06F34845 		.ascii	"\006\363HE0X]\012,f\200\345T\302\000\252B\024\311Q\031"
 560      30585D0A 
 560      2C6680E5 
 560      54C200AA 
 560      4214C951 
 561 1f91 A62F18F2 		.ascii	"\246/\030\3622\242\300\351\357C\325x\204j\361"
 561      32A2C0E9 
 561      EF43D578 
 561      846AF1
 562 1fa0 581C2D6B 		.ascii	"X\034-kG\216}\260\257dV\023\031 O\026F\372T\327\206"
 562      478E7DB0 
 562      AF645613 
 562      19204F16 
 562      46FA54D7 
 563 1fb5 B2690C2F 		.ascii	"\262i\014/g\014\252\011\225\365\252\214\342\261Gm4\223"
 563      670CAA09 
 563      95F5AA8C 
 563      E2B1476D 
 563      3493
 564 1fc7 1C1FCEEB 		.ascii	"\034\037\316\353\222\347\226\003\201g\011y\216\220?"
 564      92E79603 
 564      81670979 
 564      8E903F
 565 1fd6 BA43F2C0 		.ascii	"\272C\362\300g\011y\216\220?\272\313\200\207\204\364"
 565      6709798E 
 565      903FBACB 
 565      808784F4 
 566 1fe6 FDA1F26E 		.ascii	"\375\241\362n\250\030\032\003\377+\241\275\232pP,\025"
 566      A8181A03 
 566      FF2BA1BD 
 566      9A70502C 
 566      15
 567 1ff7 FB79E995 		.ascii	"\373y\351\225D\221\212H\250"
 567      44918A48 
 567      A8
 568 2000 4B5E1752 		.ascii	"K^\027R\204\306@\\\250\206v\330,\250\201\3062T\307\221"
 568      84C6405C 
 568      A88676D8 
 568      2CA881C6 
 568      3254C791 
 569 2014 CE6BE84D 		.ascii	"\316k\350MB.\177\377\232\0010&\267\203lj\324K\347\314"
 569      422E7FFF 
 569      9A013026 
 569      B7836C6A 
 569      D44BE7CC 
ARM GAS  /tmp/ccmkdNEA.s 			page 46


 570 2028 4CCC0691 		.ascii	"L\314\006\221\034\031\322\375\201\252\032\360:\3029"
 570      1C19D2FD 
 570      81AA1AF0 
 570      3AC239
 571 2037 21E6C44B 		.ascii	"!\346\304K\253\363\322\201$\013\262\227@[\026\344e\301"
 571      ABF3D281 
 571      240BB297 
 571      405B16E4 
 571      65C1
 572 2049 984D63ED 		.ascii	"\230Mc\3555\026\303Q\322(\0368\370\243\235\265D\271"
 572      3516C351 
 572      D2281E38 
 572      F8A39DB5 
 572      44B9
 573 205b 52AEA81A 		.ascii	"R\256\250\032\230\034r\332\323\004m\324qAn/5\201\016"
 573      981C72DA 
 573      D3046DD4 
 573      71416E2F 
 573      35810E
 574 206e 6C6B9644 		.ascii	"lk\226D\253\252\333\005\006\225\016*+!\215J\234O\352"
 574      ABAADB05 
 574      06950E2A 
 574      2B218D4A 
 574      9C4FEA
 575 2081 0E466F51 		.ascii	"\016FoQ\2074\222KS\330-\252}\221\264'kB\345e\345\321"
 575      8734924B 
 575      53D82DAA 
 575      7D91B427 
 575      6B42E565 
 576 2097 21B7AB86 		.ascii	"!\267\253\206E\322\210}\006\303r\024\262f\253\305\313"
 576      45D2887D 
 576      06C37214 
 576      B266ABC5 
 576      CB
 577 20a8 2BCBA3D9 		.ascii	"+\313\243\331j1\214\253\331I<\023\214\276$*\207\311"
 577      6A318CAB 
 577      D9493C13 
 577      8CBE242A 
 577      87C9
 578 20ba BCDE275A 		.ascii	"\274\336'Z\333\267\377\237a\000\356\005\027<d%\223\237"
 578      DBB7FF9F 
 578      6100EE05 
 578      173C6425 
 578      939F
 579 20cc 45457822 		.ascii	"EEx\"\\}\223*\014\365\322=dD\353\2024\337Cz\351\300"
 579      5C7D932A 
 579      0CF5D23D 
 579      6444EB82 
 579      34DF437A 
 580 20e2 FF03505B 		.ascii	"\377\003P[-\216"
 580      2D8E
 581              		.text
 582              		.section	.gnu.lto_.symtab.116ce8c3822d0cfe,"",%progbits
 583 0000 73656E73 		.ascii	"sensorThread\000\000\000\000\000\000\000\000\000\000"
 583      6F725468 
 583      72656164 
 583      00000000 
ARM GAS  /tmp/ccmkdNEA.s 			page 47


 583      00000000 
 584 0016 0000CC02 		.ascii	"\000\000\314\002\000\000sensorThreadStop\000\000\000"
 584      00007365 
 584      6E736F72 
 584      54687265 
 584      61645374 
 585 002f 00000000 		.ascii	"\000\000\000\000\000\000\000\000\000\323\002\000\000"
 585      00000000 
 585      00D30200 
 585      00
 586 003c 49324344 		.ascii	"I2CD1\000\000\002\000\000\000\000\000\000\000\000\000"
 586      31000002 
 586      00000000 
 586      00000000 
 586      00
 587 004d 9D030000 		.ascii	"\235\003\000\000I2CD3\000\000\002\000\000\000\000\000"
 587      49324344 
 587      33000002 
 587      00000000 
 587      00
 588 005e 00000000 		.ascii	"\000\000\000\000\233\003\000\000ADCD1\000\000\002\000"
 588      9B030000 
 588      41444344 
 588      31000002 
 588      00
 589 006f 00000000 		.ascii	"\000\000\000\000\000\000\000\000\224\003\000\000chT"
 589      00000000 
 589      94030000 
 589      636854
 590 007e 6864536C 		.ascii	"hdSleep\000\000\002\000\000\000\000\000\000\000\000"
 590      65657000 
 590      00020000 
 590      00000000 
 590      0000
 591 0090 005B0300 		.ascii	"\000[\003\000\000adcConvert\000\000\002\000\000\000"
 591      00616463 
 591      436F6E76 
 591      65727400 
 591      00020000 
 592 00a5 00000000 		.ascii	"\000\000\000\000\000\000_\003\000\000ms5607_readPre"
 592      00005F03 
 592      00006D73 
 592      35363037 
 592      5F726561 
 593 00bd 73737572 		.ascii	"ssure\000\000\002\000\000\000\000\000\000\000\000\000"
 593      65000002 
 593      00000000 
 593      00000000 
 593      00
 594 00ce 66030000 		.ascii	"f\003\000\000si70x0_readHumidity\000\000\002\000\000"
 594      73693730 
 594      78305F72 
 594      65616448 
 594      756D6964 
 595 00ea 00000000 		.ascii	"\000\000\000\000\000\000\000m\003\000\000tmp275_rea"
 595      0000006D 
 595      03000074 
ARM GAS  /tmp/ccmkdNEA.s 			page 48


 595      6D703237 
 595      355F7265 
 596 00ff 6454656D 		.ascii	"dTemperature\000\000\002\000\000\000\000\000\000\000"
 596      70657261 
 596      74757265 
 596      00000200 
 596      00000000 
 597 0115 00007303 		.ascii	"\000\000s\003\000\000ms5607_init\000\000\002\000\000"
 597      00006D73 
 597      35363037 
 597      5F696E69 
 597      74000002 
 598 012b 00000000 		.ascii	"\000\000\000\000\000\000\000y\003\000\000si70x0_ini"
 598      00000079 
 598      03000073 
 598      69373078 
 598      305F696E 
 599 0140 74000002 		.ascii	"t\000\000\002\000\000\000\000\000\000\000\000\000\177"
 599      00000000 
 599      00000000 
 599      007F
 600 014e 03000074 		.ascii	"\003\000\000tmp275_init\000\000\002\000\000\000\000"
 600      6D703237 
 600      355F696E 
 600      69740000 
 600      02000000 
 601 0163 00000000 		.ascii	"\000\000\000\000\000\205\003\000\000i2cStart\000\000"
 601      00850300 
 601      00693263 
 601      53746172 
 601      740000
 602 0176 02000000 		.ascii	"\002\000\000\000\000\000\000\000\000\000\213\003\000"
 602      00000000 
 602      00008B03 
 602      00
 603 0183 0063684D 		.ascii	"\000chMtxObjectInit\000\000\002\000\000\000\000\000"
 603      74784F62 
 603      6A656374 
 603      496E6974 
 603      00000200 
 604 019b 00000000 		.ascii	"\000\000\000\000\220\003\000\000"
 604      90030000 
 605              		.text
 606              		.section	.gnu.lto_.opts,"",%progbits
 607 0000 272D6D63 		.ascii	"'-mcpu=cortex-m4' '-mfloat-abi=hard' '-mfpu=fpv4-sp"
 607      70753D63 
 607      6F727465 
 607      782D6D34 
 607      2720272D 
 608 0033 2D643136 		.ascii	"-d16' '-mno-thumb-interwork' '-mthumb' '-O2' '-fomi"
 608      2720272D 
 608      6D6E6F2D 
 608      7468756D 
 608      622D696E 
 609 0066 742D6672 		.ascii	"t-frame-pointer' '-falign-functions=16' '-ffunction"
 609      616D652D 
 609      706F696E 
ARM GAS  /tmp/ccmkdNEA.s 			page 49


 609      74657227 
 609      20272D66 
 610 0099 2D736563 		.ascii	"-sections' '-fdata-sections' '-fno-common' '-flto' "
 610      74696F6E 
 610      73272027 
 610      2D666461 
 610      74612D73 
 611 00cc 272D6673 		.ascii	"'-fsingle-precision-constant'\000"
 611      696E676C 
 611      652D7072 
 611      65636973 
 611      696F6E2D 
 612              		.text
 613              		.section	.text.sensorThread,"ax",%progbits
 614              		.align	2
 615              		.p2align 4,,15
 616              		.global	sensorThread
 617              		.thumb
 618              		.thumb_func
 619              		.type	sensorThread, %function
 620              	sensorThread:
 621              		@ args = 0, pretend = 0, frame = 0
 622              		@ frame_needed = 0, uses_anonymous_args = 0
 623 0000 2DE9F84F 		push	{r3, r4, r5, r6, r7, r8, r9, r10, fp, lr}
 624 0004 0446     		mov	r4, r0
 625 0006 0430     		adds	r0, r0, #4
 626 0008 FFF7FEFF 		bl	chMtxObjectInit
 627 000c 2448     		ldr	r0, .L10
 628 000e 2549     		ldr	r1, .L10+4
 629 0010 FFF7FEFF 		bl	i2cStart
 630 0014 04F5C275 		add	r5, r4, #388
 631 0018 2348     		ldr	r0, .L10+8
 632 001a 2249     		ldr	r1, .L10+4
 633 001c FFF7FEFF 		bl	i2cStart
 634 0020 2846     		mov	r0, r5
 635 0022 2149     		ldr	r1, .L10+8
 636 0024 4822     		movs	r2, #72
 637 0026 FFF7FEFF 		bl	tmp275_init
 638 002a 04F5B676 		add	r6, r4, #364
 639 002e 04F5BC70 		add	r0, r4, #376
 640 0032 1D49     		ldr	r1, .L10+8
 641 0034 4022     		movs	r2, #64
 642 0036 FFF7FEFF 		bl	si70x0_init
 643 003a 04F5A677 		add	r7, r4, #332
 644 003e 3046     		mov	r0, r6
 645 0040 1749     		ldr	r1, .L10
 646 0042 4022     		movs	r2, #64
 647 0044 FFF7FEFF 		bl	si70x0_init
 648 0048 3846     		mov	r0, r7
 649 004a 1749     		ldr	r1, .L10+8
 650 004c 7622     		movs	r2, #118
 651 004e FFF7FEFF 		bl	ms5607_init
 652 0052 A378     		ldrb	r3, [r4, #2]	@ zero_extendqisi2
 653 0054 0BB3     		cbz	r3, .L6
 654 0056 04F1180B 		add	fp, r4, #24
 655 005a 04F1300A 		add	r10, r4, #48
 656 005e 04F12C09 		add	r9, r4, #44
ARM GAS  /tmp/ccmkdNEA.s 			page 50


 657 0062 04F12008 		add	r8, r4, #32
 658              	.L4:
 659 0066 5946     		mov	r1, fp
 660 0068 2846     		mov	r0, r5
 661 006a FFF7FEFF 		bl	tmp275_readTemperature
 662 006e 5146     		mov	r1, r10
 663 0070 3046     		mov	r0, r6
 664 0072 FFF7FEFF 		bl	si70x0_readHumidity
 665 0076 4946     		mov	r1, r9
 666 0078 4246     		mov	r2, r8
 667 007a 3846     		mov	r0, r7
 668 007c FFF7FEFF 		bl	ms5607_readPressure
 669 0080 3223     		movs	r3, #50
 670 0082 0A49     		ldr	r1, .L10+12
 671 0084 0A4A     		ldr	r2, .L10+16
 672 0086 0B48     		ldr	r0, .L10+20
 673 0088 FFF7FEFF 		bl	adcConvert
 674 008c 4FF47A70 		mov	r0, #1000
 675 0090 FFF7FEFF 		bl	chThdSleep
 676 0094 A378     		ldrb	r3, [r4, #2]	@ zero_extendqisi2
 677 0096 002B     		cmp	r3, #0
 678 0098 E5D1     		bne	.L4
 679              	.L6:
 680 009a 0020     		movs	r0, #0
 681 009c BDE8F88F 		pop	{r3, r4, r5, r6, r7, r8, r9, r10, fp, pc}
 682              	.L11:
 683              		.align	2
 684              	.L10:
 685 00a0 00000000 		.word	I2CD1
 686 00a4 00000000 		.word	.LANCHOR0
 687 00a8 00000000 		.word	I2CD3
 688 00ac 00000000 		.word	.LANCHOR1
 689 00b0 00000000 		.word	.LANCHOR2
 690 00b4 00000000 		.word	ADCD1
 691              		.size	sensorThread, .-sensorThread
 692 00b8 AFF30080 		.section	.text.sensorThreadStop,"ax",%progbits
 692      AFF30080 
 693              		.align	2
 694              		.p2align 4,,15
 695              		.global	sensorThreadStop
 696              		.thumb
 697              		.thumb_func
 698              		.type	sensorThreadStop, %function
 699              	sensorThreadStop:
 700              		@ args = 0, pretend = 0, frame = 0
 701              		@ frame_needed = 0, uses_anonymous_args = 0
 702              		@ link register save eliminated.
 703 0000 0346     		mov	r3, r0
 704 0002 0022     		movs	r2, #0
 705 0004 9A70     		strb	r2, [r3, #2]
 706 0006 7047     		bx	lr
 707              		.size	sensorThreadStop, .-sensorThreadStop
 708 0008 AFF30080 		.section	.bss.analogSamples,"aw",%nobits
 708      AFF30080 
 709              		.align	2
 710              		.set	.LANCHOR2,. + 0
 711              		.type	analogSamples, %object
ARM GAS  /tmp/ccmkdNEA.s 			page 51


 712              		.size	analogSamples, 300
 713              	analogSamples:
 714 0000 00000000 		.space	300
 714      00000000 
 714      00000000 
 714      00000000 
 714      00000000 
 715              		.section	.rodata.analogGrp,"a",%progbits
 716              		.align	2
 717              		.set	.LANCHOR1,. + 0
 718              		.type	analogGrp, %object
 719              		.size	analogGrp, 40
 720              	analogGrp:
 721 0000 00       		.byte	0
 722 0001 00       		.space	1
 723 0002 0300     		.short	3
 724 0004 00000000 		.word	0
 725 0008 00000000 		.word	0
 726 000c 00000000 		.word	0
 727 0010 00000040 		.word	1073741824
 728 0014 1B000000 		.word	27
 729 0018 03000000 		.word	3
 730 001c 00002000 		.word	2097152
 731 0020 00000000 		.word	0
 732 0024 402D0000 		.word	11584
 733              		.section	.rodata.i2cfg,"a",%progbits
 734              		.align	2
 735              		.set	.LANCHOR0,. + 0
 736              		.type	i2cfg, %object
 737              		.size	i2cfg, 12
 738              	i2cfg:
 739 0000 01       		.byte	1
 740 0001 000000   		.space	3
 741 0004 801A0600 		.word	400000
 742 0008 02       		.byte	2
 743 0009 000000   		.space	3
 744              		.comm	__gnu_lto_v1,1,1
 745              		.ident	"GCC: (GNU Tools for ARM Embedded Processors) 4.8.4 20140526 (release) [ARM/embedded-4_8-br
ARM GAS  /tmp/ccmkdNEA.s 			page 52


DEFINED SYMBOLS
                            *ABS*:0000000000000000 sensor_thread.c
     /tmp/ccmkdNEA.s:614    .text.sensorThread:0000000000000000 $t
     /tmp/ccmkdNEA.s:620    .text.sensorThread:0000000000000000 sensorThread
     /tmp/ccmkdNEA.s:685    .text.sensorThread:00000000000000a0 $d
     /tmp/ccmkdNEA.s:693    .text.sensorThreadStop:0000000000000000 $t
     /tmp/ccmkdNEA.s:699    .text.sensorThreadStop:0000000000000000 sensorThreadStop
     /tmp/ccmkdNEA.s:709    .bss.analogSamples:0000000000000000 $d
     /tmp/ccmkdNEA.s:713    .bss.analogSamples:0000000000000000 analogSamples
     /tmp/ccmkdNEA.s:716    .rodata.analogGrp:0000000000000000 $d
     /tmp/ccmkdNEA.s:720    .rodata.analogGrp:0000000000000000 analogGrp
     /tmp/ccmkdNEA.s:734    .rodata.i2cfg:0000000000000000 $d
     /tmp/ccmkdNEA.s:738    .rodata.i2cfg:0000000000000000 i2cfg
                            *COM*:0000000000000001 __gnu_lto_v1
     /tmp/ccmkdNEA.s:692    .text.sensorThread:00000000000000b8 $t

UNDEFINED SYMBOLS
chMtxObjectInit
i2cStart
tmp275_init
si70x0_init
ms5607_init
tmp275_readTemperature
si70x0_readHumidity
ms5607_readPressure
adcConvert
chThdSleep
I2CD1
I2CD3
ADCD1
