ARM GAS  /tmp/ccJsnHD0.s 			page 1


   1              		.syntax unified
   2              		.cpu cortex-m4
   3              		.eabi_attribute 27, 3
   4              		.eabi_attribute 28, 1
   5              		.fpu fpv4-sp-d16
   6              		.eabi_attribute 20, 1
   7              		.eabi_attribute 21, 1
   8              		.eabi_attribute 23, 3
   9              		.eabi_attribute 24, 1
  10              		.eabi_attribute 25, 1
  11              		.eabi_attribute 26, 1
  12              		.eabi_attribute 30, 2
  13              		.eabi_attribute 34, 1
  14              		.eabi_attribute 18, 4
  15              		.thumb
  16              		.file	"chstats.c"
  17              		.section	.gnu.lto_.inline.16e44903c518c6ff,"",%progbits
  18 0000 789C6362 		.ascii	"x\234cb`b\300\006\020\242\000\000\272\000\007"
  18      6062C006 
  18      10A20000 
  18      BA0007
  19              		.text
  20              		.section	.gnu.lto_.pureconst.16e44903c518c6ff,"",%progbits
  21 0000 789C6362 		.ascii	"x\234cb`b`d\200\002\000\000F\000\006"
  21      60626064 
  21      80020000 
  21      460006
  22              		.text
  23              		.section	.gnu.lto_.symbol_nodes.16e44903c518c6ff,"",%progbits
  24 0000 789C6362 		.ascii	"x\234cb`\002B\030\000\000\000V\000\007"
  24      60024218 
  24      00000056 
  24      0007
  25              		.text
  26              		.section	.gnu.lto_.refs.16e44903c518c6ff,"",%progbits
  27 0000 789C6362 		.ascii	"x\234cb`b`d\200\002\000\000F\000\006"
  27      60626064 
  27      80020000 
  27      460006
  28              		.text
  29              		.section	.gnu.lto_.decls.16e44903c518c6ff,"",%progbits
  30 0000 789C6362 		.ascii	"x\234cb`bPa``\370\017\004@\212\201\021\212\355\030\010"
  30      60625061 
  30      6060F80F 
  30      04408A81 
  30      118AED18 
  31 0015 0000CE1B 		.ascii	"\000\000\316\033\004e"
  31      0465
  32              		.text
  33              		.section	.gnu.lto_.symtab.16e44903c518c6ff,"",%progbits
  34              		.text
  35              		.section	.gnu.lto_.opts,"",%progbits
  36 0000 272D6D63 		.ascii	"'-mcpu=cortex-m4' '-mfloat-abi=hard' '-mfpu=fpv4-sp"
  36      70753D63 
  36      6F727465 
  36      782D6D34 
  36      2720272D 
ARM GAS  /tmp/ccJsnHD0.s 			page 2


  37 0033 2D643136 		.ascii	"-d16' '-mno-thumb-interwork' '-mthumb' '-O2' '-fomi"
  37      2720272D 
  37      6D6E6F2D 
  37      7468756D 
  37      622D696E 
  38 0066 742D6672 		.ascii	"t-frame-pointer' '-falign-functions=16' '-ffunction"
  38      616D652D 
  38      706F696E 
  38      74657227 
  38      20272D66 
  39 0099 2D736563 		.ascii	"-sections' '-fdata-sections' '-fno-common' '-flto' "
  39      74696F6E 
  39      73272027 
  39      2D666461 
  39      74612D73 
  40 00cc 272D6673 		.ascii	"'-fsingle-precision-constant'\000"
  40      696E676C 
  40      652D7072 
  40      65636973 
  40      696F6E2D 
  41              		.text
  42              		.comm	__gnu_lto_v1,1,1
  43              		.ident	"GCC: (GNU Tools for ARM Embedded Processors) 4.8.4 20140526 (release) [ARM/embedded-4_8-br
ARM GAS  /tmp/ccJsnHD0.s 			page 3


DEFINED SYMBOLS
                            *ABS*:0000000000000000 chstats.c
                            *COM*:0000000000000001 __gnu_lto_v1

NO UNDEFINED SYMBOLS
