ARM GAS  /tmp/ccxT74ea.s 			page 1


   1              		.syntax unified
   2              		.cpu cortex-m4
   3              		.eabi_attribute 27, 3
   4              		.eabi_attribute 28, 1
   5              		.fpu fpv4-sp-d16
   6              		.eabi_attribute 20, 1
   7              		.eabi_attribute 21, 1
   8              		.eabi_attribute 23, 3
   9              		.eabi_attribute 24, 1
  10              		.eabi_attribute 25, 1
  11              		.eabi_attribute 26, 1
  12              		.eabi_attribute 30, 2
  13              		.eabi_attribute 34, 1
  14              		.eabi_attribute 18, 4
  15              		.thumb
  16              		.file	"hal_mmcsd.c"
  17              		.section	.gnu.lto_.jmpfuncs.3d4090c2d5d5d4d1,"",%progbits
  18 0000 789C6362 		.ascii	"x\234cb`b\300\006*\24043\003;##33\220U\306\310\300\024"
  18      6062C006 
  18      2AA03433 
  18      033B2323 
  18      33339055 
  19 0018 C198C9C8 		.ascii	"\301\230\311\310\340\311\000e\330\001\245Qd\014a2\372"
  19      E0C90065 
  19      D801A551 
  19      640C6132 
  19      FA
  20 0029 E832C130 		.ascii	"\3502\3010\231\000 \003\315<W\230\234\001\003\003#T"
  20      99002003 
  20      CD3C5798 
  20      9C010303 
  20      2354
  21 003b 860100BA 		.ascii	"\206\001\000\272\013\013\""
  21      0B0B22
  22              		.text
  23              		.section	.gnu.lto_.inline.3d4090c2d5d5d4d1,"",%progbits
  24 0000 789C6362 		.ascii	"x\234cb`b\300\006\372\24043\003\203\214\020#3\023#\220"
  24      6062C006 
  24      FAA03433 
  24      03838C10 
  24      23331323 
  25 0015 CD082218 		.ascii	"\315\010\"\030@\004\273\320\024G\006\266\005\362L\014"
  25      4004BBD0 
  25      144706B6 
  25      05F24C0C 
  26 0025 5C7F4C58 		.ascii	"\\\177LX\030x\346\204p0\260,\220\347a`\271\300/\302"
  26      1878E684 
  26      7030B02C 
  26      90E76160 
  26      B9C02FC2 
  27 0039 C0D4C326 		.ascii	"\300\324\303&\001Q)n\310\310\300\3045\301\017\242\026"
  27      0151296E 
  27      C8C8C0C4 
  27      35C10FA2 
  27      16
  28 004a 0858F980 		.ascii	"\010X\371\200F\002\371X\030L\014\242\374@\325\302=\216"
  28      4602F958 
ARM GAS  /tmp/ccxT74ea.s 			page 2


  28      184C0CA2 
  28      FC40D5C2 
  28      3D8E
  29 005c 0CEC2DEA 		.ascii	"\014\354-\352\250\252\231y\200\246\001\031\000l\204"
  29      A8AA9979 
  29      80A60119 
  29      006C84
  30 006b 0FAD     		.ascii	"\017\255"
  31              		.text
  32              		.section	.gnu.lto_.pureconst.3d4090c2d5d5d4d1,"",%progbits
  33 0000 789C6362 		.ascii	"x\234cb`b`g\200\000f\006VF\026&V\000\001\013\000 "
  33      60626067 
  33      80006606 
  33      56461626 
  33      5600010B 
  34              		.text
  35              		.section	.gnu.lto_mmcsd_get_slice.3d4090c2d5d5d4d1,"",%progbits
  36 0000 789C8D54 		.ascii	"x\234\215TMh\023Q\020\236\331\2374M\323\206\376\377"
  36      4D681351 
  36      109ED99F 
  36      344DD386 
  36      FEFF
  37 0012 A549DA9B 		.ascii	"\245I\332\233\036\272\036\004A\004\301\2537\261\240"
  37      1EBA1E04 
  37      4104C1AB 
  37      37B1A0
  38 0021 789074D3 		.ascii	"x\220t\323\246A\323@REO\335\272E\264\246P\212\027\025"
  38      A641D340 
  38      52454FDD 
  38      BA45B4A6 
  38      508A1715 
  39 0035 C12A2AE2 		.ascii	"\301**\342O\221\242`\333C\004\205\036T\020z\021\024"
  39      4F91A260 
  39      DB430485 
  39      1E54107A 
  39      1114
  40 0047 725141A1 		.ascii	"rQA\241\365\007<Y\326\231\267\373\266&*v!\363\336\314"
  40      F5073C59 
  40      D699B7FB 
  40      B6262A76 
  40      21F3DECC 
  41 005b F7CDBC6F 		.ascii	"\367\315\274o\346\355F\001\005\252\237=\3643u\200AZ"
  41      E6ED4601 
  41      05AA9F3D 
  41      F4337580 
  41      415A
  42 006d 3100A8CC 		.ascii	"1\000\250\314\274\002\230\010*\212\272\034\003+\244"
  42      BC029808 
  42      2A8ABA1C 
  42      032BA4
  43 007c AD1A6085 		.ascii	"\255\032`\205U\324\335\260&7:\"o\000a\\Q5\035\307\017"
  43      55D4DDB0 
  43      26373A22 
  43      6F00615C 
  43      51351DC7 
  44 0091 2357D3FB 		.ascii	"#W\323\373`\316\262f\312\317?\224\325K\027K\223\327"
  44      60CEB266 
ARM GAS  /tmp/ccxT74ea.s 			page 3


  44      CACF3F94 
  44      D54B174B 
  44      93D7
  45 00a3 AC9F8E83 		.ascii	"\254\237\216\203\230A:y\027\202\211p\210\034L\210E\321"
  45      98413A79 
  45      17828970 
  45      881C4C88 
  45      45D1
  46 00b5 2AA588DC 		.ascii	"*\245\210\334\331\322\306\327\025\264f\255\211/\216"
  46      D9D2C6D7 
  46      15B466AD 
  46      892F8E
  47 00c4 13C9A0AA 		.ascii	"\023\311\240\252\300\276\255%Z\357R+\326d\311q\366\212"
  47      C0BEAD25 
  47      5AEF522B 
  47      D664C971 
  47      F68A
  48 00d6 ACFD5BCC 		.ascii	"\254\375[\314\332\250\310:\260E\221N\205HM\201#\377"
  48      DAA8C83A 
  48      B045914E 
  48      85484D81 
  48      23FF
  49 00e8 4B9C574A 		.ascii	"K\234WJe\307y\273\376\261|\025\033\373\0208\013\263"
  49      65C779BB 
  49      FEB17C15 
  49      1BFB1038 
  49      0BB3
  50 00fa 082A24F1 		.ascii	"\010*$\361\006\366\201F\353mZu\012\322E$\361&95D\323"
  50      06F68146 
  50      EB6D5A75 
  50      0AD24524 
  50      F1263935 
  51 0110 836C6AC9 		.ascii	"\203lj\311@\210M\035\2330\021\356\020\241\236\034\265"
  51      40884D1D 
  51      9B3011EE 
  51      10A19E1C 
  51      B5
  52 0121 81529408 		.ascii	"\201R\224\010\355\002\215Lm\"l\216\260fvZ\230\320\312"
  52      ED028D4C 
  52      6D226C8E 
  52      B066765A 
  52      98D0CA
  53 0134 581BBBED 		.ascii	"X\033\273\355l:8\326\311e\272\330\355f-Q\216\3650/\306"
  53      6C3A38D6 
  53      C965BAD8 
  53      ED662D51 
  53      8EF5302F 
  54 0149 B1389B84 		.ascii	"\2618\233\204W\250\227\011|\2730I\227\233p\365\272\002"
  54      57A89709 
  54      7CBB3049 
  54      979B70F5 
  54      BA02
  55 015b 5DCDAE16 		.ascii	"]\315\256\026\340\011\320s\220,\277\034\003\250\360"
  55      E009D073 
  55      902CBF1C 
  55      03A8F0
  56 016a AABE047B 		.ascii	"\252\276\004{\332\236/F\223x\027uH\243\232F\205'D\365"
ARM GAS  /tmp/ccxT74ea.s 			page 4


  56      DA9E2F46 
  56      93781775 
  56      48A39A46 
  56      852744F5 
  57 017e 01085CB2 		.ascii	"\001\010\\\262\037\206%\246y\230\032w\261i\373\221\217"
  57      1F8625A6 
  57      79981A77 
  57      B169FB91 
  57      8F
  58 018f 05D2A857 		.ascii	"\005\322\250W\346-\025wK\260F\202^\3429\373\272\"\261"
  58      E62D1577 
  58      4BB04682 
  58      5EE239FB 
  58      BA22B1
  59 01a2 20C10243 		.ascii	" \301\002C\201\235Y\263o\241\304j\011\026\011\367U\031"
  59      819D59B3 
  59      6FA1C46A 
  59      091609F7 
  59      5519
  60 01b4 0A3197DE 		.ascii	"\0121\227\336l\002\275R\213~\251:\011;\362\301q\257"
  60      6C02BD52 
  60      8B7EA93A 
  60      093BF2C1 
  60      71AF
  61 01c6 665E72C2 		.ascii	"f^r\302D\003X\201g\357\237.\234U\177\353:\260\3716\014"
  61      44035881 
  61      67EF9F2E 
  61      9C557FEB 
  61      3AB0F936 
  62 01db A00ACB31 		.ascii	"\240\012\3131\036\315\224\375\271\270M\222\352\211'"
  62      1ECD94FD 
  62      B9B84D92 
  62      EA8927
  63 01ea DAD7DC2E 		.ascii	"\332\327\334..\370\351\22146\020.\316Z\324e\264\361"
  63      2EF8E991 
  63      3436102E 
  63      CE5AD465 
  63      B4F1
  64 01fc 0A5C263A 		.ascii	"\012\\&:M-\302i\362\000\241\347\233\337cS\232\257\217"
  64      4D2DC269 
  64      F200A1E7 
  64      9BDF6353 
  64      9AAF8F
  65 020f CA3DF0CB 		.ascii	"\312=\360\3135S.\001\":e\257\027\267K\240\205d\376]"
  65      35532E01 
  65      223A65AF 
  65      17B74BA0 
  65      8564FE5D 
  66 0223 41AB50D0 		.ascii	"A\253P\320R\245\240\315W\320Z\251\200\256g\315W\320"
  66      52A5A0CD 
  66      57D05AA9 
  66      80AE67CD 
  66      57D0
  67 0235 4E441A8C 		.ascii	"ND\032\214\210\237\267\177\370\343\354\020G%\300\023"
  67      889FB77F 
  67      F8E3EC10 
  67      4725C013 
ARM GAS  /tmp/ccxT74ea.s 			page 5


  68 0245 48AA3747 		.ascii	"H\2527G\335Ip\325\315t\211J\235\"\372\204\346\346\253"
  68      DD4970D5 
  68      CD74894A 
  68      9D22FA84 
  68      E6E6AB
  69 0258 E8161D75 		.ascii	"\350\026\035u\311\331j\260j\270\263\375^\214KN\364\237"
  69      C9D96AB0 
  69      6AB8B3FD 
  69      5E8C4B4E 
  69      F49F
  70 026a B3ED119D 		.ascii	"\263\355\021\235E\253:\213\371\235\365\374\321\331'"
  70      45AB3A8B 
  70      F99DF5FC 
  70      D1D927
  71 0279 BFB33811 		.ascii	"\277\2638\021\275\316H\375c_}\302\237\271\335 c\275"
  71      BDCE48FD 
  71      635F7DC2 
  71      9FB9DD20 
  71      63BD
  72 028b 829E902A 		.ascii	"\202\236\220*u\361u\274\246\177S P|:o\000\251\031\365"
  72      75F175BC 
  72      A67F5320 
  72      507C3A6F 
  72      00A919F5 
  73 029f DE025D43 		.ascii	"\336\002]C\257\366b!\314_\0232\217\377\271w\032#\271"
  73      AFF66221 
  73      CC5F1332 
  73      8FFFB977 
  73      1A23B9
  74 02b2 EC9061E6 		.ascii	"\354\220a\346R\247\215\324\320I\303\034\311\014fr\005"
  74      52A78DD4 
  74      D049C31C 
  74      C90C6672 
  74      05
  75 02c3 632C7F62 		.ascii	"c,\177b\364\230A\233\221\344q\243\2207y=\232\315\232"
  75      F498419B 
  75      91E471A3 
  75      9037793D 
  75      9ACD9A
  76 02d6 8554BF09 		.ascii	"\205T\277\011\241\302X2?\226\033\036\356\337\021\024"
  76      A1C25832 
  76      3F961B1E 
  76      EEDF1114 
  77 02e6 DB4CEA54 		.ascii	"\333L\352T`h4EKPB5\344g\223\205c\277\0004QWV"
  77      60683445 
  77      4B504235 
  77      E4679385 
  77      63BF0034 
  78              		.text
  79              		.section	.gnu.lto_mmcsdGetCapacity.part.0.3d4090c2d5d5d4d1,"",%progbits
  80 0000 789C8D91 		.ascii	"x\234\215\221?H\\A\020\306\347\333}\357\356<\017\265"
  80      3F485C41 
  80      10C6E7DB 
  80      7DEFEE3C 
  80      0FB5
  81 0012 B28DD806 		.ascii	"\262\215\330\006\362\010\004BH\210\265\235\240\202V"
  81      F2080442 
ARM GAS  /tmp/ccxT74ea.s 			page 6


  81      4888B59D 
  81      A08256
  82 0021 E17C4FEE 		.ascii	"\341|O\356\036\311\345\300K\002!\205\033\357\020+\021"
  82      1EC9E5C0 
  82      4B022185 
  82      1BEF102B 
  82      11
  83 0032 3B3B4524 		.ascii	";;E$6\"\244P\254b\031b\376\226\351\016$M\212\244\024"
  83      3622A450 
  83      AC621962 
  83      FE96E90E 
  83      244D8AA4 
  84 0047 42C86666 		.ascii	"B\310ff\367\336\013\006D\027\336|\363f\36673\273\253"
  84      F7DE0B06 
  84      4417DE7C 
  84      F366F637 
  84      33BBAB
  85 005a 48D1FFEB 		.ascii	"H\321\377\353:\177\247\034\276\307\212\220\020\254}"
  85      3A7FA71C 
  85      BEC78A90 
  85      10AC7D
  86 0069 64278072 		.ascii	"d'\200r\252\240E_\2264 \016\201\026\003\245\2618\013"
  86      AAA0455F 
  86      9634200E 
  86      811603A5 
  86      B1380B
  87 007c 81F5286D 		.ascii	"\201\365(m\031\263\336\375\366\363\263\3320\307\235"
  87      19B3DEFD 
  87      F6F3B3DA 
  87      30C79D
  88 008b 4DF3DB5A 		.ascii	"M\363\333Z \0057\272\015\212A3\374\203\021'*8\337\331"
  88      200537BA 
  88      0D8A4133 
  88      FC831127 
  88      2A38DFD9 
  89 009f B3E64DF2 		.ascii	"\263\346M\362\326t\216\255\035s\324\235+RG\347\250\273"
  89      D6748EAD 
  89      1D73D49D 
  89      2B5247E7 
  89      A8BB
  90 00b1 9751FBCA 		.ascii	"\227Q\373\312t\255=:+\015\000\015!\252\330\301(i\326"
  90      74AD3D3A 
  90      2B0D000D 
  90      21AAD8C1 
  90      2869D6
  91 00c4 6DD68075 		.ascii	"m\326\200u\2135\244\024\272 \246\310&(\211\327'\246"
  91      8B35A414 
  91      BA20A6C8 
  91      262889D7 
  91      27A6
  92 00d6 2CBFFD6C 		.ascii	",\277\375l\250\"\206WH\035c\326FH\032\363\232b+\027"
  92      A8228657 
  92      481D63D6 
  92      46481AF3 
  92      9A622B17 
  93 00ea 34854054 		.ascii	"4\205@TOC9=\341\273\353m\365-}C\337\216X_\361\245\363"
  93      4F43393D 
ARM GAS  /tmp/ccxT74ea.s 			page 7


  93      E1BBEB6D 
  93      F52D7D43 
  93      DF8E585F 
  94 0101 4AC0053E 		.ascii	"J\300\005>\321r\367\335)\252\330\345`\015\352\005\375"
  94      D172F7DD 
  94      29AAD8E5 
  94      600DEA05 
  94      FD
  95 0112 322B6628 		.ascii	"2+f(E\030\303u\341 \344x4\356NI\367y\230\202\3436Ot"
  95      4518C375 
  95      E120E478 
  95      34EE4E49 
  95      F7799882 
  96 012a 86E98BB1 		.ascii	"\206\351\213\261\233\036\213\376a\357s,\270\030\233"
  96      9B1E8BFE 
  96      61EF732C 
  96      B8189B
  97 0139 F4D884C7 		.ascii	"\364\330\204\307>P{\245}\270z-\003C\236T\362Z \227\374"
  97      3E507BA5 
  97      7DB87A2D 
  97      03439E54 
  97      F25A2097 
  98 014e 9E1FA1C0 		.ascii	"\236\037\241\300\343\270\234r\271\245\037\355\327y\256"
  98      E3B89C72 
  98      B9A51FED 
  98      D779AE
  99 015d 58EB55DB 		.ascii	"X\353U\333\313g(\271j\305^\231\003\225\305\373x<W\346"
  99      CB6728B9 
  99      6AC55E99 
  99      0395C5FB 
  99      783C57E6 
 100 0171 CC5A3B98 		.ascii	"\314Z;\230\225\372\223\227*\363\026_\252=\234\305\372"
 100      95FA9397 
 100      2AF3165F 
 100      AA3D9CC5 
 100      FA
 101 0182 5DB9B27F 		.ascii	"]\271\262\177\377i\350\3749\344\262y\234/\316\255\241"
 101      FF69E8FC 
 101      39E4B279 
 101      9C2FCEAD 
 101      A1
 102 0193 22F9AF54 		.ascii	"\"\371\257TaB\271\207\204\354\024\367VTo6\346\243\270"
 102      6142B987 
 102      84EC14F7 
 102      56546F36 
 102      E6A3B8
 103 01a6 993C8F92 		.ascii	"\231<\217\222\371gQ\\O\347\322f+z\262\360\364\361\303"
 103      F967515C 
 103      4FE7D266 
 103      2B7AB2F0 
 103      F4F1C3
 104 01b9 889D7AF5 		.ascii	"\210\235z\365Q\324Z\210E\0374\032q+\271\021\023b\314"
 104      51D45A88 
 104      451F341A 
 104      712BB911 
 104      1362CC
 105 01cc A1FA1774 		.ascii	"\241\372\027t\015\265\315"
ARM GAS  /tmp/ccxT74ea.s 			page 8


 105      0DB5CD
 106              		.text
 107              		.section	.gnu.lto_mmcsdGetCapacity.3d4090c2d5d5d4d1,"",%progbits
 108 0000 789C5D51 		.ascii	"x\234]Q;K\003A\020\236\331\275M6b!\026\026)\202`\357"
 108      3B4B0341 
 108      109ED9BD 
 108      4D366221 
 108      16162982 
 109 0016 59888D95 		.ascii	"Y\210\215\225\205\377\300\200V\022/!94\006\022\025\304"
 109      85FFC080 
 109      56122F21 
 109      39340612 
 109      15C4
 110 0028 2217F320 		.ascii	"\"\027\363 \210\301\324>\012\233\024\026\021\304\312"
 110      88C1D43E 
 110      0A9B1416 
 110      11C4CA
 111 0037 2ABDC660 		.ascii	"*\275\306`\247`\021\360O\210\026qf\357.\004\027nfn\276"
 111      A76011F0 
 111      4F881671 
 111      66EF2E04 
 111      176E666E 
 112 004c FDE6F1AD 		.ascii	"\375\346\361\255\000\001\377\317\032}\013\224^!\217"
 112      0001FFCF 
 112      1A7D0B94 
 112      5E218F
 113 005b 1140D17E 		.ascii	"\021@\321~\005\250h!U=\016\236\226\306Z~\214\212A\264"
 113      05A86821 
 113      553D0E9E 
 113      96C65A7E 
 113      8C8A41B4 
 114 006f 7C5FD10A 		.ascii	"|_\321\012\221\003@(\013i),o\241\251y/z\303\321\250"
 114      91034028 
 114      0B69292C 
 114      6FA1A979 
 114      2F7AC3D1 
 115 0084 FBDDE87E 		.ascii	"\373\335\350~\342\215\230Bp\021\004\346\021,\212P\261"
 115      E28D9842 
 115      701104E6 
 115      112C8A50 
 115      B1
 116 0095 89B089B2 		.ascii	"\211\260\211\262\321\214\306\330\320QP\363\274\366<"
 116      D18CC6D8 
 116      D05150F3 
 116      BCF63C
 117 00a4 80637E37 		.ascii	"\200c~7\310r\207$\012\366\262\017\247O\365\337V\"\205"
 117      C8728724 
 117      0AF6B20F 
 117      A74FF5DF 
 117      562285
 118 00b7 B754268B 		.ascii	"\267T&\213\326\025\\\"1\263(6\311\213i\177\247>T\273"
 118      D6155C22 
 118      31B32836 
 118      C98B697F 
 118      A73E54BB 
 119 00cb D53B0C6F 		.ascii	"\325;\014o)\272\310\260L\020\366\002\265\236\034#-8"
 119      29BAC8B0 
ARM GAS  /tmp/ccxT74ea.s 			page 9


 119      4C10F602 
 119      B59E1C23 
 119      2D38
 120 00dd AFD4BCDE 		.ascii	"\257\324\274\336C\324E\213\231i\3647\010\362m\3163\025"
 120      43D4458B 
 120      9969F437 
 120      08F26DCE 
 120      3315
 121 00ef 7C504C82 		.ascii	"|PL\202\327c\020\015('TM\322_=.\237Y\244p%\277iXg\000"
 121      D763100D 
 121      2827544D 
 121      D25F3D2E 
 121      9F59A470 
 122 0109 351D8E11 		.ascii	"5\035\216\021;\201\037\257\351\315\270\250\234`\000"
 122      3B811FAF 
 122      E9CDB8A8 
 122      9C6000
 123 0118 DAC82591 		.ascii	"\332\310%\221\202bVX,\205\035b\230^\003h\014\337\277"
 123      82625658 
 123      2C851D62 
 123      985E0368 
 123      0CDFBF
 124 012b 66FD4C16 		.ascii	"f\375L\026#\343\032Q'\2303P\005\326\301\270%\322X\033"
 124      23E31A51 
 124      27983350 
 124      05D6C1B8 
 124      25D2581B 
 125 013f 719AD50E 		.ascii	"q\232\325\016\206\274(Q\0316}\011;\253\316\205\220&"
 125      86BC2851 
 125      19367D09 
 125      3BABCE85 
 125      9026
 126 0151 D4409E1E 		.ascii	"\324@\236\036\257\245\340\202\336\201G\011\304z3a\326"
 126      AFA5E082 
 126      DE814709 
 126      C47A3361 
 126      D6
 127 0162 1FFB0390 		.ascii	"\037\373\003\220\266\221d\264\005\201n\342q\225\037"
 127      B69164B4 
 127      05816EE2 
 127      71951F
 128 0171 1299C873 		.ascii	"\022\231\310s-\333\271B>c;\205\364\261\235\316\034\331"
 128      2DDBB942 
 128      3E633B85 
 128      F4B19DCE 
 128      1CD9
 129 0183 4ECEDD71 		.ascii	"N\316\335q\013%\373\240x\270\277kS\220K\355\331\245"
 129      0B25FBA0 
 129      78B8BF6B 
 129      53904BED 
 129      D9A5
 130 0195 A2C37E3B 		.ascii	"\242\303~;\237wJ\351E\007\376\000\333\250\206\363"
 130      9F774AE9 
 130      4507FE00 
 130      DBA886F3 
 131              		.text
 132              		.section	.gnu.lto_.symbol_nodes.3d4090c2d5d5d4d1,"",%progbits
ARM GAS  /tmp/ccxT74ea.s 			page 10


 133 0000 789C6362 		.ascii	"x\234cb`b\010e\200\002\246\377\214\365\014\014\023\316"
 133      60620865 
 133      8002A6FF 
 133      8CF50C0C 
 133      13CE
 134 0012 3130D4D7 		.ascii	"10\324\327\317\355Hdjb\252g\204s\031\231\032\230\352"
 134      CFED4864 
 134      6A62AA67 
 134      84731999 
 134      1A98EA
 135 0025 99A0DC79 		.ascii	"\231\240\334y\035\214\314\214\014\014\217\036\374\003"
 135      1D8CCC8C 
 135      0C0C8F1E 
 135      FC03
 136 0033 D387A0F4 		.ascii	"\323\207\240\364\"\020\315\304\310\320\364U\207\231"
 136      2210CDC4 
 136      C8D0F455 
 136      8799
 137 0041 0928FC55 		.ascii	"\011(\374U\207\001\000\210\357\032M"
 137      87010088 
 137      EF1A4D
 138              		.text
 139              		.section	.gnu.lto_.refs.3d4090c2d5d5d4d1,"",%progbits
 140 0000 789C6362 		.ascii	"x\234cb`b`d\200\002\000\000F\000\006"
 140      60626064 
 140      80020000 
 140      460006
 141              		.text
 142              		.section	.gnu.lto_.decls.3d4090c2d5d5d4d1,"",%progbits
 143 0000 789C9554 		.ascii	"x\234\225TMO\023Q\024\275o\012\302\000\0016btC\027\250"
 143      4D4F1351 
 143      14BD6F0A 
 143      C2000136 
 143      62744317 
 144 0015 91840E51 		.ascii	"\221\204\016Q\326\270`\001+\343\206\304\335\34413\332"
 144      D6B86001 
 144      2BE386C4 
 144      DDE43133 
 144      DA
 145 0026 89ED9474 		.ascii	"\211\355\224t\246&]\371l\024\211\211\011\222\270 1\332"
 145      A6265DF9 
 145      6C148989 
 145      0992B820 
 145      31DA
 146 0038 46482018 		.ascii	"FH \030\015\032i\374\200\014A>\014K\177\000\365#q\353"
 146      0D1A69FC 
 146      800C413E 
 146      0C4B7F00 
 146      F52371EB 
 147 004c 861857F5 		.ascii	"\206\030W\365\276\351\033\240C[\312$'\363\346\335{\316"
 147      BEE91BA0 
 147      435BCA24 
 147      27F3E6DD 
 147      7BCE
 148 005e BDE7BE99 		.ascii	"\275\347\276\231\221@\202~\002P\304+\327\010\360\027"
 148      9140827E 
 148      0250C42B 
ARM GAS  /tmp/ccxT74ea.s 			page 11


 148      D708F017 
 149 006e 001A1083 		.ascii	"\000\032\020\203\010\334\206\034\224\256\020b\036\261"
 149      08DC861C 
 149      94AE1062 
 149      1EB1
 150 007c 8C5881A3 		.ascii	"\214X\201\243\027\2175\011n;\242\015\321(\370|\177Q"
 150      178F3509 
 150      6E3BA20D 
 150      D128F87C 
 150      7F51
 151 008e E41191CB 		.ascii	"\344\021\221\313\365\336!\226\020o\002Z\313\202\223"
 151      F5DE2196 
 151      106F025A 
 151      CB8293
 152 009d 3BA4E56B 		.ascii	";\244\345k\257#\026D\236$r}\275\217\210/\210\215\200"
 152      AF231644 
 152      9E24727D 
 152      BD8F882F 
 152      888D80
 153 00b0 1EEF570E 		.ascii	"\036\357W\016\364\342{\334D\344\003\272!\301\361\265"
 153      F4E27BDC 
 153      44E403BA 
 153      21C1F1B5 
 154 00c0 79EE1A62 		.ascii	"y\356\032b\013\261\215\370\032\320\227a\222\261\014"
 154      0BB18DF8 
 154      1AD09761 
 154      92B10C
 155 00cf CB4EB091 		.ascii	"\313N\260\221m\354\367\006\241\244]\206\260\267h\223"
 155      6DECF706 
 155      A1A45D86 
 155      B0B76893 
 156 00df 3DFA7998 		.ascii	"=\372y\230el\252\260\361\243 1\326LI\216\310\330\376"
 156      656CAAB0 
 156      F1A32031 
 156      D64C498E 
 156      C8D8FE
 157 00f2 4502BDB0 		.ascii	"E\002\275\260\3000\202\374s\025\246Z\277\362\356\367"
 157      C03082FC 
 157      7315A65A 
 157      BFF2EEF7 
 158 0102 9D90A73C 		.ascii	"\235\220\247<\347)\307\010P2Kz\205\016%M\362a]\357\331"
 158      E729C708 
 158      50324B7A 
 158      850E254D 
 158      F2615DEF 
 159 0117 4FE0625E 		.ascii	"O\340b^X,\370\253\320\001'M\357\206\347\314\375S\330"
 159      582CF8AB 
 159      D001274D 
 159      EF86E7CC 
 159      FD53D8
 160 012a DD5ABD34 		.ascii	"\335Z\2754\303\334\373\254X\274\313:\273\340)\272\343"
 160      C3DCFBAC 
 160      58BCCB3A 
 160      BBE029BA 
 160      E3
 161 013b FD33E294 		.ascii	"\3753\342\224\\W\362\300+,\220.1|~\254\320\012\217\016"
 161      5C57F2C0 
ARM GAS  /tmp/ccxT74ea.s 			page 12


 161      2B2C902E 
 161      317C7EAC 
 161      D00A8F0E 
 162 014f 9CD7662E 		.ascii	"\234\327f.\222V\277QA.\345Wx\246d4\264\357J\202W\244"
 162      9256BF51 
 162      412EE557 
 162      78A66434 
 162      B4EF4A82 
 163 0165 7C4C3DF0 		.ascii	"|L=\360\222\261i\2267FJ\252\022|\3662\346Iw\305\352"
 163      92B16996 
 163      37464AAA 
 163      127CF632 
 163      E64977C5 
 164 017a A2B6A0ED 		.ascii	"\242\266\240\355qZ\351`\327\216\241y\355\010\332\322"
 164      715AE960 
 164      D78EA179 
 164      ED08DAD2 
 165 018a 66DB14F1 		.ascii	"f\333\024\361\211\033\365\020\001.\300\034\237\316\267"
 165      891BF510 
 165      012EC01C 
 165      9FCEB7
 166 0199 5FD747FC 		.ascii	"_\327G\374\275\352,1\246\327D:|\246\336y\025\334\177"
 166      BDEA2C31 
 166      A6D7443A 
 166      7CA6DE79 
 166      15DC7F
 167 01ac 138FCF4E 		.ascii	"\023\217\317Nf3n\261x\265\371\004\247\225/?\255\322"
 167      66336EB1 
 167      78B5F904 
 167      A7952F3F 
 167      ADD2
 168 01be 2002D3DD 		.ascii	" \002\323\335\251<\335\231\203\351\376\3642\226kOW\270"
 168      A93CDD99 
 168      83E9FEF4 
 168      32966B4F 
 168      57B8
 169 01d0 9D66EFCB 		.ascii	"\235f\357\313\334Vc\211\006?\034u\233-\260\267\214\311"
 169      DC566389 
 169      063F1C75 
 169      9B2DB0B7 
 169      8CC9
 170 01e2 F8661659 		.ascii	"\370f\026Y&|\002\263\253u\230\375}\214YJ>aG\224\254"
 170      267C02B3 
 170      AB7598FD 
 170      7D8C594A 
 170      3E614794 
 171 01f7 D4653613 		.ascii	"\324e6\0230[\215%\032t\313\315\006\276\035\376eU\263"
 171      305B8D25 
 171      1A74CBCD 
 171      06BE1DFE 
 171      6555B3
 172 020a B67EF0ED 		.ascii	"\266~\360\355\204\341\005\376H\334'[\367\262$L\311\340"
 172      84E105FE 
 172      48DC275B 
 172      F7B2244C 
 172      C9E0
 173 021c E9FD3143 		.ascii	"\351\3751Cy\312\024{ U\216\007\012\347k\024\336\014"
ARM GAS  /tmp/ccxT74ea.s 			page 13


 173      79CA147B 
 173      20558E07 
 173      0AE76B14 
 173      DE0C
 174 022e 162E535D 		.ascii	"\026.S]9Z\225\261\371\316Zq\367\331C\326RE\001z\224"
 174      395A95B1 
 174      F9CE5A71 
 174      F7D943D6 
 174      5245017A 
 175 0243 949D5468 		.ascii	"\224\235Th2\336g%,\243\317\240c\246bZZ,\245\033\212"
 175      32DE6725 
 175      2CA3CFA0 
 175      63A6625A 
 175      5A2CA51B 
 176 0258 EDE8A6E5 		.ascii	"\355\350\246\345D\242\320\234\302\373\225\313\252sj"
 176      44A2D09C 
 176      C2FB95CB 
 176      AA736A
 177 0267 F8DA6878 		.ascii	"\370\332hx\010\006j\220\342T\213\232\226\241\250\272"
 177      08066A90 
 177      E2548B9A 
 177      96A1A8BA 
 178 0277 7193A662 		.ascii	"q\223\246b\216\352\244\307\015\033EZT\325\227\031P\242"
 178      8EEAA4C7 
 178      0D1B455A 
 178      54D59719 
 178      50A2
 179 0289 89B8A168 		.ascii	"\211\270\241h\011=\255\350\306\035\005\031cf\302V\234"
 179      093DADE8 
 179      C61D0519 
 179      6366C256 
 179      9C
 180 029a 64CABAAD 		.ascii	"d\312\272\255\340\"Jc\212\235\324\370]\215\3075[\217"
 180      E0224A63 
 180      8A9DD4F8 
 180      5D8DC735 
 180      5B8F
 181 02ac 68D0E12D 		.ascii	"h\320\341-\324[\206\243\3321S3\032t\352\320\220a\351"
 181      D45B86A3 
 181      DA315333 
 181      1A74EAD0 
 181      9061E9
 182 02bf 8DB64393 		.ascii	"\215\266C\223\316\031/<l8Ct\234j\246\223\216\214\343"
 182      CE192F3C 
 182      6C384374 
 182      9C6AA693 
 182      8E8CE3
 183 02d2 6EA43F84 		.ascii	"n\244?\204\273\235\301\330\177(\006\200\322"
 183      BB9DC1D8 
 183      7F280680 
 183      D2
 184              		.text
 185              		.section	.gnu.lto_.symtab.3d4090c2d5d5d4d1,"",%progbits
 186 0000 6D6D6373 		.ascii	"mmcsdGetCapacity\000\000\000\000\000\000\000\000\000"
 186      64476574 
 186      43617061 
 186      63697479 
ARM GAS  /tmp/ccxT74ea.s 			page 14


 186      00000000 
 187 0019 000000BD 		.ascii	"\000\000\000\275\000\000\000"
 187      000000
 188              		.text
 189              		.section	.gnu.lto_.opts,"",%progbits
 190 0000 272D6D63 		.ascii	"'-mcpu=cortex-m4' '-mfloat-abi=hard' '-mfpu=fpv4-sp"
 190      70753D63 
 190      6F727465 
 190      782D6D34 
 190      2720272D 
 191 0033 2D643136 		.ascii	"-d16' '-mno-thumb-interwork' '-mthumb' '-O2' '-fomi"
 191      2720272D 
 191      6D6E6F2D 
 191      7468756D 
 191      622D696E 
 192 0066 742D6672 		.ascii	"t-frame-pointer' '-falign-functions=16' '-ffunction"
 192      616D652D 
 192      706F696E 
 192      74657227 
 192      20272D66 
 193 0099 2D736563 		.ascii	"-sections' '-fdata-sections' '-fno-common' '-flto' "
 193      74696F6E 
 193      73272027 
 193      2D666461 
 193      74612D73 
 194 00cc 272D6673 		.ascii	"'-fsingle-precision-constant'\000"
 194      696E676C 
 194      652D7072 
 194      65636973 
 194      696F6E2D 
 195              		.text
 196              		.section	.text.mmcsdGetCapacity,"ax",%progbits
 197              		.align	2
 198              		.p2align 4,,15
 199              		.global	mmcsdGetCapacity
 200              		.thumb
 201              		.thumb_func
 202              		.type	mmcsdGetCapacity, %function
 203              	mmcsdGetCapacity:
 204              		@ args = 0, pretend = 0, frame = 0
 205              		@ frame_needed = 0, uses_anonymous_args = 0
 206              		@ link register save eliminated.
 207 0000 C368     		ldr	r3, [r0, #12]
 208 0002 9B0F     		lsrs	r3, r3, #30
 209 0004 0CD0     		beq	.L3
 210 0006 012B     		cmp	r3, #1
 211 0008 08D1     		bne	.L8
 212 000a 8268     		ldr	r2, [r0, #8]
 213 000c C388     		ldrh	r3, [r0, #6]
 214 000e 02F03F00 		and	r0, r2, #63
 215 0012 43EA0040 		orr	r0, r3, r0, lsl #16
 216 0016 0130     		adds	r0, r0, #1
 217 0018 8002     		lsls	r0, r0, #10
 218 001a 7047     		bx	lr
 219              	.L8:
 220 001c 0020     		movs	r0, #0
 221 001e 7047     		bx	lr
ARM GAS  /tmp/ccxT74ea.s 			page 15


 222              	.L3:
 223 0020 4268     		ldr	r2, [r0, #4]
 224 0022 8368     		ldr	r3, [r0, #8]
 225 0024 910F     		lsrs	r1, r2, #30
 226 0026 C3F30900 		ubfx	r0, r3, #0, #10
 227 002a 41EA8000 		orr	r0, r1, r0, lsl #2
 228 002e C2F3C232 		ubfx	r2, r2, #15, #3
 229 0032 0232     		adds	r2, r2, #2
 230 0034 C3F30343 		ubfx	r3, r3, #16, #4
 231 0038 0130     		adds	r0, r0, #1
 232 003a 093B     		subs	r3, r3, #9
 233 003c 9040     		lsls	r0, r0, r2
 234 003e 9840     		lsls	r0, r0, r3
 235 0040 7047     		bx	lr
 236              		.size	mmcsdGetCapacity, .-mmcsdGetCapacity
 237              		.comm	__gnu_lto_v1,1,1
 238 0042 00BFAFF3 		.ident	"GCC: (GNU Tools for ARM Embedded Processors) 4.8.4 20140526 (release) [ARM/embedded-4_8-br
 238      0080AFF3 
 238      0080AFF3 
 238      0080
ARM GAS  /tmp/ccxT74ea.s 			page 16


DEFINED SYMBOLS
                            *ABS*:0000000000000000 hal_mmcsd.c
     /tmp/ccxT74ea.s:197    .text.mmcsdGetCapacity:0000000000000000 $t
     /tmp/ccxT74ea.s:203    .text.mmcsdGetCapacity:0000000000000000 mmcsdGetCapacity
                            *COM*:0000000000000001 __gnu_lto_v1

NO UNDEFINED SYMBOLS
