ARM GAS  /tmp/ccPGP5Sk.s 			page 1


   1              		.syntax unified
   2              		.cpu cortex-m4
   3              		.eabi_attribute 27, 3
   4              		.eabi_attribute 28, 1
   5              		.fpu fpv4-sp-d16
   6              		.eabi_attribute 20, 1
   7              		.eabi_attribute 21, 1
   8              		.eabi_attribute 23, 3
   9              		.eabi_attribute 24, 1
  10              		.eabi_attribute 25, 1
  11              		.eabi_attribute 26, 1
  12              		.eabi_attribute 30, 2
  13              		.eabi_attribute 34, 1
  14              		.eabi_attribute 18, 4
  15              		.thumb
  16              		.file	"hal_lld.c"
  17              		.section	.gnu.lto_.jmpfuncs.4114a91f01925ab7,"",%progbits
  18 0000 789C6362 		.ascii	"x\234cb`b\300\006\330\2414H\226\221\201\001\000\001"
  18      6062C006 
  18      D8A13448 
  18      96918101 
  18      0001
  19 0012 39000F   		.ascii	"9\000\017"
  20              		.text
  21              		.section	.gnu.lto_.inline.4114a91f01925ab7,"",%progbits
  22 0000 789C6362 		.ascii	"x\234cb`b\300\006\014\2404PVA\203\221\201\311b\301z"
  22      6062C006 
  22      0CA03450 
  22      56418391 
  22      81C962C1 
  23 0015 6606B605 		.ascii	"f\006\266\005\362`\325\214\\ \202\301l\005\023P&\355"
  23      F260D58C 
  23      5C2082C1 
  23      6C051350 
  23      26ED
  24 0027 C01B65B8 		.ascii	"\300\033e\270\014\003\000\243{\006\276"
  24      0C0300A3 
  24      7B06BE
  25              		.text
  26              		.section	.gnu.lto_.pureconst.4114a91f01925ab7,"",%progbits
  27 0000 789C6362 		.ascii	"x\234cb`b`e\200\000&\006)F)\000\001\006\000A"
  27      60626065 
  27      80002606 
  27      29462900 
  27      01060041 
  28              		.text
  29              		.section	.gnu.lto_hal_lld_init.4114a91f01925ab7,"",%progbits
  30 0000 789CAD55 		.ascii	"x\234\255UMh\023A\024~of\267IKj\202\364'\301\203\245"
  30      4D681341 
  30      147E6F66 
  30      B7494B6A 
  30      82F427C1 
  31 0016 E049E8DA 		.ascii	"\340I\350\332\350\301\213=\211\342\241\247\246PO\222"
  31      E8C18B3D 
  31      89E2A1A7 
  31      A6504F92 
  32 0026 26A50946 		.ascii	"&\245\011FS\332Z\252=t\326T(V0x*z\261\210(\275\364\032"
ARM GAS  /tmp/ccPGP5Sk.s 			page 2


  32      53DA5AAA 
  32      3D74D654 
  32      28563078 
  32      2A7AB188 
  33 003e E9A568A5 		.ascii	"\351\245h\245)\370\203\036<T\220\010\202\036D<\226*"
  33      29F8831E 
  33      3C549008 
  33      821E443C 
  33      962A
  34 0050 AE6F7676 		.ascii	"\256ovv\327\374 &\261\017\362fvf\3367\337\367\336\314"
  34      D7FC2026 
  34      B10FF266 
  34      7666DE37 
  34      DFF7DECC 
  35 0064 8401836A 		.ascii	"\204\001\203j\213\322\357\265\017`\204Z\324\001Y\376"
  35      8BD2EFB5 
  35      0F60845A 
  35      D40159FE 
  36 0074 1580E967 		.ascii	"\025\200\351g\214o\017\200h\323\266\202 \002\03455\254"
  36      8C6F0F80 
  36      68D3B682 
  36      20021C35 
  36      35AC
  37 0086 21CA0E20 		.ascii	"!\312\016 \3143\256\341\374y\224\030\274\027V\204\270"
  37      CC33AEE1 
  37      FC799418 
  37      BC175684 
  37      B8
  38 0097 53BAB1B7 		.ascii	"S\272\261\267\034\271y\377z^\374\262,L#\355v\026!\201"
  38      1CB979FF 
  38      7A5EFCB2 
  38      2C4C23ED 
  38      76162181 
  39 00ab 30421FD8 		.ascii	"0B\037\330c7L\253\334^En\274\335\272\325\2267\027\205"
  39      63374CAB 
  39      DC5E456E 
  39      BCDDBAD5 
  39      96371785 
  40 00bf 65CDDB71 		.ascii	"e\315\333q\203u\306\275\253\212\033\372W\334\032\333"
  40      8375C6BD 
  40      AB8A1BFA 
  40      57DC1ADB 
  41 00cf 2859D68B 		.ascii	"(Y\326\213\365O\037\227\360\340a\006q\\\301^\320\251"
  41      F54F1F97 
  41      F0E06106 
  41      715CC15E 
  41      D0A9
  42 00e1 7D40AD1F 		.ascii	"}@\255\037\010\245U\272\000\215<\244\221\240\374\010"
  42      08A555BA 
  42      008D3CA4 
  42      91A0FC08 
  43 00f1 49D7215D 		.ascii	"I\327!]\247t]\322uK\027\226.\"\035\231\016\013B\344"
  43      A7745DD2 
  43      754B1796 
  43      2E221D99 
  43      0E0B42E4 
  44 0105 7B403220 		.ascii	"{@2 \213\221\227\271\032F&[\376\022\236\356,\357\205"
ARM GAS  /tmp/ccPGP5Sk.s 			page 3


  44      8B9197B9 
  44      1A46265B 
  44      FE129EEE 
  44      2CEF85
  45 0118 E3F888D2 		.ascii	"\343\370\210\322<\216\354(\254\212\0053\224F~\017\356"
  45      3C8EEC28 
  45      AC8A0533 
  45      94467E0F 
  45      EE
  46 0129 12534DD2 		.ascii	"\022SM\322\325\305\367E\241\331\314u\233\357(\272\314"
  46      D5C5F745 
  46      A1D9CC75 
  46      9BEF28BA 
  46      CC
  47 013a 29FEA40A 		.ascii	")\376\244\012n,R\216\200E\026\254\005\301\0060\270C"
  47      6E2C528E 
  47      804516AC 
  47      05C10630 
  47      B843
  48 014c 62E7F135 		.ascii	"b\347\3615W\203^/\023lZ\003\356\203\006\254\325P\364"
  48      57835E2F 
  48      136C5A03 
  48      EE8306AC 
  48      D550F4
  49 015f 34F8EB65 		.ascii	"4\370\353e\302<\015\271'\334\215n%\000\217\334\001\005"
  49      C23C0DB9 
  49      27DC8D6E 
  49      25008FDC 
  49      0105
  50 0171 7EAE3185 		.ascii	"~\2561\205\012\227\240\232P\306j\225}\361\224\005\352"
  50      0A97A09A 
  50      50C66A95 
  50      7DF19405 
  50      EA
  51 0182 65C09BAE 		.ascii	"e\300\233\256\016\337\207\352\360Z\015\3059WC\260^&"
  51      0EDF87EA 
  51      F05A0DC5 
  51      395743B0 
  51      5E26
  52 0194 9AA7A1AC 		.ascii	"\232\247\241\254:!\002\260\311\0112l\252:\232S\235\220"
  52      3A2102B0 
  52      C909326C 
  52      AA3A9A53 
  52      9D90
  53 01a6 62B6BBD3 		.ascii	"b\266\273\323\356]s\325\021\237o\237\002P\240\011u\324"
  53      EE5D73D5 
  53      119F6F9F 
  53      0250A009 
  53      75D4
  54 01b8 C6B1A302 		.ascii	"\306\261\243\002\336\314\013\352\265HX\237(\231\316"
  54      DECC0BEA 
  54      B548589F 
  54      2899CE
  55 01c7 0E3E6707 		.ascii	"\016>g\007]F?W\033J\366\271\265\367\030\307M[@'A)\001"
  55      5D463F57 
  55      1B4AF6B9 
  55      B5F718C7 
ARM GAS  /tmp/ccPGP5Sk.s 			page 4


  55      4D5B4027 
  56 01de CC63BF59 		.ascii	"\314c\277Y\315\276^x\202s\322{\310\305\357*\257\221"
  56      CDBE5E78 
  56      8273D27B 
  56      C8C5EF2A 
  56      AF91
  57 01f0 C2F95B22 		.ascii	"\302\371[\"Z*i\256\347V=\226\335\004\244X\322\"(\302"
  57      5A2A69AE 
  57      E7563D96 
  57      DD04A458 
  57      D22228C2 
  58 0204 C257B3DD 		.ascii	"\302W\263\335\233S\023\345\257\3600\025z{@\276\207\205"
  58      9B5313E5 
  58      AFF03015 
  58      7A7B40BE 
  58      8785
  59 0216 E50FC172 		.ascii	"\345\017\301rA\242\2771&Nm5\225\233B\341\377\321\370"
  59      41A2BF31 
  59      264E6D35 
  59      959B42E1 
  59      FFD1F8
  60 0229 1F929AF7 		.ascii	"\037\222\232\367j\357~+yZ\303\015\244\336W\2252\356"
  60      6AEF7E2B 
  60      795AC30D 
  60      A4DE5795 
  60      32EE
  61 023b 82440847 		.ascii	"\202D\010G]\232\037\336\245i\274\262\276\262\312F\350"
  61      5D9A1FDE 
  61      A569BCB2 
  61      BEB2CA46 
  61      E8
  62 024c 4F1C72A5 		.ascii	"O\034r\245\237\317Z\324I\004\230\203=\261(\303\375\011"
  62      9FCF5AD4 
  62      49049883 
  62      3DB128C3 
  62      FD09
  63 025e E79948CB 		.ascii	"\347\231H\313'\346\015\230\245\245#\356\"e1:\266\244"
  63      27E60D98 
  63      A5A523EE 
  63      2265313A 
  63      B6A4
  64 0270 55AE3A6D 		.ascii	"U\256:m\244\262\227\306\214D6y\325H\216\315\030\211"
  64      A4B297C6 
  64      8C443679 
  64      D5488ECD 
  64      1889
  65 0282 547A349D 		.ascii	"Tz4\235\2352\246'\257\\\276hP'\025\317\030\023\331\311"
  65      9D32A627 
  65      AF5CBE68 
  65      502715CF 
  65      1813D9C9 
  66 0296 E9296328 		.ascii	"\351)c(6x<\252\374\231\023\263\263r\346B&\223\354K\200"
  66      36783CAA 
  66      FC9913B3 
  66      B372E642 
  66      2693EC4B 
  67 02ab 3E93CDF4 		.ascii	">\223\315\364\035\263}\277\355\243\277\001y!\344]"
ARM GAS  /tmp/ccPGP5Sk.s 			page 5


  67      1DB37DBF 
  67      EDA3BF01 
  67      7921E45D 
  68              		.text
  69              		.section	.gnu.lto_stm32_clock_init.4114a91f01925ab7,"",%progbits
  70 0000 789CA594 		.ascii	"x\234\245\224OH\024Q\034\307\177\27773;\263\353\376"
  70      4F481451 
  70      1CC77FBF 
  70      37333BB3 
  70      EBFE
  71 0012 19775534 		.ascii	"\031wU4AKE\211\240\245\354\320\245\303B\010\035:\245"
  71      414B4589 
  71      A0A5ECD0 
  71      A5C34208 
  71      1D3AA5
  72 0025 505DA234 		.ascii	"P]\2424t\3112\264\242N\316\246A\207\016\036\245 \354"
  72      74C932B4 
  72      A24ECEA6 
  72      41870E1E 
  72      A520EC
  73 0038 16160A1D 		.ascii	"\026\026\012\035bKP\213\240\010\014\272\231';\211\021"
  73      624B508B 
  73      A0080CBA 
  73      99273B89 
  73      11
  74 0049 9497500F 		.ascii	"\224\227P\017\325\373\275\367\346\315Z\273\264\266\003"
  74      D5FBBDF7 
  74      E6CD5ABB 
  74      B4B603
  75 0058 FB9DDDF7 		.ascii	"\373\235\335\367\333\367\335\337\373\314w\177\014\030"
  75      DBF7DDDF 
  75      FBCC777F 
  75      0C18
  76 0066 FC797DE1 		.ascii	"\374y}\341\257c\021\200.~\307Z@6\361\001 \34704\344"
  76      AF631180 
  76      2E7EC75A 
  76      4036F101 
  76      20E73034 
  77 007b 1B83D5DC 		.ascii	"\033\203\325\334{\013\340E\314q\033\274h\215\\\317\230"
  77      7B0BE045 
  77      CC711BBC 
  77      688D5CCF 
  77      98
  78 008c 68C9BAC5 		.ascii	"h\311\272\305R\262\036\022\365\224\\\317\204\320\226"
  78      52B21E12 
  78      F5945CCF 
  78      84D096
  79 009b 759B2565 		.ascii	"u\233%e\335\021\365\244\\\3178\030\226\3650\253\226"
  79      DD11F5A4 
  79      5CCF3818 
  79      96F530AB 
  79      96
  80 00ac F588A857 		.ascii	"\365\210\250W\313\365L\004\343t\3078se\271J\224]\271"
  80      CBF54C04 
  80      E374C738 
  80      7365B94A 
  80      945DB9
ARM GAS  /tmp/ccPGP5Sk.s 			page 6


  81 00bf 9CA9C2A8 		.ascii	"\234\251\302\250\334\036e\011Y\217\211zB\256gb\210t"
  81      DC1E6509 
  81      598F897A 
  81      42AE6762 
  81      8874
  82 00d1 07845166 		.ascii	"\007\204Qf\324\230V*d'\235pu$\356VE\0231\034=\203\342"
  82      D498562A 
  82      64279D70 
  82      7524EE56 
  82      4513311C 
  83 00e8 F0B36C71 		.ascii	"\360\263lq\365\327\257\231\374\373\207Oq\201\3557!\213"
  83      F5D7AF99 
  83      FCFB874F 
  83      7181ED37 
  83      218B
  84 00fa 6091D824 		.ascii	"`\221\330$\016I\230$B\022#\211\223$H\\\222$I\212\244"
  84      0E499824 
  84      42122389 
  84      9324485C 
  84      9224498A 
  85 010f 96A48EA4 		.ascii	"\226\244\216\244\236\244\201d\017I#I\023I3\311>\222"
  85      9EA48164 
  85      0F492349 
  85      134933C9 
  85      3E92
  86 0121 16925692 		.ascii	"\026\222V\2226\222v\222\016\022~Y0\356y\023{\001z\305"
  86      36927692 
  86      0E127E59 
  86      30EE7913 
  86      7B017AC5 
  87 0135 C76EAEFC 		.ascii	"\307n\256\374h=\310\370\315X\202\327\371\311\351W\354"
  87      683DC8F8 
  87      CD5882D7 
  87      F9C9E957 
  87      EC
  88 0146 3C3E420B 		.ascii	"<>B\013\016\300\2647\236\363bY\304\007p\037\263\310"
  88      0EC0B437 
  88      9EF36259 
  88      C407701F 
  88      B3C8
  89 0158 4E7331BC 		.ascii	"Ns1\274\357w=\023\304[q\312\013\362\260b\005<~\321g"
  89      EF773D13 
  89      C45B71CA 
  89      0BF2B062 
  89      053C7ED1 
  90 016d E1F4E413 		.ascii	"\341\364\344\023\226p2\351\313\226\267\232SN\226r\302"
  90      967032E9 
  90      CB96B79A 
  90      534E9672 
  90      C2
  91 017e 4227267D 		.ascii	"B'&}V6g|\237~4\245\225\373\317\236\374(.\301\330\013"
  91      5636677C 
  91      9F7E34A5 
  91      95FBCF9E 
  91      FC282EC1 
  92 0194 C3DF6DF5 		.ascii	"\303\337m\365\313_\006\325\342\211\302\366\312\365\354"
  92      CB5F06D5 
ARM GAS  /tmp/ccPGP5Sk.s 			page 7


  92      E289C2F6 
  92      CAF5EC
  93 01a3 57DD7268 		.ascii	"W\335rh\006\360\030\020\265\225\311\331-\335\243-\374"
  93      06F01810 
  93      B595C9D9 
  93      2DDDA32D 
  93      FC
  94 01b4 70372DCE 		.ascii	"p7-\316\215=\323\333\035\356 \232\244\372;x\263\226"
  94      8D3DD3DB 
  94      1DEE209A 
  94      A4FA3B78 
  94      B396
  95 01c6 EBD425B1 		.ascii	"\353\324%\261^xuc\015\360\204b\017\232\352\001\256,"
  95      5E787563 
  95      0DF08462 
  95      0F9AEA01 
  95      AE2C
  96 01d8 CF06B8C2 		.ascii	"\317\006\270\302\377\201kN\343\212p\003\361\213[\225"
  96      FF816B4E 
  96      E38A7003 
  96      F18B5B95 
  97 01e8 F18AC83C 		.ascii	"\361\212\310<l\316\256\227\312C)\007C\347A\037\273\207"
  97      6CCEAE97 
  97      CA432907 
  97      43E7411F 
  97      BB87
  98 01fa EFD7D49F 		.ascii	"\357\327\324\237m\350\243\306\312\244n\024R\177\256"
  98      6DE8A3C6 
  98      CAA46E14 
  98      527FAE
  99 0209 B7C7B983 		.ascii	"\267\307\271\2038kTP\037\377\032P\217\027\241\236R\324"
  99      386B5450 
  99      1FFF1A50 
  99      8F17A19E 
  99      52D4
 100 021b 439AFACB 		.ascii	"C\232\372\313\317\332+Q. \263XH]nPAHM\005\335\365q\331"
 100      CFDA2B51 
 100      2E20B358 
 100      485D6E50 
 100      41484D05 
 101 0233 1AD7E6CB 		.ascii	"\032\327\346\313\000W\262L\\\005-\026\2064\305\035J"
 101      0057B24C 
 101      5C052D16 
 101      8634C51D 
 101      4A
 102 0244 84345504 		.ascii	"\2044U\004WR\341r\374)\223\237\337\365\224\261\202,"
 102      5752E172 
 102      FC29939F 
 102      DFF594B1 
 102      822C
 103 0256 4C3CBE73 		.ascii	"L<\276s\024\324p\230\017\322^[\321p\250\343\006\376"
 103      14D47098 
 103      0FD25E5B 
 103      D170A8E3 
 103      06FE
 104 0268 0C732ACA 		.ascii	"\014s*\312{\235\217>\034\240_\010\320\327\377\201\276"
 104      7B9D8F3E 
ARM GAS  /tmp/ccPGP5Sk.s 			page 8


 104      1CA05F08 
 104      D0D7FF81 
 104      BE
 105 0279 D4300C15 		.ascii	"\3240\014\025G\337\300\035T\237\370\027\374\206\"\360"
 105      47DFC01D 
 105      549FF817 
 105      FC8622F0 
 106 0289 AB05FC6E 		.ascii	"\253\005\374n\3767\344\360{0NM\241hj-\030Z{*\033Z\215"
 106      FE37E4F0 
 106      7B304E4D 
 106      A1686A2D 
 106      185A7B2A 
 107 02a0 DCC187E7 		.ascii	"\334\301\207\347\376\325Uc\221\256\\\025\211*?\022\313"
 107      FED55563 
 107      91AE5C15 
 107      892A3F12 
 107      CB
 108 02b1 DF2A190F 		.ascii	"\337*\031\017\336\324\324\242\001j\320\374\330\330\351"
 108      DED4D4A2 
 108      016AD0FC 
 108      D8D8E9
 109 02c0 74483B85 		.ascii	"tH;\205\350\313\266\267\351;\331\312\311\326Np;\256"
 109      E8CBB6B7 
 109      E93BD9CA 
 109      C9D64E70 
 109      3BAE
 110 02d2 A295DF5E 		.ascii	"\242\225\337^\327\347k*7\003\005\343%\210V37\320\377"
 110      D7E76B2A 
 110      370305E3 
 110      25885633 
 110      37D0FF
 111 02e5 96DDE7CA 		.ascii	"\226\335\347\312P\271j\366s\025\325\271Z\336\016r\265"
 111      50B96AF6 
 111      7315D5B9 
 111      5ADE0E72 
 111      B5
 112 02f6 AFB209D8 		.ascii	"\257\262\011\330\302\035JL\300\026\261\356\354x~\011"
 112      C21D4A4C 
 112      C016B1EE 
 112      EC787E09 
 113 0306 F5FC62FE 		.ascii	"\365\374b\376\004\314\377l\360\277\337Z\356\311\234"
 113      04CCFF6C 
 113      F0BFDF5A 
 113      EEC99C
 114 0315 A0958056 		.ascii	"\240\225\200V\0337(\010\370\356y9\212W\233\330|\326"
 114      1B372808 
 114      F8EE7939 
 114      8A579BD8 
 114      7CD6
 115 0327 F76D2F77 		.ascii	"\367m/w\177\270XW\035\334\240\242\256\302\252\253\016"
 115      7FB85857 
 115      1DDCA0A2 
 115      AEC2AAAB 
 115      0E
 116 0338 808F905B 		.ascii	"\200\217\220[\335\356\220\333\003\242\310IR@\216\247"
 116      DDEE90DB 
 116      03A2C849 
ARM GAS  /tmp/ccPGP5Sk.s 			page 9


 116      52408EA7 
 117 0348 07862E5F 		.ascii	"\007\206._L\367\016\365\335J\367]\274\221\356\035\310"
 117      4CF70EF5 
 117      DD4AF75D 
 117      BC91EE1D 
 117      C8
 118 0359 5EC80E8D 		.ascii	"^\310\016\215\244\257\015_\277r)\315\337\014\234\037"
 118      A4AF0D5F 
 118      BF7229CD 
 118      DF0C9C1F 
 119 0369 4C5F1D1A 		.ascii	"L_\035\032\2766\222>\325}\262\363\260\324\256#7oR\345"
 119      BE36923E 
 119      D57DB2F3 
 119      B0D4AE23 
 119      376F52E5 
 120 037d DCE060DF 		.ascii	"\334\340`\337\301^\370\015G\215l("
 120      C15EF80D 
 120      478D6C28 
 121              		.text
 122              		.section	.gnu.lto_.symbol_nodes.4114a91f01925ab7,"",%progbits
 123 0000 789C6362 		.ascii	"x\234cb`b0c\200\002\246\006\246z\006\206\011\347\030"
 123      60623063 
 123      8002A606 
 123      A67A0686 
 123      09E718
 124 0013 18EAEBE7 		.ascii	"\030\352\353\347u0252\3253\"\270\214ML\365L\020nC\003"
 124      75303235 
 124      32D53322 
 124      B88C4D4C 
 124      F54C106E 
 125 0029 233350E3 		.ascii	"#3P\343\343\2767\362\014\000\252x\017\256"
 125      E3BE37F2 
 125      0C00AA78 
 125      0FAE
 126              		.text
 127              		.section	.gnu.lto_.refs.4114a91f01925ab7,"",%progbits
 128 0000 789C6362 		.ascii	"x\234cb`b`d\200\002\000\000F\000\006"
 128      60626064 
 128      80020000 
 128      460006
 129              		.text
 130              		.section	.gnu.lto_.decls.4114a91f01925ab7,"",%progbits
 131 0000 789C9D97 		.ascii	"x\234\235\227ml\024E\030\307g\266\205\353\321\312\233"
 131      6D6C1445 
 131      18C767B6 
 131      85EBD1CA 
 131      9B
 132 0011 4AD49870 		.ascii	"J\324\230p$b\014\006\216\276H4&H\271\276\306\202\227"
 132      24620C06 
 132      8EBE4834 
 132      2648B9BE 
 132      C68297
 133 0024 BB22881F 		.ascii	"\273\"\210\037\316\345\356H/\264\327\246\275\232\362"
 133      CEE5EE48 
 133      2FB4D7A6 
 133      BD9AF2
 134 0033 6D392CA0 		.ascii	"m9,\240(\034\210\030?H\012\002\012h$\345]\336\256*P"
ARM GAS  /tmp/ccPGP5Sk.s 			page 10


 134      281C8818 
 134      3F480A02 
 134      0A6824E5 
 134      5DDEAE2A 
 135 0048 54540AB6 		.ascii	"TT\012\266P\020\217\030\202\006\321\242P(\024\316g\236"
 135      50108F18 
 135      8206D1A2 
 135      502814CE 
 135      679E
 136 005a DDBDCE1E 		.ascii	"\335\275\316\036\267\327]6y\376;w;\363\233\377\314>"
 136      B7D75D36 
 136      79FE3B77 
 136      3BF39BFF 
 136      CC3E
 137 006c BB3B2310 		.ascii	"\273;#\020\201\214\244\204\304\341\230\3730!m\002!\031"
 137      818CA484 
 137      C4E198FB 
 137      30216D02 
 137      2119
 138 007e 8490A964 		.ascii	"\204\220\251d\340`\277\327Cl\206\330B\356?\330\265a"
 138      E060BFD7 
 138      436C86D8 
 138      42EE3FD8 
 138      B561
 139 0090 101688E1 		.ascii	"\020\026\210\341\0209\020\333 Z!n@\364B\334\205\270"
 139      103910DB 
 139      205A216E 
 139      40F442DC 
 139      85B8
 140 00a2 07B10122 		.ascii	"\007\261\001\"\013\3420D\033\3041\210\343\020]\020w"
 140      0BE23044 
 140      1BC43188 
 140      E3105D10 
 140      77
 141 00b3 20AE40F4 		.ascii	" \256@\364s}\306u\372\334\254p,:}\0110\246G\250\354"
 141      737DC675 
 141      FADCAC70 
 141      2C3A7D09 
 141      30A647A8 
 142 00c8 4B65EF81 		.ascii	"Ke\357\201\330\017q\025b\237\322\217\005\352\234\205"
 142      D80F7115 
 142      629FD28F 
 142      05EA9C85 
 143 00d8 F36508AA 		.ascii	"\363e\010\252p\223\217\261d\235\324\022\2135\337\334"
 143      70938FB1 
 143      649DD412 
 143      8B35DFDC 
 144 00e8 FEB8D412 		.ascii	"\376\270\324\022\216\306\343/\2211\344\003\011\216\226"
 144      8EC6E32F 
 144      9131E403 
 144      098E96
 145 00f7 25924443 		.ascii	"%\222DC\"\235\372(\231CE:\334JlX\310\261\222Ll*\322"
 145      229DFA28 
 145      9943453A 
 145      DC4A6C58 
 145      C8B1924C 
 146 010e 0D748C52 		.ascii	"\015t\214R\232\225!\343\004RJ\311\004\262\005\332G$"
ARM GAS  /tmp/ccPGP5Sk.s 			page 11


 146      9A9521E3 
 146      04524AC9 
 146      04B205DA 
 146      4724
 147 0120 29FC2C4D 		.ascii	")\374,M\321%!O\223M\254\007\3513)\003\371\214\260\236"
 147      D125214F 
 147      934DAC07 
 147      E9332903 
 147      F98CB09E 
 148 0134 8EE5AB88 		.ascii	"\216\345\253\210\364\023*\334o4\272\367\273\234\310"
 148      F4132ADC 
 148      6F34BAF7 
 148      BB9CC8
 149 0143 A2583C3E 		.ascii	"\242X<>V\356] \257S\250\273\221NH\013\337\234\014\377"
 149      56EE5D20 
 149      AF53A8BB 
 149      914E480B 
 149      DF9C0CFF 
 150 0157 F47E782C 		.ascii	"\364~x,\022\333w\354\333\245t\325\342\226v\251'\036"
 150      12DB77EC 
 150      DBA574D5 
 150      E29676A9 
 150      271E
 151 0169 1F41D42E 		.ascii	"\037A\324.v\320\344>d\310V-\304J\226I\322b6oe\355\220"
 151      76D0E43E 
 151      64C8562D 
 151      C44A9649 
 151      D262366F 
 152 0180 2AA9266D 		.ascii	"*\251&m<\331\010\023\023\273\271\374H\033\015\303\364"
 152      3CD90813 
 152      13BBB9FC 
 152      481B0DC3 
 152      F4
 153 0191 629370DA 		.ascii	"b\223p\332&\"\375\234\216\007\265X\023\036\330U\370"
 153      2622FD9C 
 153      8E07B558 
 153      131ED855 
 153      F8
 154 01a2 9928B0FC 		.ascii	"\231(\260\374\036\301\346>\226d\324\000^q\264c\345\201"
 154      1EC1E63E 
 154      9664D400 
 154      5E71B463 
 154      E581
 155 01b4 1724294B 		.ascii	"\027$)K\244_\202'\201\254\023\264 \245?n\354\203\333"
 155      A45F8227 
 155      81AC13B4 
 155      20A53F6E 
 155      EC83DB
 156 01c7 31597D34 		.ascii	"1Y}4Y\305\356\232\2153\032\315R\235.\243\234\325SG\247"
 156      59C5EE9A 
 156      8D331ACD 
 156      529D2EA3 
 156      9CD55347 
 157 01dc A0D5563A 		.ascii	"\240\325V:\032\254^J\262:8\207\371\331\005m\345VH\225"
 157      1AAC5E4A 
 157      B23A3887 
 157      F9D9056D 
ARM GAS  /tmp/ccPGP5Sk.s 			page 12


 157      E5564895 
 158 01f0 A21F75E5 		.ascii	"\242\037u\345H\231\362\377$\305\315V\216q\244Ezkq\364"
 158      4899F2FF 
 158      24C5CD56 
 158      8E71A445 
 158      7A6B71F4 
 159 0204 E3AE35F0 		.ascii	"\343\2565\360\264|\015\314m8]\327\320\003k\233j\212"
 159      B47C0DCC 
 159      6D385DD7 
 159      D0036B9B 
 159      6A8A
 160 0216 95A27C28 		.ascii	"\225\242|(\025\264\274u]9\021Q\205]7\015\263i`\333y"
 160      15B4BC75 
 160      5D391151 
 160      855D370D 
 160      B36960DB 
 161 022b 58BF1158 		.ascii	"X\277\021X\226\276\263V\036\266(\303,L\353l'\017k6\002"
 161      96BEB356 
 161      1EB628C3 
 161      2C4CEB6C 
 161      270F6B36 
 162 0240 1BA9EF6C 		.ascii	"\033\251\357l7\017[a\032\246u\266\227\207}h\004\366"
 162      370F5B61 
 162      1AA675B6 
 162      97877D68 
 162      04F6
 163 0252 988E3329 		.ascii	"\230\2163)\034\375J\206}\201\260\026\3230\255\263\003"
 163      1CFD4A86 
 163      7D81B016 
 163      D330ADB3 
 163      03
 164 0263 BCB3AD46 		.ascii	"\274\263\255F`6\3759;\304\303v\230\206q\316\340\211"
 164      6036FD39 
 164      3BC4C376 
 164      988671CE 
 164      E089
 165 0275 F9797644 		.ascii	"\371yvD\034E\"\370\251\230\326>\\\036\260Rs\2326\033"
 165      1C4522F8 
 165      A998D63E 
 165      5C1EB052 
 165      739A361B 
 166 0289 44FA031D 		.ascii	"D\372\003\035\205%|#I\312\033\011k\350}[NPk\242\357"
 166      85257C23 
 166      49CA1B09 
 166      6BE87D5B 
 166      4E506BA2 
 167 029e 1CEB4041 		.ascii	"\034\353@A\375\242\010\344@\362\0004\275*\305g\364g"
 167      FDA208E4 
 167      40F20034 
 167      BD2AC567 
 167      F467
 168 02b0 A3839F8D 		.ascii	"\243\203\237\215\243Ffc\262>\3544\017\373\3214L{\323"
 168      A3466663 
 168      B23EEC34 
 168      0FFBD134 
 168      4C7BD3
 169 02c3 3B7958A7 		.ascii	";yX\247\021\330\363\372\351x\206O\307\013\246aZg\335"
ARM GAS  /tmp/ccPGP5Sk.s 			page 13


 169      11D8F3FA 
 169      E978864F 
 169      C70BA661 
 169      5A67DD
 170 02d6 BCB33F8C 		.ascii	"\274\263?\214\300\246\351\317\331y\036\326c\032\246"
 170      C0A6E9CF 
 170      D9791ED6 
 170      631AA6
 171 02e5 4DC70BB3 		.ascii	"M\307\013\263\031\213\345\231@n\031\311\2142}c=\274"
 171      198BE599 
 171      406E19C9 
 171      8C327D63 
 171      3DBC
 172 02f7 B170A601 		.ascii	"\261p\246\001cN}\330\277<\354]\3230\355\374_\347ak\215"
 172      634E7DD8 
 172      BF3CEC5D 
 172      D330EDFC 
 172      5FE7616B 
 173 030c C0E6E867 		.ascii	"\300\346\350gF\257\346Ee\032\246uvK\363\2422\002{C\177"
 173      46AFE645 
 173      651AA675 
 173      764BF3A2 
 173      32027B43 
 174 0321 CE6EF3B0 		.ascii	"\316n\363\260\235\246a\332\314\350\3472\343P2+UfT\351"
 174      9DA661DA 
 174      CCE8E732 
 174      E350322B 
 174      556654E9 
 175 0335 1BBBC71B 		.ascii	"\033\273\307\033k7b\254N\037\026\351\346`'L\303\264"
 175      6B3762AC 
 175      4E1F16E9 
 175      E660274C 
 175      C3B4
 176 0347 A35C3D77 		.ascii	"\243\\=w`\224'\215\214\262I\337\330\032\336\3309#\306"
 176      6094278D 
 176      8CB249DF 
 176      D81ADED8 
 176      3923C6
 177 035a 24AA4F5B 		.ascii	"$\252O[\313\323.\232\247\331\210\356\301/\344D\272\033"
 177      CBD32E9A 
 177      A7D988EE 
 177      C12FE444 
 177      BA1B
 178 036c 17CA7BE8 		.ascii	"\027\312{\3508\320}\250\373Q\017\242\036FmC\375\006"
 178      38D07DA8 
 178      FB510FA2 
 178      1E466D43 
 178      FD06
 179 037e F508EA31 		.ascii	"\365\010\3521\324\343\250\337\243\376\204z\022\365\024"
 179      D4E3A8DF 
 179      A3FE847A 
 179      12F514
 180 038d EA2FA85D 		.ascii	"\352/\250]\250gQ\317\241\376\212\372\033\352E\324\337"
 180      A86751CF 
 180      A1FE8AFA 
 180      1BEA45D4 
 180      DF
ARM GAS  /tmp/ccPGP5Sk.s 			page 14


 181 039e 512FA15E 		.ascii	"Q/\241^F\375\023\365\012\352U\324\177P\257\241\376\007"
 181      46FD13F5 
 181      0AEA55D4 
 181      7F50AFA1 
 181      FE07
 182 03b0 9A38B2C9 		.ascii	"\2328\262\311;\003\353uy\201\253\367y\274A\263\325V"
 182      3B03EB75 
 182      7981ABF7 
 182      79BC41B3 
 182      D556
 183 03c2 CA8A977D 		.ascii	"\312\212\227}\204I\312\033./\234\243w;\251M\244\275"
 183      8449CA1B 
 183      2E2F9CA3 
 183      773BA94D 
 183      A4BD
 184 03d4 B86AFE2B 		.ascii	"\270j\376+3\345\252Y\237\301\372\354K^4\337\350\304"
 184      33E5AA59 
 184      9FC1FAEC 
 184      4B5E34DF 
 184      E8C4
 185 03e6 45739FA1 		.ascii	"Es\237\241Es_'\277h\026\351^\330=\311m\215\256s\265"
 185      45735F27 
 185      BF6816E9 
 185      5ED83DC9 
 185      6D8DAE73 
 186 03fb BCDB9D89 		.ascii	"\274\333\235\211\264\022\351\337\246ai\263\252\217\313"
 186      B412E9DF 
 186      A66169B3 
 186      AA8FCB
 187 040a AADB9855 		.ascii	"\252\333\230Uw\360n\365\247\271[\275i\356\326\335\201"
 187      77F06EF5 
 187      A7B95BBD 
 187      69EED6DD 
 187      81
 188 041b BB95D48A 		.ascii	"\273\225\324\212\3550\365Z\335\033h\3056\250\321\236"
 188      ED30F55A 
 188      DD1B68C5 
 188      36A8D19E 
 189 042b 5873F70A 		.ascii	"Xs\367\012e\233~X\242\211\375\351\255\244\233\231z\017"
 189      659B7E58 
 189      A289FDE9 
 189      ADA49B99 
 189      7A0F
 190 043d 1C4FDE03 		.ascii	"\034O\336\003K\202f\373\232b\343\024\243\252\245'\011"
 190      4B8266FB 
 190      9A62E314 
 190      A3AAA527 
 190      09
 191 044e B7FFEA2A 		.ascii	"\267\377\352*\300\375WX`\231\364\376\220A\367_Z\014"
 191      C0FD5758 
 191      6099F4FE 
 191      9041F75F 
 191      5A0C
 192 0460 EBBA5948 		.ascii	"\353\272YH\312\244\203\035\230I\354\377\3013\351d\207"
 192      CAA4831D 
 192      9849ECFF 
 192      C133E964 
ARM GAS  /tmp/ccPGP5Sk.s 			page 15


 192      87
 193 0471 76FBB51E 		.ascii	"v\373\265\036-\260\266\017\226I\035\035\334\013j\223"
 193      2DB0B60F 
 193      96491D1D 
 193      DC0B6A93 
 194 0481 69984D03 		.ascii	"i\230M\003;\315\303\266\032\201\245\331~u\362\260V\323"
 194      3BCDC3B6 
 194      1A81A5D9 
 194      7E75F2B0 
 194      56D3
 195 0493 30ADB333 		.ascii	"0\255\2633\035\334\003#?}\203\300\322l\277\272yg\273"
 195      1DDC0323 
 195      3F7D83C0 
 195      D26CBFBA 
 195      7967BB
 196 04a6 8C384BB3 		.ascii	"\2148K\263\375:\317\303\366\033\201\245\332~\245:\370"
 196      FD3ACFC3 
 196      F61B81A5 
 196      DA7EA53A 
 196      F8
 197 04b7 5413E912 		.ascii	"T\023\351\022\201=\312K\005\366(\277\215\272\034\365"
 197      813DCA4B 
 197      05F628BF 
 197      8DBA1CF5 
 198 04c7 3DD495A8 		.ascii	"=\324\225\250\021\324\325\202\376\203\036\326\261\306"
 198      11D4D582 
 198      FE831ED6 
 198      B1C6
 199 04d5 7A5B2324 		.ascii	"z[#$\036YRd\257\252\255\361\333\275\265\276\205v\237"
 199      1E595264 
 199      AFAAADF1 
 199      DBBDB5BE 
 199      85769F
 200 04e8 FF4DBBB7 		.ascii	"\377M\273\267*0/P\333`\017\3257\006\027\330\241P%V\333"
 200      2A302F50 
 200      DB600FD5 
 200      370617D8 
 200      A1502556 
 201 04fd EB6AEB43 		.ascii	"\353j\353C\015vw\345\214\374<YK\012\232\232\330\025"
 201      0D7677E5 
 201      8CFC3C59 
 201      4B0A9A9A 
 201      D815
 202 050f 4F75B56F 		.ascii	"Ou\265o\222\227\344(EO \030\010\015-\2359\313\346 #"
 202      9297E428 
 202      454F2018 
 202      080D2D9D 
 202      39CBE620 
 203 0524 1B4235F9 		.ascii	"\033B5\371y\036ou\255w\001\376_\362\340=\311(_\2158"
 203      791E6F75 
 203      AD7701FE 
 203      5FF2E03D 
 203      C9285F8D 
 204 0539 A98A58E0 		.ascii	"\251\212X\340T\016\270\247\354\215\015\365v\261\276"
 204      540EB8A7 
 204      EC8D0DF5 
 204      76B1BE
ARM GAS  /tmp/ccPGP5Sk.s 			page 16


 205 0548 6662B036 		.ascii	"fb\2606\350\237\350\027\347\005\354\201\240\267\272"
 205      E89FE817 
 205      E705EC81 
 205      A0B7BA
 206 0557 D1E787FA 		.ascii	"\321\347\207\372\276@0\004\225\263\032\341\014MC\005"
 206      BE403004 
 206      95B31AE1 
 206      0C4D4305 
 207 0567 696AD788 		.ascii	"ij\327\210`%\350\267{|\376\371bcu\310\023ZX\347o\200"
 207      6025E8B7 
 207      7B7CFEF9 
 207      626375C8 
 207      135A58E7 
 208 057d D6C33C1E 		.ascii	"\326\303<\036\265\375\213\203\231\3677\205\354\216\031"
 208      B5FD8B83 
 208      99F73785 
 208      EC8E19
 209 058c EE7237D8 		.ascii	"\356r7\330\226\375\316/\230\234\333\344\005L\266\313"
 209      96FDCE2F 
 209      989CDBE4 
 209      054CB6CB 
 210 059c E1F05402 		.ascii	"\341\360T\002\263\310?_p\270,\316\212\012GI\251+\223"
 210      B3C83F5F 
 210      70B82CCE 
 210      8A0A4749 
 210      A92B93
 211 05af 4986A3DC 		.ascii	"I\206\243\334\225UX6=\327\345\256\304B\236Z\310g\005"
 211      95555836 
 211      3DD7E5AE 
 211      C4429E5A 
 211      C86705
 212 05c2 ABABD85D 		.ascii	"\253\253\330]\354z\265\270hrV\241S\255\344\224+%\256"
 212      EC7AB5B8 
 212      687256A1 
 212      53ADE494 
 212      2B25AE
 213 05d5 E55A18A0 		.ascii	"\345Z\030\240x\246\213\235\363\224s>\234\0235\362,\254"
 213      78A68B9D 
 213      F394733E 
 213      9C1335F2 
 213      2CAC
 214 05e7 355E7162 		.ascii	"5^qb\215\304\225|+k[\341d\377\261\326\211R\276\\R\353"
 214      8DC4957C 
 214      2B6B5BE1 
 214      64FFB1D6 
 214      8952BE5C 
 215 05fd 15581941 		.ascii	"\025X\031A\271\352T\353\251W\237\313\234^\344\200\261"
 215      B9EA54EB 
 215      A9579FCB 
 215      9C5EE480 
 215      B1
 216 060e B807FE9A 		.ascii	"\270\007\376\2322\304\355v\224\272\206\301`\313\363"
 216      32C4ED76 
 216      94BA86C1 
 216      60CBF3
 217 061d DC6CA8D9 		.ascii	"\334l\250\331\316\331.u\032\236P\023f\236\350]\320X"
 217      CED92E75 
ARM GAS  /tmp/ccPGP5Sk.s 			page 17


 217      1A9E5013 
 217      669EE85D 
 217      D058
 218 062f E7F1D5D6 		.ascii	"\347\361\325\326\210\201 \246\311C%\025\205\3562\265"
 218      888120A6 
 218      C9432515 
 218      85EE32B5 
 219 063f 6246A1C3 		.ascii	"bF\241\303\225\371r\361k.\313+\316Jv\026\334\256!Pt"
 219      95F972F1 
 219      6B2ECB2B 
 219      CE4A7616 
 219      DCAE2150 
 220 0654 B886A2E6 		.ascii	"\270\206\242\346\376\017\035\361T\027"
 220      FE0F1DF1 
 220      5417
 221              		.text
 222              		.section	.gnu.lto_.symtab.4114a91f01925ab7,"",%progbits
 223 0000 68616C5F 		.ascii	"hal_lld_init\000\000\000\000\000\000\000\000\000\000"
 223      6C6C645F 
 223      696E6974 
 223      00000000 
 223      00000000 
 224 0016 0000A100 		.ascii	"\000\000\241\000\000\000stm32_clock_init\000\000\000"
 224      00007374 
 224      6D33325F 
 224      636C6F63 
 224      6B5F696E 
 225 002f 00000000 		.ascii	"\000\000\000\000\000\000\000\000\000\246\000\000\000"
 225      00000000 
 225      00A60000 
 225      00
 226 003c 646D6149 		.ascii	"dmaInit\000\000\002\000\000\000\000\000\000\000\000"
 226      6E697400 
 226      00020000 
 226      00000000 
 226      0000
 227 004e 00A90000 		.ascii	"\000\251\000\000\000"
 227      00
 228              		.text
 229              		.section	.gnu.lto_.opts,"",%progbits
 230 0000 272D6D63 		.ascii	"'-mcpu=cortex-m4' '-mfloat-abi=hard' '-mfpu=fpv4-sp"
 230      70753D63 
 230      6F727465 
 230      782D6D34 
 230      2720272D 
 231 0033 2D643136 		.ascii	"-d16' '-mno-thumb-interwork' '-mthumb' '-O2' '-fomi"
 231      2720272D 
 231      6D6E6F2D 
 231      7468756D 
 231      622D696E 
 232 0066 742D6672 		.ascii	"t-frame-pointer' '-falign-functions=16' '-ffunction"
 232      616D652D 
 232      706F696E 
 232      74657227 
 232      20272D66 
 233 0099 2D736563 		.ascii	"-sections' '-fdata-sections' '-fno-common' '-flto' "
 233      74696F6E 
ARM GAS  /tmp/ccPGP5Sk.s 			page 18


 233      73272027 
 233      2D666461 
 233      74612D73 
 234 00cc 272D6673 		.ascii	"'-fsingle-precision-constant'\000"
 234      696E676C 
 234      652D7072 
 234      65636973 
 234      696F6E2D 
 235              		.text
 236              		.section	.text.hal_lld_init,"ax",%progbits
 237              		.align	2
 238              		.p2align 4,,15
 239              		.global	hal_lld_init
 240              		.thumb
 241              		.thumb_func
 242              		.type	hal_lld_init, %function
 243              	hal_lld_init:
 244              		@ args = 0, pretend = 0, frame = 0
 245              		@ frame_needed = 0, uses_anonymous_args = 0
 246              		@ link register save eliminated.
 247 0000 174B     		ldr	r3, .L7
 248 0002 1848     		ldr	r0, .L7+4
 249 0004 1A69     		ldr	r2, [r3, #16]
 250 0006 4FF0FF31 		mov	r1, #-1
 251 000a 0022     		movs	r2, #0
 252 000c 10B4     		push	{r4}
 253 000e 1961     		str	r1, [r3, #16]
 254 0010 1A61     		str	r2, [r3, #16]
 255 0012 5C69     		ldr	r4, [r3, #20]
 256 0014 5961     		str	r1, [r3, #20]
 257 0016 5A61     		str	r2, [r3, #20]
 258 0018 1C6A     		ldr	r4, [r3, #32]
 259 001a 64F08054 		orn	r4, r4, #268435456
 260 001e 1C62     		str	r4, [r3, #32]
 261 0020 1A62     		str	r2, [r3, #32]
 262 0022 5C6A     		ldr	r4, [r3, #36]
 263 0024 5962     		str	r1, [r3, #36]
 264 0026 5A62     		str	r2, [r3, #36]
 265 0028 196C     		ldr	r1, [r3, #64]
 266 002a 41F08051 		orr	r1, r1, #268435456
 267 002e 1964     		str	r1, [r3, #64]
 268 0030 0168     		ldr	r1, [r0]
 269 0032 41F48071 		orr	r1, r1, #256
 270 0036 0160     		str	r1, [r0]
 271 0038 196F     		ldr	r1, [r3, #112]
 272 003a 01F44071 		and	r1, r1, #768
 273 003e B1F5007F 		cmp	r1, #512
 274 0042 03D0     		beq	.L2
 275 0044 4FF48031 		mov	r1, #65536
 276 0048 1967     		str	r1, [r3, #112]
 277 004a 1A67     		str	r2, [r3, #112]
 278              	.L2:
 279 004c 054B     		ldr	r3, .L7+4
 280 004e 5DF8044B 		ldr	r4, [sp], #4
 281 0052 5A68     		ldr	r2, [r3, #4]
 282 0054 22F40072 		bic	r2, r2, #512
 283 0058 5A60     		str	r2, [r3, #4]
ARM GAS  /tmp/ccPGP5Sk.s 			page 19


 284 005a FFF7FEBF 		b	dmaInit
 285              	.L8:
 286 005e 00BF     		.align	2
 287              	.L7:
 288 0060 00380240 		.word	1073887232
 289 0064 00700040 		.word	1073770496
 290              		.size	hal_lld_init, .-hal_lld_init
 291 0068 AFF30080 		.section	.text.stm32_clock_init,"ax",%progbits
 291      AFF30080 
 292              		.align	2
 293              		.p2align 4,,15
 294              		.global	stm32_clock_init
 295              		.thumb
 296              		.thumb_func
 297              		.type	stm32_clock_init, %function
 298              	stm32_clock_init:
 299              		@ args = 0, pretend = 0, frame = 0
 300              		@ frame_needed = 0, uses_anonymous_args = 0
 301              		@ link register save eliminated.
 302 0000 2649     		ldr	r1, .L22
 303 0002 274B     		ldr	r3, .L22+4
 304 0004 4FF08050 		mov	r0, #268435456
 305 0008 4FF40042 		mov	r2, #32768
 306 000c 0864     		str	r0, [r1, #64]
 307 000e 1A60     		str	r2, [r3]
 308 0010 0B68     		ldr	r3, [r1]
 309 0012 43F00103 		orr	r3, r3, #1
 310 0016 0B60     		str	r3, [r1]
 311              	.L11:
 312 0018 0B68     		ldr	r3, [r1]
 313 001a 204A     		ldr	r2, .L22
 314 001c 9B07     		lsls	r3, r3, #30
 315 001e FBD5     		bpl	.L11
 316 0020 1168     		ldr	r1, [r2]
 317 0022 0023     		movs	r3, #0
 318 0024 01F0F901 		and	r1, r1, #249
 319 0028 1160     		str	r1, [r2]
 320 002a 1146     		mov	r1, r2
 321 002c 9360     		str	r3, [r2, #8]
 322              	.L13:
 323 002e 8B68     		ldr	r3, [r1, #8]
 324 0030 1A4A     		ldr	r2, .L22
 325 0032 13F00C0F 		tst	r3, #12
 326 0036 FAD1     		bne	.L13
 327 0038 536F     		ldr	r3, [r2, #116]
 328 003a 43F00103 		orr	r3, r3, #1
 329 003e 5367     		str	r3, [r2, #116]
 330 0040 1146     		mov	r1, r2
 331              	.L15:
 332 0042 4B6F     		ldr	r3, [r1, #116]
 333 0044 154A     		ldr	r2, .L22
 334 0046 9807     		lsls	r0, r3, #30
 335 0048 FBD5     		bpl	.L15
 336 004a 164B     		ldr	r3, .L22+8
 337 004c 5360     		str	r3, [r2, #4]
 338 004e 1368     		ldr	r3, [r2]
 339 0050 1349     		ldr	r1, .L22+4
ARM GAS  /tmp/ccPGP5Sk.s 			page 20


 340 0052 43F08073 		orr	r3, r3, #16777216
 341 0056 1360     		str	r3, [r2]
 342              	.L17:
 343 0058 4B68     		ldr	r3, [r1, #4]
 344 005a 5A04     		lsls	r2, r3, #17
 345 005c FCD5     		bpl	.L17
 346 005e 0F49     		ldr	r1, .L22
 347              	.L19:
 348 0060 0B68     		ldr	r3, [r1]
 349 0062 0E4A     		ldr	r2, .L22
 350 0064 9B01     		lsls	r3, r3, #6
 351 0066 FBD5     		bpl	.L19
 352 0068 0F4B     		ldr	r3, .L22+12
 353 006a 1049     		ldr	r1, .L22+16
 354 006c 9160     		str	r1, [r2, #8]
 355 006e 40F20271 		movw	r1, #1794
 356 0072 1960     		str	r1, [r3]
 357 0074 9368     		ldr	r3, [r2, #8]
 358 0076 43F00203 		orr	r3, r3, #2
 359 007a 9360     		str	r3, [r2, #8]
 360 007c 1146     		mov	r1, r2
 361              	.L21:
 362 007e 8B68     		ldr	r3, [r1, #8]
 363 0080 064A     		ldr	r2, .L22
 364 0082 03F00C03 		and	r3, r3, #12
 365 0086 082B     		cmp	r3, #8
 366 0088 F9D1     		bne	.L21
 367 008a 536C     		ldr	r3, [r2, #68]
 368 008c 43F48043 		orr	r3, r3, #16384
 369 0090 5364     		str	r3, [r2, #68]
 370 0092 536E     		ldr	r3, [r2, #100]
 371 0094 43F48043 		orr	r3, r3, #16384
 372 0098 5366     		str	r3, [r2, #100]
 373 009a 7047     		bx	lr
 374              	.L23:
 375              		.align	2
 376              	.L22:
 377 009c 00380240 		.word	1073887232
 378 00a0 00700040 		.word	1073770496
 379 00a4 10540107 		.word	117527568
 380 00a8 003C0240 		.word	1073888256
 381 00ac 00100838 		.word	940052480
 382              		.size	stm32_clock_init, .-stm32_clock_init
 383              		.comm	__gnu_lto_v1,1,1
 384              		.ident	"GCC: (GNU Tools for ARM Embedded Processors) 4.8.4 20140526 (release) [ARM/embedded-4_8-br
ARM GAS  /tmp/ccPGP5Sk.s 			page 21


DEFINED SYMBOLS
                            *ABS*:0000000000000000 hal_lld.c
     /tmp/ccPGP5Sk.s:237    .text.hal_lld_init:0000000000000000 $t
     /tmp/ccPGP5Sk.s:243    .text.hal_lld_init:0000000000000000 hal_lld_init
     /tmp/ccPGP5Sk.s:288    .text.hal_lld_init:0000000000000060 $d
     /tmp/ccPGP5Sk.s:292    .text.stm32_clock_init:0000000000000000 $t
     /tmp/ccPGP5Sk.s:298    .text.stm32_clock_init:0000000000000000 stm32_clock_init
     /tmp/ccPGP5Sk.s:377    .text.stm32_clock_init:000000000000009c $d
                            *COM*:0000000000000001 __gnu_lto_v1
     /tmp/ccPGP5Sk.s:291    .text.hal_lld_init:0000000000000068 $t

UNDEFINED SYMBOLS
dmaInit
