ARM GAS  /tmp/cclRW6DB.s 			page 1


   1              		.syntax unified
   2              		.cpu cortex-m4
   3              		.eabi_attribute 27, 3
   4              		.eabi_attribute 28, 1
   5              		.fpu fpv4-sp-d16
   6              		.eabi_attribute 20, 1
   7              		.eabi_attribute 21, 1
   8              		.eabi_attribute 23, 3
   9              		.eabi_attribute 24, 1
  10              		.eabi_attribute 25, 1
  11              		.eabi_attribute 26, 1
  12              		.eabi_attribute 30, 2
  13              		.eabi_attribute 34, 1
  14              		.eabi_attribute 18, 4
  15              		.thumb
  16              		.file	"hih6030.c"
  17              		.section	.gnu.lto_.jmpfuncs.dc5add6180f1d171,"",%progbits
  18 0000 789C6362 		.ascii	"x\234cb`b\300\006\316\0001'\020\2632\2603\262\263\263"
  18      6062C006 
  18      CE003127 
  18      10B332B0 
  18      33B2B3B3 
  19 0014 30643232 		.ascii	"0d220020\003\21120\305T\006Q\307\024\301\230\311\310"
  19      30303230 
  19      03893230 
  19      C5540651 
  19      C714C198 
  20 002a A8016454 		.ascii	"\250\001dT3\374j\230\321 \220\311\310$\307\3008\267"
  20      33FC6A98 
  20      D12090C9 
  20      C824C7C0 
  20      38B7
  21 003c 61864326 		.ascii	"a\206C&#3D\0113\023\212~\006\006fFf\210\010T?\013#\214"
  21      23334409 
  21      33138A7E 
  21      06066646 
  21      66880854 
  22 0054 01146161 		.ascii	"\001\024aag\006\351\003)\203\252\206\330\206\246\005"
  22      6706E903 
  22      2983AA86 
  22      D886A605 
  23 0064 CE00B218 		.ascii	"\316\000\262\030!\256\370\304\204\241\012\331`\006\016"
  23      21AEF8C4 
  23      84A10AD9 
  23      60060E
  24 0073 0F4F0F33 		.ascii	"\017O\0173\003c\003\006\000J#\0258"
  24      03630306 
  24      004A2315 
  24      38
  25              		.text
  26              		.section	.gnu.lto_.inline.dc5add6180f1d171,"",%progbits
  27 0000 789C6D50 		.ascii	"x\234mP;N\003A\014}\366\316g\011\201,(E\220\"\245\000"
  27      3B4E0341 
  27      0C7DF6CE 
  27      6709812C 
  27      28459022 
  28 0016 29452EB1 		.ascii	")E.\261'\240\346\006In1eJ$.\260\242\332\212PR\244\310"
ARM GAS  /tmp/cclRW6DB.s 			page 2


  28      27A0E606 
  28      496E3165 
  28      4A242EB0 
  28      A2DA8A50 
  29 002d 11527186 		.ascii	"\021Rq\206U*JJ<c\315(\005\263Z?\333\317c\2771\203\361"
  29      552A4A4A 
  29      3C63CD28 
  29      05B35A3F 
  29      DBCF63BF 
  30 0044 DFF92045 		.ascii	"\337\371 E\013\314\037iD\233\027\332\222\004\240u\366"
  30      0BCC1F69 
  30      449B17DA 
  30      9204A075 
  30      F6
  31 0055 B8E4B8E4 		.ascii	"\270\344\270\344 \327\252\216\023\364\012\237\012_L"
  31      20D7AA8E 
  31      13F40A9F 
  31      0A5F4C
  32 0064 B1254733 		.ascii	"\261%G3\225\337u\013!\006\3372\256\372\266\005\365."
  32      95DF750B 
  32      2106DF32 
  32      AEFAB605 
  32      F52E
  33 0076 102B804F 		.ascii	"\020+\200O\343#%\237\031\325\357}P\302h`\"\037\034L"
  33      E323259F 
  33      19D5EF7D 
  33      50C26860 
  33      221F1C4C 
  34 008a F7106AB8 		.ascii	"\367\020j\270!\320\221\014ho\205\2176\021\015\352\303"
  34      21D0910C 
  34      686F858F 
  34      36110DEA 
  34      C3
  35 009b 1B05D780 		.ascii	"\033\005\327\200\276m\303\311\252\300\361T\224\250\226"
  35      BE6DC3C9 
  35      AAC0F154 
  35      94A896
  36 00aa C1C3EF96 		.ascii	"\301\303\357\226i\003\365\035\340_\237\363',\374$\027"
  36      6903F51D 
  36      E05F9FF3 
  36      272CFC24 
  36      17
  37 00bb 66BD72CC 		.ascii	"f\275r\314\215\304\261\242\272h\344\316+\324\347U*\260"
  37      8DC4B1A2 
  37      BA68E4CE 
  37      2BD4E755 
  37      2AB0
  38 00cd B7F2DAD8 		.ascii	"\267\362\332\330\300`\366$\272\322n\234\344~\030\233"
  38      C060F624 
  38      BAD26E9C 
  38      E47E189B 
  39 00dd 0B9F0AC0 		.ascii	"\013\237\012\300\231nQ\026\"Z\355n)\262\3379\276Gl\036"
  39      996E5116 
  39      225AED6E 
  39      29B2DF39 
  39      BE476C1E 
  40 00f1 5BA9B432 		.ascii	"[\251\2642\200\257e\006E\312h\002\177\304\201;\351"
ARM GAS  /tmp/cclRW6DB.s 			page 3


  40      80AF6506 
  40      45CA6802 
  40      7FC4813B 
  40      E9
  41              		.text
  42              		.section	.gnu.lto_.pureconst.dc5add6180f1d171,"",%progbits
  43 0000 789C6362 		.ascii	"x\234cb`b\340f\200\000V\006)F)&\011f)\026)\000\004\037"
  43      6062E066 
  43      80005606 
  43      29462926 
  43      09662916 
  44 0018 009F     		.ascii	"\000\237"
  45              		.text
  46              		.section	.gnu.lto_hih6030_read.part.0.dc5add6180f1d171,"",%progbits
  47 0000 789C8D54 		.ascii	"x\234\215TKk\023Q\024>\347\3163\2176\351+mS\321Zpe\325"
  47      4B6B1351 
  47      143EE7CE 
  47      338F36E9 
  47      2B6D53D1 
  48 0018 82A8DDC5 		.ascii	"\202\250\335\305\205\013\177@\012\2723VMg!H[u\331I\247"
  48      850B7F40 
  48      0ABA3356 
  48      4D672148 
  48      5B75D949 
  49 002d 8B2A2E82 		.ascii	"\213*.\202\270\250\025\261\245\024\213\340c!\026\025"
  49      B8A815B1 
  49      A5148BE0 
  49      63211615 
  50 003d A1BA904A 		.ascii	"\241\272\220JQte\265]\324\007\010\"R\020\305\205:\236"
  50      517465B5 
  50      5DD40708 
  50      225210C5 
  50      853A9E
  51 0050 3393B9C9 		.ascii	"3\223\271\311\304\007\271\220s\357\371\356w\036\337"
  51      C407B990 
  51      73EFF9EE 
  51      771EDF
  52 005f 99C90810 		.ascii	"\231\311\010\020P\275\216\320\357\255\006\260\205v\214"
  52      50BD8ED0 
  52      EFAD06B0 
  52      85768C
  53 006e 009AC567 		.ascii	"\000\232\305gt0Qx\273\020\312D\006\354\250\361\275\036"
  53      74305178 
  53      BB10CA44 
  53      06ECA8F1 
  53      BD1E
  54 0080 ECB822D4 		.ascii	"\354\270\"\324\333\217\200\\m5F\256\212\032\223\012"
  54      DB8F805C 
  54      6D3546AE 
  54      8A1A930A 
  55 0090 A626F4C9 		.ascii	"\246&\364\311\307\214\033\337\014\302u4|\334@\344\003"
  55      C78C1BDF 
  55      0CC27534 
  55      7CDC40E4 
  55      03
  56 00a1 208C9842 		.ascii	" \214\230BQ5\335\300\221\203\310U\225.\230\266\355\363"
  56      5135DDC0 
ARM GAS  /tmp/cclRW6DB.s 			page 4


  56      9183C855 
  56      952E98B6 
  56      EDF3
  57 00b3 6BB32F2F 		.ascii	"k\263//\264\331S\205\242\375\313u\321B\352\257\005\241"
  57      B4D95385 
  57      A2FDCB75 
  57      D142EAAF 
  57      05A1
  58 00c5 1FE10039 		.ascii	"\037\341\0009\230\3646Q\325\263\037i\317\037\232\263"
  58      98F43651 
  58      D5B31F69 
  58      CF1F9AB3 
  59 00d5 C7165C37 		.ascii	"\307\026\\7\343E\245k\212*.\334}\263\210\024\\Xw\335"
  59      E345A56B 
  59      8A2A2EDC 
  59      7DB38814 
  59      5C5877DD 
  60 00e9 84858A80 		.ascii	"\204\205\212\200M\345\300N?P\015\007\336\024\366\232"
  60      4DE5C04E 
  60      3F500D07 
  60      DE14F69A 
  61 00f9 EBBE7A67 		.ascii	"\353\276zgnF<\316\245,T\0252\232\312'\215\214\256\263"
  61      6E463CCE 
  61      A52C5415 
  61      329ACA27 
  61      8D8CAEB3 
  62 010d 31D835F9 		.ascii	"1\3305\371\024\201\034\316`\027D\031\2111\022gS\307"
  62      14811CCE 
  62      60174419 
  62      89311267 
  62      53C7
  63 011f 6E3D9B04 		.ascii	"n=\233\004\273IbM\023\253\201\262b#!F\023\031\263\231"
  63      BB49624D 
  63      13AB81B2 
  63      62232146 
  63      1319B399 
  64 0133 4D0B9B14 		.ascii	"M\013\233\024]\210V\276hc\267\235M\232M\007\033\352"
  64      5D8856BE 
  64      6863B79D 
  64      4D9A4D07 
  64      1BEA
  65 0145 4C833192 		.ascii	"L\2031\222\324\231\303YJ\343\227\364S\002K\242\225%"
  65      D499C359 
  65      4AE397F4 
  65      53024BA2 
  65      9525
  66 0157 CBF3CF12 		.ascii	"\313\363\317\022\235v\245\017\205\267?\205\321\325\345"
  66      9D76A50F 
  66      85B73F85 
  66      D1D5E5
  67 0166 D7A91C5E 		.ascii	"\327\251\034^E\015\362(\266A\267\205\221\255p\315\246"
  67      450DF228 
  67      B641B785 
  67      91AD70CD 
  67      A6
  68 0177 B5C7C2E8 		.ascii	"\265\307\302\350%\230,\330v\322\302X\036\221\207\022"
  68      25982CD8 
ARM GAS  /tmp/cclRW6DB.s 			page 5


  68      76D2C258 
  68      1E918712 
  69 0187 F7467118 		.ascii	"\367Fq\030\375\2210bT\214\210\362}v\322A:\2052\002,"
  69      FD913062 
  69      548C88F2 
  69      7D76D241 
  69      3A853202 
  70 019c C2D88742 		.ascii	"\302\330\207BLb\034\242U\216\265\017\025\230\310P+\316"
  70      4C621CA2 
  70      558EB50F 
  70      1598C850 
  70      2BCE
  71 01ae 7D677E09 		.ascii	"}g~\011\003\242J\301\314U3\245\274Jp\243\321%C\316u"
  71      03A24AC1 
  71      CC5533A5 
  71      BC4A70A3 
  71      D12543CE 
  72 01c3 09E98432 		.ascii	"\011\351\2042\031L\237\274Z\334\030\\\031!M\017\260"
  72      194C9FBC 
  72      5ADC185C 
  72      19214D0F 
  72      B0
  73 01d4 46515825 		.ascii	"FQX%\352X\220\317\314\263b\252>.\253G\274\006L\277\362"
  73      EA5890CF 
  73      CCB362AA 
  73      3E2EAB47 
  73      BC064CBF 
  74 01e9 F2CA8600 		.ascii	"\362\312\206\000\217\206Jgj\254,\376U\231b\242U\272"
  74      8F864A67 
  74      6AAC2CFE 
  74      559962A2 
  74      55BA
  75 01fb E3847ABA 		.ascii	"\343\204z\272\365\222\356[r\370u\241\342Wj\325\255T"
  75      F592EE5B 
  75      72F875A1 
  75      E2576AD5 
  75      AD54
  76 020d 56776E94 		.ascii	"Vwn\224\253\327SJ\331_\350y$\350\262j\"I\257\265\204"
  76      ABD7534A 
  76      D95FE879 
  76      24E8B26A 
  76      2249AFB5 
  77 0222 F7F03F3D 		.ascii	"\367\360?=\374\332\036\340\015\234\241.\374\364UX\331"
  77      FCDA1EE0 
  77      0D9CA12E 
  77      FCF45558 
  77      D9
  78 0233 A5784ABF 		.ascii	"\245xJ\277,\211\200\330HS\365\312\314\311\234M\204z"
  78      2C8980D8 
  78      4853F5CA 
  78      CCC99C4D 
  78      847A
  79 0245 65CE4AA8 		.ascii	"e\316J\250\231\3204\\\264\307\355b/}tJk\021\375\177"
  79      99D0345C 
  79      B4C7ED62 
  79      2F7D744A 
  79      6B11FD7F 
ARM GAS  /tmp/cclRW6DB.s 			page 6


  80 0259 05512F3B 		.ascii	"\005Q/;\367d\312\026\342\227\310'$\371\207+\311\243"
  80      F764CA16 
  80      E297C827 
  80      24F9872B 
  80      C9A3
  81 026b 4FD60D9F 		.ascii	"O\326\015\237+\347d\206:\246\024A\317\032\277\261\236"
  81      2BE76486 
  81      3AA61441 
  81      CF1ABFB1 
  81      9E
  82 027c B69F525B 		.ascii	"\266\237R[\352/\332tx\337\353k\2339\327\035\020[i>U"
  82      EA2FDA74 
  82      78DFEB6B 
  82      9B39D71D 
  82      105B693E 
  83 0291 DADA08AD 		.ascii	"\332\332\010\255\322\326Nh\251\335\275em\263\225\332"
  83      D2D64E68 
  83      A9DDBD65 
  83      6DB395DA 
  84 02a1 3E4A6D69 		.ascii	">Jmi\342\377O\233s\306\271#3w\020\277D\356)g\236\252"
  84      E2FF4F9B 
  84      73C6B923 
  84      337710BF 
  84      44EE2967 
  85 02b7 18C4F3E8 		.ascii	"\030\304\363\350\237\203HU\016\242#\020hx\237\221\027"
  85      9F834855 
  85      0EA22310 
  85      68789F91 
  85      17
  86 02c8 F4852FCB 		.ascii	"\364\205/\313\316\"2\312\357I\343\276A\353\324\321\301"
  86      CE2232CA 
  86      EF49E3BE 
  86      41EBD4D1 
  86      C1
  87 02d9 A11D03D6 		.ascii	"\241\035\003\326\300\356\236\235=\333\373A\035\314\235"
  87      C0EE9E9D 
  87      3DDBFB41 
  87      1DCC9D
  88 02e8 CEB2D9AF 		.ascii	"\316\262\331\257\017\015\347\206O\016\375\0066\247]"
  88      0F0DE786 
  88      4F0EFD06 
  88      36A75D
  89 02f7 EB       		.ascii	"\353"
  90              		.text
  91              		.section	.gnu.lto_hih6030_init.dc5add6180f1d171,"",%progbits
  92 0000 789C6D90 		.ascii	"x\234m\220\261KBQ\024\306\277\357^\337\323L!\202\210"
  92      B14B4251 
  92      14C6BFEF 
  92      5EDFD34C 
  92      218288
  93 0013 86A23108 		.ascii	"\206\2421\010\312\010\232\033\032l7\250\261$\236whQ"
  93      CA089A1B 
  93      1A6C37A8 
  93      B1249E77 
  93      6851
  94 0025 68C8C16B 		.ascii	"h\310\301kE4:\212\341\320\332`\264\2044\365\017\224"
  94      45343A8A 
ARM GAS  /tmp/cclRW6DB.s 			page 7


  94      E1D0DA60 
  94      B48434F5 
  94      0F94
  95 0037 B4350AFD 		.ascii	"\2645\012\375\011mB\330\271\327'\210x\340\236s8\367"
  95      096D42D8 
  95      B9D72788 
  95      78E09E73 
  95      38F7
  96 0049 9CDFF9EE 		.ascii	"\234\337\371\356UP\230\266\0259=\002\253\022\251A\325"
  96      555098B6 
  96      15393D02 
  96      AB12A941 
  96      D5
  97 005a F804EA29 		.ascii	"\370\004\352)E\272\004DM\261vB\337\373\254\336\373\303"
  97      45BA0444 
  97      4DB17642 
  97      DFFBACDE 
  97      FBC3
  98 006c 61A7D3C8 		.ascii	"a\247\323\310\246\311\013\012\315\020Z\034\023\342T"
  98      A6C90B0A 
  98      CD105A1C 
  98      13E254
  99 007b 283526C5 		.ascii	"(5&\305\271-\001n\255m\254\003E?[\020\357\200Gr)Q\177"
  99      B92D016E 
  99      AD6DAC03 
  99      453F5B10 
  99      EF804772 
 100 0092 E07A70F3 		.ascii	"\340zp\363\363\255N\371\310\000\021U\025W\002\333\304"
 100      F3AD4EF9 
 100      C8001155 
 100      155702DB 
 100      C4
 101 00a3 9315AB18 		.ascii	"\223\025\253\030\352\007\264h\230\210\310c\211\201\027"
 101      EA07B468 
 101      9888C863 
 101      898117
 102 00b2 70C609E5 		.ascii	"p\306\011\345\036\361\246\307\004\355\011\214\011\277"
 102      1EF1A6C7 
 102      04ED098C 
 102      09BF
 103 00c0 3213CE46 		.ascii	"2\023\316Fp\012\361\232\031#\022\036\241b\304Kh\230"
 103      700AF19A 
 103      1923121E 
 103      A162C44B 
 103      6898
 104 00d2 9C8D98F8 		.ascii	"\234\215\230\370\306\036Z\266\033\214\010@\025\003{"
 104      C61E5AB6 
 104      1B8C0840 
 104      15037B
 105 00e1 6F170C53 		.ascii	"o\027\014S\305x\217<-b\0301)\012e\203\243\314m\370\276"
 105      C5788F3C 
 105      2D621831 
 105      290A6583 
 105      A3CC6DF8 
 106 00f6 A6B57FB2 		.ascii	"\246\265\177\262\"\275\206\245\266m\356\033\316#\306"
 106      22BD86A5 
 106      B66DEE1B 
ARM GAS  /tmp/cclRW6DB.s 			page 8


 106      CE23C6
 107 0105 1866BCB6 		.ascii	"\030f\274\266n\367nyT\212%\355\030fg+\322>\272J\326"
 107      6EF76E79 
 107      548A25ED 
 107      1866672B 
 107      D23EBA4A 
 108 011a 255FA8F7 		.ascii	"%_\250\367[j\254jd\005Q$_\357\264/\036\224\315\345y"
 108      5B6AAC6A 
 108      64055124 
 108      5FEFB42F 
 108      1E94CDE5 
 109 012f B9B25D32 		.ascii	"\271\262]2\245\275\334nn\253\210T\3760\357R\374\003"
 109      A5BDDC6E 
 109      6EAB8854 
 109      FE30EF52 
 109      FC03
 110 0141 EBA36B08 		.ascii	"\353\243k\010"
 111              		.text
 112              		.section	.gnu.lto_hih6030_stop.dc5add6180f1d171,"",%progbits
 113 0000 789C6362 		.ascii	"x\234cb`b@\007\222@|\005\210E\200\230\221\231\201\221"
 113      60624007 
 113      92407C05 
 113      88458098 
 113      91998191 
 114 0014 69C23906 		.ascii	"i\3029\006\206F\016&FF\020\203\201\221\241\236\211\261"
 114      86460E26 
 114      46461083 
 114      8191A19E 
 114      89B1
 115 0026 3E9211AC 		.ascii	">\222\021\254v=\323\201\007\377\377\257\273\320r\211"
 115      763DD381 
 115      07FFFFAF 
 115      BBD07289 
 116 0036 899D9131 		.ascii	"\211\235\2211\227\021h\\&#\003\013\220\305\310\006d"
 116      9711685C 
 116      2623030B 
 116      90C5C806 
 116      64
 117 0047 8114B132 		.ascii	"\201\024\2612\26444LP``H\006k\011\001\222 sB\031\231"
 117      B434344C 
 117      50606048 
 117      066B0901 
 117      92207342 
 118 005d 4034F359 		.ascii	"@4\363Y\206\246_\315\313/2'2.ddeHgd\252f\250\002\032"
 118      86A65FCD 
 118      CB2F3227 
 118      322E6464 
 118      65486764 
 119 0076 A1CDB0AA 		.ascii	"\241\315\260\252\001\010&2f22\315f\230\005\244\230\323"
 119      01082632 
 119      663232CD 
 119      669805A4 
 119      98D3
 120 0088 19192380 		.ascii	"\031\031#\2004\013\330\342$F$\027\237gh=\300\0123\200"
 120      340BD8E2 
 120      24462417 
 120      9F67683D 
ARM GAS  /tmp/cclRW6DB.s 			page 9


 120      C00A3380 
 121 009c AD9AE157 		.ascii	"\255\232\341WCG\203@&#k2#D\025\320\324tF\226L\240\223"
 121      43478340 
 121      26236B32 
 121      234415D0 
 121      D4744696 
 122 00b3 182E3230 		.ascii	"\030.20\302\025B4\207\000\025\001\035\002\012\007!\227"
 122      C2154234 
 122      87001501 
 122      1D020A07 
 122      2197
 123 00c5 A2CCB2D4 		.ascii	"\242\314\262\324\242b\375\214\314\0143\003c\003\275"
 123      A262FD8C 
 123      CC0C3303 
 123      6303BD
 124 00d4 6406003A 		.ascii	"d\006\000:\36053"
 124      F03533
 125              		.text
 126              		.section	.gnu.lto_hih6030_measurementRequest.dc5add6180f1d171,"",%progbits
 127 0000 789C6D50 		.ascii	"x\234mP\275KBQ\024?\277\373\356\363[\220\300(\202\222"
 127      BD4B4251 
 127      143FBFFB 
 127      EEF35B90 
 127      C0288292 
 128 0014 D628A5A0 		.ascii	"\326(\245\240\265\245?!\241F\223\320;\264\2505\344\340"
 128      B5A53F21 
 128      A14693D0 
 128      3BB4A835 
 128      E4E0
 129 0026 D5221AA2 		.ascii	"\325\"\032\242\234\253!i\010\"h\025\2120hh\311\012\034"
 129      9CAB2169 
 129      08226815 
 129      8A306868 
 129      C90A1C
 130 0039 1A5DAAB1 		.ascii	"\032]\252\261Y\207^\367\276\247\257\017<\360\336\271"
 130      59875EF7 
 130      BEA7AF0F 
 130      3CF0DEB9 
 131 0049 E7DE737E 		.ascii	"\347\336s~\037\207\021\243\3771\253\276w\020\215\251"
 131      1F8711A3 
 131      FF31ABBE 
 131      77108DA9 
 132 0059 0C93C0AA 		.ascii	"\014\223\300\252M\242\262\2171\243\025'\031\3407\343"
 132      4DA2B28F 
 132      31A31527 
 132      19E037E3 
 133 0069 244306B8 		.ascii	"$C\006\270s\315\001} P\211\031\034\245\025h\014LRM\312"
 133      73CD017D 
 133      20508919 
 133      1CA51568 
 133      0C4C524D 
 134 007e 6AFBED60 		.ascii	"j\373\355`\177T\236V\252\362\313\262 \240\330\242\240"
 134      7F549E56 
 134      AAF2CBB2 
 134      20A0D8A2 
 134      A0
 135 008f 34685915 		.ascii	"4hY\025\210\331\211\361\277\364W\254\321\266\254\223"
ARM GAS  /tmp/cclRW6DB.s 			page 10


 135      88D989F1 
 135      BFF457AC 
 135      D1B6AC93 
 136 009f F3E709BF 		.ascii	"\363\347\011\277\201u\220I\002\206\227R\250)P\025&\355"
 136      81759049 
 136      02869752 
 136      A8295015 
 136      26ED
 137 00b1 28E458BF 		.ascii	"(\344X\277N\333|K\352\257e$\301t6\036\251R\177mFS8S"
 137      4EDB7C4B 
 137      EAAF6524 
 137      C174361E 
 137      A9527F6D 
 138 00c9 0EA6E952 		.ascii	"\016\246\351R\252X\020\340St\241\217A\001\363\230\216"
 138      AA5810E0 
 138      5374A18F 
 138      4101F398 
 138      8E
 139 00da 14BB2703 		.ascii	"\024\273'\003C\253\360\332\334\253p4\350\033\237\253"
 139      43ABF0DA 
 139      DCAB7034 
 139      E81B9FAB 
 140 00ea 4857B648 		.ascii	"HW\266H\205\332\335\376\354p\0076\003\263H[J\\\017\364"
 140      85DADDFE 
 140      EC700736 
 140      03B3485B 
 140      4A5C0FF4 
 141 00fe 5AB5F907 		.ascii	"Z\265\371\007\243\342\307\336\023\3556F\372\000\336"
 141      A3E2C7DE 
 141      13ED3646 
 141      FA00DE
 142 010d 2275E59E 		.ascii	"\"u\345\236\214\010\004\322\275&\205j\363\241O+\020"
 142      8C0804D2 
 142      BD26856A 
 142      F3A14F2B 
 142      10
 143 011e 247AA0FB 		.ascii	"$z\240\373\217\273N\304\235\323o\241\337[K\302\240V"
 143      8FBB4EC4 
 143      9DD36FA1 
 143      DF5B4BC2 
 143      A056
 144 0130 DCF65D3F 		.ascii	"\334\366]?\034v\372z\272\302\002\341\301\262\230k/\014"
 144      1C76FA7A 
 144      BAC202E1 
 144      C1B2986B 
 144      2F0C
 145 0142 1787DB0B 		.ascii	"\027\207\333\013|\241r\373\3265\352\014\250-C?\352\261"
 145      7CA172FB 
 145      D635EA0C 
 145      A82D433F 
 145      EAB1
 146 0154 A1C59CD8 		.ascii	"\241\305\234\330\\\313\345\343Y\221\235O\314%f\322\344"
 146      5CCBE5E3 
 146      59919D4F 
 146      CC2566D2 
 146      E4
 147 0165 C9175285 		.ascii	"\311\027R\205\215\3747\260\353ut"
ARM GAS  /tmp/cclRW6DB.s 			page 11


 147      8DFC37B0 
 147      EB7574
 148              		.text
 149              		.section	.gnu.lto_hih6030_read.dc5add6180f1d171,"",%progbits
 150 0000 789C8D93 		.ascii	"x\234\215\223?hSA\034\307\177\337\273{\227\274\246\371"
 150      3F685341 
 150      1CC77FDF 
 150      BB7B97BC 
 150      A6F9
 151 0012 D3824129 		.ascii	"\323\202A)Hq\264h\012\005\305\335\311MhA\307\370\220"
 151      4871B468 
 151      0A05C5DD 
 151      C94D6841 
 151      C7F890
 152 0025 F40697A6 		.ascii	"\364\006\227\246:\330!\3276\025\207\016\001\241\025"
 152      3AD821D7 
 152      3615870E 
 152      01A115
 153 0034 5D2C4E8A 		.ascii	"],N\212\340*X\260\202`\021T\204\014\2458d\353\342 \272"
 153      E02A58B0 
 153      82601154 
 153      840CA538 
 153      64EBE220 
 154 0049 6530FE7E 		.ascii	"e0\376~\357\345\205\306f\360\340\335\357\356\367\347"
 154      EFE585C6 
 154      66F0E0DD 
 154      EFEEF7E7 
 155 0059 FBFBDC1D 		.ascii	"\373\373\334\035O\221\242\177\3075\376~\262{\212-2\004"
 155      4F91A27F 
 155      C735FE7E 
 155      B27B8A2D 
 155      3204
 156 006b D5FA42B4 		.ascii	"\325\372B\264\232UJ\267\313\344\307\315\356e\362c\032"
 156      9A554AB7 
 156      CBE4C7CD 
 156      EE65F263 
 156      1A
 157 007c 26711B15 		.ascii	"&q\033\025\264+\354\260\273g9\030\300\212\033\026\020"
 157      B42BECB0 
 157      BB673918 
 157      C08A1B16 
 157      10
 158 008d 4BA086D2 		.ascii	"K\240\206\322&\260h\334\204h\343\034\355x\337\352ll"
 158      26B068DC 
 158      8468E31C 
 158      ED78DFEA 
 158      6C6C
 159 009f 6F9EF1CF 		.ascii	"o\236\361\317\326Z\376O\257\007\007\2468\005\212@7x"
 159      D65AFE4F 
 159      AF0707A6 
 159      38058A40 
 159      3778
 160 00b1 83E9D828 		.ascii	"\203\351\330(3\214\365Z\355uz\275\357/Z\037Q\322\270"
 160      338CF55A 
 160      ED757ABD 
 160      EF2F5A1F 
 160      51D2B8
ARM GAS  /tmp/cclRW6DB.s 			page 12


 161 00c4 0332E4A0 		.ascii	"\0032\344\240-O&\224)GU\354\260~\201c(\362$'\013\250"
 161      2D4F2694 
 161      294755EC 
 161      B07E8163 
 161      28F22427 
 162 00da C9EDA693 		.ascii	"\311\355\246\223\010I\007\036\363<\013\335\002\247\260"
 162      0849071E 
 162      F33C0BDD 
 162      02A7B0
 163 00e9 D59F69ED 		.ascii	"\325\237i\355\360\340Q\276\212\347\010\250\0063C\347"
 163      F0E051BE 
 163      8AE708A8 
 163      063343E7 
 164 00f9 59F9293D 		.ascii	"Y\371)=a\212\240\006-46f\270\205\224f\237\232?V\303"
 164      618AA006 
 164      2D343666 
 164      B8859466 
 164      9F9A3F56 
 165 010e 4189A4E8 		.ascii	"A\211\244\350\343\264\013\274m\227E\372\315\343\255"
 165      E3B40BBC 
 165      6D9745FA 
 165      CDE3AD
 166 011d 72927781 		.ascii	"r\222w\201^y\036\327\03523\364R\226y\207\354\350>I#"
 166      5E791ED7 
 166      1D3233F4 
 166      52967987 
 166      ECE83E49 
 167 0132 F184034D 		.ascii	"\361\204\003M\331ed\301\252\335\365\243O:moW\350\276"
 167      D96564C1 
 167      AADDF5A3 
 167      4F3A6D6F 
 167      57E8BE
 168 0145 13EE58B4 		.ascii	"\023\356X\264\34106Z\364\330[\177\245\007{W\222z\242"
 168      E130365A 
 168      F4D85B7F 
 168      A5077B57 
 168      927AA2
 169 0158 15EAFA87 		.ascii	"\025\352\372\207\276\344\220\213\372\215Y3\356\206\264"
 169      BEE4908B 
 169      FA8D5933 
 169      EE86B4
 170 0167 A9C3B814 		.ascii	"\251\303\270\0245;\207\366DU>\352+Kn\341\227\342\344"
 170      353B87F6 
 170      44553EEA 
 170      2B4B6EE1 
 170      97E2E4
 171 017a 627A0B26 		.ascii	"bz\013&\275\341\356\372\357\256I\201\303!\340\267\370"
 171      BDE1EEFA 
 171      EFAE4981 
 171      C321E0B7 
 171      F8
 172 018b 5FE2D3A9 		.ascii	"_\342\323\251@n\024r\330g\215\215I\220\367\351\303\321"
 172      406E1472 
 172      D8678D8D 
 172      4990F7E9 
 172      C3D1
 173 019d FB771383 		.ascii	"\373w\023\203:\211\225\206\037*\240vE\263z\366\304\301"
ARM GAS  /tmp/cclRW6DB.s 			page 13


 173      3A899586 
 173      1F2AA076 
 173      45B37AF6 
 173      C4C1
 174 01af 26A2FEA3 		.ascii	"&\242\376\2432U\015\205\032\212\016\223i\231\215O\366"
 174      32550D85 
 174      1A8A0E93 
 174      69998D4F 
 174      F6
 175 01c0 8D7F0189 		.ascii	"\215\177\001\211\347\022\367<\303\260[\260'\257.\271"
 175      E712F73C 
 175      C3B05BB0 
 175      27AF2EB9 
 176 01d0 7BB797EA 		.ascii	"{\267\227\352\225E\267xivn\366bD\266\276\\]\276[\377"
 176      9545B778 
 176      69766EF6 
 176      6244B6BE 
 176      5C5DBE5B 
 177 01e5 0BF692A9 		.ascii	"\013\366\222\251\032"
 177      1A
 178              		.text
 179              		.section	.gnu.lto_.symbol_nodes.dc5add6180f1d171,"",%progbits
 180 0000 789C4DC8 		.ascii	"x\234M\310\273\021\302@\024CQ=\275\265\327-\320\000"
 180      BB11C240 
 180      1443513D 
 180      BDB5D72D 
 180      D000
 181 0012 6D6AC160 		.ascii	"mj\301`\010i\000\002\034Q\003!95\340\361\320\006\237"
 181      08690002 
 181      1C510321 
 181      3935E0F1 
 181      D0069F
 182 0025 1D3CAC95 		.ascii	"\035<\254\225\3349\"\210+\246qG\001\207; \035\367\306"
 182      DC392288 
 182      2BA67147 
 182      01873B20 
 182      1DF7C6
 183 0038 B7C9269E 		.ascii	"\267\311&\236\276L\024g\\Q>\343\232\012\205\326R\325"
 183      BE4C1467 
 183      5C513EE3 
 183      9A0A85D6 
 183      52D5
 184 004a 8F29996D 		.ascii	"\217)\231m\250\272hK\305\242\216j\376r\2530>^\346\254"
 184      A8BA684B 
 184      C5A28E6A 
 184      FE72AB30 
 184      3E5EE6AC 
 185 005e D1E77AC4 		.ascii	"\321\347z\304-7D\264\227\245\207\006}N\3048\344\027"
 185      2D3744B4 
 185      97A58706 
 185      7D4EC438 
 185      E417
 186 0070 3877CF05 		.ascii	"8w\317\005>\330\2637\201"
 186      3ED8B337 
 186      81
 187              		.text
 188              		.section	.gnu.lto_.refs.dc5add6180f1d171,"",%progbits
ARM GAS  /tmp/cclRW6DB.s 			page 14


 189 0000 789C6362 		.ascii	"x\234cb`b`d\200\002\000\000F\000\006"
 189      60626064 
 189      80020000 
 189      460006
 190              		.text
 191              		.section	.gnu.lto_.decls.dc5add6180f1d171,"",%progbits
 192 0000 789CBD5C 		.ascii	"x\234\275\\\015t\024U\226\256\252\356$\335$\023\020"
 192      0D741455 
 192      96AEAAEE 
 192      24DD2413 
 192      10
 193 0011 56171DE7 		.ascii	"V\027\035\347\330\236u\346\350\250\344\007\006q\235"
 193      D89E75E6 
 193      E8A8E407 
 193      06719D
 194 0020 15308181 		.ascii	"\0250\201\201\225\277M\342\034\334s\366\264Ew\205\364"
 194      95BF4DE2 
 194      1CDC73F6 
 194      B4457785 
 194      F4
 195 0031 9A4EB7D5 		.ascii	"\232N\267\325\025\014g\367\034\213\204d\004\005b\000"
 195      150C67F7 
 195      1C8B8464 
 195      04056200 
 196 0041 090CC438 		.ascii	"\011\014\3048\374\210\012*\002\002\016H\373\203D@\300"
 196      FC880A2A 
 196      02020E48 
 196      FB834440 
 196      C0
 197 0052 4110828E 		.ascii	"A\020\202\216\355\254 \310\350\000\022\020\201d\357"
 197      EDAC20C8 
 197      E8001210 
 197      8164EF
 198 0061 BB55D5FD 		.ascii	"\273U\325\375\252R\325]\225q\267O\336\253W\257\337\373"
 198      AA52D55D 
 198      9571B74F 
 198      DEAB57AF 
 198      DFFB
 199 0073 DEBDF7DD 		.ascii	"\336\275\367\335{\337o\207c8\246\235c\230\036\370\014"
 199      7BDF6F87 
 199      6338A69D 
 199      63981EF8 
 199      0C
 200 0084 FC5786D9 		.ascii	"\374W\206\331\351a\230l\206a\356\207\220\003\341y\365"
 200      E961986C 
 200      8661EE87 
 200      9003E179 
 200      F5
 201 0095 791394F9 		.ascii	"y\023\224\371)\204\315\220\036\016\341g\220&\037/\004"
 201      2984CD90 
 201      1E0EE167 
 201      90261F2F 
 201      04
 202 00a6 1FA44742 		.ascii	"\037\244GBx\020B\005\204\177\207\020\204\020\205P\013"
 202      78104205 
 202      847F8710 
 202      84108550 
ARM GAS  /tmp/cclRW6DB.s 			page 15


 202      0B
 203 00b7 E1BFD4B2 		.ascii	"\341\277\324\262\364\207\324\311\207\347vVy\346A\250"
 203      F487D4C9 
 203      87E77656 
 203      79E641A8 
 204 00c7 8734FC31 		.ascii	"\2074\3741O\300w.x\272!\014a\2246\013!\3576\010\377"
 204      4FC0772E 
 204      78BA210C 
 204      6194360B 
 204      21EF3608 
 205 00dc C429ED93 		.ascii	"\304)\355\223r\005\234\362\364\251\345G\300\363\237"
 205      72059CF2 
 205      F4A9E547 
 205      C0F39F
 206 00eb 21FCDAD0 		.ascii	"!\374\332\320\336H\265\255\351\360\224!\314\342\024"
 206      DE48B5AD 
 206      E9F09421 
 206      CCE214
 207 00fa BE34BCBB 		.ascii	"\2764\274\2738\005\277\236\323\363*p\012\237\204\216"
 207      3805BF9E 
 207      D3F32A70 
 207      0A9F848E 
 208 010a 3BE07927 		.ascii	";\340y'\247\2649\024\002\247\342\006\325\266\307\300"
 208      A7B43914 
 208      02A7E206 
 208      D5B6C7C0 
 209 011a 732C8471 		.ascii	"s,\204q\206\266\037T1I\333\204?\272\335\006\010\217"
 209      86B61F54 
 209      3149DB84 
 209      3FBADD06 
 209      088F
 210 012c A93CDCA1 		.ascii	"\251<\334\241b>\250\312\215\244\247@\364o\006\274\012"
 210      623EA8CA 
 210      8DA4A740 
 210      F46F06BC 
 210      0A
 211 013d 95977A4A 		.ascii	"\225\227zJn\323\325~\271\213\222\221[\355\273\331\220"
 211      6ED3D57E 
 211      B98B9291 
 211      5BEDBBD9 
 211      90
 212 014e 9EC1297D 		.ascii	"\236\301)}\3723\225V\302\307\035\024\037\025j?\021:"
 212      FA339556 
 212      C2C71D14 
 212      1F156A3F 
 212      113A
 213 0160 A61ADA23 		.ascii	"\246\032\332#}9\310\320\036\301\231N\265\245\265ml\263"
 213      7D39C8D0 
 213      1EC1994E 
 213      B5A5B56D 
 213      6CB3
 214 0172 51E5FDBF 		.ascii	"Q\345\375\277\325\366\233\340y\253J\303P.E\207[mG\323"
 214      D5F69BE0 
 214      79AB4AC3 
 214      502E4587 
 214      5B6D47D3 
 215 0186 15AD3F1F 		.ascii	"\025\255?\037\201'\017a\232\201\246\201\31432||\035"
ARM GAS  /tmp/cclRW6DB.s 			page 16


 215      81270F61 
 215      9A81A681 
 215      CC33327C 
 215      7C1D
 216 0198 40D05496 		.ascii	"@\320T\226g\363\275\244[I*\317\313\370\240\300\317\231"
 216      67F3BDA4 
 216      5B492ACF 
 216      CBF8A0C0 
 216      CF99
 217 01aa 55B2DC9C 		.ascii	"U\262\334\234h\\\300\372x\366yv p9\230e~\311\274\010"
 217      685CC0FA 
 217      78F67976 
 217      20703998 
 217      657EC9BC 
 218 01bf B59A65B9 		.ascii	"\265\232e\271~Po}\314\014\012\264\260\253\001\213gW"
 218      7E506F7D 
 218      CC0C0AB4 
 218      B0AB018B 
 218      6757
 219 01d1 B1BF549A 		.ascii	"\261\277T\232\220\343\207\203>%\227Q\363M>\2672\355"
 219      90E38783 
 219      3E259751 
 219      F34D3EB7 
 219      32ED
 220 01e3 D066FCD8 		.ascii	"\320f\374\330\246m\254\334\224\227\3034\301\233\234"
 220      A66DACDC 
 220      9497C334 
 220      C19B9C
 221 01f2 68AC1FDC 		.ascii	"h\254\037\334\232j\312\243\265\304&\311\217\177\344"
 221      9A6ACAA3 
 221      B5C426C9 
 221      8F7FE4
 222 0201 E178762D 		.ascii	"\341xv-\233\003\324\337\311\352\340m`\020z^\206\272"
 222      9B03D4DF 
 222      C9EAE06D 
 222      60107A5E 
 222      86BA
 223 0213 3A6AB7B9 		.ascii	":j\267\2719%7\015\265.\006\265\342>\026\321\334\336"
 223      3925370D 
 223      B52E06B5 
 223      E23E16D1 
 223      DCDE
 224 0225 54566932 		.ascii	"TVi2\213\245\012\216O\346j\275D^Yo*\321\303\352\032"
 224      8BA50A8E 
 224      4FE66ABD 
 224      445E596F 
 224      2AD1C3EA 
 225 023a A0E9E2D9 		.ascii	"\240\351\342\331u\354\317!^\317\272L\253q\314$V\025"
 225      75ECCF21 
 225      5ECFBA4C 
 225      AB71CC24 
 225      5615
 226 024c BB19936A 		.ascii	"\273\031\223j2\325l\276\366\242\011\375\370\205\255"
 226      32D56CBE 
 226      F6A209FD 
 226      F885AD
 227 025b 44E85EE6 		.ascii	"D\350^\346I\024\330j9\203\320\023\307\232\326\337)\313"
ARM GAS  /tmp/cclRW6DB.s 			page 17


 227      4914D86A 
 227      3983D013 
 227      C79AD6DF 
 227      29CB
 228 026d 1E9EDDCC 		.ascii	"\036\236\335\314\022\216f\352\005o\037g\341\334\266"
 228      128E66EA 
 228      056F1F67 
 228      E1DCB6
 229 027c 1188B315 		.ascii	"\021\210\263\025q\336`\365@*\253\224P\340]+\220Q\200"
 229      71DE60F5 
 229      402AAB94 
 229      50E05D2B 
 229      905180
 230 028f 19CA724C 		.ascii	"\031\312rL\234u*6\017-\266\304\256\247\026\335(\267"
 230      9C752A36 
 230      0F2DB6C4 
 230      AEA716DD 
 230      28B7
 231 02a1 BFC3E632 		.ascii	"\277\303\3462s\011\277\355M\362\270\216|\023\013\211"
 231      7309BFED 
 231      4DF2B88E 
 231      7C130B89 
 232 02b1 BB34B011 		.ascii	"\2734\260\021)\3267\354?\274\206m\220e\370\342-\264"
 232      29D637EC 
 232      3FBC866D 
 232      9065F8E2 
 232      2DB4
 233 02c3 BD799C9E 		.ascii	"\275y\234\236\371\214@<\033g9\210\3376\232\333\271e"
 233      F98C403C 
 233      1B673988 
 233      DF369ADB 
 233      B965
 234 02d5 79B25BC9 		.ascii	"y\262[\311\317lp\227;\333\376QN\304Y\333\026\227\370"
 234      CF6C7097 
 234      3BDBFE51 
 234      4EC459DB 
 234      1697F8
 235 02e8 FC4F9F14 		.ascii	"\374O\237\024a\247\275\207V\267\207\353\223\331\355"
 235      61A7BD87 
 235      56B787EB 
 235      93D9ED
 236 02f7 369ADD47 		.ascii	"6\232\335GM\375\011\325\273m\031\336a\256\267\345%8"
 236      4DFD09D5 
 236      BB6D19DE 
 236      61AEB7E5 
 236      2538
 237 0309 53D33BCD 		.ascii	"S\323;\315\351mO\315\376.\225\355\242\262g\271\222\331"
 237      E96D4FCD 
 237      FE2E95ED 
 237      A2B267B9 
 237      92D9
 238 031b 6E2A7B41 		.ascii	"n*{A*;\213R\211\264\372\267\2332\340\0164\340\017,\014"
 238      2A3B8B52 
 238      89B4FAB7 
 238      9B32E00E 
 238      34E00F2C 
 239 0330 98673726 		.ascii	"\230g7&{\262O\026\234\3300\377\313\223\354\302\006\271"
ARM GAS  /tmp/cclRW6DB.s 			page 18


 239      7BB24F16 
 239      9CD830FF 
 239      CB93ECC2 
 239      06B9
 240 0342 A3D04C19 		.ascii	"\243\320L\031\241\010K\251\321#\032`^\262S\343;:Y\237"
 240      A1084BA9 
 240      D1231A60 
 240      5EB253E3 
 240      3B3A599F 
 241 0356 89C6E98A 		.ascii	"\211\306\351\212\362\354Q`#S)R\256\323\250\222+:Q%;"
 241      F2EC5160 
 241      23532952 
 241      AED3A892 
 241      2B3A5125 
 242 036b 6DA9E486 		.ascii	"m\251\344\206\316\305\316T2~\356\0232\206}\206\372\270"
 242      CEC5CE54 
 242      327EEE13 
 242      32867D86 
 242      FAB8
 243 037d CCD5277D 		.ascii	"\314\325'}L\030\365\361\330\022\324\307\204-}\\\343"
 243      4C18F5F1 
 243      D812D4C7 
 243      842D7D5C 
 243      E3
 244 038e A2744FCD 		.ascii	"\242tO\315\333\3402U\274].\275\342\331Q\245\004\245"
 244      DBE03255 
 244      BC5D2EBD 
 244      E2D951A5 
 244      04A5
 245 03a0 4A5FA02A 		.ascii	"J_\240*\375\305r,\370\004\371\357\354\363`\260\261s"
 245      FDC5722C 
 245      F804F9EF 
 245      ECF360B0 
 245      B173
 246 03b2 317A35D5 		.ascii	"1z5\325\213+\212\224,\353\323\020\334\0145\032\354z"
 246      8B2B8A94 
 246      2CEBD310 
 246      DC0C351A 
 246      EC7A
 247 03c4 9BAD4757 		.ascii	"\233\255GW\3665\372\361\317]\246\003\202\015\250\205"
 247      F635FAF1 
 247      CF5DA603 
 247      820DA885 
 248 03d4 73B7DF8B 		.ascii	"s\267\337\213\276\345\033\004:\3452\016\0109\206\001"
 248      BEE51B04 
 248      3AE5320E 
 248      08398601 
 249 03e4 2147EFE4 		.ascii	"!G\357\344s\274\251\004\231\254\367g\234\026\007\317"
 249      73BCA904 
 249      99ACF767 
 249      9C1607CF 
 250 03f4 6014A08E 		.ascii	"`\024\240\216P3\001\372h\001\202-\356\177\203=_/\267"
 250      503301FA 
 250      6801822D 
 250      EE7F833D 
 250      5F2FB7
 251 0407 16DA57E0 		.ascii	"\026\332W\340\205\235D\201\317\243\002\367\364M\201"
ARM GAS  /tmp/cclRW6DB.s 			page 19


 251      859D4481 
 251      CFA302F7 
 251      F44D81
 252 0416 BB8C0A7C 		.ascii	"\273\214\012|EQ\340.[\012<\337\335[\201W\270M\025\370"
 252      4551E02E 
 252      5B0A3CDF 
 252      DD5B8157 
 252      B84D15F8 
 253 042a 55B77305 		.ascii	"U\267s\005\356\242\024\370\"*\360%K\005~\317mC\201="
 253      EEA214F8 
 253      222AF025 
 253      4B057ECF 
 253      6D43813D 
 254 043e 260A4CB5 		.ascii	"&\012L\265\247\264t\034[\372\224\275\025\342\323\030"
 254      A7B4741C 
 254      5BFA94BD 
 254      15E2D318 
 255 044e 9F8338F9 		.ascii	"\237\2038\371\341\230\003n\243~)\036\212BJ\2712&\035"
 255      E198036E 
 255      A37E291E 
 255      8A424AB9 
 255      32261D
 256 0461 9699AA90 		.ascii	"\226\231\252\220\012G`v\220l\356\0306\367v_5+\276\364"
 256      0A476076 
 256      906CEE18 
 256      36F7765F 
 256      352BBEF4 
 257 0475 789B33D3 		.ascii	"x\2333\323\214\357\\r=\321\201Y\034\351\302D/n\2776"
 257      8CEF5C72 
 257      3DD18159 
 257      1CE9C244 
 257      2F6EBF36 
 258 0489 CEAFECD8 		.ascii	"\316\257\354\330\307\031;\\\230\365\017r!\3077\036o"
 258      C7193B5C 
 258      98F50F72 
 258      21C7371E 
 258      6F
 259 049a 63091766 		.ascii	"c\011\027fk\011V\253? \311C\342\360W\247N\252\356\245"
 259      6B0956AB 
 259      3F20C943 
 259      E2F057A7 
 259      4EAAEEA5 
 260 04ae 892333A5 		.ascii	"\211#3\2455Y\031gJz \216y\005\253\314\341\014\303R\027"
 260      35591967 
 260      4A7A208E 
 260      7905ABCC 
 260      E10CC352 
 261 04c3 EF537233 		.ascii	"\357Sr3\015Jr\374\322\011\257\334\222g\322\324(\232"
 261      0D4A72FC 
 261      D209AFDC 
 261      9267D2D4 
 261      289A
 262 04d5 65CD239E 		.ascii	"e\315#\236I\334\370\201,\017\340\331yH\3617\346\024"
 262      49DCF881 
 262      2C0FE0D9 
 262      7948F137 
 262      E614
ARM GAS  /tmp/cclRW6DB.s 			page 20


 263 04e7 B78FB2C2 		.ascii	"\267\217\262\302\341\230kX\245\331@qb\307\371\216\233"
 263      E1986B58 
 263      A5D94071 
 263      62C7F98E 
 263      9B
 264 04f8 5A11B9D9 		.ascii	"Z\021\271\331\006\331\365\361\303M+l\315Q\333\335Z\363"
 264      06D9F5F1 
 264      C34D2B6C 
 264      CD51DBDD 
 264      5AF3
 265 050a A529368E 		.ascii	"\245)6\216\236\211\017Fo\274\030\271x7;\243\334\365"
 265      9E890F46 
 265      6FBC18B9 
 265      78373BA3 
 265      DCF5
 266 051c 301CB30F 		.ascii	"0\034\263\017\253\264\366\346\"\361S\205\213V[\\\\Q"
 266      ABB4F6E6 
 266      22F15385 
 266      8B565B5C 
 266      5C51
 267 052e B9E0D945 		.ascii	"\271\340\331E\\.\300\036I\302\3325$=^\367\373y\315\274"
 267      5C2EC01E 
 267      49C2DA35 
 267      243D5EF7 
 267      FB79CDBC 
 268 0542 06F69963 		.ascii	"\006\366\231c0\237\016l\341\356\345\016\007\314\245"
 268      309F0E6C 
 268      E1EEE50E 
 268      07CCA5
 269 0551 974EDDB8 		.ascii	"\227N\335\270\003\331oG\303\\\237\363\243\030\346\346"
 269      03D96F47 
 269      C35C9FF3 
 269      A318E6E6 
 270 0561 1C1B8C58 		.ascii	"\034\033\214X\033&\364\312\301\233\267\275.\313s\262"
 270      1B26F4CA 
 270      C19BB7BD 
 270      2ECB73B2 
 271 0571 35FDCCB6 		.ascii	"5\375\314\266b\204c\266cc\253\215=\273\264\373\340\335"
 271      628463B6 
 271      6363AB8D 
 271      3DBBB4FB 
 271      E0DD
 272 0583 4ACFAEB6 		.ascii	"J\317\256\266\325\263[\366.\261\247\237\331Z\363Al\276"
 272      D5B35BF6 
 272      2EB1A79F 
 272      D95AF341 
 272      6CBE
 273 0595 1B9B7FC9 		.ascii	"\033\233\177\311\330\374\346?\234\276_i\376%[\315\177"
 273      D8FCE63F 
 273      9CBE5F69 
 273      FE255BCD 
 273      7F
 274 05a6 7EC06409 		.ascii	"~\300d\011\307\263\367_\237\266\373\272\317\336\376"
 274      C7B3F75F 
 274      9FB6FBBA 
 274      CFDEFE
 275 05b5 1C36F20A 		.ascii	"\0346\362\012*P\207\307\330}#s\351\266\360\235*\300"
ARM GAS  /tmp/cclRW6DB.s 			page 21


 275      2A5087C7 
 275      D87D2373 
 275      E9B6F09D 
 275      2AC0
 276 05c7 311F7934 		.ascii	"1\037y4\352\373\244\277\300\346\333#_\304\236\322h8"
 276      EAFBA4BF 
 276      C0E6DB23 
 276      5FC49ED2 
 276      6838
 277 05d9 EC1851AF 		.ascii	"\354\030Q\257\304\347\017\240E(`\307\354\200Y*R}\374"
 277      C4E70FA0 
 277      452860C7 
 277      EC80592A 
 277      527DFC
 278 05ec 020DF699 		.ascii	"\002\015\366\231c0=e\027i\260/\354\200\015\260\246\354"
 278      63303D65 
 278      1769B02F 
 278      EC800DB0 
 278      A6EC
 279 05fe 7B1AEC84 		.ascii	"{\032\354\204c0=e?\320`\247\355\200\015\266\246\354"
 279      63303D65 
 279      3FD060A7 
 279      ED800DB6 
 279      A6EC
 280 0610 2A0DF68D 		.ascii	"*\015\366\215c0=e\3354\3309;`>k\312\232\377D\201u9\006"
 280      63303D65 
 280      DD34D839 
 280      3B603E6B 
 280      CA9AFF44 
 281 0628 D353D642 		.ascii	"\323S\326B\203]\266\003v\2735e\213h\260k\216\301\364"
 281      835DB603 
 281      76BB3565 
 281      8B68B06B 
 281      8EC1F4
 282 063b 943D4B83 		.ascii	"\224=K\203\315\362\332\000+\264\246\254\225\006kt\014"
 282      CDF2DA00 
 282      2BB4A6AC 
 282      95066B74 
 282      0C
 283 064c A6A76C19 		.ascii	"\246\247l\031\0156\307\016\330\010k\312\226\323`\363"
 283      0D36C70E 
 283      D8086BCA 
 283      96D360F3 
 284 065c 1C83E929 		.ascii	"\034\203\351){\215\006{\306\016\330(k\312^\247\301\026"
 284      7B8D067B 
 284      C60ED828 
 284      6BCA5EA7 
 284      C116
 285 066e 3906D353 		.ascii	"9\006\323S\266\211\006[b\007l\2345eo\320`\313\034\203"
 285      B689065B 
 285      62076C9C 
 285      35656FD0 
 285      60CB1C83 
 286 0682 E929DB4A 		.ascii	"\351)\333J\203\255\260\0036\305\232\2627i\260v\307`"
 286      83ADB003 
 286      36C59AB2 
 286      3769B076 
ARM GAS  /tmp/cclRW6DB.s 			page 22


 286      C760
 287 0694 7ACAB6D3 		.ascii	"z\312\266\323`+\355\200M\265\246\354-\032\354\005\307"
 287      602BED80 
 287      4DB5A6EC 
 287      2D1AEC05 
 287      C7
 288 06a5 607ACA0E 		.ascii	"`z\312\016\322`/\333\001{\304\204\262\344\307\254\036"
 288      D2602FDB 
 288      017BC484 
 288      B2E4C7AC 
 288      1E
 289 06b6 19A65FE4 		.ascii	"\031\246_\344\250\305\332+^m\202\343p\214fR\030\257"
 289      A8C5DA2B 
 289      5E6D82E3 
 289      708C6652 
 289      18AF
 290 06c8 7B9DCEC8 		.ascii	"{\235\316\310t|\223y\362\315o\252\343\2742Y\335j\007"
 290      747C9379 
 290      F2CD6FAA 
 290      E3BC3259 
 290      DD6A07
 291 06db 31CD00B8 		.ascii	"1\315\000\270l75\363\215;\0063\2502\001\323M\235\222"
 291      6C3735F3 
 291      8D3B0633 
 291      A83201D3 
 291      4D9D92
 292 06ee 5BFFF1F4 		.ascii	"[\377\361\364;\036\344\200\211\243\316\011\006\233\227"
 292      3B1EE480 
 292      89A3CE09 
 292      069B97
 293 06fd E5D9331C 		.ascii	"\345\3313\034Y\302\377\225\363&\251P\322ZJ\3312\350"
 293      59C2FF95 
 293      F326A950 
 293      D25A4AD9 
 293      32E8
 294 070f F0EA371C 		.ascii	"\360\3527\034\222\237LU\2554\3414\255\011\037\332\021"
 294      929F4C55 
 294      AD34E134 
 294      AD091FDA 
 294      11
 295 0720 539AA1FD 		.ascii	"S\232\241\375\363\335\313q?\323\376\271\310\322K\007"
 295      F3DDCB71 
 295      3FD3FEB9 
 295      C8D24B07 
 296 0730 D505C259 		.ascii	"\325\005\302Y\\ |\3545\31607;<\031\201y\230\221\013"
 296      5C207CEC 
 296      35CE3037 
 296      3B3C1981 
 296      7998910B 
 297 0744 B36D15EB 		.ascii	"\263m\025\3539\005\350\342\321[\266\275\"\313\015\331"
 297      3905E8E2 
 297      D15BB6BD 
 297      22CB0DD9 
 298 0754 4EF8E850 		.ascii	"N\370\350P\371\350B>N\374\010||\343\230\217\333\015"
 298      F9E8423E 
 298      4EFC087C 
 298      7CE3988F 
ARM GAS  /tmp/cclRW6DB.s 			page 23


 298      DB0D
 299 0766 7CC46F77 		.ascii	"|\304ow\316\307Q\225\217\037\220\217\256\037\201\217"
 299      CEC75195 
 299      8F1F908F 
 299      AE1F818F 
 300 0776 6B8EF928 		.ascii	"k\216\371(\244\370\300\325\332\020e\2656\210iI\277Z"
 300      A4F8C0D5 
 300      DA1065B5 
 300      36886949 
 300      BF5A
 301 0788 23F4F470 		.ascii	"#\364\364p\203\014\373\333{\310\226#\311\266\261\371"
 301      830CFBDB 
 301      7BC89623 
 301      C9B6B1F9 
 302 0798 B1875AE2 		.ascii	"\261\207Z\342\312\366\226\270gU\211\325\273\210\304"
 302      CAF696B8 
 302      675589D5 
 302      BB88C4
 303 07a7 66F733D9 		.ascii	"f\3673\331\022\266\205t\354\375\3676\250\333?\215\010"
 303      12B68574 
 303      ECFDF736 
 303      A8DB3F8D 
 303      08
 304 07b8 35B7CF50 		.ascii	"5\267\317P\013\367lQ\216\033\237D\240\226~\306^\314"
 304      0BF76C51 
 304      8E1B9F44 
 304      A0967EC6 
 304      5ECC
 305 07ca 367462B6 		.ascii	"6tb\266\276\023"
 305      BE13
 306 07d0 E195B4F4 		.ascii	"\341\225\264\364=Yq\263O\2509\344%\207\371\177\257\307"
 306      3D5971B3 
 306      4FA839E4 
 306      2587F97F 
 306      AFC7
 307 07e2 31CB917C 		.ascii	"1\313\221|\322\201\016\007\250\224\002\335\265M\035"
 307      D2810E07 
 307      A89402DD 
 307      B54D1D
 308 07f1 5C944E5A 		.ascii	"\\\224NZ\371w!\326\3077>\245m\323\214$\303\313\272\277"
 308      F97721D6 
 308      C7373EA5 
 308      6DD38C24 
 308      C3CBBABF 
 309 0805 13EEA3BD 		.ascii	"\023\356\243\275\3167V\3427)Z\367\0142\264\261W\017"
 309      CE3756E2 
 309      37295AF7 
 309      0C32B4B1 
 309      570F
 310 0817 F7696365 		.ascii	"\367iceg_\031I~8\346\375~6\006\021_\272\336\372~\210"
 310      675F1949 
 310      7E38E6FD 
 310      7E360611 
 310      5FBADEFA 
 311 082d CDCD99E4 		.ascii	"\315\315\231\344&\344\251\301\035(\214%.\262}\267\307"
 311      26E4A9C1 
 311      1D288C25 
ARM GAS  /tmp/cclRW6DB.s 			page 24


 311      2EB27DB7 
 311      C7
 312 083e 200C1B9B 		.ascii	" \014\033\233<\307\260\3122W\257\355\273\2037*\273,"
 312      3CC7B0CA 
 312      3257AFED 
 312      BB83372A 
 312      BB2C
 313 0850 E42B1B9B 		.ascii	"\344+\033\233<\272\355;\236]\316q*l_\345\251\353\302"
 313      3CBAED3B 
 313      9E5DCE71 
 313      2A6C5FE5 
 313      A9EBC2
 314 0863 147D00ED 		.ascii	"\024}\000\355\"\363\205\025.\3356\377i\307\262\367\321"
 314      22F38515 
 314      2EDD36FF 
 314      69C7B2F7 
 314      D1
 315 0874 B28F5FD9 		.ascii	"\262\217_\331\273\234U\350W\266s\2773\342\215\242\347"
 315      BB9C55E8 
 315      57B673BF 
 315      33E28DA2 
 315      E7
 316 0885 726AD272 		.ascii	"rj\322r\335*\307[\366\343$L1\272n;\304\245Yj\266)`\212"
 316      DD2AC75B 
 316      F6E3244C 
 316      31BA6E3B 
 316      C4A5596A 
 317 089d C2CFCE75 		.ascii	"\302\317\316u\012\346\323\201\355\230o\262]\254l\221"
 317      0AE6D381 
 317      ED986FB2 
 317      5DAC6C91 
 318 08ad 5B0D2C6B 		.ascii	"[\015,k\\\324Ti\201\235\366\323\254N\017\357_\256j\212"
 318      5CD45469 
 318      819DF6D3 
 318      AC4E0FEF 
 318      5FAE6A8A 
 319 08c1 B233BAD4 		.ascii	"\2623\272\3241\236\236\237s\363u\036i\225\035\270Q\266"
 319      319E9E9F 
 319      73F3751E 
 319      69951DB8 
 319      51B6
 320 08d3 152FB5AF 		.ascii	"\025/\265\257\015J\210\023\325\337s\344dh\005\306\317"
 320      0D4A8813 
 320      D5DF73E4 
 320      646805C6 
 320      CF
 321 08e4 61BC0AE3 		.ascii	"a\274\012\343/1>\211\361)\214\377\206\361\005\214/c"
 321      2F313E89 
 321      F1298CFF 
 321      86F1058C 
 321      2F63
 322 08f6 DC8DF1B3 		.ascii	"\334\215\361\263.\254\213\361\363\030\257\304x5\306"
 322      2EAC8BF1 
 322      F318AFC4 
 322      7835C6
 323 0905 6B317E89 		.ascii	"k1~\211Vo\253~QL-i\230\232\3255\367y\323\374Hj\323\234"
 323      566FAB7E 
ARM GAS  /tmp/cclRW6DB.s 			page 25


 323      514C2D69 
 323      989AD535 
 323      F779D3FC 
 324 091d 67DB1C83 		.ascii	"g\333\034\203\371\322I\262\231\222d\013Jr!Jc\235\336"
 324      F9D249B2 
 324      9992640B 
 324      4A72214A 
 324      639DDE
 325 0930 90D7E56A 		.ascii	"\220\327\345j\3078i\014\317\232\205\304\307_\235\312"
 325      C738690C 
 325      CF9A85C4 
 325      C75F9DCA 
 326 0940 592AC767 		.ascii	"Y*\307g\273\264\025\320&#`\306\005\232^&\335\202\341"
 326      BBB415D0 
 326      262360C6 
 326      059A5E26 
 326      DD82E1
 327 0953 C6857246 		.ascii	"\306\205rFe\325'\033h[\331\356\270\355\264\"\234C\211"
 327      65D5271B 
 327      685BD9EE 
 327      B8EDB422 
 327      9C4389
 328 0966 F02914E1 		.ascii	"\360)\024\341\323(\302WPe^\243\005\311\263s9\303}\023"
 328      D328C257 
 328      50655EA3 
 328      05C9B373 
 328      39C37D13 
 329 097a FD81599A 		.ascii	"\375\201Y\232\306\223\207\334]GL.\234(GEi\006\245%o"
 329      C69387DC 
 329      5D474C2E 
 329      9C284745 
 329      6906A525 
 330 098f 1DBB791D 		.ascii	"\035\273y\035\016\035\233\\\244\003\256\344\032G\350"
 330      0E1D9B5C 
 330      A403AEE4 
 330      1A47E8
 331 099e 459C61F3 		.ascii	"E\234a\363\334\240\310\0343?\317\306\001d\232\225\314"
 331      DCA0C81C 
 331      333FCFC6 
 331      01649A95 
 331      CC
 332 09af 86F9978E 		.ascii	"\206\371\227\216\260\015\015\362\332Buf!7\311\267\257"
 332      B00D0DF2 
 332      DA427566 
 332      2137C9B7 
 332      AF
 333 09c0 4D0D8203 		.ascii	"M\015\202\0034\014.Iw|\263r\220\272\015\275\354\342"
 333      340C2E49 
 333      777CB372 
 333      90BA0DBD 
 333      ECE2
 334 09d2 3CD3FB0D 		.ascii	"<\323\373\015\231a\022\307\232\266\334\2053\320\355"
 334      996112C7 
 334      9AB6DC85 
 334      33D0ED
 335 09e1 08F45C9F 		.ascii	"\010\364\\\237\201\026\316}A\271(\261\023\201\326\346"
 335      8116CE7D 
ARM GAS  /tmp/cclRW6DB.s 			page 26


 335      41B928B1 
 335      1381D6E6 
 336 09f1 19C5E832 		.ascii	"\031\305\3502\314s\\\372y\216\313\233J\364\364\270\230"
 336      CC735CFA 
 336      798ECB9B 
 336      4AF4F4B8 
 336      98
 337 0a02 FFC3C230 		.ascii	"\377\303\3020\0153v\230\216\243Ls\037\322a\327Te\323"
 337      0D337698 
 337      8EA34C73 
 337      1FD261D7 
 337      5465D3
 338 0a15 6E986CB5 		.ascii	"n\230l\265\243\002:D\235\012\304\257\036G_\246\200\275"
 338      A3023A44 
 338      9D0AC4AF 
 338      1E475FA6 
 338      80BD
 339 0a27 63072CCD 		.ascii	"c\007,\3156\364\342\266\347,\317\260\3323^\275Jl;\371"
 339      36F4E2B6 
 339      E72CCFB0 
 339      DA335EBD 
 339      4A6C3BF9 
 340 0a3b C1AFC945 		.ascii	"\301\257\311E\300\314\327\257\366\270\354]\277\332\347"
 340      C0CCD7AF 
 340      F6B8EC5D 
 340      BFDAE7
 341 0a4a 329E73EF 		.ascii	"2\236s\357\307\353W\373l\315\326.\231\315\001\314n#"
 341      C7EB57FB 
 341      6CCDD62E 
 341      99CD01CC 
 341      6E23
 342 0a5c 265DC6E0 		.ascii	"&]\306\340\0243\237|\375\301\375\312\255\306\2038\351"
 342      14339F7C 
 342      FDC1FDCA 
 342      ADC68338 
 342      E9
 343 0a6d 3CF093CC 		.ascii	"<\360\223\314\267\032u8\204\276CF\3727\036@\372\017"
 343      B71A7538 
 343      84BE4346 
 343      FA371E40 
 343      FA0F
 344 0a7f 65A67F76 		.ascii	"e\246\177vC|\213z\246\207\306\324\220v\331\300\263g"
 344      437C8B7A 
 344      A687C6D4 
 344      9076D9C0 
 344      B367
 345 0a91 F08A889D 		.ascii	"\360\212\210\235E\300_\220\223C\316'\255*Y[\2253\231"
 345      45C05F90 
 345      9343CE27 
 345      AD2A595B 
 345      953399
 346 0aa4 2368AF27 		.ascii	"#h\257'\034\203\371t`o\322`_\333\001\263\032\304\000"
 346      1C83F974 
 346      606FD260 
 346      5FDB01B3 
 346      1AC400
 347 0ab7 6C3B0DF6 		.ascii	"l;\015\366\255c0=eo\321`\337\331\001\263\332\255\004"
ARM GAS  /tmp/cclRW6DB.s 			page 27


 347      AD63303D 
 347      656FD160 
 347      DFD901B3 
 347      DAAD04
 348 0aca B08334D8 		.ascii	"\260\2034\330\367\216\301|fZ\302\364R2\236\375\030W"
 348      F78EC17C 
 348      665AC2F4 
 348      52329EFD 
 348      1857
 349 0adc 0D8771A4 		.ascii	"\015\207q\244<\212q'\306\237b\374g\214\023v&]\007\350"
 349      3C8A7127 
 349      C69F62FC 
 349      678C1376 
 349      265D07E8 
 350 0af0 01FE2A12 		.ascii	"\001\376*\022\274\257o\032\003no\333\311/\356Sv\177"
 350      BCAF6F1A 
 350      036E6FDB 
 350      C92FEE53 
 350      767F
 351 0b02 0D632C91 		.ascii	"\015c,\221\207\025\005_\322\0244\344;\245\300GS\020"
 351      8715055F 
 351      D21434E4 
 351      3BA5C047 
 351      5310
 352 0b14 BFB25FD9 		.ascii	"\277\262_\331\271\324.z?i\304\263{5K\233.\355\317}\355"
 352      B9D42E7A 
 352      3F69C4B3 
 352      7B354B9B 
 352      2EEDCF7D 
 353 0b29 110D6C81 		.ascii	"\021\015l\201c0\335\365\353x\363\001\012l\251c\260\001"
 353      6330DDF5 
 353      EB78F301 
 353      0A6CA963 
 353      B001
 354 0b3b BD3442D1 		.ascii	"\2754B\321\205\017Q\027\366c\237\377\017\306'1>\205"
 354      850F5117 
 354      F6639FFF 
 354      0FC62731 
 354      3E85
 355 0b4d F1D7FA09 		.ascii	"\361\327\372\011i{\276q\334U|,\205\232r\306\214]\\\253"
 355      697BBE71 
 355      DC557C2C 
 355      859A72C6 
 355      8C5D5CAB 
 356 0b61 BEEDA0FB 		.ascii	"\276\355\240\373vc\276\323QK\327\2670\250\356\376J\033"
 356      7663BED3 
 356      514BD7B7 
 356      30A8EEFE 
 356      4A1B
 357 0b73 543B702E 		.ascii	"T;p.\266\315\016b\232\225\350\246?\033\217\003\314\274"
 357      B6CD0E62 
 357      9A95E8A6 
 357      3F1B8F03 
 357      CCBC
 358 0b85 3D47D396 		.ascii	"=G\323\226\0345\336~X\0315\316\343\250\2613?\363\250"
 358      1C35DE7E 
 358      581935CE 
ARM GAS  /tmp/cclRW6DB.s 			page 28


 358      E3A8B133 
 358      3FF3A8
 359 0b98 C1E979E4 		.ascii	"\301\351y\344\331.\343\250q\371\020\216\032]\266F\215"
 359      D92EE3A8 
 359      71F9108E 
 359      1A5DB646 
 359      8D
 360 0ba9 6B8716A9 		.ascii	"k\207\026\251+E\305\333\354E\022\272\372\354\356\273"
 360      2B45C5DB 
 360      EC4512BA 
 360      FAECEEBB 
 361 0bb9 0F51AEEB 		.ascii	"\017Q\256\353\200c0\237\016\254\371\010\005v\310\016"
 361      8063309F 
 361      0EACF908 
 361      0576C80E 
 362 0bc9 581A77DF 		.ascii	"X\032w\337B\203\035u\014\246\247l\021\015\366\231\035"
 362      42831D75 
 362      0CA6A76C 
 362      110DF699 
 362      1D
 363 0bda B034EEFE 		.ascii	"\2604\356\376Y\032,\341\030LOY+\015\366\245\0350\253"
 363      591A2CE1 
 363      184C4F59 
 363      2B0DF6A5 
 363      1D30AB
 364 0bed 231C005B 		.ascii	"#\034\000[F\203\235r\014\246\247l9\015\366W;`>k\312"
 364      46839D72 
 364      0CA6A76C 
 364      390DF657 
 364      3B603E6B 
 365 0c02 DA68B0F3 		.ascii	"\332h\260\363\216\301|f&\241|h\213\342\331\213\350\026"
 365      8EC17C66 
 365      26A17C68 
 365      8BE2D98B 
 365      E816
 366 0c14 2FA1B3BA 		.ascii	"/\241\263\272\214\361\025\214\257a\334\203\361,7\211"
 366      8CF1158C 
 366      AF61DC83 
 366      F12C3789 
 367 0c24 1B306EC4 		.ascii	"\0330n\304\370w\030\317q\333pn\347h\347v\311\261+J\313"
 367      F87718CF 
 367      71DB706E 
 367      E768E776 
 367      C9B12B4A 
 368 0c39 48EA2732 		.ascii	"H\352'2<\373\016\316\370\336\305+\274\2071\226q\235"
 368      3CFB0ECE 
 368      F8DEC52B 
 368      BC873196 
 368      719D
 369 0c4b DC88F146 		.ascii	"\334\210\361Fdd+\306\357b\274\013\343\335\030\177\213"
 369      64642BC6 
 369      EF62BC0B 
 369      E3DD187F 
 369      8B
 370 0c5c F1593BBE 		.ascii	"\361Y;\276zG\352\342/\254\307\335d\271\275\272\317W"
 370      7A47EAE2 
 370      2FACC7DD 
ARM GAS  /tmp/cclRW6DB.s 			page 29


 370      64B9BDBA 
 370      CF57
 371 0c6e CA4FEC5D 		.ascii	"\312O\354]\340\364N\376\231\304\032\365\324d\036\336"
 371      E0F44EFE 
 371      99C41AF5 
 371      D4641EDE 
 372 0c7e DFBED26B 		.ascii	"\337\276\322k\244\352\323Vxc\17763'i\356\0306\316\237"
 372      A4EAD356 
 372      78637F36 
 372      332769EE 
 372      1836CE9F 
 373 0c92 C79219C5 		.ascii	"\307\222\031\305uL3z\364\301\312Y\254Zv\252\206\220"
 373      754C337A 
 373      F4C1CA59 
 373      AC5A76AA 
 373      8690
 374 0ca4 AB92D4E2 		.ascii	"\253\222\324\342\276\016S\2723\036,a%\367\205\356\324"
 374      BE0E53BA 
 374      331E2C61 
 374      25F785EE 
 374      D4
 375 0cb5 796F9E37 		.ascii	"yo\2367\225\350\227\324\255yF\026t\255fpy0\314u}\337"
 375      95E897D4 
 375      AD794616 
 375      74AD6670 
 375      7930CC75 
 376 0ccb C1CA2D79 		.ascii	"\301\312-y\2069\031\231\206X\321\364\254\233R\355\026"
 376      86391999 
 376      8658D1F4 
 376      AC9B52ED 
 376      16
 377 0cdc 3B124C73 		.ascii	";\022Ls\232|1HFl\002\3111\255\216\261|\0266\302\350"
 377      9A7C3148 
 377      466C02C9 
 377      31AD8EB1 
 377      7C1636C2 
 378 0cf1 7FB8C9B3 		.ascii	"\177\270\311\263k\320L^@\003\331\204\361v\214\237F\213"
 378      6BD04C5E 
 378      4003D984 
 378      F1768C9F 
 378      468B
 379 0d03 7E06E3C5 		.ascii	"~\006\343\305\030\267\322\326\255\223\212\332\311\355"
 379      18B7D2D6 
 379      AD938ADA 
 379      C9ED
 380 0d11 A35AF375 		.ascii	"\243Z\363u\335<J/e\236\375\275\343n^n\321\315\332\211"
 380      DD3C4A2F 
 380      659EFDBD 
 380      E36E5E6E 
 380      D1CDDA89 
 381 0d25 9A55BD65 		.ascii	"\232U\275e\251\256\3600\277S~W!\317b\037\243\346\230"
 381      A9AEF030 
 381      BF537E57 
 381      21CF621F 
 381      A3E698
 382 0d38 D4BC3175 		.ascii	"\324\2741uW\201gW\270= \361\266\376\2267\015H\001\255"
 382      57816757 
ARM GAS  /tmp/cclRW6DB.s 			page 30


 382      B83D20F1 
 382      B6FE9637 
 382      0D4801AD 
 383 0d4c 6925ADA5 		.ascii	"i%\255\245\240\312-L\233\034O$\226^\371BZ\332\034\237"
 383      A0CA2D4C 
 383      9B1C4F24 
 383      965EF942 
 383      5ADA1C9F 
 384 0d60 2DF7F43C 		.ascii	"-\367\364<\301\334\300,V\271\225YI9\016\260\"\373y\367"
 384      C1DCC02C 
 384      56B99559 
 384      49390EB0 
 384      22FB79F7 
 385 0d74 0D987229 		.ascii	"\015\230r)\277\304\3104\311\222\223?\024,dR\277\333"
 385      BFC4C834 
 385      C992933F 
 385      142C6452 
 385      BFDB
 386 0d86 BBF2C5AD 		.ascii	"\273\362\305\255\270e\264\312\215\307A\3753\316\261"
 386      B865B4CA 
 386      8DC741FD 
 386      33CEB1
 387 0d95 F430848E 		.ascii	"\3640\204\216\027\334\2069\326\372lN\311\315|\210\274"
 387      17DC8639 
 387      D6FA6C4E 
 387      C9CD7C88 
 387      BC
 388 0da6 6115B941 		.ascii	"a\025\271A\257\375\324\370cl\236\324\324\032\323\375"
 388      AFFDD4F8 
 388      636C9ED4 
 388      D41AD3FD 
 389 0db6 8E38C304 		.ascii	"\2168\303\004\213\354\011\\\360\310My:\025Kg\203\353"
 389      8BEC095C 
 389      F0C84D79 
 389      3A154B67 
 389      83EB
 390 0dc8 1CABD87A 		.ascii	"\034\253\330z\013\025\323\366\2778\346\270\221\007'"
 390      0B15D3F6 
 390      BF38E6B8 
 390      910727
 391 0dd7 6337B0B0 		.ascii	"c7\260\260\311\335Z\2509B\003\375S\364~\213g_sL\377"
 391      C9DD5AA8 
 391      394203FD 
 391      53F47E8B 
 391      675F734C 
 392 0dec 060BFABD 		.ascii	"\006\013\372\275I\372\2774\322\257k5\315tA;\327;\205"
 392      49FABF34 
 392      D2AF6B35 
 392      CD74413B 
 392      D73B85
 393 0dff BF1BD66C 		.ascii	"\277\033\326l\343\033#\234\331\032L\267\")4S\027\246"
 393      E31B239C 
 393      D91A4CB7 
 393      22293453 
 393      17A6
 394 0e11 97AEF1EC 		.ascii	"\227\256\361\354Z7\361F/\242\277y\031\343W1\336hgf\261"
 394      5A37F146 
ARM GAS  /tmp/cclRW6DB.s 			page 31


 394      2FA2BF79 
 394      19E35731 
 394      DE686766 
 395 0e26 3265F3AA 		.ascii	"2e\363\252\375\360\354\360\\\223W\236}(\265\271\311"
 395      FDF0ECF0 
 395      5C93579E 
 395      7D28B5B9 
 395      C9
 396 0e37 31970D16 		.ascii	"1\227\015\026r\033\263R\226[\210\015_ \013\247q\012"
 396      721BB352 
 396      965B880D 
 396      5F200BA7 
 396      710A
 397 0e49 320C2803 		.ascii	"2\014(\003H\271v\367-\246\024\250\355+\225\345-\302"
 397      48B976F7 
 397      2DA614A8 
 397      ED2B95E5 
 397      2DC2
 398 0e5b 386C8D63 		.ascii	"8l\215c\236\311Pkx\252\322\345d\245e6*1\314/\230\325"
 398      9EC9506B 
 398      78AAD2E5 
 398      64A56536 
 398      2A31CC2F 
 399 0e71 C46BBDDA 		.ascii	"\304k\275\332\3248\300\255\370\025&M-UJ[\334\272\177"
 399      D438C0AD 
 399      F815264D 
 399      2D554A5B 
 399      DCBA7F
 400 0e84 20401C56 		.ascii	" @\034V{\"\376\241\320!\237\205\261\337\340\253,.\310"
 400      7B22FEA1 
 400      D0219F85 
 400      B1DFE0AB 
 400      2C2EC8
 401 0e97 E38F92F5 		.ascii	"\343\217\222\365\256Ja?\371\242N\213\222\357\352\275"
 401      AE4A613F 
 401      F9A24E8B 
 401      92EFEABD 
 402 0ea7 1983E4D7 		.ascii	"\031\203\344\327\0140\223\274|-\250\312\234g\267\341"
 402      0C3093BC 
 402      7C2DA8CA 
 402      9C67B7E1 
 403 0eb7 8C6AA72D 		.ascii	"\214j\247-\231\357 \342#\015\303\242\031\201\255\253"
 403      99EF20E2 
 403      230DC3A2 
 403      1981ADAB 
 404 0ec7 21795A6B 		.ascii	"!yZk\3771X\333]x\323X\315pKM\345\002\345.\313\363\344"
 404      FF3158DB 
 404      5D78D358 
 404      CD704B4D 
 404      E502E52E 
 405 0ede C6012CCA 		.ascii	"\306\001,\312\210Qk\351\364\372=SA\357\3744\257yV\242"
 405      88516BE9 
 405      F4FA3D53 
 405      41EFFC34 
 405      AF7956A2 
 406 0ef2 A7E71607 		.ascii	"\247\347\026\007\243\302\276\264\242V\307#\203h\337"
 406      A3C2BEB4 
ARM GAS  /tmp/cclRW6DB.s 			page 32


 406      A256C723 
 406      8368DF
 407 0f01 35176D8F 		.ascii	"5\027m\217Q\264{m\211v#\221\221b\375\007\021x\257\245"
 407      51B47B6D 
 407      89762391 
 407      9162FD07 
 407      1178AFA5 
 408 0f15 8C547254 		.ascii	"\214TrT\031\031t\323\2525\225\321\003\246\";\0334\325"
 408      191974D3 
 408      AA3595D1 
 408      03A6223B 
 408      1B34D5
 409 0f28 CD74123B 		.ascii	"\315t\022;l&1\203\204\216\232K\350\217\202AB\037\247"
 409      6C263183 
 409      848E9A4B 
 409      E88F8241 
 409      421FA7
 410 0f3b 979015AB 		.ascii	"\227\220\025\253V\325T\012?1e\265U1\303\005>\007\274"
 410      56D5540A 
 410      3F3165B5 
 410      5531C305 
 410      3E07BC
 411 0f4e 1E4FAB1D 		.ascii	"\036O\253\035v\034\340w6u\245\323\221\353\343\331?f"
 411      761CE077 
 411      3675A5D3 
 411      91EBE3D9 
 411      3F66
 412 0f60 A865E2FA 		.ascii	"\250e\342\372\3004mT\262\222\271U-UR\237\367\226y\242"
 412      C0346D54 
 412      B292B955 
 412      2D55529F 
 412      F79679A2 
 413 0f74 39B16BC1 		.ascii	"9\261k\301^\366\311\026\371*9\304\262\357\376N\244\231"
 413      5EF6C916 
 413      F92A39C4 
 413      B2EFFE4E 
 413      A499
 414 0f86 A929731F 		.ascii	"\251)s\037\253\232_\231\014S\026\3562\371\256\256,,"
 414      AB9A5F99 
 414      0C5316EE 
 414      32F9AEAE 
 414      2C2C
 415 0f98 DFE7B9BD 		.ascii	"\337\347\271\275\326\304P3"
 415      D6C45033 
 416 0fa0 F25EC47C 		.ascii	"\362^\304|\353\246Oa\015z!_\247\327\013\255\320\337"
 416      EBA64F61 
 416      0D7A215F 
 416      A7D70BAD 
 416      D0DF
 417 0fb2 CCE418EF 		.ascii	"\314\344\030\357\371\364i\231u\354\333\316\031\265\367"
 417      F9F46999 
 417      75ECDBCE 
 417      19B5F7
 418 0fc1 ABCCBE6D 		.ascii	"\253\314\276m\201\005]\027L\351j9!{\034;\220\213i\311"
 418      81055D17 
 418      4CE96A39 
 418      217B1C3B 
ARM GAS  /tmp/cclRW6DB.s 			page 33


 418      908B69C9 
 419 0fd5 32768FF9 		.ascii	"2v\217\371\350\326fA\346\017\246j\270\344\255\323#["
 419      E8D66641 
 419      E60FA66A 
 419      B8E4ADD3 
 419      235B
 420 0fe7 5F9767CF 		.ascii	"_\227g\317\221\273{\236`\355+\342U#\245D\027\014\224"
 420      91BB7B9E 
 420      60ED2BE2 
 420      5523A544 
 420      170C94
 421 0ffa 6CB6A0A4 		.ascii	"l\266\240\244[O"
 421      5B4F
 422 1000 893AE784 		.ascii	"\211:\347\204\225R\332_\240\367P\023N\222\226{\324\217"
 422      9552DA5F 
 422      A0F75013 
 422      4E92967B 
 422      D48F
 423 1012 72779164 		.ascii	"rw\221d=\321K\011\311\274\334\212\0059+\251\204\206"
 423      3DD14B09 
 423      C9BCDC8A 
 423      05392BA9 
 423      8486
 424 1024 5AAFA5A9 		.ascii	"Z\257\245\2515\313\262\026\261M\253Z\365\226\265\316"
 424      35CBB216 
 424      B14DAB5A 
 424      F596B5CE 
 425 1034 A5A9D560 		.ascii	"\245\251\325`Y\353b\232Z\263-k]MS\253\321\262\326\363"
 425      59EB629A 
 425      5AB32D6B 
 425      5D4D53AB 
 425      D1B2D6F3 
 426 1048 696A35A5 		.ascii	"ij5\245j1\327\227\212\241\031\202\030+\010\025\007\374"
 426      6A31D797 
 426      8AA11982 
 426      182B0815 
 426      07FC
 427 105a 31A12616 		.ascii	"1\241&\026\021\207T1\271\343\213K\312\361\305/e\377"
 427      11875431 
 427      B9E38B4B 
 427      CAF1C52F 
 427      65FF
 428 106c 66D243BE 		.ascii	"f\322C\276\022\246\177*+&\361\222\340\031?itI\305\370"
 428      12A67F2A 
 428      2B26F192 
 428      E0193F69 
 428      7449C5F8 
 429 1080 DF8E718F 		.ascii	"\337\216q\217/\2350\306\375\300C\345\017g\341\027\267"
 429      2F9D30C6 
 429      FDC043E5 
 429      0F67E117 
 429      B7
 430 1091 15D4C6C4 		.ascii	"\025\324\306\304\002^\014\337]\023\251\021\356\026\370"
 430      025E0CDF 
 430      5D13A911 
 430      EE16F8
 431 10a0 69A18250 		.ascii	"i\241\202PM\240\2726(\024\304\244`\250F\202\006rj\341"
ARM GAS  /tmp/cclRW6DB.s 			page 34


 431      4DA0BA36 
 431      2814C4A4 
 431      60A84682 
 431      06726AE1 
 432 10b4 39C22F0D 		.ascii	"9\302/\015KS8\314\007\252B5B\201?(T\362\265\325\222"
 432      4B5338CC 
 432      07AA4235 
 432      42813F28 
 432      54F2B5D5 
 433 10c9 5F9A1915 		.ascii	"_\232\031\025bP\331\353\367\253\325s\370`P\024b\261"
 433      6250D9EB 
 433      F7ABD573 
 433      F8605014 
 433      62B1
 434 10db D282AA48 		.ascii	"\322\202\252HX(\010D\2023\013\202\302\214\002\2508-"
 434      58280844 
 434      82330B82 
 434      C28C02A8 
 434      382D
 435 10ed 14891548 		.ascii	"\024\211\025Hbm\315\243\005\220\250\342\253\013\242"
 435      626DCDA3 
 435      0590A8E2 
 435      AB0BA2
 436 10fc 11518A15 		.ascii	"\021Q\212\025\224WL\034Z\\0aBi\00104\243\010\371\256"
 436      94574C1C 
 436      5A5C3061 
 436      42690130 
 436      34A308F9 
 437 1111 AE0E1258 		.ascii	"\256\016\022X\310P\244Ql\007N#\023\000\240r?x \373~"
 437      C850A451 
 437      6C074E23 
 437      1300A072 
 437      3F7820FB 
 438 1126 A91FE0F8 		.ascii	"\251\037\340\370\037\2324~\322\370\012\017I\226WL\236"
 438      1F9A347E 
 438      D2F80A0F 
 438      4996574C 
 438      9E
 439 1137 42B0FD65 		.ascii	"B\260\375ecF\227>\374\023\222R$\347\257\230J\277\225"
 439      6346973E 
 439      FC139252 
 439      24E7AF98 
 439      4ABF95
 440 114a 4DC59A13 		.ascii	"M\305\232\023&\227<8\2464\027\360\"\321p$H\000'O\231"
 440      26973C38 
 440      A63417F0 
 440      22D17024 
 440      4800274F 
 441 115f 38B9748C 		.ascii	"8\271t\214\037\276\035\244&\313'\202\300\375\245c~;"
 441      1FBE1DA4 
 441      26CB2782 
 441      C0FDA563 
 441      7E3B
 442 1171 BE64CC75 		.ascii	"\276d\314u\272\274q\223\313+r\"Q?\251\352!b\032Z\014"
 442      BABC7193 
 442      CB2B7222 
 442      513FA9EA 
ARM GAS  /tmp/cclRW6DB.s 			page 35


 442      21621A5A 
 443 1186 088AC448 		.ascii	"\010\212\304H27P\035\011<\352\217E\005!\230\017\215"
 443      3237501D 
 443      093CEA8F 
 443      45052198 
 443      0F8D
 444 1198 046BA599 		.ascii	"\004k\245\231\201\231\201jh'\277\274\242\324_\372P\305"
 444      8199816A 
 444      6827BFBC 
 444      A2D45FFA 
 444      50C5
 445 11aa C3FE9287 		.ascii	"\303\376\222\207K&\214\271n\354\350\362\012\352\335"
 445      4B268CB9 
 445      6EECE8F2 
 445      0AEADD
 446 11b9 5FFC0FC6 		.ascii	"_\374\017\306\234\242\341\376{\373\021\004?B\020.K\""
 446      9CA2E1FE 
 446      7BFB1104 
 446      3F42102E 
 446      4B22
 447 11cb 3595A1E9 		.ascii	"5\225\241\351\331\001|\020\251TV\363\323c\240F\202("
 447      D9017C10 
 447      A95456F3 
 447      D363A046 
 447      8228
 448 11dd 46C4D8D0 		.ascii	"F\304\330\320L\242\025\245\244d\003Ua\251\216(K\270"
 448      4CA215A5 
 448      A4640355 
 448      61A98E28 
 448      4BB8
 449 11ef 5612EAFC 		.ascii	"V\022\352\374R\026>G8B\210\315\214ij\323_\252\022\005"
 449      52163E47 
 449      384288CD 
 449      8C696AD3 
 449      5FAA1205 
 450 1203 3E18F33F 		.ascii	">\030\363?V+\324\002\273\003\002U~]\3260g\310\201*\242"
 450      562BD402 
 450      BB030255 
 450      7E5DD630 
 450      67C8812A 
 451 1218 351E05C2 		.ascii	"5\036\005\302/y\223p\331Q\177\215P'\301#*\0123\306\331"
 451      2F799370 
 451      D9517F8D 
 451      5027C123 
 451      2A0A33C6 
 452 122d 40555473 		.ascii	"@UTst\331\304\222\211uP2\034\015U\023\233\374MI\011"
 452      74D9C492 
 452      89755032 
 452      1C0D5513 
 452      9BFC4D49 
 453 1242 14D7E8CF 		.ascii	"\024\327\350\317\221\242b(\342WpC\221\034\0201\210C"
 453      91A26228 
 453      E2577043 
 453      911C1031 
 453      8843
 454 1254 BAD7317E 		.ascii	"\272\3271~U \"\012\304\312I\266\037\364\" \325\375K"
 454      5520220A 
ARM GAS  /tmp/cclRW6DB.s 			page 36


 454      C4CA49B6 
 454      1FF42220 
 454      D5FD4B
 455 1267 DF50FC33 		.ascii	"\337P\3743\356\011\023!\210\302t0b\277\344\212\025\015"
 455      EE091321 
 455      88C27430 
 455      62BFE48A 
 455      150D
 456 1279 87700F84 		.ascii	"\207p\017\204\021\020\356u\305\212\013!\024A(\2060\024"
 456      1110EE75 
 456      C58A0B21 
 456      14412886 
 456      3014
 457 128b C23008BF 		.ascii	"\3020\010\277\202\000\345\212\241\\1\224+\206rC\241"
 457      8200E58A 
 457      A15C3194 
 457      2B867243 
 457      A1
 458 129c DCD0224E 		.ascii	"\334\320\"N\034\306\211\277\342\304\341\234x\017'\216"
 458      1CC689BF 
 458      E2C4E19C 
 458      780F278E 
 459 12ac E0C47B5D 		.ascii	"\340\304{]bQ!\204\"\256Z\204\307\320\254\250\037\250"
 459      62512184 
 459      22AE5A84 
 459      C7D0ACA8 
 459      1FA8
 460 12be CD21127E 		.ascii	"\315!\022~\\\020\341\031\251\016\012\242;P\305\213D"
 460      5C10E119 
 460      A90E0AA2 
 460      3B50C58B 
 460      44
 461 12cf EC7C58F0 		.ascii	"\354|X\360H\252\035\302\227\230\312\221\0243\202w\324"
 461      48AA1DC2 
 461      9798CA91 
 461      14338277 
 461      D4
 462 12e0 C51C4914 		.ascii	"\305\034I\024*c(G\222\310\012\307\246\303\227\252y\200"
 462      2A632847 
 462      92C80AC7 
 462      A6C397AA 
 462      7980
 463 12f2 6F5153D9 		.ascii	"oQS\331bp&|\345\021\352B\022\210E\310~\\\212L\373\317"
 463      6270267C 
 463      E511EA42 
 463      128845C8 
 463      7E5C8A4C 
 464 1308 68AE3043 		.ascii	"h\2560C\250\221\302|\354Q\242\323\217\223\204+\352\257"
 464      A891C27C 
 464      EC51A2D3 
 464      8F93842B 
 464      EAAF
 465 131a CDD734A9 		.ascii	"\315\3274\251:\024\003O\325\237\322-\222\343\215\372"
 465      3A14034F 
 465      D59FD22D 
 465      92E38DFA 
 466 132a 1FE74352 		.ascii	"\037\347CR\250fz?0\315\330t\324\267,LB\206\020\025j"
ARM GAS  /tmp/cclRW6DB.s 			page 37


 466      A8667A3F 
 466      30CDD874 
 466      D4B72C4C 
 466      42861015 
 467 133f C0314E87 		.ascii	"\3001N\207R\240\361\244|?B\033_\215\375\014\231\321"
 467      52A0F1A4 
 467      7C3F421B 
 467      5F8DFD0C 
 467      99D1
 468 1351 48A43A27 		.ascii	"H\244:'\254h)<#\217\327\010bv\030\265\354\036GJ\253"
 468      AC68293C 
 468      238FD708 
 468      627618B5 
 468      EC1E474A 
 469 1366 D2045D36 		.ascii	"\322\004]6P\325[\020\201 \0125\001\020P\266\222\345"
 469      50D55B10 
 469      81200A35 
 469      011050B6 
 469      92E5
 470 1378 05A3257E 		.ascii	"\005\243%~\325/\241\377\000\033\327\374\007I\272\311"
 470      D52FA1FF 
 470      001BD7FC 
 470      0749BAC9 
 471 1388 575EB12E 		.ascii	"W^\261.\030\346\211X\275\222\226\032\353\324\007c<v"
 471      18E68958 
 471      BD92961A 
 471      EBD40763 
 471      3C76
 472 139a 585D1D0C 		.ascii	"X]\035\014\013a\2208\340\000]\367e\202\001\236\013J"
 472      0B619038 
 472      E0005DF7 
 472      6582019E 
 472      0B4A
 473 13ac 26968F2F 		.ascii	"&\226\217/\007\000\245f\345\260\302\242:\342\204\007"
 473      0700A566 
 473      E5B0C2A2 
 473      3AE28407 
 474 13bc 964E1CED 		.ascii	"\226N\034\355/\207\356\345\303\376\012\260\232R\241"
 474      2F87EEE5 
 474      C3FE0AB0 
 474      9A52A1
 475 13cb 922B2973 		.ascii	"\222+)sO*\255(sM\031]\346\236XH\242\242\321e\256\261"
 475      4F2AAD28 
 475      734D195D 
 475      E69E5848 
 475      A2A2D165 
 476 13e1 2565D931 		.ascii	"%e\3311,\350\016U\006\304\354P\254*T)ycBue\250&(\324"
 476      2CE80E55 
 476      06C4EC50 
 476      AC2A5429 
 476      79634275 
 477 13fa 65CF1002 		.ascii	"e\317\020\002RD\034\230\244\314\257\224\006'\004/b\035"
 477      52441C98 
 477      A4CCAF94 
 477      0627042F 
 477      621D
 478 140c 89A53A32 		.ascii	"\211\245:2Lj\015\271J\312\212 \024\273'\217.+\"Q1WZ"
ARM GAS  /tmp/cclRW6DB.s 			page 38


 478      4C6A0DB9 
 478      4ACA8A20 
 478      14BB278F 
 478      2E2B2251 
 479 1423 E62A87CC 		.ascii	"\346*\207\314\362\262bWIIYVE\331\370\3621\356\261\023"
 479      F2B26257 
 479      49495956 
 479      45D9F8F2 
 479      31EEB113 
 480 1437 801890B0 		.ascii	"\200\030\220\260\227x\246P\230\350%yDj%7\321\336,\251"
 480      9778A650 
 480      98E82579 
 480      446A2537 
 480      D1DE2CA9 
 481 144b EE81DACA 		.ascii	"\356\201\332\312,\021c\377\003\320\357\003\265\021\272"
 481      2C1163FF 
 481      03D0EF03 
 481      B511BA
 482 145a 2A5435BC 		.ascii	"*T5\274ph\341\220\000\323+\013\006/5\011\275\250\214"
 482      7068E190 
 482      00D32B0B 
 482      062F3509 
 482      BDA88C
 483 146d E21E0482 		.ascii	"\342\036\004\202\276\365\210j\"7,\360\261ZQ\030\013"
 483      BEF5886A 
 483      22372CF0 
 483      B15A5118 
 483      0B
 484 147e 4630482B 		.ascii	"F0H+N:|H\224\027\245!\205.\310\363T\325\206C\301\220"
 484      4E3A7C48 
 484      9417A521 
 484      852EC8F3 
 484      54D58643 
 485 1494 34335712 		.ascii	"43W\022\302QA\344%\250\220\247\025\016\325\204\244\354"
 485      C25141E4 
 485      25A890A7 
 485      150ED584 
 485      A4EC
 486 14a6 20B6ED99 		.ascii	" \266\355\231\306\307\204\321\240\012\311/cR$\232C\""
 486      C6C784D1 
 486      A00AC92F 
 486      6352249A 
 486      4322
 487 14b8 10CA4D5A 		.ascii	"\020\312MZ\246\332d\030L\246L\000\365\215Iyt\313\371"
 487      A6DA6418 
 487      4CA64C00 
 487      F58D4979 
 487      74CBF9
 488 14cb A94905C1 		.ascii	"\251I\005\301\316\247\347\030\221\350\015\324,D\344"
 488      CEA7E718 
 488      91E80DD4 
 488      2C44E4
 489 14da 6B627C40 		.ascii	"kb|@\362O\253\255\354\027\250\252\250\012\226W\013B"
 489      F24FABAD 
 489      EC17A8AA 
 489      A80A9657 
 489      0B42
ARM GAS  /tmp/cclRW6DB.s 			page 39


 490 14ec F47F014E 		.ascii	"\364\177\001N;\356M"
 490      3BEE4D
 491              		.text
 492              		.section	.gnu.lto_.symtab.dc5add6180f1d171,"",%progbits
 493 0000 68696836 		.ascii	"hih6030_init\000\000\000\000\000\000\000\000\000\000"
 493      3033305F 
 493      696E6974 
 493      00000000 
 493      00000000 
 494 0016 00003F02 		.ascii	"\000\000?\002\000\000hih6030_stop\000\000\000\000\000"
 494      00006869 
 494      68363033 
 494      305F7374 
 494      6F700000 
 495 002d 00000000 		.ascii	"\000\000\000\000\000\000\000K\002\000\000hih6030_me"
 495      0000004B 
 495      02000068 
 495      69683630 
 495      33305F6D 
 496 0042 61737572 		.ascii	"asurementRequest\000\000\000\000\000\000\000\000\000"
 496      656D656E 
 496      74526571 
 496      75657374 
 496      00000000 
 497 005b 00000054 		.ascii	"\000\000\000T\002\000\000hih6030_read\000\000\000\000"
 497      02000068 
 497      69683630 
 497      33305F72 
 497      65616400 
 498 0072 00000000 		.ascii	"\000\000\000\000\000\000\000\000Z\002\000\000I2CSen"
 498      00000000 
 498      5A020000 
 498      49324353 
 498      656E
 499 0084 736F725F 		.ascii	"sor_init\000\000\002\000\000\000\000\000\000\000\000"
 499      696E6974 
 499      00000200 
 499      00000000 
 499      000000
 500 0097 00640200 		.ascii	"\000d\002\000\000I2CSensor_stop\000\000\002\000\000"
 500      00493243 
 500      53656E73 
 500      6F725F73 
 500      746F7000 
 501 00af 00000000 		.ascii	"\000\000\000\000\000\000\000p\002\000\000I2CSensor_"
 501      00000070 
 501      02000049 
 501      32435365 
 501      6E736F72 
 502 00c4 7472616E 		.ascii	"transact_buf\000\000\002\000\000\000\000\000\000\000"
 502      73616374 
 502      5F627566 
 502      00000200 
 502      00000000 
 503 00da 00007502 		.ascii	"\000\000u\002\000\000chThdSleep\000\000\002\000\000"
 503      00006368 
 503      54686453 
ARM GAS  /tmp/cclRW6DB.s 			page 40


 503      6C656570 
 503      00000200 
 504 00ef 00000000 		.ascii	"\000\000\000\000\000\000\000{\002\000\000"
 504      0000007B 
 504      020000
 505              		.text
 506              		.section	.gnu.lto_.opts,"",%progbits
 507 0000 272D6D63 		.ascii	"'-mcpu=cortex-m4' '-mfloat-abi=hard' '-mfpu=fpv4-sp"
 507      70753D63 
 507      6F727465 
 507      782D6D34 
 507      2720272D 
 508 0033 2D643136 		.ascii	"-d16' '-mno-thumb-interwork' '-mthumb' '-O2' '-fomi"
 508      2720272D 
 508      6D6E6F2D 
 508      7468756D 
 508      622D696E 
 509 0066 742D6672 		.ascii	"t-frame-pointer' '-falign-functions=16' '-ffunction"
 509      616D652D 
 509      706F696E 
 509      74657227 
 509      20272D66 
 510 0099 2D736563 		.ascii	"-sections' '-fdata-sections' '-fno-common' '-flto' "
 510      74696F6E 
 510      73272027 
 510      2D666461 
 510      74612D73 
 511 00cc 272D6673 		.ascii	"'-fsingle-precision-constant'\000"
 511      696E676C 
 511      652D7072 
 511      65636973 
 511      696F6E2D 
 512              		.text
 513              		.section	.text.hih6030_init,"ax",%progbits
 514              		.align	2
 515              		.p2align 4,,15
 516              		.global	hih6030_init
 517              		.thumb
 518              		.thumb_func
 519              		.type	hih6030_init, %function
 520              	hih6030_init:
 521              		@ args = 0, pretend = 0, frame = 0
 522              		@ frame_needed = 0, uses_anonymous_args = 0
 523 0000 70B5     		push	{r4, r5, r6, lr}
 524 0002 84B0     		sub	sp, sp, #16
 525 0004 00F12403 		add	r3, r0, #36
 526 0008 2826     		movs	r6, #40
 527 000a 074D     		ldr	r5, .L2
 528 000c 0093     		str	r3, [sp]
 529 000e 0196     		str	r6, [sp, #4]
 530 0010 00F12003 		add	r3, r0, #32
 531 0014 0295     		str	r5, [sp, #8]
 532 0016 0446     		mov	r4, r0
 533 0018 FFF7FEFF 		bl	I2CSensor_init
 534 001c 0023     		movs	r3, #0
 535 001e 84F82E30 		strb	r3, [r4, #46]
 536 0022 04B0     		add	sp, sp, #16
ARM GAS  /tmp/cclRW6DB.s 			page 41


 537              		@ sp needed
 538 0024 70BD     		pop	{r4, r5, r6, pc}
 539              	.L3:
 540 0026 00BF     		.align	2
 541              	.L2:
 542 0028 00000000 		.word	.LC0
 543              		.size	hih6030_init, .-hih6030_init
 544 002c AFF30080 		.section	.text.hih6030_stop,"ax",%progbits
 545              		.align	2
 546              		.p2align 4,,15
 547              		.global	hih6030_stop
 548              		.thumb
 549              		.thumb_func
 550              		.type	hih6030_stop, %function
 551              	hih6030_stop:
 552              		@ args = 0, pretend = 0, frame = 0
 553              		@ frame_needed = 0, uses_anonymous_args = 0
 554              		@ link register save eliminated.
 555 0000 FFF7FEBF 		b	I2CSensor_stop
 556              		.size	hih6030_stop, .-hih6030_stop
 557 0004 AFF30080 		.section	.text.hih6030_measurementRequest,"ax",%progbits
 557      AFF30080 
 557      AFF30080 
 558              		.align	2
 559              		.p2align 4,,15
 560              		.global	hih6030_measurementRequest
 561              		.thumb
 562              		.thumb_func
 563              		.type	hih6030_measurementRequest, %function
 564              	hih6030_measurementRequest:
 565              		@ args = 0, pretend = 0, frame = 0
 566              		@ frame_needed = 0, uses_anonymous_args = 0
 567 0000 0022     		movs	r2, #0
 568 0002 10B5     		push	{r4, lr}
 569 0004 0121     		movs	r1, #1
 570 0006 80F82020 		strb	r2, [r0, #32]
 571 000a 0446     		mov	r4, r0
 572 000c FFF7FEFF 		bl	I2CSensor_transact_buf
 573 0010 10B9     		cbnz	r0, .L6
 574 0012 0123     		movs	r3, #1
 575 0014 84F82E30 		strb	r3, [r4, #46]
 576              	.L6:
 577 0018 10BD     		pop	{r4, pc}
 578              		.size	hih6030_measurementRequest, .-hih6030_measurementRequest
 579 001a 00BFAFF3 		.section	.text.hih6030_read,"ax",%progbits
 579      0080
 580              		.align	2
 581              		.p2align 4,,15
 582              		.global	hih6030_read
 583              		.thumb
 584              		.thumb_func
 585              		.type	hih6030_read, %function
 586              	hih6030_read:
 587              		@ args = 0, pretend = 0, frame = 0
 588              		@ frame_needed = 0, uses_anonymous_args = 0
 589 0000 F8B5     		push	{r3, r4, r5, r6, r7, lr}
 590 0002 90F82E30 		ldrb	r3, [r0, #46]	@ zero_extendqisi2
ARM GAS  /tmp/cclRW6DB.s 			page 42


 591 0006 0446     		mov	r4, r0
 592 0008 0E46     		mov	r6, r1
 593 000a 1546     		mov	r5, r2
 594 000c CBB3     		cbz	r3, .L21
 595              	.L10:
 596 000e 2046     		mov	r0, r4
 597 0010 0021     		movs	r1, #0
 598 0012 0422     		movs	r2, #4
 599 0014 FFF7FEFF 		bl	I2CSensor_transact_buf
 600 0018 90BB     		cbnz	r0, .L12
 601 001a 94F82430 		ldrb	r3, [r4, #36]	@ zero_extendqisi2
 602 001e 1A06     		lsls	r2, r3, #24
 603 0020 2ED4     		bmi	.L12
 604 0022 94F82620 		ldrb	r2, [r4, #38]	@ zero_extendqisi2
 605 0026 94F82570 		ldrb	r7, [r4, #37]	@ zero_extendqisi2
 606 002a 94F82710 		ldrb	r1, [r4, #39]	@ zero_extendqisi2
 607 002e 03F03F03 		and	r3, r3, #63
 608 0032 9201     		lsls	r2, r2, #6
 609 0034 07EB0323 		add	r3, r7, r3, lsl #8
 610 0038 02EB9102 		add	r2, r2, r1, lsr #2
 611 003c 6EB1     		cbz	r6, .L14
 612 003e 07EE903A 		fmsr	s15, r3	@ int
 613 0042 F8EEE76A 		fsitos	s13, s15
 614 0046 DFED147A 		flds	s15, .L22
 615 004a 9FED147A 		flds	s14, .L22+4
 616 004e 66EEA77A 		fmuls	s15, s13, s15
 617 0052 C7EE877A 		fdivs	s15, s15, s14
 618 0056 C6ED007A 		fsts	s15, [r6]
 619              	.L14:
 620 005a 8DB1     		cbz	r5, .L12
 621 005c 07EE902A 		fmsr	s15, r2	@ int
 622 0060 B8EEE76A 		fsitos	s12, s15
 623 0064 DFED0E7A 		flds	s15, .L22+8
 624 0068 DFED0C6A 		flds	s13, .L22+4
 625 006c 9FED0D7A 		flds	s14, .L22+12
 626 0070 66EE277A 		fmuls	s15, s12, s15
 627 0074 C7EEA67A 		fdivs	s15, s15, s13
 628 0078 77EEC77A 		fsubs	s15, s15, s14
 629 007c C5ED007A 		fsts	s15, [r5]
 630              	.L12:
 631 0080 F8BD     		pop	{r3, r4, r5, r6, r7, pc}
 632              	.L21:
 633 0082 80F82030 		strb	r3, [r0, #32]
 634 0086 1A46     		mov	r2, r3
 635 0088 0121     		movs	r1, #1
 636 008a FFF7FEFF 		bl	I2CSensor_transact_buf
 637 008e 4FF4B970 		mov	r0, #370
 638 0092 FFF7FEFF 		bl	chThdSleep
 639 0096 BAE7     		b	.L10
 640              	.L23:
 641              		.align	2
 642              	.L22:
 643 0098 0000C842 		.word	1120403456
 644 009c 00F87F46 		.word	1182791680
 645 00a0 00002543 		.word	1126498304
 646 00a4 00002042 		.word	1109393408
 647              		.size	hih6030_read, .-hih6030_read
ARM GAS  /tmp/cclRW6DB.s 			page 43


 648 00a8 AFF30080 		.section	.rodata.str1.4,"aMS",%progbits,1
 648      AFF30080 
 649              		.align	2
 650              	.LC0:
 651 0000 48494836 		.ascii	"HIH6030\000"
 651      30333000 
 652              		.comm	__gnu_lto_v1,1,1
 653              		.ident	"GCC: (GNU Tools for ARM Embedded Processors) 4.8.4 20140526 (release) [ARM/embedded-4_8-br
ARM GAS  /tmp/cclRW6DB.s 			page 44


DEFINED SYMBOLS
                            *ABS*:0000000000000000 hih6030.c
     /tmp/cclRW6DB.s:514    .text.hih6030_init:0000000000000000 $t
     /tmp/cclRW6DB.s:520    .text.hih6030_init:0000000000000000 hih6030_init
     /tmp/cclRW6DB.s:542    .text.hih6030_init:0000000000000028 $d
     /tmp/cclRW6DB.s:545    .text.hih6030_stop:0000000000000000 $t
     /tmp/cclRW6DB.s:551    .text.hih6030_stop:0000000000000000 hih6030_stop
     /tmp/cclRW6DB.s:558    .text.hih6030_measurementRequest:0000000000000000 $t
     /tmp/cclRW6DB.s:564    .text.hih6030_measurementRequest:0000000000000000 hih6030_measurementRequest
     /tmp/cclRW6DB.s:580    .text.hih6030_read:0000000000000000 $t
     /tmp/cclRW6DB.s:586    .text.hih6030_read:0000000000000000 hih6030_read
     /tmp/cclRW6DB.s:643    .text.hih6030_read:0000000000000098 $d
     /tmp/cclRW6DB.s:649    .rodata.str1.4:0000000000000000 $d
                            *COM*:0000000000000001 __gnu_lto_v1
     /tmp/cclRW6DB.s:544    .text.hih6030_init:000000000000002c $t
     /tmp/cclRW6DB.s:648    .text.hih6030_read:00000000000000a8 $t

UNDEFINED SYMBOLS
I2CSensor_init
I2CSensor_stop
I2CSensor_transact_buf
chThdSleep
