ARM GAS  /tmp/ccCbShun.s 			page 1


   1              		.syntax unified
   2              		.cpu cortex-m4
   3              		.eabi_attribute 27, 3
   4              		.eabi_attribute 28, 1
   5              		.fpu fpv4-sp-d16
   6              		.eabi_attribute 20, 1
   7              		.eabi_attribute 21, 1
   8              		.eabi_attribute 23, 3
   9              		.eabi_attribute 24, 1
  10              		.eabi_attribute 25, 1
  11              		.eabi_attribute 26, 1
  12              		.eabi_attribute 30, 2
  13              		.eabi_attribute 34, 1
  14              		.eabi_attribute 18, 4
  15              		.thumb
  16              		.file	"st_lld.c"
  17              		.section	.gnu.lto_.jmpfuncs.7e3bd9c1a86624f6,"",%progbits
  18 0000 789C6362 		.ascii	"x\234cb`b\300\006\244\2414X\226\221\201\211)\2021\223"
  18      6062C006 
  18      A4A13458 
  18      96918189 
  18      29823193 
  19 0014 91410628 		.ascii	"\221A\006(\000fp\000E\001\031\363\001\323"
  19      00667000 
  19      450119F3 
  19      01D3
  20              		.text
  21              		.section	.gnu.lto_.inline.7e3bd9c1a86624f6,"",%progbits
  22 0000 789C6362 		.ascii	"x\234cb`b\300\006\254\2404P\226C\222\221\201\211\355"
  22      6062C006 
  22      ACA03450 
  22      96439291 
  22      8189ED
  23 0013 831E03DB 		.ascii	"\203\036\003\333\002y\260bF.8\301 \010\222\024\373\260"
  23      0279B062 
  23      462E38C1 
  23      20089214 
  23      FBB0
  24 0025 9A112ECB 		.ascii	"\232\021.\313\314\003\326\305\000\000\250.\005\036"
  24      CC03D6C5 
  24      0000A82E 
  24      051E
  25              		.text
  26              		.section	.gnu.lto_.pureconst.7e3bd9c1a86624f6,"",%progbits
  27 0000 789C6362 		.ascii	"x\234cb`b`e\200\000&\006+F)\000\001f\000a"
  27      60626065 
  27      80002606 
  27      2B462900 
  27      01660061 
  28              		.text
  29              		.section	.gnu.lto_VectorB0.7e3bd9c1a86624f6,"",%progbits
  30 0000 789C8D50 		.ascii	"x\234\215P=K\003A\020\235\331$*Vim$\215\225\037\353"
  30      3D4B0341 
  30      109DD924 
  30      2A56696D 
  30      248D951F 
  31 0015 C70F5050 		.ascii	"\307\017PP\204@\322\230\010Z\311es\220\305$'w\0271X"
ARM GAS  /tmp/ccCbShun.s 			page 2


  31      8440D298 
  31      085AC965 
  31      7390C524 
  31      27771731 
  32 002a E4A20145 		.ascii	"\344\242\001EER\006ED\004\301\017\214\244J\031\024+"
  32      45520645 
  32      4404C10F 
  32      8CA44A19 
  32      142B
  33 003c 63C4C65A 		.ascii	"c\304\306Z\305\037\240\2266\272\267\027\217`c\026v\346"
  33      C51FA096 
  33      36BAB717 
  33      8F606316 
  33      76E6
  34 004e 313BF3DE 		.ascii	"1;\363\336\233%@\340\357\351\021\367\012\001\236DF\017"
  34      9B2540E0 
  34      EFE911F7 
  34      0A019E44 
  34      460F
  35 0060 20293600 		.ascii	" )6\000\362]\004\321\006\200\220#\230\233G\331[&\265"
  35      F25D04D1 
  35      06809023 
  35      989B47D9 
  35      5B26B5
  36 0073 E7EFEFCB 		.ascii	"\347\357\357\313\317\255\303:^\220nQ\361A\301\262\212"
  36      CFADC33A 
  36      5E906E51 
  36      F141C1B2 
  36      8A
  37 0084 0100263B 		.ascii	"\001\000&;\242\"\332c\263H\354\354\271\207\353j\265"
  37      A222DA63 
  37      B348ECEC 
  37      B987EB6A 
  37      B5
  38 0095 FC42143C 		.ascii	"\374B\024<B\037\364\303\231U\310[\343\034a\037\366\220"
  38      421FF4C3 
  38      9955C85B 
  38      E31C611F 
  38      F690
  39 00a7 23CE8940 		.ascii	"#\316\211@,q\274 \241T\2119b\262\"A\003\326>vo*;\036"
  39      2C71BC20 
  39      A1548939 
  39      62B22241 
  39      03D63E76 
  40 00bf 57CDE193 		.ascii	"W\315\341\223\366\0206\204m1\351q\226\353\205\022\036"
  40      F6103684 
  40      6D31E971 
  40      96EB8512 
  40      1E
  41 00d0 58A5092E 		.ascii	"X\245\011.\252M\022o\300F\356\373~\363\335\347\310<"
  41      AA4D126F 
  41      C046EEFB 
  41      7EF3DDE7 
  41      C83C
  42 00e2 C0FAFBDD 		.ascii	"\300\372\373\335\355\361\316\240\313\356\200\332\366"
  42      EDF1CEA0 
  42      CBEE80DA 
ARM GAS  /tmp/ccCbShun.s 			page 3


  42      F6
  43 00ef DBABEF57 		.ascii	"\333\253\357W\212a\323\324*|Y\233\226\237c\007C\261"
  43      8A61D3D4 
  43      2A7C599B 
  43      969F6307 
  43      43B1
  44 0101 D6B9C3C2 		.ascii	"\326\271\303\302\261\263]\233\012\236\010 mA\213-\005"
  44      B1B35D9B 
  44      0A9E0820 
  44      6D418B2D 
  44      05
  45 0112 4FB1D735 		.ascii	"O\261\3275tU\231\377\235m\025\224\0339b\217\220\177"
  45      745599FF 
  45      9D6D1594 
  45      1B39628F 
  45      907F
  46 0124 AEF7B902 		.ascii	"\256\367\271\002\340\374>\332\277n\363M\322\204\226"
  46      E0FC3EDA 
  46      BF6EF34D 
  46      D28496
  47 0133 5229D3E2 		.ascii	"R)\323\342Y\032W\227)K\360\030\327\014j\352\231\364"
  47      591A5797 
  47      294BF018 
  47      D70C6AEA 
  47      99F4
  48 0145 221520A1 		.ascii	"\"\025 \241$\351\222\246\233\006\215D\303c\2434\024"
  48      24E992A6 
  48      9B068D44 
  48      C363A334 
  48      14
  49 0156 9AA2D160 		.ascii	"\232\242\321`xy\204\032\346B2\031\037b0\361\037\207"
  49      7879841A 
  49      E6423219 
  49      1F6230F1 
  49      1F87
  50 0168 BA62D2C9 		.ascii	"\272b\322\311p$\030\241<\315\222\231\270\335\253\253"
  50      702418A1 
  50      3CCD9299 
  50      B8DDABAB 
  51 0178 0B2C359D 		.ascii	"\013,5\235I\263\241\004\370\303\221\231@L1\324%\235"
  51      49B3A104 
  51      F8C39199 
  51      404C31D4 
  51      259D
  52 018a 0F04FA86 		.ascii	"\017\004\372\206\201\350\320\231RS\232\236\205\261v"
  52      81E8D099 
  52      52539A9E 
  52      85B176
  53 0199 0C6A8608 		.ascii	"\014j\206\010\272)\263\340\373\001\247(\252\223"
  53      BA29B3E0 
  53      FB01A728 
  53      AA93
  54              		.text
  55              		.section	.gnu.lto_st_lld_init.7e3bd9c1a86624f6,"",%progbits
  56 0000 789C95D3 		.ascii	"x\234\225\323\275K\303@\024\000\360\367\356\232\032"
  56      BD4BC340 
  56      1400F0F7 
ARM GAS  /tmp/ccCbShun.s 			page 4


  56      EE9A1A
  57 000f 1DD4B5E0 		.ascii	"\035\324\265\340\340\346 z\250\177\200\210:\010u2\202"
  57      E0E6207A 
  57      A87F8088 
  57      3A087532 
  57      82
  58 0020 4ED2A6A5 		.ascii	"N\322\246\245\015V#m-\024\207^Q\241\320\245cQ\027W\021"
  58      0D56236D 
  58      2D14875E 
  58      51A1D0A5 
  58      63511757 
  59 0035 5DA382D5 		.ascii	"]\243\202\325\356\365c+N\305\305\325\261\270\324\273"
  59      EEF5632B 
  59      4EC5C5D5 
  59      B1B8D4BB 
  60 0045 A4E98705 		.ascii	"\244\351\207\005!\017\356+w\357\227\033\336\021 \360"
  60      210FEE2B 
  60      77EF971B 
  60      DE1120F0 
  61 0055 3702A265 		.ascii	"7\002\242e)\300\252\030\221\002\222\322\013@^%\210r"
  61      29C0AA18 
  61      910292D2 
  61      0B405E25 
  61      8872
  62 0067 02083982 		.ascii	"\002\0109\202\271m\264\317\336\222\247F\253u\363V\274"
  62      B96DB4CF 
  62      DE92A746 
  62      AB75F356 
  62      BC
  63 0078 B8C67B32 		.ascii	"\270\306{2J\300@\240\262\023\241\300\011\347\245I\000"
  63      4AC040A0 
  63      B213A1C0 
  63      09E7A549 
  63      00
  64 0089 DD5E6AA2 		.ascii	"\335^j\242\227\300&\0229\322\032T?\352\017\201\020^"
  64      97C02612 
  64      39D21A54 
  64      3FEA0F81 
  64      105E
  65 009b A2023124 		.ascii	"\242\0021$\323p\305O\362\343\006\3429\234\241\201dK"
  65      D370C54F 
  65      F2E306E2 
  65      399CA181 
  65      644B
  66 00ad 74947F17 		.ascii	"t\224\177\027\270\017\354\251\375\3030\272\327\254\301"
  66      B80FECA9 
  66      FDC330BA 
  66      D7ACC1
  67 00bc F11D75B3 		.ascii	"\361\035u\263i\3149\017h\357T\327\234\015ofL\256E\262"
  67      69CC390F 
  67      68EF54D7 
  67      9C0D6F66 
  67      4CAE45B2 
  68 00d0 653D3ED3 		.ascii	"e=>\323^\200/v\004\237LS\270\010GP\332\202C\310/\370"
  68      5E802F76 
  68      049F4C53 
  68      B8084750 
ARM GAS  /tmp/ccCbShun.s 			page 5


  68      DA8243C8 
  69 00e6 BAE4DCC1 		.ascii	"\272\344\334\301\252{gH\227i\211\030kKM\357\022\355"
  69      AA7B6748 
  69      97698918 
  69      6B4B4DEF 
  69      12ED
  70 00f8 4AD056CA 		.ascii	"J\320V\312\025W\231\201k\251l\213\315.\350\377\037\364"
  70      15579981 
  70      6BA96C8B 
  70      CD2EE8FF 
  70      1FF4
  71 010a 75C0A14E 		.ascii	"u\300\241N\251\364\361V\305\363%\225A\245\356]\361\017"
  71      A9F4F156 
  71      C5F32595 
  71      41A5EE5D 
  71      F10F
  72 011c 2A4DEFCA 		.ascii	"*M\357\312PGq\213\310*\177zV\324~\345\025N\033\305\257"
  72      5047718B 
  72      C82A7F7A 
  72      56D47EE5 
  72      154E1BC5 
  73 0131 11070138 		.ascii	"\021\007\0018\202\037^\340\242\036U\275\247b\206'\234"
  73      821F5EE0 
  73      A21E55BD 
  73      A7628627 
  73      9C
  74 0142 41150F67 		.ascii	"A\025\017g\004\340\035\362\215\253)7\305\011M\034\027"
  74      04E01DF2 
  74      8DAB2937 
  74      C5094D1C 
  74      17
  75 0153 8F4696C7 		.ascii	"\217F\226\3072\213\233{Q\246\233\221,\213D3L\217\033"
  75      328B9B7B 
  75      51A69B91 
  75      2C8B4433 
  75      4C8F1B
  76 0166 61C34CB1 		.ascii	"a\303L\261t\362p\177\227\211I<\224`\007f2\235b\033\332"
  76      74F2707F 
  76      9789493C 
  76      94600766 
  76      329D621B 
  77 017b FAC23C0B 		.ascii	"\372\302<\013\006W\230\266\266\236\231c\251\364N\"\021"
  77      065798B6 
  77      B69E9963 
  77      A9F44E22 
  77      11
  78 018c 99D5E117 		.ascii	"\231\325\341\027A*\341\270"
  78      412AE1B8 
  79              		.text
  80              		.section	.gnu.lto_.symbol_nodes.7e3bd9c1a86624f6,"",%progbits
  81 0000 789C45C7 		.ascii	"x\234E\307\301\015@@\000D\321\231\331\355Co\032\231"
  81      C10D4040 
  81      0044D199 
  81      D9ED436F 
  81      1A99
  82 0012 65137154 		.ascii	"e\023qT\201f\334\325@\\\325\200M\210\375\227\237'\010"
  82      8166DCD5 
ARM GAS  /tmp/ccCbShun.s 			page 6


  82      405CD580 
  82      4D88FD97 
  82      9F2708
  83 0025 2DBE74D3 		.ascii	"-\276t\323\300\264\002\366<RIf%;Y/S\"{9Te9\376\012\010"
  83      C0B402F6 
  83      3C524966 
  83      253B592F 
  83      53227B39 
  84 003f 58B6AB5C 		.ascii	"X\266\253\\\310{9#\216\341l\360\000\260,\035-"
  84      C87B3923 
  84      8EE16CF0 
  84      00B02C1D 
  84      2D
  85              		.text
  86              		.section	.gnu.lto_.refs.7e3bd9c1a86624f6,"",%progbits
  87 0000 789C6362 		.ascii	"x\234cb`b`d\200\002\000\000F\000\006"
  87      60626064 
  87      80020000 
  87      460006
  88              		.text
  89              		.section	.gnu.lto_.decls.7e3bd9c1a86624f6,"",%progbits
  90 0000 789CA598 		.ascii	"x\234\245\230\177l\024E\024\307g\356\016zG\011b\215"
  90      7F6C1445 
  90      14C767EE 
  90      0E7A4709 
  90      628D
  91 0012 04F9C792 		.ascii	"\004\371\307\222\370+$z\264E\304\030\225\262-\320\244"
  91      F82B247A 
  91      B445C418 
  91      95B22DD0 
  91      A4
  92 0023 8566AF28 		.ascii	"\205f\257(\321?\216\345\272x\027\257wx\275\022\370\313"
  92      D13F8EE5 
  92      BA7817AF 
  92      7778BD12 
  92      F8CB
  93 0035 85222140 		.ascii	"\205\"!@\360\250\025\213\301\322\022j\012\242Vl\240"
  93      F0A8158B 
  93      C1D2126A 
  93      0AA2566C 
  93      A0
  94 0046 20342741 		.ascii	" 4'Al\300\010T\244\265E94\010\362K\344\207\230\212\324"
  94      6CC00854 
  94      A4B54539 
  94      3408F24B 
  94      E487988A 
  95 005b 99B7BB77 		.ascii	"\231\267\273w3\307m\273\253\033\336w\347vg>\363\346"
  95      33C76DBB 
  95      AB1BDE77 
  95      E776673E 
  95      F3E6
  96 006d CDBBE93B 		.ascii	"\315\273\351;l\310\206\234\030\241Ar\3753\036\241[v"
  96      6CC8869C 
  96      18A14172 
  96      FD331EA1 
  96      5B76
  97 007f 84C83FF4 		.ascii	"\204\310?\364\0021\362\0305#\365\032A\254\225\330Nb"
ARM GAS  /tmp/ccCbShun.s 			page 7


  97      0231F218 
  97      3523F51A 
  97      41AC95D8 
  97      4E62
  98 0091 9F12FB8C 		.ascii	"\237\022\373\214\330\347\350\336\213\366q\022\353 \266"
  98      D8E7E8DE 
  98      8BF67112 
  98      EB20B6
  99 00a0 97D86562 		.ascii	"\227\330ebW4\316\037\304n\020\333\256\261\017\023sh"
  99      5734CE1F 
  99      C46E10DB 
  99      AEB10F13 
  99      7368
 100 00b2 636E6ACC 		.ascii	"cnj\314O30\351\234\331\304\2624\356mb\323p\212\377\203"
 100      4F3330E9 
 100      9CD9C4B2 
 100      34EE6D62 
 100      D3708AFF 
 101 00c7 C67916AB 		.ascii	"\306y\026\253\363\264\023s\021\233@>w\223\373IbG\210"
 101      F3B41373 
 101      119B403E 
 101      7793FB49 
 101      624788
 102 00da F5123B44 		.ascii	"\365\022;D,N\254\213X'1\233\306\317\264\026\027Z\255"
 102      2C4EAC8B 
 102      5827319B 
 102      C6CFB416 
 102      175AAD
 103 00ed 282B94A6 		.ascii	"(+\224\246U\312\354\2561\010\315\307\022\036\343B\271"
 103      55CAECAE 
 103      3108CDC7 
 103      121EE342 
 103      B9
 104 00fe D018ED82 		.ascii	"\320\030\355\202)\037E\333\024%\226\370\352\347\204"
 104      291F45DB 
 104      142596F8 
 104      EAE784
 105 010d 4D519C12 		.ascii	"MQ\234\022n\306.\202|\034\243Ih\273B\336\220\361\023"
 105      6EC62E82 
 105      7C1CA349 
 105      68BB42DE 
 105      90F113
 106 0120 FE17F9CC 		.ascii	"\376\027\371\314\331\243v \267\0009\210\221\204\267"
 106      D9A37620 
 106      B7003988 
 106      9184B7
 107 012f E1491A47 		.ascii	"\341I\032G\302Y.\226\013\237\365\016\024\006\257\265"
 107      C2592E96 
 107      0B9FF50E 
 107      1406AFB5 
 108 013f 06DDE2FB 		.ascii	"\006\335\342\373\220\325\356\017\243F\245)\2218\363"
 108      90D5EE0F 
 108      A346A529 
 108      9138F3
 109 014e F5E99C4D 		.ascii	"\365\351\234MJ|\24528\370&\032\207\336%\213\243\356"
 109      4A7CA532 
 109      38F8261A 
ARM GAS  /tmp/ccCbShun.s 			page 8


 109      87DE258B 
 109      A3EE
 110 0160 2B382AE1 		.ascii	"+8*\341\027\036\314\270\002\312\337\216\307i\255yvu"
 110      171ECCB8 
 110      02CADF8E 
 110      C769AD79 
 110      7675
 111 0172 4E1BFA02 		.ascii	"N\033\372\002\363\213@\3501\324ByJ\253b\007\032\355"
 111      F38B40E8 
 111      31D44279 
 111      4AAB6207 
 111      1AED
 112 0184 DF8A1FE6 		.ascii	"\337\212\037\346]\335\201m\354\003\325\257\370\211\265"
 112      5DDD816D 
 112      EC03D5AF 
 112      F889B5
 113 0193 47B152A7 		.ascii	"G\261R\247\334\031\034\264k\323\331\320!S\023\354L\237"
 113      DC191CB4 
 113      6BD3D9D0 
 113      215313EC 
 113      4C9F
 114 01a5 E0E37B27 		.ascii	"\340\343{'H\304\022'\326\237\177\013o\250m\352R\256"
 114      48C41227 
 114      D69F7F0B 
 114      6FA86DEA 
 114      52AE
 115 01b7 D178E873 		.ascii	"\321x\350s\254\267\245\317\241B\3322B\352\336\271l\337"
 115      ACB7A5CF 
 115      A142DA32 
 115      42EADEB9 
 115      6CDF
 116 01c9 A41C54A3 		.ascii	"\244\034T\243\247#\2767@\354\312\210h{\357\030N\"\314"
 116      A723BE37 
 116      40ECCA88 
 116      687BEF18 
 116      4E22CC
 117 01dc 6F40BBB6 		.ascii	"o@\273\266\001v\310t\244f(\367\201\333\035\330\240V"
 117      0176C874 
 117      A46628F7 
 117      81DB1DD8 
 117      A056
 118 01ee 7B66C7F6 		.ascii	"{f\307\366\360\216A\022\327\016\231\304\022\336\212"
 118      F08E4112 
 118      D70E99C4 
 118      12DE8A
 119 01fd 1F359566 		.ascii	"\0375\225f9h\003]Q.CRF\352\250\005(\371}\270\321\177"
 119      3968035D 
 119      512E4352 
 119      46EAA805 
 119      28F97DB8 
 120 0213 6B2A7C1F 		.ascii	"k*|\037\366\342\034\342\252\342\340]\035\026C}\332O"
 120      F6E21CE2 
 120      AAE2E05D 
 120      1D16437D 
 120      DA4F
 121 0225 86AA8300 		.ascii	"\206\252\203\000\252\304\377\351\033\2558\324\347(\303"
 121      AAC4FFE9 
ARM GAS  /tmp/ccCbShun.s 			page 9


 121      1BAD38D4 
 121      E728C3
 122 0234 CAB56B22 		.ascii	"\312\265k\"jRV\326\306\007\3736?\2444\035$\310\016\370"
 122      6A5256D6 
 122      C607FB36 
 122      3FA4341D 
 122      24C80EF8 
 123 0248 4AAE0317 		.ascii	"J\256\003\027\350\330L\021\320\232\352\245u\340y\261"
 123      E8D84C11 
 123      D09AEAA5 
 123      75E079B1 
 124 0258 FED13149 		.ascii	"\376\3211I\207\305,\303r9X\035\013\2537\003s\032{V\317"
 124      87C52CC3 
 124      7239581D 
 124      0BAB3703 
 124      731A7B56 
 125 026d C2365986 		.ascii	"\3026Y\206\361\236mda\215f`c\215=k`a\315\226a\274g\357"
 125      F19E6D64 
 125      618D6660 
 125      638D3D6B 
 125      6061CD96 
 126 0285 B3B01633 		.ascii	"\263\260\0263\260\361\306\236mfa\037Y\206\361\2365\262"
 126      B0F1C69E 
 126      6D66611F 
 126      5986F19E 
 126      35B2
 127 0297 B0CFCCC0 		.ascii	"\260\317\314\300r\215=kca\273-\303x\317v\261\260}f`"
 127      728D3D6B 
 127      6361BB2D 
 127      C378CF76 
 127      B1B07D66 
 128 02ac 4F187BD6 		.ascii	"O\030{\326\316\302:-\303x\317v\263\260\203f`\223\215"
 128      CEC23A2D 
 128      C378CF76 
 128      B3B08366 
 128      60938D
 129 02bf 3C5B1EEF 		.ascii	"<[\036\357x5&\335\217b\332\221\242R\365c\005\363\251"
 129      783526DD 
 129      8F62DA91 
 129      A252F563 
 129      05F3A9
 130 02d2 C5766B36 		.ascii	"\305vk6\356&\341>|?\264\340\370T\264\343\023z\030\235"
 130      EE26E13E 
 130      7C3FB4E0 
 130      F854B4E3 
 130      137A189D 
 131 02e6 E1FDEA29 		.ascii	"\341\375\352)\235\372\372k\215\324\231\315\366\"\313"
 131      9DFAFA6B 
 131      8DD499CD 
 131      F622CB
 132 02f5 3E9CBE6C 		.ascii	">\234\276l\336\213L\353\346\203\270\217\015\342\021"
 132      DE8B4CEB 
 132      E683B88F 
 132      0DE211
 133 0304 33419C6E 		.ascii	"3A\234n\014\333\317\302\216\231\201\3156\316\225N\026"
 133      0CDBCFC2 
 133      8E9981CD 
ARM GAS  /tmp/ccCbShun.s 			page 10


 133      36CE954E 
 133      16
 134 0315 F69D6518 		.ascii	"\366\235e\030\357\331q\026\326k\006Vn\354Y7\013\353"
 134      EFD97116 
 134      D66B0656 
 134      6EEC5937 
 134      0BEB
 135 0327 B70C633D 		.ascii	"\267\014c=[\036?\231J\274\246\351i\2317\235?m\271n\315"
 135      5B1E3F99 
 135      4ABCA6E9 
 135      6999379D 
 135      3F6DB96E 
 136 033c 86DD24FC 		.ascii	"\206\335$\374\233\345\304\273h\220x\230K\274\213\251"
 136      9BE5C4BB 
 136      68907898 
 136      4BBC8BA9 
 137 034c C43B9BBE 		.ascii	"\304;\233\276l\316\011\2559?C\0143]\354\037j\011\037"
 137      6CCE09AD 
 137      393F430C 
 137      335DEC1F 
 137      6A091F
 138 035f 8042A213 		.ascii	"\200B\242\023O$\032\007=\010z\010\3640h\027\350\021"
 138      4F241A07 
 138      3D087A08 
 138      F4306817 
 138      E811
 139 0371 D06F40BF 		.ascii	"\320o@\277\005=\016\332\015z\022\364\024h/\350\217\240"
 139      053D0EDA 
 139      0D7A12F4 
 139      14682FE8 
 139      8FA0
 140 0383 6740CF82 		.ascii	"g@\317\202\376\002z\016\364<\321\344\225\215\326\244"
 140      FE027A0E 
 140      F43CD1E4 
 140      958DD6A4 
 141 0393 EA76B506 		.ascii	"\352v\265\0061\212\335e\234\255\217J\356P\303\030\255"
 141      318ADD65 
 141      9CAD8F4A 
 141      EE50C318 
 141      AD
 142 03a4 F04FB428 		.ascii	"\360O\264(\343\307'c\340d\343\252\226$d\200M\302W!\227"
 142      E3C72763 
 142      E064E3AA 
 142      96246480 
 142      4DC25721 
 143 03b9 7E75E0F4 		.ascii	"~u\340\364\320\350\001\272\312l\220\332\326[\2038\211"
 143      D0E801BA 
 143      CA6C90DA 
 143      D65B8338 
 143      89
 144 03ca 1FABE36D 		.ascii	"\037\253\343m\332\250+Z\"0[\247\237^\015c\324\341\332"
 144      DAA82B5A 
 144      22305BA7 
 144      9F5E0D63 
 144      D4E1DA
 145 03dd D069FAD0 		.ascii	"\320i\372\320,m\300\037\226s\350\272A\016\215\314\034"
 145      2C6DC01F 
ARM GAS  /tmp/ccCbShun.s 			page 11


 145      9673E8BA 
 145      410E8DCC 
 145      1C
 146 03ee 525A1A1B 		.ascii	"RZ\032\033\241n\244BJ\213\342\370\265\304\236\363\211"
 146      A16EA442 
 146      4A8BE2F8 
 146      B5C49EF3 
 146      89
 147 03ff D5F8CB96 		.ascii	"\325\370\313\226UJlyb\360\315-\361\261zm\275e\204\231"
 147      554A6C79 
 147      62F0CD2D 
 147      F1B17A6D 
 147      BD658499 
 148 0413 9F0037D3 		.ascii	"\237\0007\323\177\002\334\342+\334\014\325d<\271Y\253"
 148      7F02DCE2 
 148      2BDC0CD5 
 148      643CB959 
 148      AB
 149 0424 93BB154B 		.ascii	"\223\273\025K\364\\\272\340\257%\265\270\204oCY\372"
 149      F45CBAE0 
 149      AF25B5B8 
 149      846F4359 
 149      FA
 150 0435 7BDAF4C3 		.ascii	"{\332\364\303\203\350\354\003\351u\351\246\036\250K"
 150      83E8EC03 
 150      E975E9A6 
 150      1EA84B
 151 0444 074CD5A5 		.ascii	"\007L\325\245\037\364\324su\351\337\340\303\300\177"
 151      1FF4D473 
 151      75E9DFE0 
 151      C3C07F
 152 0453 AE4B1B7B 		.ascii	"\256K\033{\230\363\354\256eX.\007kca\253F\232\200\015"
 152      98F3ECAE 
 152      65582E07 
 152      6B6361AB 
 152      469A800D 
 153 0467 5197EE62 		.ascii	"Q\227\356bak-\303x\317\332Y\330\333f`C\324\245\273Y"
 153      616B2DC3 
 153      78CFDA59 
 153      D8DB6660 
 153      43D4A5BB 
 154 047c 58836518 		.ascii	"X\203e\030\357Y\007\013k6\0033\252K\225\025\361}*L\375"
 154      EF59070B 
 154      6B360333 
 154      AA4B9515 
 154      F17D2A4C 
 155 0491 FF891D96 		.ascii	"\377\211\035\226a\274g\373Y\317\332\315\300r\215c\326"
 155      61BC67FB 
 155      59CFDACD 
 155      C0728D63 
 155      D6
 156 04a2 C9C20E58 		.ascii	"\311\302\016X\2061\236\221o\314\361\227)\213\376\245"
 156      86319E91 
 156      6FCCF197 
 156      298BFEA5 
 157 04b2 2355503A 		.ascii	"#UP:+\323\037\243!\312\322n\326\261\343f\0343\254$k"
 157      2BD31FA3 
ARM GAS  /tmp/ccCbShun.s 			page 12


 157      21CAD26E 
 157      D6B1E366 
 157      1C33AC24 
 158 04c7 E3275958 		.ascii	"\343'YX\257e\030\037\377S,,a\0066\31583z\331\314\270"
 158      AF65181F 
 158      FF532C2C 
 158      610636CD 
 158      38337AD9 
 159 04dd 6019C67B 		.ascii	"`\031\306{\326\307zv\335\014l\272q\314N\263\260\001"
 159      D6C77A76 
 159      DD0C6CBA 
 159      71CC4EB3 
 159      B001
 160 04ef CB303E33 		.ascii	"\3130>3~b2cE\226\211\314\030\242\010\275\306:\266.\035"
 160      7E623263 
 160      459689CC 
 160      18A208BD 
 160      C63AB62E 
 161 0504 66B16EBC 		.ascii	"f\261n\274\316\3026Z\206\361\361\277\311\302\232\314"
 161      CEC2365A 
 161      86F1F1BF 
 161      C9C29ACC 
 162 0514 C0325563 		.ascii	"\3002UcZf\374\311\235\031\226a\274g\177qg\206\031\330"
 162      5A66FCC9 
 162      9D199661 
 162      BC677F71 
 162      678619D8 
 163 0528 02E3980D 		.ascii	"\002\343\230\015\260\260N\3130>3\3560\231\321e&3\374"
 163      B0B04ECB 
 163      303E33EE 
 163      3099D165 
 163      2633FC
 164 053b C68EDD65 		.ascii	"\306\216\335e\035\3536\343\330bcX\254\217\201\365X\206"
 164      1DEB36E3 
 164      D8626358 
 164      AC8F81F5 
 164      5886
 165 054d F1ABAC7B 		.ascii	"\361\253\254{%\265\312~3\253\\j\354X=\353\33093\216"
 165      25B5CA7E 
 165      33AB5C6A 
 165      EC583DEB 
 165      D839338E 
 166 0561 29D898B6 		.ascii	")\330\230\266\221\245]\262N\313E\206\027[SI\370o\370"
 166      91A55DB2 
 166      4ECB4586 
 166      175B5349 
 166      F86FF8
 167 0574 097107CA 		.ascii	"\011q\007\312\372\273\240\212\215\352\012\320\225\240"
 167      FABBA08A 
 167      8DEA0AD0 
 167      95A0
 168 0582 AB405783 		.ascii	"\253@W\203\256\001]\007\272\0364\006Z\007Z\017\272\021"
 168      AE015D07 
 168      BA1E3406 
 168      5A075A0F 
 168      BA11
 169 0594 B401F47D 		.ascii	"\264\001\364}\320\315\240\215\240M\240[A\267\201~\010"
ARM GAS  /tmp/ccCbShun.s 			page 13


 169      D0CDA08D 
 169      A04DA05B 
 169      41B7817E 
 169      08
 170 05a5 DA0ABA03 		.ascii	"\332\012\272\003t'\350'\240m\240\273@\333Aw\333\214"
 170      7427E827 
 170      A06DA0BB 
 170      40DB4177 
 170      DB8C
 171 05b7 7F7EDC1E 		.ascii	"\177~\334\036\342\347G\207-\333`T\373\020\025\366\336"
 171      E2E74787 
 171      2DDB6054 
 171      FB1015F6 
 171      DE
 172 05c8 D428F488 		.ascii	"\324(\364\210\273\246:\342\226\"UO\206\302!\371IYZ\030"
 172      BBA63AE2 
 172      9622554F 
 172      86C221F9 
 172      49595A18 
 173 05dc 700742BE 		.ascii	"p\007B\276`M\245\354\256\216V\006B\321\247\374\310Y"
 173      604DA5EC 
 173      AE8E5606 
 173      42D1A7FC 
 173      C859
 174 05ee 43EE05F9 		.ascii	"C\356\005\371\336\350\310Ys\346\345\012h\312\020\203"
 174      DEE8C859 
 174      73E6E50A 
 174      68CA1083 
 175 05fe AA249F3F 		.ascii	"\252$\237?\020\222\335\336Jy\221T\023\214z\243\313\026"
 175      1092DDDE 
 175      4A799154 
 175      138C7AA3 
 175      CB16
 176 0610 CBD50432 		.ascii	"\313\325\0042\312\353\3251\202\333\037\256\222\335\276"
 176      CAEBD531 
 176      82DB1FAE 
 176      92DDBE
 177 061f 70E53277 		.ascii	"p\3452w\245\274\304MF,\014\204\253\335\321HM\350u7i"
 177      A5BCC44D 
 177      462C0C84 
 177      ABDDD148 
 177      4DE87537 
 178 0634 F8A5A07B 		.ascii	"\370\245\240{q8\022\255v{*\312\012\362\335\245\245E"
 178      713812AD 
 178      767B2ACA 
 178      0AF2DDA5 
 178      A545
 179 0646 EE8A92B2 		.ascii	"\356\212\222\262%y\304'o0X\371\224\0179_\222}\321pd"
 179      2579C427 
 179      6F3058F9 
 179      940F395F 
 179      927DD170 
 180 065b C6E46CF5 		.ascii	"\306\344l\365\2217\020\012D\237\037\016\034\211j\334"
 180      9137100A 
 180      449F1F0E 
 180      1C896ADC 
 181 066b 42B14C28 		.ascii	"B\261L([J:\370\302\021\331\273\344\231*\342a\216\227"
ARM GAS  /tmp/ccCbShun.s 			page 14


 181      5B4A3AF8 
 181      C211D9BB 
 181      E4992AE2 
 181      618E97
 182 067e BEF30622 		.ascii	"\276\363\006\"ox\345\305\201`\370\265\032\271\300\004"
 182      6F78E5C5 
 182      8160F8B5 
 182      1AB9C004 
 183 068e 505FB9CF 		.ascii	"P_\271\317_\275\214.4\307\347\367,\253\256\010T\311"
 183      5FBD8C2E 
 183      34C7E7F7 
 183      2CABAE08 
 183      54C9
 184 06a0 91D952A8 		.ascii	"\221\331R\2502(GJ^4\277`_\270\252*\034\322\375\013-"
 184      3228474A 
 184      5E34BF60 
 184      5FB8AA2A 
 184      1CD2FD0B 
 185 06b5 09F80872 		.ascii	"\011\370\010r,\275\027\207\244\205AY]\366\314\377\023"
 185      2CBD1787 
 185      A4854159 
 185      5DF6CCFF 
 185      13
 186 06c6 C12ABA07 		.ascii	"\301*\272\007\001\272\342\354\344\007o\324.\210y\304"
 186      01BAE2EC 
 186      E4076FD4 
 186      2E8879C4 
 187 06d6 F21D9E32 		.ascii	"\362\035\2362At\024\225\024\2136\217h/\236%\216\020"
 187      41741495 
 187      148B368F 
 187      682F9E25 
 187      8E10
 188 06e8 8432310F 		.ascii	"\20421\0174\337!\010\305\242]\230Sa/\367\010\366BQ\264"
 188      34DF2108 
 188      C5A25D98 
 188      53612FF7 
 188      08F64251 
 189 06fd 8B02F94C 		.ascii	"\213\002\371L\006\314(\252\020\355EtdY\241h\233\253"
 189      06CC28AA 
 189      10ED4574 
 189      6459A168 
 189      9BAB
 190 070f 8E2A20FD 		.ascii	"\216* \375\347\213\016\237_\212\014\033I\352q\270\232"
 190      E78B0E9F 
 190      5F8A0C1B 
 190      49EA71B8 
 190      9A
 191 0720 080929BD 		.ascii	"\010\011)\275\023\367\036\240\367\271|(\237\033\216"
 191      13F71EA0 
 191      F7B97C28 
 191      9F1B8E
 192 072f 232F8DBA 		.ascii	"#/\215\272\2052O\211\207\254\\]\354\242)\223\363\226"
 192      85324F89 
 192      87AC5C5D 
 192      ECA22993 
 192      F396
 193 0741 D230668B 		.ascii	"\3220f\213\202\340\255 \371X$/\262\011bVyi\2510s\226"
ARM GAS  /tmp/ccCbShun.s 			page 15


 193      82E0AD20 
 193      F958242F 
 193      B2096256 
 193      7969A930 
 194 0757 E8A06217 		.ascii	"\350\240b\027JDg\341\354\031y\242\247\002\032\371z\243"
 194      4A4467E1 
 194      EC1979A2 
 194      A7021AF9 
 194      7AA3
 195 0769 80365C62 		.ascii	"\2006\\b\261\247X|\251\270h\262\263\260\\\357T\256v"
 195      B1A7587C 
 195      A9B868B2 
 195      B3B05CEF 
 195      54AE76
 196 077c 4ABECBCB 		.ascii	"J\276\313\313\242\200\3429\"\275\347k\367\002rO\366"
 196      A280E239 
 196      22BDE76B 
 196      F702724F 
 196      F6
 197 078d C8CFA2A3 		.ascii	"\310\317\242\243\341M9\364H\276)p\321\261\245\345\364"
 197      E14D39F4 
 197      48BE2970 
 197      D1B1A5E5 
 197      F4
 198 079e 191D9D6C 		.ascii	"\031\035\235l\025\250-\275\337\024\027%ho\313\365~\372"
 198      15A82DBD 
 198      DF141725 
 198      686FCBF5 
 198      7EFA
 199 07b0 DBA7C93E 		.ascii	"\333\247\311>\320\015\361\244\036M\035\341\361\010\263"
 199      D00DF1A4 
 199      1E4D1DE1 
 199      F108B3
 200 07bf C45164B1 		.ascii	"\304Qd\261%\371\036\272\324\177\001\213b\262\\"
 200      25F91EBA 
 200      D47F018B 
 200      62B25C
 201              		.text
 202              		.section	.gnu.lto_.symtab.7e3bd9c1a86624f6,"",%progbits
 203 0000 56656374 		.ascii	"VectorB0\000\000\000\000\000\000\000\000\000\000\000"
 203      6F724230 
 203      00000000 
 203      00000000 
 203      000000
 204 0013 00A80000 		.ascii	"\000\250\000\000\000st_lld_init\000\000\000\000\000"
 204      0073745F 
 204      6C6C645F 
 204      696E6974 
 204      00000000 
 205 0028 00000000 		.ascii	"\000\000\000\000\000\000\000\254\000\000\000_port_i"
 205      000000AC 
 205      0000005F 
 205      706F7274 
 205      5F69
 206 003a 72715F65 		.ascii	"rq_epilogue\000\000\002\000\000\000\000\000\000\000"
 206      70696C6F 
 206      67756500 
ARM GAS  /tmp/ccCbShun.s 			page 16


 206      00020000 
 206      00000000 
 207 004f 0000AF00 		.ascii	"\000\000\257\000\000\000chSysTimerHandlerI\000\000\002"
 207      00006368 
 207      53797354 
 207      696D6572 
 207      48616E64 
 208 006a 00000000 		.ascii	"\000\000\000\000\000\000\000\000\000\261\000\000\000"
 208      00000000 
 208      00B10000 
 208      00
 209 0077 6E766963 		.ascii	"nvicEnableVector\000\000\002\000\000\000\000\000\000"
 209      456E6162 
 209      6C655665 
 209      63746F72 
 209      00000200 
 210 0090 000000B3 		.ascii	"\000\000\000\263\000\000\000"
 210      000000
 211              		.text
 212              		.section	.gnu.lto_.opts,"",%progbits
 213 0000 272D6D63 		.ascii	"'-mcpu=cortex-m4' '-mfloat-abi=hard' '-mfpu=fpv4-sp"
 213      70753D63 
 213      6F727465 
 213      782D6D34 
 213      2720272D 
 214 0033 2D643136 		.ascii	"-d16' '-mno-thumb-interwork' '-mthumb' '-O2' '-fomi"
 214      2720272D 
 214      6D6E6F2D 
 214      7468756D 
 214      622D696E 
 215 0066 742D6672 		.ascii	"t-frame-pointer' '-falign-functions=16' '-ffunction"
 215      616D652D 
 215      706F696E 
 215      74657227 
 215      20272D66 
 216 0099 2D736563 		.ascii	"-sections' '-fdata-sections' '-fno-common' '-flto' "
 216      74696F6E 
 216      73272027 
 216      2D666461 
 216      74612D73 
 217 00cc 272D6673 		.ascii	"'-fsingle-precision-constant'\000"
 217      696E676C 
 217      652D7072 
 217      65636973 
 217      696F6E2D 
 218              		.text
 219              		.section	.text.VectorB0,"ax",%progbits
 220              		.align	2
 221              		.p2align 4,,15
 222              		.global	VectorB0
 223              		.thumb
 224              		.thumb_func
 225              		.type	VectorB0, %function
 226              	VectorB0:
 227              		@ args = 0, pretend = 0, frame = 0
 228              		@ frame_needed = 0, uses_anonymous_args = 0
 229 0000 4FF08043 		mov	r3, #1073741824
ARM GAS  /tmp/ccCbShun.s 			page 17


 230 0004 10B5     		push	{r4, lr}
 231 0006 0024     		movs	r4, #0
 232 0008 1C61     		str	r4, [r3, #16]
 233 000a 2023     		movs	r3, #32
 234              	@ 546 "/home/cody/dev/chibios/trunk/os/ext/CMSIS/include/core_cmFunc.h" 1
 235 000c 83F31188 		MSR basepri, r3
 236              	@ 0 "" 2
 237              		.thumb
 238 0010 FFF7FEFF 		bl	chSysTimerHandlerI
 239              	@ 546 "/home/cody/dev/chibios/trunk/os/ext/CMSIS/include/core_cmFunc.h" 1
 240 0014 84F31188 		MSR basepri, r4
 241              	@ 0 "" 2
 242              		.thumb
 243 0018 BDE81040 		pop	{r4, lr}
 244 001c FFF7FEBF 		b	_port_irq_epilogue
 245              		.size	VectorB0, .-VectorB0
 246              		.section	.text.st_lld_init,"ax",%progbits
 247              		.align	2
 248              		.p2align 4,,15
 249              		.global	st_lld_init
 250              		.thumb
 251              		.thumb_func
 252              		.type	st_lld_init, %function
 253              	st_lld_init:
 254              		@ args = 0, pretend = 0, frame = 0
 255              		@ frame_needed = 0, uses_anonymous_args = 0
 256              		@ link register save eliminated.
 257 0000 70B4     		push	{r4, r5, r6}
 258 0002 0D49     		ldr	r1, .L3
 259 0004 086C     		ldr	r0, [r1, #64]
 260 0006 4FF08043 		mov	r3, #1073741824
 261 000a 0022     		movs	r2, #0
 262 000c 0124     		movs	r4, #1
 263 000e 40F00100 		orr	r0, r0, #1
 264 0012 42F2CF06 		movw	r6, #8399
 265 0016 4FF0FF35 		mov	r5, #-1
 266 001a 0864     		str	r0, [r1, #64]
 267 001c 9E62     		str	r6, [r3, #40]
 268 001e 1C20     		movs	r0, #28
 269 0020 DD62     		str	r5, [r3, #44]
 270 0022 0821     		movs	r1, #8
 271 0024 9A61     		str	r2, [r3, #24]
 272 0026 5A63     		str	r2, [r3, #52]
 273 0028 DA60     		str	r2, [r3, #12]
 274 002a 5A60     		str	r2, [r3, #4]
 275 002c 5C61     		str	r4, [r3, #20]
 276 002e 1C60     		str	r4, [r3]
 277 0030 70BC     		pop	{r4, r5, r6}
 278 0032 FFF7FEBF 		b	nvicEnableVector
 279              	.L4:
 280 0036 00BF     		.align	2
 281              	.L3:
 282 0038 00380240 		.word	1073887232
 283              		.size	st_lld_init, .-st_lld_init
 284              		.comm	__gnu_lto_v1,1,1
 285 003c AFF30080 		.ident	"GCC: (GNU Tools for ARM Embedded Processors) 4.8.4 20140526 (release) [ARM/embedded-4_8-br
ARM GAS  /tmp/ccCbShun.s 			page 18


DEFINED SYMBOLS
                            *ABS*:0000000000000000 st_lld.c
     /tmp/ccCbShun.s:220    .text.VectorB0:0000000000000000 $t
     /tmp/ccCbShun.s:226    .text.VectorB0:0000000000000000 VectorB0
     /tmp/ccCbShun.s:247    .text.st_lld_init:0000000000000000 $t
     /tmp/ccCbShun.s:253    .text.st_lld_init:0000000000000000 st_lld_init
     /tmp/ccCbShun.s:282    .text.st_lld_init:0000000000000038 $d
                            *COM*:0000000000000001 __gnu_lto_v1
     /tmp/ccCbShun.s:285    .text.st_lld_init:000000000000003c $t

UNDEFINED SYMBOLS
chSysTimerHandlerI
_port_irq_epilogue
nvicEnableVector
