ARM GAS  /tmp/ccvDQ5CI.s 			page 1


   1              		.syntax unified
   2              		.cpu cortex-m4
   3              		.eabi_attribute 27, 3
   4              		.eabi_attribute 28, 1
   5              		.fpu fpv4-sp-d16
   6              		.eabi_attribute 20, 1
   7              		.eabi_attribute 21, 1
   8              		.eabi_attribute 23, 3
   9              		.eabi_attribute 24, 1
  10              		.eabi_attribute 25, 1
  11              		.eabi_attribute 26, 1
  12              		.eabi_attribute 30, 2
  13              		.eabi_attribute 34, 1
  14              		.eabi_attribute 18, 4
  15              		.thumb
  16              		.file	"vectors.c"
  17              		.section	.gnu.lto_.jmpfuncs.692703f2ef2fa73a,"",%progbits
  18 0000 789C6362 		.ascii	"x\234cb`b\300\006X\2404#\020\003\000\000\344\000\012"
  18      6062C006 
  18      58A03423 
  18      10030000 
  18      E4000A
  19              		.text
  20              		.section	.gnu.lto_.inline.692703f2ef2fa73a,"",%progbits
  21 0000 789C6DCB 		.ascii	"x\234m\313Cs\203\001\024\206\321/ij\333\266m\244\266"
  21      43738301 
  21      1486D12F 
  21      696ADBB6 
  21      6DA4B6
  22 0013 6D2BF5FF 		.ascii	"m+\365\377_\265\323\314\234nz7\357Y<7\034\204\203\377"
  22      5FB5D3CC 
  22      9C6E7A37 
  22      EF593C37 
  22      1C8483FF 
  23 0027 2E1689EF 		.ascii	".\026\211\357W\360\023\204~\243H<\015i\376>\023(B\211"
  23      57F01384 
  23      7EA3483C 
  23      0D69FE3E 
  23      13284289 
  24 003b 9444C994 		.ascii	"\224D\311\224B\251\224F\351\224A\231\224E\331\224C\271"
  24      42A99446 
  24      E9944199 
  24      9445D994 
  24      43B9
  25 004d 9447F954 		.ascii	"\224G\371T@\205TD\305TB\245TF\345TA\225TE\325TC\265"
  25      40855444 
  25      C55442A5 
  25      5446E554 
  25      41955445 
  26 0065 5447F5D4 		.ascii	"TG\365\324@\215\324D\315\324B\255\324F\355\324A\235"
  26      408DD444 
  26      CDD442AD 
  26      D446EDD4 
  26      419D
  27 0077 D445DDD4 		.ascii	"\324E\335\324C\275\324G\3754@\2034D\3034B\2434F\343"
  27      43BDD447 
  27      FD344083 
ARM GAS  /tmp/ccvDQ5CI.s 			page 2


  27      3444C334 
  27      42A33446 
  28 008c 34419334 		.ascii	"4A\2234EQ\232\246\031\232\2459\232\247\005Z\244%Z\246"
  28      45519AA6 
  28      199AA539 
  28      9AA7055A 
  28      A4255AA6 
  29 00a0 155AA535 		.ascii	"\025Z\2455Z\247\015\332\244-\332\246\035\332\245=\332"
  29      5AA70DDA 
  29      A42DDAA6 
  29      1DDAA53D 
  29      DA
  30 00b1 A7033AA4 		.ascii	"\247\003:\244#:\246\023:\2453:\247\013\272\244+\272"
  30      233AA613 
  30      3AA5333A 
  30      A70BBAA4 
  30      2BBA
  31 00c3 A61BBAA5 		.ascii	"\246\033\272\245;\272\247\007z\244'z\246\030\275\320"
  31      3BBAA707 
  31      7AA4277A 
  31      A618BDD0 
  32 00d3 2BBDD13B 		.ascii	"+\275\321;}\320'\005\337\355W\0315"
  32      7DD02705 
  32      DFED5719 
  32      35
  33              		.text
  34              		.section	.gnu.lto_.pureconst.692703f2ef2fa73a,"",%progbits
  35 0000 789C25C1 		.ascii	"x\234%\301\323BC\001\000\000\320\333\015\313\265x2\226"
  35      D3424301 
  35      0000D0DB 
  35      0DCBB578 
  35      3296
  36 0012 B9ECB696 		.ascii	"\271\354\266\226m\333\306/\367'=tN\030\204\301o\360"
  36      6DDBC62F 
  36      F7273D74 
  36      4E1884C1 
  36      6FF0
  37 0024 EF2788A7 		.ascii	"\357'\210\247\011\245\313\220)KD\266\034\271\362\344"
  37      09A5CB90 
  37      294B44B6 
  37      1CB9F2E4 
  38 0034 2B50A848 		.ascii	"+P\250H\261\250\022\245\312\224\253P\211*\325j\324\252"
  38      B1A812A5 
  38      CA94AB50 
  38      892AD56A 
  38      D4AA
  39 0046 53AF41A3 		.ascii	"S\257A\243&\315bZ\264j\323\256C\247.\335z\364\352\323"
  39      26CD625A 
  39      B46AD3AE 
  39      43A72EDD 
  39      7AF4EAD3 
  40 005a 2F6EC0A0 		.ascii	"/n\300\240!\303F\214\0323n\302\244)\323f\314JH\232\223"
  40      21C3468C 
  40      1A336EC2 
  40      A429D366 
  40      CC4A489A 
  41 006f 326FC1A2 		.ascii	"2o\301\242%\313V\254Z\263n\303\246-\333v\354\332\263"
ARM GAS  /tmp/ccvDQ5CI.s 			page 3


  41      25CB56AC 
  41      5AB36EC3 
  41      A62DDB76 
  41      ECDAB3
  42 0082 EFC0A123 		.ascii	"\357\300\241#\307N\234:s\356\302\245+\327n\334\272s"
  42      C74E9C3A 
  42      73EEC2A5 
  42      2BD76EDC 
  42      BA73
  43 0094 EFC1A327 		.ascii	"\357\301\243'\317^\274z\363\356\303\247/\337\376\000"
  43      CF5EBC7A 
  43      F3EEC3A7 
  43      2FDFFE00 
  44 00a4 06B12436 		.ascii	"\006\261$6"
  45              		.text
  46              		.section	.gnu.lto__unhandled_exception.692703f2ef2fa73a,"",%progbits
  47 0000 789C6362 		.ascii	"x\234cb`b@\007:@\354\003\304~@\314\310\312\300\3104"
  47      60624007 
  47      3A40EC03 
  47      C47E40CC 
  47      C8CAC0C8 
  48 0015 E11C0343 		.ascii	"\341\034\003C#\007\023#3\210\301\310\314\310\002\021"
  48      23071323 
  48      3388C1C8 
  48      CCC80211 
  49 0025 60810838 		.ascii	"`\201\010822\32431\2630\326G2\202\265\257g:\360\340"
  49      3232D433 
  49      31B330D6 
  49      473282B5 
  49      AF673AF0 
  50 003a FFFF75BB 		.ascii	"\377\377u\273\216-\231\3038\213\011$\306\312\320\322"
  50      8E2D99C3 
  50      388B0924 
  50      C6CAD0D2 
  51 004a D0304181 		.ascii	"\3200A\201\201!\031\254\"\004H2\002I&\240Y!\214\314"
  51      812119AC 
  51      22044832 
  51      024926A0 
  51      59218CCC 
  52 005e 0C404318 		.ascii	"\014@C\030C\030Y\2404\304\020\006\037\375\214\374\334"
  52      431859A0 
  52      34C41006 
  52      1FFD8CFC 
  52      DC
  53 006f 54FDE4FC 		.ascii	"T\375\344\374\224J\375\224\3242\375\344\214\314\244"
  53      944AFD94 
  53      D432FDE4 
  53      8CCCA4
  54 007e CCFC62FD 		.ascii	"\314\374b\375\222\242\322\274l} #9?77?O\277 \277\250"
  54      92A2D2BC 
  54      6C7D2023 
  54      393F3737 
  54      3F4FBF20 
  55 0094 A458DF31 		.ascii	"\244X\3371\310\327\331\267\002$V\220\231\223ZT\254\357"
  55      C8D7D9B7 
  55      02245690 
  55      99935A54 
ARM GAS  /tmp/ccvDQ5CI.s 			page 4


  55      ACEF
  56 00a6 EEECAC5F 		.ascii	"\356\354\254_\226\232\\\222_T\254\227\314\000\0004<"
  56      969A5C92 
  56      5F54AC97 
  56      CC000034 
  56      3C
  57 00b7 3470     		.ascii	"4p"
  58              		.text
  59              		.section	.gnu.lto_.symbol_nodes.692703f2ef2fa73a,"",%progbits
  60 0000 789C55D5 		.ascii	"x\234U\325\343\226\026p\000\204\361\377\274\265m\266"
  60      E3961670 
  60      0084F1FF 
  60      BCB56DB6 
  61 0010 6DDBB66D 		.ascii	"m\333\266m\333\356\012:O\334\\\233\275\331\266mm\266"
  61      DBEE0A3A 
  61      4FDC5C9B 
  61      BDD9B66D 
  61      6DB6
  62 0022 EF205B7B 		.ascii	"\357 [{N}h\346\323\314\357\006&\022\"alt\370\233\310"
  62      4E7D68E6 
  62      D3CCEF06 
  62      26122261 
  62      6C74F89B 
  63 0037 9B4008B1 		.ascii	"\233@\010\261\361!@\\\263\310\333\200\376\255\2305R"
  63      F121405C 
  63      B3C8DB80 
  63      FEAD9835 
  63      52
  64 0048 88BC0B44 		.ascii	"\210\274\013D\014\336\007\022\031|\010$6\370\030\210"
  64      0CDE0712 
  64      197C0824 
  64      36F81888 
  65 0058 32F81448 		.ascii	"2\370\024Hb\3609\020m\360%\220\324\340k \231\301\267"
  65      62F03910 
  65      6DF02590 
  65      D4E06B20 
  65      99C1B7
  66 006b 407283EF 		.ascii	"@r\203\357\201\024\006?\002)\015~\006R\031\374\012\244"
  66      8114063F 
  66      02290D7E 
  66      065219FC 
  66      0AA4
  67 007d 36F81D48 		.ascii	"6\370\035Hc0N\2445\030/\322\031L\020\351\015&\212\014"
  67      63304EA4 
  67      35182FD2 
  67      194C10E9 
  67      0D268A0C 
  68 0091 06934446 		.ascii	"\006\223DF\203\311\"\223A\214\310l0Ed1\230*\262\032"
  68      83C92293 
  68      418CC86C 
  68      30456431 
  68      982AB21A 
  69 00a5 4C13D90C 		.ascii	"L\023\331\014\246\213\354\0063D\016\203\231\"\247\301"
  69      A68BEC06 
  69      33440E83 
  69      9922A7C1 
  70 00b5 2C91CB60 		.ascii	",\221\313`\266\310m0G\3441\210\025y\015\346\212|\006"
ARM GAS  /tmp/ccvDQ5CI.s 			page 5


  70      B6C86D30 
  70      47E43188 
  70      15790DE6 
  70      8A7C06
  71 00c8 F3447E83 		.ascii	"\363D~\203\371\242\200\301\002Q\320`\241(d\260H\024"
  71      F9A280C1 
  71      0251D060 
  71      A12864B0 
  71      4814
  72 00da 36582C8A 		.ascii	"6X,\212\030,\021E\015\226\212b\006\313Dq\203\345\242"
  72      182C1145 
  72      0D968A62 
  72      06CB4471 
  72      83E5A2
  73 00ed 84C10A51 		.ascii	"\204\301\012Q\322`\245(e\020'J\033\254\022e\014V\213"
  73      D260A528 
  73      6510274A 
  73      1BAC1265 
  73      0C568B
  74 0100 B2066B44 		.ascii	"\262\006kD9\203\265\242\274\301:Q\301`\275\250h\260"
  74      3983B5A2 
  74      BCC13A51 
  74      C160BDA8 
  74      68B0
  75 0112 415432D8 		.ascii	"AT2\330(*\033l\022U\0146\213\252\006[D5\203\255\242"
  75      282A1B6C 
  75      12550C36 
  75      8BAA065B 
  75      443583AD 
  76 0127 BAC13651 		.ascii	"\272\3016Q\303`\273\250i\260C\3242\330)j\033\354\022"
  76      C360BBA8 
  76      69B043D4 
  76      32D8296A 
  76      1BEC12
  77 013a 750C768B 		.ascii	"u\014v\213\272\006{D=\203\275\242\276\301>\321\300`"
  77      BA067B44 
  77      3D83BDA2 
  77      BEC13ED1 
  77      C060
  78 014c BF686870 		.ascii	"\277hhp@428(\032\033\034\022M\014\016\213\246\006GD"
  78      40343238 
  78      281A1B1C 
  78      124D0C0E 
  78      8BA60647 
  79 0161 3383A3A2 		.ascii	"3\203\243\242\271\3011\321\302\340\270hipB\26428)Z\033"
  79      B9C131D1 
  79      C2E0B868 
  79      697042B4 
  79      3238295A 
  80 0176 9C126D0C 		.ascii	"\234\022m\014N\213\266\006gD;\203\263\242\275\3019\321"
  80      4E8BB606 
  80      67443B83 
  80      B3A2BDC1 
  80      39D1
  81 0188 C1E0BCE8 		.ascii	"\301\340\274\350hpAt2\270(:\033\\\022]\014.\213\256"
  81      68704174 
  81      32B8283A 
ARM GAS  /tmp/ccvDQ5CI.s 			page 6


  81      1B5C125D 
  81      0C2E8BAE 
  82 019c 06574437 		.ascii	"\006WD7\203\253\242\273\3015\321\303\340\272\350ipC"
  82      83ABA2BB 
  82      C135D1C3 
  82      E0BAE869 
  82      7043
  83 01ae F4328817 		.ascii	"\3642\210\027\275\015n\212>\006\267D_\203\333\242\237"
  83      BD0D6E8A 
  83      3E06B744 
  83      5F83DBA2 
  83      9F
  84 01bf C11DD1DF 		.ascii	"\301\035\321\337\340\256\030`pO\0144\270/\006\031<\020"
  84      E0AE1860 
  84      704F0C34 
  84      B82F0619 
  84      3C10
  85 01d1 830D1E8A 		.ascii	"\203\015\036\212!\006\217\304P\203\307b\230\301\023"
  85      21068FC4 
  85      5083C762 
  85      98C113
  86 01e0 31DCE0A9 		.ascii	"1\334\340\251\030a\360L\2144x.F\031\274\020\243\015"
  86      1861F04C 
  86      8C34782E 
  86      4619BC10 
  86      A30D
  87 01f2 5E8A31FF 		.ascii	"^\2121\377C\324+\205hB\324\353\204\236\360\272\177\000"
  87      43D42B85 
  87      6842D4EB 
  87      849EF0BA 
  87      7F00
  88 0204 C6142FC8 		.ascii	"\306\024/\310"
  89              		.text
  90              		.section	.gnu.lto_.refs.692703f2ef2fa73a,"",%progbits
  91 0000 789C1DC3 		.ascii	"x\234\035\303\003r\035\000\024@\321\367ol5h\354\244"
  91      03721D00 
  91      1440D1F7 
  91      6F6C3568 
  91      ECA4
  92 0012 311AABB6 		.ascii	"1\032\253\266m\233Ybm\244\266\355\351\016z\247g\346"
  92      6D9B5962 
  92      6DA4B6ED 
  92      E90E7AA7 
  92      67E6
  93 0024 10C40CF1 		.ascii	"\020\304\014\361_\"\221\024\011\234\344d\2478\325iN"
  93      5F229114 
  93      099CE464 
  93      A738D569 
  93      4E
  94 0035 7786339D 		.ascii	"w\2063\235\345l\3478\327y\316w\201\013]\344Y.v\211K"
  94      E56CE738 
  94      D779CE77 
  94      810B5DE4 
  94      592E7689 
  95 004a 5DE6D92E 		.ascii	"]\346\331.w\205+]\345j\327\270\326u\256w\203\033\335"
  95      77852B5D 
  95      E56AD7B8 
ARM GAS  /tmp/ccvDQ5CI.s 			page 7


  95      D675AE77 
  95      831BDD
  96 005d E466B7B8 		.ascii	"\344f\267\270\325s\334\346vw\270\323]\356v\217{\335"
  96      D573DCE6 
  96      7677B8D3 
  96      5DEE768F 
  96      7BDD
  97 006f E77ECFF5 		.ascii	"\347~\317\365\200\007=\344a\217x\324c\036\367\204'="
  97      80073DE4 
  97      618F78D4 
  97      631EF784 
  97      273D
  98 0081 E5799EEF 		.ascii	"\345y\236\357\005^\350E^\354%^\352e^\356\025^\351U^"
  98      055EE845 
  98      5EEC255E 
  98      EA655EEE 
  98      155EE955 
  99 0096 ED355EEB 		.ascii	"\3555^\353u^\357\015\336\350M\336\354-\336\352m\336"
  99      755EEF0D 
  99      DEE84DDE 
  99      EC2DDEEA 
  99      6DDE
 100 00a8 EE1DDEE9 		.ascii	"\356\035\336\351]\336\355=\336\353}\336\357\003>\350"
 100      5DDEED3D 
 100      DEEB7DDE 
 100      EF033EE8 
 101 00b8 433EEC23 		.ascii	"C>\354#>\352c>\356\023>\351S>\3553>\233\024\323\323"
 101      3EEA633E 
 101      EE133EE9 
 101      533EED33 
 101      3E9B14D3 
 102 00cd FC0D1240 		.ascii	"\374\015\022@\022\311\244\220J\032\351d\220I\026\331"
 102      12C9A490 
 102      4A1AE964 
 102      904916D9 
 103 00dd E4904B1E 		.ascii	"\344\220K\036\371\024PH\021\263(\246\204R\312\230M9"
 103      F9145048 
 103      11B328A6 
 103      8452CA98 
 103      4D39
 104 00ef 15545245 		.ascii	"\025TRE55\324RG=\0154\322D3-\2642\2076\332\351\240\223"
 104      3535D452 
 104      473D0D34 
 104      D244332D 
 104      B4328736 
 105 0107 2EBAE9A1 		.ascii	".\272\351\241\227>\372\231\313\000\203\0141\314\010"
 105      973EFA99 
 105      CB00830C 
 105      31CC08
 106 0116 A38C31CE 		.ascii	"\243\2141\316\004\223Lq.8\037\\\010.\006\227\202\313"
 106      04934C71 
 106      2E381F5C 
 106      082E0697 
 106      82CB
 107 0128 C195E06A 		.ascii	"\301\225\340jp-\270\036\334\010n\006\267\202\333\301"
 107      702DB81E 
 107      DC086E06 
ARM GAS  /tmp/ccvDQ5CI.s 			page 8


 107      B782DBC1 
 108 0138 9DE06E30 		.ascii	"\235\340n0\023\334\013\356\007\017\202\207\301\243\340"
 108      13DC0BEE 
 108      070F8287 
 108      C1A3E0
 109 0147 71F02478 		.ascii	"q\360$x\032<\013\236\007/\202\227\301\253\340u\360&"
 109      1A3C0B9E 
 109      072F8297 
 109      C1ABE075 
 109      F026
 110 0159 781BBC0B 		.ascii	"x\033\274\013\336\007\037\202\217\301\247\340s\360%"
 110      DE071F82 
 110      8FC1A7E0 
 110      73F025
 111 0168 F81A7C0B 		.ascii	"\370\032|\013\276\007?\202\237\301\257\340w\360'\342"
 111      BE073F82 
 111      9FC1AFE0 
 111      77F027E2 
 112 0178 1F8FBE4D 		.ascii	"\037\217\276M\324"
 112      D4
 113              		.text
 114              		.section	.gnu.lto_.decls.692703f2ef2fa73a,"",%progbits
 115 0000 789CAD9C 		.ascii	"x\234\255\234yT\024W\026\306\253\032l@P\301h\242\223"
 115      79541457 
 115      16C6AB1A 
 115      6C4050C1 
 115      68A293
 116 0013 454C62D6 		.ascii	"ELb\3261-\262O&\211\200[&1\233\321d&\223\351SBO\354"
 116      312DB24F 
 116      2689805B 
 116      26319BD1 
 116      642693E9 
 117 002b A3340EDD 		.ascii	"\2434\016\3358\361\344\217\224$.\331\234\026\015\242"
 117      38F1E48F 
 117      94242ED9 
 117      9C160DA2 
 118 003b 51C4B844 		.ascii	"Q\304\270D\243\211\004\211\013n\2551\306\270k\024\025"
 118      A3890489 
 118      0B6EAD31 
 118      C6B86B14 
 118      15
 119 004c B1C5256A 		.ascii	"\261\305%j\214QDDE\002s\273\272\337\253~\257.3p\316"
 119      8C514444 
 119      450273BB 
 119      BADFAB7E 
 119      AF2E3370 
 120 0061 AB73BEA2 		.ascii	"\253s\276\242\250\373\325\375}U\335\274~\310y\232$\223"
 120      A8FBD5FD 
 120      7D55DDBC 
 120      7EC8799A 
 120      2493
 121 0073 146D92A4 		.ascii	"\024m\222\244\026\330\336yN\222\3367KpF\222\236\226"
 121      16D8DE79 
 121      4E92DE37 
 121      4B704692 
 121      9E96
 122 0085 F46D1C68 		.ascii	"\364m\034h\001h\011h\025h\035h3\350{\320.\320\001\320"
ARM GAS  /tmp/ccvDQ5CI.s 			page 9


 122      01680968 
 122      15681D68 
 122      33E87BD0 
 122      2ED001D0 
 123 0099 11D009D0 		.ascii	"\021\320\011\320\031\320/\240+\240\353\240\333 Y\226"
 123      19D02FA0 
 123      2BA0EBA0 
 123      DB205996 
 124 00a9 A4305027 		.ascii	"\2440P'\320\035\240\236\240^\240>\240\307Aq\240d\320"
 124      D01DA09E 
 124      A05EA03E 
 124      A0C74171 
 124      A064D0
 125 00bc 53A00CD0 		.ascii	"S\240\014\320\263\240\027A#@o\200\024\320[\240l\220"
 125      B3A01741 
 125      23406F80 
 125      14D05BA0 
 125      6C90
 126 00ce 133401F4 		.ascii	"\0234\001\364.h\022\350#\320t\320,\320<\320B\3202\320"
 126      2E6812E8 
 126      23D074D0 
 126      2CD03CD0 
 126      42D032D0 
 127 00e2 4AD0B7A0 		.ascii	"J\320\267\240\365\240-\240\037@{@?\201\216\201N\202"
 127      F5A02DA0 
 127      1F407B40 
 127      3F818E81 
 127      4E82
 128 00f4 7E06FD0A 		.ascii	"~\006\375\012\272\012\272\001\372\035\024\0027\037\001"
 128      BA0ABA01 
 128      FA1D1402 
 128      371F01
 129 0103 EA02EA0E 		.ascii	"\352\002\352\016\272\033\324\033\3640\250/(\036\224"
 129      BA1BD41B 
 129      F430A82F 
 129      281E94
 130 0112 0A7A0634 		.ascii	"\012z\0064\010\364\034\350e\320k\2407A\231 ;(\007\224"
 130      08F41CE8 
 130      65D06BA0 
 130      37419920 
 130      3B280794 
 131 0126 077A0734 		.ascii	"\007z\0074\0214\005\364\011h\006h6h>h1h9\350\033\320"
 131      113405F4 
 131      09680668 
 131      36683E68 
 131      316839E8 
 132 013c 1AD046D0 		.ascii	"\032\320F\320w\240\037A\373@\207A\307A\247@\347A\277"
 132      77A01F41 
 132      FB408741 
 132      C741A740 
 132      E741BF
 133 014f 81AE816E 		.ascii	"\201\256\201n\371^/P\207\020I\212\004\305\200\356\002"
 133      F95E2F50 
 133      8710498A 
 133      04C580EE 
 133      02
 134 0160 DD0B7A00 		.ascii	"\335\013z\000\364(\310\002J\004=\011J\013\361\277\246"
ARM GAS  /tmp/ccvDQ5CI.s 			page 10


 134      F428C802 
 134      4A043D09 
 134      4A0BF1BF 
 134      A6
 135 0171 43E0EB94 		.ascii	"C\340\353\224\020\211\331\026\004\035\313\334\367d\353"
 135      1089D916 
 135      041DCBDC 
 135      F764EB
 136 0180 2515ABA5 		.ascii	"%\025\253\245\247j\026\237/\355\251\226\344{ZZ\236\211"
 136      A76A169F 
 136      2FEDA996 
 136      E47B5A5A 
 136      9E89
 137 0192 BE53FA54 		.ascii	"\276S\372T\205\255d\262\252\312.E~\272\273\364\272\254"
 137      85AD64B2 
 137      AACA2E45 
 137      7EBABBF4 
 137      BAAC
 138 01a4 C89D23A4 		.ascii	"\310\235#\244X\355 *B\012\325.U\344\317\345;\003G#\002"
 138      58ED202A 
 138      420AD52E 
 138      55E4CFE5 
 138      3B034723 
 139 01b9 6893F4E2 		.ascii	"h\223\364\342DU\215\226\036\223\226A\013\267\252\346"
 139      44558D96 
 139      1E939641 
 139      0BB7AAE6 
 140 01c9 C7CB0855 		.ascii	"\307\313\010U\222\036\222\026\373 \352R5DC\370\232,"
 140      921E9216 
 140      FB20EA52 
 140      354443F8 
 140      9A2C
 141 01db 907B055B 		.ascii	"\220{\005[\024y\241l\342\263\326\270=U\333\243\334["
 141      1479A16C 
 141      E2B3D6B8 
 141      3D55DBA3 
 141      DC5B
 142 01ed 6A5A5A7A 		.ascii	"jZZz\371\003\230\24412x\027\311\217i\246\020\337\343"
 142      F90398A4 
 142      31327817 
 142      C98F69A6 
 142      10DFE3
 143 0200 30F9DE47 		.ascii	"0\371\336G\332\221$\335'\275;O-\032\020#\271}\274\330"
 143      DA9124DD 
 143      27BD3B4F 
 143      2D1A1023 
 143      B97DBCD8 
 144 0214 22B891A9 		.ascii	"\"\270\221\251\220K\255Y\254\366\350!\221{\013'\367"
 144      904BAD59 
 144      ACF6E821 
 144      917B0B27 
 144      F7
 145 0225 E68BDB47 		.ascii	"\346\213\333GZ\344OoR\344\257\344\010\350\363\251\214"
 145      5AE44F6F 
 145      52E4AFE4 
 145      08E8F3A9 
 145      8C
ARM GAS  /tmp/ccvDQ5CI.s 			page 11


 146 0236 DF86E437 		.ascii	"\337\206\3447\3706\337\365\376cr\324\"\323\366Ke\322"
 146      F836DFF5 
 146      FE6372D4 
 146      22D3F64B 
 146      65D2
 147 0248 BF7BE0B2 		.ascii	"\277{\340\262\025r\214v\244\245\321\236\366\320\035"
 147      15728C76 
 147      A4A5D19E 
 147      F6D01D
 148 0257 9D35476B 		.ascii	"\2355GkO\2734\010\024\025\241\037t\013\212\023\270\373"
 148      4FBB3408 
 148      1415A11F 
 148      740B8A13 
 148      B8FB
 149 0269 3986B88A 		.ascii	"9\206\270\212\374\005\3720\253\371\2079_6<ME^\006\327"
 149      FC05FA30 
 149      ABF98739 
 149      5F363C4D 
 149      455E06D7 
 150 027d B28F53BF 		.ascii	"\262\217S\277\201\200\245\214m\257!\313Q\244\227G.\027"
 150      8180A58C 
 150      6DAF21CB 
 150      51A49747 
 150      2E17
 151 028f 88AC4091 		.ascii	"\210\254@\221\265<r\243@\244\007E\326\361\310}\002\221"
 151      B53C72A3 
 151      40A40745 
 151      D6F1C87D 
 151      0291
 152 02a1 DB51643D 		.ascii	"\333Qd=\217\254\021\210\334\215\"\033x\3445\201\310"
 152      8FAC1188 
 152      DC8D221B 
 152      78E43581 
 152      C8
 153 02b2 8328F226 		.ascii	"\203(\362&\217l\022\210<\212\"\033y\344$\2238\244\027"
 153      8F6C1288 
 153      3C8A221B 
 153      79E42493 
 153      38A417
 154 02c5 4536F1C8 		.ascii	"E6\361\310i\002\221gQd3\217\234%\020y\021E\272\177\340"
 154      69029167 
 154      5164338F 
 154      9C251079 
 154      1145BA7F 
 155 02da 900B0522 		.ascii	"\220\013\005\"kQd\001\217,\027\210l@\2213y\344F\201"
 155      6B516401 
 155      8F2C1788 
 155      6C409133 
 155      79E44681 
 156 02ee C8261459 		.ascii	"\310&\024Y\310#w\013D\346\2330d\021\217\254\026\210"
 156      C823770B 
 156      44E69B30 
 156      64118FAC 
 156      1688
 157 0300 9C8A22E7 		.ascii	"\234\212\"\347\360\310\237\005\"\247\241\310\271<\362"
 157      F0C89F05 
 157      22A7A1C8 
ARM GAS  /tmp/ccvDQ5CI.s 			page 12


 157      B93CF2
 158 030f B240E44C 		.ascii	"\262@\344L\024Y\314#o\010D\316A\221e<R\015\021\207,"
 158      1459CC23 
 158      6F0844CE 
 158      4191653C 
 158      520D1187 
 159 0324 4191E53C 		.ascii	"A\221\345<\362\003\201\310%(r5\217,\020\210\\\201\""
 159      F20381C8 
 159      25287235 
 159      8F2C1088 
 159      5C8122
 160 0337 D7F2C8CF 		.ascii	"\327\362\310\317\004\"\313P\344&\036\271H r-\212\334"
 160      0422CB50 
 160      E4261EB9 
 160      4820722D 
 160      8ADC
 161 0349 CF23BF12 		.ascii	"\317#\277\022\210\334\204\"\017\362\310\325\002\221"
 161      88DC8422 
 161      0FF2C8D5 
 161      0291
 162 0357 DB50E421 		.ascii	"\333P\344!\036\271Y r'\212\254\342\221;\004\"\367\243"
 162      1EB95920 
 162      72278AAC 
 162      E2913B04 
 162      22F7A3
 163 036a C86A1E79 		.ascii	"\310j\036y@ \262\022Ezyd\225@d5\212\254\345\221g\004"
 163      4020B212 
 163      457A7964 
 163      95406435 
 163      8AACE591 
 164 0380 224FA3C8 		.ascii	"\"O\243\310\006\036yI \362\002\212\274\311#\257\013"
 164      061E7949 
 164      20F2028A 
 164      BCC923AF 
 164      0B
 165 0391 445E4691 		.ascii	"D^F\221\215<\262Y \262\036E6\361\310)\241\342\220\215"
 165      8D3CB259 
 165      20B21E45 
 165      36F1C829 
 165      A1E2908D 
 166 03a5 28B26027 		.ascii	"(\262`'\207t\013D\252!\350\244\222G\316\026\210\234"
 166      87740B44 
 166      AA21E8A4 
 166      9247CE16 
 166      889C
 167 03b7 8C220B79 		.ascii	"\214\"\013y\344\347\002\221\037\243\310\"\036\271\\"
 167      E4E70291 
 167      1FA3C822 
 167      1EB95C
 168 03c6 20B20045 		.ascii	" \262\000E\026\363\310r\201\310\"\024Y\312#7\012D\026"
 168      16F3C872 
 168      81C82214 
 168      59CA2337 
 168      0A4416
 169 03d9 A3C8321E 		.ascii	"\243\3102\036\271] r\021\212,\347\221\373\004\"\277"
 169      B95D2072 
 169      118A2CE7 
ARM GAS  /tmp/ccvDQ5CI.s 			page 13


 169      91FB0422 
 169      BF
 170 03ea 4491153C 		.ascii	"D\221\025<\362\250@d)\212\334\300#O\011D\256F\221\233"
 170      F2A84064 
 170      298ADCC0 
 170      234F0944 
 170      AE46919B 
 171 03fe 78E44581 		.ascii	"x\344E\201\310\015(r?\217\274&\020\271\025EV\362\310"
 171      C80D2872 
 171      3F8FBC26 
 171      10B91545 
 171      56F2C8
 172 0411 2681C81D 		.ascii	"&\201\310\035(\362(\217\234\324A\034r/\212\254\342\221"
 172      28F2288F 
 172      9CD4411C 
 172      722F8AAC 
 172      E291
 173 0423 D304220F 		.ascii	"\323\004\"\017\241\310j\0369K \262\012E\326\361\310"
 173      A1C86A1E 
 173      394B20B2 
 173      0A45D6F1 
 173      C8
 174 0434 1281C81A 		.ascii	"\022\201\310\032\024Y\317#\227\011D\236C\221\015<\262"
 174      1459CF23 
 174      9709449E 
 174      43910D3C 
 174      B2
 175 0445 4C20F212 		.ascii	"L \362\022\212\274\311#\327\013D\326\241\310f\036\271"
 175      8ABCC923 
 175      D70B44D6 
 175      A1C8661E 
 175      B9
 176 0456 4D20F226 		.ascii	"M \362&\212t\357\342\220{\004\"\233Qd\001\217\254\024"
 176      8A74EFE2 
 176      907B0422 
 176      9B516401 
 176      8FAC14
 177 0469 887C3F14 		.ascii	"\210|?\024\235\341\361\310\223\002\221\037\242\3109"
 177      9DE1F1C8 
 177      9302911F 
 177      A2C839
 178 0478 3CF28240 		.ascii	"<\362\202@\244\033E\316\345\221W\005\"\013Qd1\217l\024"
 178      A41B45CE 
 178      E5915705 
 178      220B5164 
 178      318F6C14 
 179 048c 889C8B22 		.ascii	"\210\234\213\"Ky\344{fq\310\317Q\344j\036\371\261@\344"
 179      4B79E47B 
 179      6671C8CF 
 179      51E46A1E 
 179      F9B140E4 
 180 04a0 5214B996 		.ascii	"R\024\271\226G\026\012D~\215\"+xd\211@d9\212\334\300"
 180      47160A44 
 180      7E8D222B 
 180      78648940 
 180      64398ADC 
 181 04b5 23BF1488 		.ascii	"#\277\024\210\254@\221\007yd\271@\244\007E\036\342\221"
ARM GAS  /tmp/ccvDQ5CI.s 			page 14


 181      AC409107 
 181      7964B940 
 181      A407451E 
 181      E291
 182 04c7 9B0422B7 		.ascii	"\233\004\"\267\243\310J\036\271C r7\212<\312#\017\012"
 182      A3C84A1E 
 182      B9432072 
 182      378A3CCA 
 182      230F0A
 183 04da 441E4491 		.ascii	"D\036D\221^\036Y-\020y\024E\326\362\310s\002\221^\024"
 183      5E1E592D 
 183      10791445 
 183      D6F2C873 
 183      02915E14 
 184 04ee 59C7236B 		.ascii	"Y\307#k\005\"\317\242\310z\303\260.\020y\021E6\362\310"
 184      0522CFA2 
 184      C87AC3B0 
 184      2E107911 
 184      4536F2C8 
 185 0502 F7C304FE 		.ascii	"\367\303\004\376\375\022E6\361\310i\002\221\015(\262"
 185      FD124536 
 185      F1C86902 
 185      910D28B2 
 186 0512 99471609 		.ascii	"\231G\026\011D6\241H\367^\376\237\232\004\"\363;`\310"
 186      4436A148 
 186      F75EFE9F 
 186      9A0422F3 
 186      3B60C8
 187 0525 421EB942 		.ascii	"B\036\271B r*\212,\342\221\253\005\"\247\241\3109<\322"
 187      20722A8A 
 187      2CE291AB 
 187      0522A7A1 
 187      C8393CD2 
 188 0539 23103913 		.ascii	"#\0209\023E\316\345\221;\005\"\347\240\3102\036yH \262"
 188      45CEE591 
 188      3B0522E7 
 188      A0C8321E 
 188      794820B2 
 189 054d 044596F3 		.ascii	"\004E\226\363H\257@\344\022\024\271\232G^\020\210\\"
 189      48AF40E4 
 189      1214B99A 
 189      475E1088 
 189      5C
 190 055e 8122D7F2 		.ascii	"\201\"\327\362\310:\201\3102\024\271\211G6\011D\256"
 190      C83A81C8 
 190      3214B989 
 190      47360944 
 190      AE
 191 056f 4591FB79 		.ascii	"E\221\373y\344\344p\201\177\277D\221\007y\244[ r\033"
 191      E4E47081 
 191      7FBF4491 
 191      0779A45B 
 191      20721B
 192 0582 8A3CC423 		.ascii	"\212<\304#\347\010D\356D\221U<r\221@\344~\024Y\315#"
 192      E70844EE 
 192      4491553C 
 192      729140E4 
ARM GAS  /tmp/ccvDQ5CI.s 			page 15


 192      7E1459CD 
 193 0597 BF1688AC 		.ascii	"\277\026\210\254D\221^\036\271V \262\032E\326\362\310"
 193      44915E1E 
 193      B95620B2 
 193      1A45D6F2 
 193      C8
 194 05a8 AD0291A7 		.ascii	"\255\002\221\247Qd\003\217\334-\020y\001E\336\344\221"
 194      5164038F 
 194      DC2D1079 
 194      0145DEE4 
 194      91
 195 05b9 95029197 		.ascii	"\225\002\221\227Qd#\217\254\021\210\254G\221M<\362\242"
 195      5164238F 
 195      AC1188AC 
 195      47914D3C 
 195      F2A2
 196 05cb 4064238A 		.ascii	"@d#\212,\330\307!\353\005\"U3\206\234\311#\233\005\""
 196      2CD8C721 
 196      EB052255 
 196      33869CC9 
 196      239B0522 
 197 05df 27A3C842 		.ascii	"'\243\310B\03695B\340\337/Qd\021\217,\020\210,@\221"
 197      1E393542 
 197      E0DF2F51 
 197      64118F2C 
 197      10882C40 
 198 05f4 C53C72AE 		.ascii	"\305<r\256@d\021\212,\345\221K\004\"\213Qd\031\217,"
 198      4064118A 
 198      2CE5914B 
 198      04228B51 
 198      64198F2C 
 199 0608 15885C84 		.ascii	"\025\210\\\204\"\313yd\205@\344\227(\262\202Gn\023\210"
 199      22CB7964 
 199      8540E497 
 199      28B28247 
 199      6E1388
 200 061b 2C45911B 		.ascii	",E\221\033x\344^\201\310\325(r\023\217<*\020\271\001"
 200      78E45E81 
 200      C8D52872 
 200      138F3C2A 
 200      10B901
 201 062e 45EEE791 		.ascii	"E\356\347\221\247\005\"\267\262\310\373\245\005j\311"
 201      A70522B7 
 201      B2C8FBA5 
 201      056AC9
 202 063d 7ECF61EF 		.ascii	"~\317a\357'rII\276\2526\267\264\310]\245\351\332j\224"
 202      27724949 
 202      BEAA36B7 
 202      B4C85DA5 
 202      E9DA6A94 
 203 0651 1D9DE912 		.ascii	"\035\235\351\022\021\365\036\262\240\303\343[L\243\255"
 203      11F51EB2 
 203      A0C3E35B 
 203      4CA3AD
 204 0660 41717B66 		.ascii	"Aq{fo\227c\025y\207\271+\340.1\031%\351\3777\361\245"
 204      6F976315 
 204      7987B92B 
ARM GAS  /tmp/ccvDQ5CI.s 			page 16


 204      E02E3119 
 204      25E9FF37 
 205 0676 D905D7FA 		.ascii	"\331\005\327\372\257\362/k\361\034\266\305\372\317J"
 205      AFF22F6B 
 205      F11CB6C5 
 205      FACF4A
 206 0685 4C3766EB 		.ascii	"L7f\353-\225\250j\276\347\310\262\037e\265 *R\372\320"
 206      2D95A86A 
 206      BEE7C8B2 
 206      1F65B520 
 206      2A52FAD0 
 207 0699 B762C6BF 		.ascii	"\267b\306\277F%\260|\306\377\215\204\256V\361g\2579"
 207      4625B07C 
 207      C6FF8D84 
 207      AE56F167 
 207      AF39
 208 06ab B1F2408F 		.ascii	"\261\362@\217\025\252\032\255\310\373\314\276E4\237"
 208      15AA1AAD 
 208      C8FBCCBE 
 208      45349F
 209 06ba 7564F3B7 		.ascii	"ud\363\267\275\323\354U[f\311\357\251*\024\016j\255"
 209      BDD3EC55 
 209      5B66C9EF 
 209      A92A140E 
 209      6AAD
 210 06cc 8E71AD14 		.ascii	"\216q\255\0249,\202}\021\340{b\360\365\013\213\320\017"
 210      392C827D 
 210      11E07B62 
 210      F0F50B8B 
 210      D00F
 211 06de 7CEBE1BA 		.ascii	"|\353\341\272H\355\265\267\266,g\2579\222\2641Ig\265"
 211      48EDB5B7 
 211      B62C67AF 
 211      3992B431 
 211      4967B5
 212 06f1 5CBE878B 		.ascii	"\\\276\207\213\331\351\312\035I\242\375\230\007^3\351"
 212      D9E9CA1D 
 212      49A2FD98 
 212      075E33E9 
 213 0701 F8CC9E6A 		.ascii	"\370\314\236j\311V\231y\342\376\367h\353\217\307S!\303"
 213      C9569979 
 213      E2FEF768 
 213      EB8FC753 
 213      21C3
 214 0713 A92390C3 		.ascii	"\251#\220\303$]\341\036L\033\033\371n\244\012\032\340"
 214      245DE11E 
 214      4C1B1BF9 
 214      6EA40A1A 
 214      E0
 215 0724 6F08430D 		.ascii	"o\010C\015~\011k\367\215\3062\357\254*\333\216~$\363"
 215      7E096BF7 
 215      8DC632EF 
 215      AC2ADB8E 
 215      7E24F3
 216 0737 87916DE8 		.ascii	"\207\221m\350\025\336\352C\363T\007\365*lw/6\2277\250"
 216      15DEEA43 
 216      F35407F5 
ARM GAS  /tmp/ccvDQ5CI.s 			page 17


 216      2A6C772F 
 216      369737A8 
 217 074b D7D2B6F4 		.ascii	"\327\322\266\364\212n=WmP\257\212v\367bs\325\005\365"
 217      8A6E3D57 
 217      6D50AF8A 
 217      76F76273 
 217      D505F5
 218 075e DAD5965E 		.ascii	"\332\325\226^=Z\317U\037\324\313\333\356^l\256\206\240"
 218      3D5ACF55 
 218      1FD4CBDB 
 218      EE5E6CAE 
 218      86A0
 219 0770 5EE7DBD2 		.ascii	"^\347\333\322+\266\365\\7\203z\325\266\273\027\233\253"
 219      2BB6F55C 
 219      37837AD5 
 219      B6BB179B 
 219      AB
 220 0781 31A8D7AD 		.ascii	"1\250\327\255\266\364z\244\365\\MA\275\362\243\332\333"
 220      B6F47AA4 
 220      F55C4D41 
 220      BDF2A3DA 
 220      DB
 221 0792 8BCDD51C 		.ascii	"\213\315\325\034\324kZ[z\365k=\227{{\224[!\315\026\266"
 221      D46B5A5B 
 221      7AF56B3D 
 221      977B7B94 
 221      5B21CD16 
 222 07a7 BB191BAC 		.ascii	"\273\031\033\254 \270\331\212\2664Ki=\331\314\340f\353"
 222      20B8D98A 
 222      B6344B69 
 222      3DD9CCE0 
 222      66EB
 223 07b9 DBDD2C38 		.ascii	"\333\335,8\231\352)\034\354V\310\352M\337\030\346\353"
 223      99EA291C 
 223      EC56C8EA 
 223      4DDF18E6 
 223      EB
 224 07ca 4A3EEE7A 		.ascii	"J>\356z\220\353"
 224      90EB
 225 07d0 55F27177 		.ascii	"U\362qw\313\334\336u\225\215f|]\2455pO\360\003\307\337"
 225      CBDCDE75 
 225      958D667C 
 225      5DA53570 
 225      4FF003C7 
 226 07e5 01C70D1C 		.ascii	"\001\307\015\034\017@\036\010\266\005\177&+\362ns\037"
 226      0F401E08 
 226      B6057F26 
 226      2BF26E73 
 226      1F
 227 07f6 D8EF31F7 		.ascii	"\330\3571\367\206}\245\266\257\326\366^m_\243\355Ok"
 227      867DA5B6 
 227      AFD6F65E 
 227      6D5FA3ED 
 227      4F6B
 228 0808 FBB3DAFE 		.ascii	"\373\263\332\376\234\266\277\240\355/j\373K\332\376"
 228      9CB6BFA0 
 228      ED2F6AFB 
ARM GAS  /tmp/ccvDQ5CI.s 			page 18


 228      4BDAFE
 229 0817 B2B6AFD5 		.ascii	"\262\266\257\325\366u\332\276^\3337h\373\233\260\247"
 229      F675DABE 
 229      5EDB3768 
 229      FB9BB0A7 
 230 0827 9B49FA29 		.ascii	"\233I\372)\212|L`\023\007mnc\222\252\243\202\026\321"
 230      8A7C4C60 
 230      13076D6E 
 230      6392AAA3 
 230      8216D1
 231 083a 9E8D0A5A 		.ascii	"\236\215\012ZE[2\240\250\263\177\215k\340\362\001\354"
 231      455B32A0 
 231      A8B37F8D 
 231      6BE0F201 
 231      EC
 232 084b D0AAC813 		.ascii	"\320\252\310\023\303\332\3732\344\207\341/CX\320\223"
 232      C3DAFB32 
 232      E487E12F 
 232      4358D093 
 233 085b 0B04FB2D 		.ascii	"\013\004\373-*xy\253\"7\301\204\013~\317\014\273\017"
 233      2A7879AB 
 233      2237C184 
 233      0B7ECF0C 
 233      BB0F
 234 086d BE4B9056 		.ascii	"\276K\220V\251S=\356\016\376I\223\377\301\276#5\252"
 234      A9533DEE 
 234      0EFE4993 
 234      FFC1BE23 
 234      35AA
 235 087f 5355CF11 		.ascii	"SU\317\021\257\354\377\270\366\315\310j\012<\307\266"
 235      AFECFFB8 
 235      F6CDC86A 
 235      0A3CC7B6 
 236 088f C387ED82 		.ascii	"\303\207\355\202\300\214\214LR\352\370'c\010:5\314\304"
 236      C08C8C4C 
 236      52EAF827 
 236      63083A35 
 236      CCC4
 237 08a1 D02B8309 		.ascii	"\320+\203\011w\221\317\312%\376\305\314\376W\323_V\327"
 237      7791CFCA 
 237      25FEC5CC 
 237      FE57D35F 
 237      56D7
 238 08b3 C8A4BA8A 		.ascii	"\310\244\272\212T\275z\265\205V\327\221j\215\336\372"
 238      54BD7AB5 
 238      8556D791 
 238      6A8DDEFA 
 239 08c3 98979637 		.ascii	"\230\227\2267\223\362i\375b+)~O\212g1\356.R=\207q\017"
 239      93F269FD 
 239      622B297E 
 239      4F8A6731 
 239      EE2E523D 
 240 08da 90EA059D 		.ascii	"\220\352\005\235{\\\347\036!\345\213\010\367\004)^\302"
 240      7B5CE71E 
 240      21E58B08 
 240      F704295E 
 240      C2
ARM GAS  /tmp/ccvDQ5CI.s 			page 19


 241 08eb B86748F5 		.ascii	"\270gH\3652\306\375\205Tku\356\011\235{\205\224\353"
 241      32C6FD85 
 241      546B75EE 
 241      099D7B85 
 241      94EB
 242 08fd 10EE7552 		.ascii	"\020\356uR\254\307\270\267I\265\001\343N4\005\252\276"
 242      ACC7B8B7 
 242      49B501E3 
 242      4E3405AA 
 242      BE
 243 090e 9F0EFF1B 		.ascii	"\237\016\377\033GM\365\017!\364\2478\020\347\252\327"
 243      474DF50F 
 243      21F4A738 
 243      10E7AAD7 
 244 091e 44AE9AE2 		.ascii	"D\256\232\342\277*\340\220I['\251\177\302\324M\244\276"
 244      BF2AE090 
 244      495B27A9 
 244      7FC2D44D 
 244      A4BE
 245 0930 9E626730 		.ascii	"\236bg0\206\020b\230a&\206\331\214!\224d\270\256g\230"
 245      86106298 
 245      612686D9 
 245      8C219464 
 245      B8AE6798 
 246 0944 CF383A18 		.ascii	"\3178:\0302,f\352fc\206\345\214!\314\230\341\033\306"
 246      322C66EA 
 246      666386E5 
 246      8C21CC98 
 246      E11BC6
 247 0957 104E32DC 		.ascii	"\020N2\334\3263\254a\034\021\206\014\033\231zGc\206"
 247      D633AC61 
 247      1C11860C 
 247      1B997A47 
 247      6386
 248 0969 EF1843A4 		.ascii	"\357\030C\2441\303\217\214!\212d\230~\222f\330\3078"
 248      31C38F8C 
 248      218A6498 
 248      7E9266D8 
 248      C738
 249 097b 3A19321C 		.ascii	":\0312\034f\352\235\215\031\2163\206.\306\014\247\030"
 249      66EA9D8D 
 249      198E3386 
 249      2EC60CA7 
 249      18
 250 098c 4334C930 		.ascii	"C4\3110K\317p\236q\304\0302\374\306\324\273\0323\\c"
 250      4BCF709E 
 250      71C41832 
 250      FCC6D4BB 
 250      1A335C63 
 251 09a0 0C771833 		.ascii	"\014w\0303\334b\014\335H\206yz\206\026\306\321\335\220"
 251      DC620CDD 
 251      4886797A 
 251      8616C6D1 
 251      DD90
 252 09b2 61524870 		.ascii	"aRHp\375Nc\206\217\030\303]\306\014\323\031C\017\222"
 252      FD4E6386 
 252      8F18C35D 
ARM GAS  /tmp/ccvDQ5CI.s 			page 20


 252      C60CD319 
 252      430F92
 253 09c5 61959E61 		.ascii	"a\225\236a\026\343\350i\3100\217\251\377\301\230a!c"
 253      16E3E869 
 253      C8308FA9 
 253      FFC19861 
 253      2163
 254 09d7 B8DB9861 		.ascii	"\270\333\230a\031c\270\207dX\247gX\3118\3565d\370\226"
 254      1963B887 
 254      6458A767 
 254      58C938EE 
 254      3564F896 
 255 09eb A9DF67CC 		.ascii	"\251\337g\314\260\2361\3642f\330\302\030bI\206\315z"
 255      B09E31F4 
 255      3266D8C2 
 255      18624986 
 255      CD7A
 256 09fd 861F1847 		.ascii	"\206\037\030GoC\206=L\375~c\206\237\030\303\003\306"
 256      6F43863D 
 256      4CFD7E63 
 256      869F18C3 
 256      03C6
 257 0a0f 0CC718C3 		.ascii	"\014\307\030\303\203$\303a=\303I\306\321\307\220\341"
 257      8324C361 
 257      3DC349C6 
 257      D1C790E1 
 258 0a1f 67A6FE90 		.ascii	"g\246\376\2201\303\257\214\341ac\206\253\214\341\021"
 258      31C3AF8C 
 258      E1616386 
 258      AB8CE111 
 259 0a2f FA71A167 		.ascii	"\372q\241g\270\3018\0365d\370\235\251?f\314\360^h\260"
 259      B8C1381E 
 259      3564F89D 
 259      A93F66CC 
 259      F05E68B0 
 260 0a43 E1716386 		.ascii	"\341qc\206\017\030\303\037\351X\255g\370\017\343\350"
 260      0F18C31F 
 260      E958AD67 
 260      F80FE3E8 
 261 0a53 6BC8F029 		.ascii	"k\310\360)S\177\302\230\3413\306`1fX\300\030\372\221"
 261      537FC298 
 261      E133C660 
 261      316658C0 
 261      18FA91
 262 0a66 0C37F40C 		.ascii	"\0147\364\014_0\2168C\206\257\230z\177c\206U\214!\336"
 262      5F308E38 
 262      4386AF98 
 262      7A7F6386 
 262      558C21DE 
 263 0a7a 98611D63 		.ascii	"\230a\035cH \031~\3273lf\034\211\206\014\3373\365$c"
 263      4820197E 
 263      D7336C66 
 263      1C89860C 
 263      DF33F524 
 264 0a8f 865D8C21 		.ascii	"\206]\214!\331\230\341\000cH!\031f\234~\204N\037\030"
 264      D998E100 
 264      63482119 
ARM GAS  /tmp/ccvDQ5CI.s 			page 21


 264      669C7E84 
 264      4E1F18
 265 0aa2 47AA21C3 		.ascii	"G\252!\303\011\246\376'c\2063\214\341Ic\206_\030\303"
 265      09A6FE27 
 265      6386338C 
 265      E1496386 
 265      5F18C3
 266 0ab5 9F4986D9 		.ascii	"\237I\206\331z\206+\214\343)C\206\353L\375ic\206\333"
 266      7A862B8C 
 266      E3294386 
 266      EB4CFD69 
 266      6386DB
 267 0ac8 8CE11963 		.ascii	"\214\341\031c\206\211\035\202\015\003H\206\371z\206"
 267      86891D82 
 267      0D034886 
 267      F97A86
 268 0ad7 298C23CD 		.ascii	")\214#\3158\177`\352\351\310\374\2011d \363\007\306"
 268      387F60EA 
 268      E9C8FC81 
 268      316420F3 
 268      07C6
 269 0ae9 309064F8 		.ascii	"0\220d\370V\3170\237q\0142\316\037\230\372`d\376\300"
 269      56CF309F 
 269      710C32CE 
 269      1F98FA60 
 269      64FEC0
 270 0afc 188620F3 		.ascii	"\030\206 \363\007\3060\224dX\257gX\3038\2365\316\037"
 270      07C63094 
 270      6458AF67 
 270      58C3389E 
 270      35CE1F
 271 0b0f 98FA5F90 		.ascii	"\230\372_\220\371\003cx\016\231?0\206\347I\206\003z"
 271      F9036378 
 271      0E993F30 
 271      86E74986 
 271      037A
 272 0b21 867D8C63 		.ascii	"\206}\214c\230q\376\300\324_@\346\017\214\341Ed\376"
 272      9871FEC0 
 272      D45F40E6 
 272      0F8CE145 
 272      64FE
 273 0b33 C0185EA2 		.ascii	"\300\030^\242\277)\350\031\3163\216\227\215\363\007"
 273      BF29E819 
 273      CE338E97 
 273      8DF307
 274 0b42 A6FE0A32 		.ascii	"\246\376\0122\177`\014\303\221\371\003cx\225N\261\365"
 274      7F600CC3 
 274      91F90363 
 274      78954EB1 
 274      F5
 275 0b53 0C2D8C63 		.ascii	"\014-\214c\204q\376`\016\256\217D\346\017\214\3415d"
 275      8471FE60 
 275      0EAE8F44 
 275      E60F8CE1 
 275      3564
 276 0b65 FEC0185E 		.ascii	"\376\300\030^'\031\256\351\031f1\216\277\032\347\017"
 276      2719AEE9 
ARM GAS  /tmp/ccvDQ5CI.s 			page 22


 276      1966318E 
 276      BF1AE70F 
 277 0b75 4CFD6FC8 		.ascii	"L\375o\310\374\2011\274\201\314\037\030\303\337I\206"
 277      FC8131BC 
 277      81CC1F18 
 277      C3DF4986 
 278 0b85 5B7A8695 		.ascii	"[z\206\225\214\343M\343\374\201\251\377\003\231?0\006"
 278      8CE34DE3 
 278      FC81A9FF 
 278      03993F30 
 278      06
 279 0b96 2B327F30 		.ascii	"+2\1770\323\377\344\352y\313\350\234l\233%3'k\202%\313"
 279      D3FFE4EA 
 279      79CBE89C 
 279      6C9B2533 
 279      276B8225 
 280 0bab 36DE9239 		.ascii	"6\336\2229\332>\312\236\343\264\270r\363\034c,p\220"
 280      DA3ECA9E 
 280      E3B4B872 
 280      F31C632C 
 280      7090
 281 0bbd 99939D9D 		.ascii	"\231\223\235\235\343\260\214\313\311u9-i\257\014\313"
 281      E3B08CCB 
 281      C975392D 
 281      69AF0CCB 
 282 0bcd 18F6B6EF 		.ascii	"\030\366\266\357\3348\373X[\256\3232$#\3032\336\226"
 282      DC38FB58 
 282      5BAED332 
 282      2423C332 
 282      DE96
 283 0bdf E9CAC975 		.ascii	"\351\312\311u>\221)u\263\3469F+\216\254\261\266,\253"
 283      3E912975 
 283      B3E63946 
 283      2B8EACB1 
 283      B62CAB
 284 0bf2 EDED4CDB 		.ascii	"\355\355L\3338\227=\307a\036\362\302\210\330\014\251"
 284      38973DC7 
 284      611EF2C2 
 284      88D80CA9 
 285 0c02 D32B36A7 		.ascii	"\323+6\247\315e\035\252\225s;(c\355\212\263;\346\227"
 285      CD651DAA 
 285      95733B28 
 285      63ED8AB3 
 285      3BE697
 286 0c15 4233472B 		.ascii	"B3G+\271\241\377\266)c\"_\030\366,\271\"f\250\222\233"
 286      B9A1FFB6 
 286      2963225F 
 286      18F62CB9 
 286      2266A892 
 287 0c2a 3558C91B 		.ascii	"5X\311\033K{\304\014\263e\017S\034\312[6r&:=\317\311"
 287      4B7BC40C 
 287      B3650F53 
 287      1CCA5B36 
 287      72263A3D 
 288 0c40 58BA8E70 		.ascii	"X\272\216pB\2319\025>R\213\033\227\0218\350\337\217"
 288      42993915 
 288      3E528B1B 
ARM GAS  /tmp/ccvDQ5CI.s 			page 23


 288      971138E8 
 288      DF8F
 289 0c52 1C249083 		.ascii	"\034$\220\203\224\310\341#3h\317\201\266Qyo\015\313"
 289      94C8E123 
 289      3368CF81 
 289      B651796F 
 289      0DCB
 290 0c64 71700DE2 		.ascii	"qp\015\342\023:\277dsd\015\037I\316w\031>\301\371\252"
 290      133ABF64 
 290      73640D1F 
 290      49CE7719 
 290      3EC1F9AA 
 291 0c78 3D730CE7 		.ascii	"=s\014\347K \375\023H\377\204\024r@2$\022O\"\361$\022"
 291      4B20FD13 
 291      48FF8414 
 291      72403224 
 291      124F22F1 
 292 0c8e 4F22F124 		.ascii	"O\"\361$\021O\022\361$\021O\022\361$\023O2\361$\023"
 292      114F12F1 
 292      24114F12 
 292      F124134F 
 292      32F12413 
 293 0ca2 4F32F1A4 		.ascii	"O2\361\244\020O\012\361\244\020O\012\361\244\022O*\361"
 293      104F0AF1 
 293      A4104F0A 
 293      F1A4124F 
 293      2AF1
 294 0cb4 A4124F2A 		.ascii	"\244\022O*\361\244\021O\032\361\244\021O\032\361\244"
 294      F1A4114F 
 294      1AF1A411 
 294      4F1AF1A4 
 295 0cc4 134F3AF1 		.ascii	"\023O:\361\244\023O:\361d\020O\006\361d\020O\006\361"
 295      A4134F3A 
 295      F164104F 
 295      06F16410 
 295      4F06F1
 296 0cd7 0C249E81 		.ascii	"\014$\236\201\3043\220x\006\022\317 \342\031D<\203\210"
 296      C4339078 
 296      0612CF20 
 296      E219443C 
 296      8388
 297 0ce9 6710F10C 		.ascii	"g\020\361\014&\236\301\3043\230x\006gD\004\336\030\375"
 297      269EC1C4 
 297      33987806 
 297      674404DE 
 297      18FD
 298 0cfb FAD1A304 		.ascii	"\372\321\243\004z\224B\217\250/\216\372\342\250/\216"
 298      7A94428F 
 298      A82F8EFA 
 298      E2A82F8E 
 299 0d0b FAE2A8AF 		.ascii	"\372\342\250\257?\365\365\247\276\376\324\327\237\372"
 299      3FF5F5A7 
 299      BEFED4D7 
 299      9FFA
 300 0d19 E2A92F9E 		.ascii	"\342\251/\236\372\342\251/\236\372\022\250/\201\372"
 300      FAE2A92F 
 300      9EFA12A8 
ARM GAS  /tmp/ccvDQ5CI.s 			page 24


 300      2F81FA
 301 0d28 12A82F81 		.ascii	"\022\250/\201\372\022\251/\221\372\022\251/\221\372"
 301      FA12A92F 
 301      91FA12A9 
 301      2F91FA
 302 0d37 92A82F89 		.ascii	"\222\250/\211\372\222\250/\211\372\222\251/\231\372"
 302      FA92A82F 
 302      89FA92A9 
 302      2F99FA
 303 0d46 92A92F99 		.ascii	"\222\251/\231\372R\250/\205\372R\250/\205\372R\251/"
 303      FA52A82F 
 303      85FA52A8 
 303      2F85FA52 
 303      A92F
 304 0d58 95FA52A9 		.ascii	"\225\372R\251/\225\372\322\250/\215\372\322\250/\215"
 304      2F95FAD2 
 304      A82F8DFA 
 304      D2A82F8D 
 305 0d68 FAD2A92F 		.ascii	"\372\322\251/\235\372\322\251/=#\"0NY]\017Z\362\234"
 305      9DFAD2A9 
 305      2F3D2322 
 305      304E595D 
 305      0F5AF29C 
 306 0d7c B9162537 		.ascii	"\271\026%7\273\257#\307a\353kSF\331-vG\346\330\274,"
 306      BBAF23C7 
 306      61EB6B53 
 306      46D92D76 
 306      47E6D8BC 
 307 0d91 9BC5E9CA 		.ascii	"\233\305\351\312\262;\\O\214\226\302\363\340k|\177\253"
 307      B23B5C4F 
 307      8C96C2F3 
 307      E06B7C7F 
 307      AB
 308 0da2 2BE17FB8 		.ascii	"+\341\177\270\263\025\030/\0356\2135\313\366Om\220q"
 308      B315182F 
 308      1D368B35 
 308      CBF64F6D 
 308      9071
 309 0db4 4D186773 		.ascii	"M\030gs\302\325\035\255Vr}G\273\303\356\262:]J\346\230"
 309      C2D51DAD 
 309      56727D47 
 309      BBC3EEB2 
 309      3A5D4AE6 
 310 0dc9 287BEEBF 		.ascii	"({\356\277\254\376\030VW\247\\m@\364\217\177\271\221"
 310      ACFE1856 
 310      57A75C6D 
 310      40F48F7F 
 310      B991
 311 0ddb 8E6C3B39 		.ascii	"\216l;9\216\201\361/\313\337\217\234\311\266eg\373\207"
 311      8E81F12F 
 311      CBDF8F9C 
 311      C9B66567 
 311      FB87
 312 0ded BAC099E8 		.ascii	"\272\300\231\350QyN\306\3225\3177\3241\247\302\375\250"
 312      51794EC6 
 312      D235CF37 
 312      D431A7C2 
ARM GAS  /tmp/ccvDQ5CI.s 			page 25


 312      FDA8
 313 0dff B8CCC001 		.ascii	"\270\314\300\001\014u\343\311P7\236\014u\316\361\231"
 313      0C75E3C9 
 313      50379E0C 
 313      75CEF199 
 314 0e0f C4DF2DCB 		.ascii	"\304\337-\3137\324\301ho\367\005d\233\300p7\016\206"
 314      37D4C168 
 314      6FF70564 
 314      9BC07037 
 314      0E86
 315 0e21 3BE77872 		.ascii	";\347xr\276\213s\202\323\345\033\356\002\337\207\005"
 315      BE8B7382 
 315      D3E51BEE 
 315      02DF8705 
 316 0e31 1E6F78E0 		.ascii	"\036ox\340\006\235aN\370\012\343y\240\201S\012\315s"
 316      069D614E 
 316      F80AE379 
 316      A081530A 
 316      CD73
 317 0e43 DAB2BA5A 		.ascii	"\332\262\272Z\255\331\212\335\341\177\036V\350h\265"
 317      ADD98ADD 
 317      E17F1E56 
 317      E868B5
 318 0e52 FE175EFB 		.ascii	"\376\027^\373q\003"
 318      7103
 319              		.text
 320              		.section	.gnu.lto_.symtab.692703f2ef2fa73a,"",%progbits
 321 0000 5F756E68 		.ascii	"_unhandled_exception\000\000\000\000\000\000\000\000"
 321      616E646C 
 321      65645F65 
 321      78636570 
 321      74696F6E 
 322 001c 00000000 		.ascii	"\000\000\000\000\241\000\000\000Reset_Handler\000\000"
 322      A1000000 
 322      52657365 
 322      745F4861 
 322      6E646C65 
 323 0033 01000000 		.ascii	"\001\000\000\000\000\000\000\000\000\000\246\000\000"
 323      00000000 
 323      0000A600 
 323      00
 324 0040 004E4D49 		.ascii	"\000NMI_Handler\000\000\001\000\000\000\000\000\000"
 324      5F48616E 
 324      646C6572 
 324      00000100 
 324      00000000 
 325 0055 000000B3 		.ascii	"\000\000\000\263\000\000\000HardFault_Handler\000\000"
 325      00000048 
 325      61726446 
 325      61756C74 
 325      5F48616E 
 326 006f 01000000 		.ascii	"\001\000\000\000\000\000\000\000\000\000\271\000\000"
 326      00000000 
 326      0000B900 
 326      00
 327 007c 004D656D 		.ascii	"\000MemManage_Handler\000\000\001\000\000\000\000\000"
 327      4D616E61 
ARM GAS  /tmp/ccvDQ5CI.s 			page 26


 327      67655F48 
 327      616E646C 
 327      65720000 
 328 0096 00000000 		.ascii	"\000\000\000\000\277\000\000\000BusFault_Handler\000"
 328      BF000000 
 328      42757346 
 328      61756C74 
 328      5F48616E 
 329 00af 00010000 		.ascii	"\000\001\000\000\000\000\000\000\000\000\000\305\000"
 329      00000000 
 329      000000C5 
 329      00
 330 00bc 00005573 		.ascii	"\000\000UsageFault_Handler\000\000\001\000\000\000\000"
 330      61676546 
 330      61756C74 
 330      5F48616E 
 330      646C6572 
 331 00d7 00000000 		.ascii	"\000\000\000\000\000\313\000\000\000Vector1C\000\000"
 331      00CB0000 
 331      00566563 
 331      746F7231 
 331      430000
 332 00ea 01000000 		.ascii	"\001\000\000\000\000\000\000\000\000\000\321\000\000"
 332      00000000 
 332      0000D100 
 332      00
 333 00f7 00566563 		.ascii	"\000Vector20\000\000\001\000\000\000\000\000\000\000"
 333      746F7232 
 333      30000001 
 333      00000000 
 333      000000
 334 010a 0000D700 		.ascii	"\000\000\327\000\000\000Vector24\000\000\001\000\000"
 334      00005665 
 334      63746F72 
 334      32340000 
 334      010000
 335 011d 00000000 		.ascii	"\000\000\000\000\000\000\000\335\000\000\000Vector2"
 335      000000DD 
 335      00000056 
 335      6563746F 
 335      7232
 336 012f 38000001 		.ascii	"8\000\000\001\000\000\000\000\000\000\000\000\000\343"
 336      00000000 
 336      00000000 
 336      00E3
 337 013d 00000053 		.ascii	"\000\000\000SVC_Handler\000\000\001\000\000\000\000"
 337      56435F48 
 337      616E646C 
 337      65720000 
 337      01000000 
 338 0152 00000000 		.ascii	"\000\000\000\000\000\351\000\000\000DebugMon_Handle"
 338      00E90000 
 338      00446562 
 338      75674D6F 
 338      6E5F4861 
 339 016a 72000001 		.ascii	"r\000\000\001\000\000\000\000\000\000\000\000\000\357"
 339      00000000 
ARM GAS  /tmp/ccvDQ5CI.s 			page 27


 339      00000000 
 339      00EF
 340 0178 00000056 		.ascii	"\000\000\000Vector34\000\000\001\000\000\000\000\000"
 340      6563746F 
 340      72333400 
 340      00010000 
 340      000000
 341 018b 00000000 		.ascii	"\000\000\000\000\365\000\000\000PendSV_Handler\000\000"
 341      F5000000 
 341      50656E64 
 341      53565F48 
 341      616E646C 
 342 01a3 01000000 		.ascii	"\001\000\000\000\000\000\000\000\000\000\373\000\000"
 342      00000000 
 342      0000FB00 
 342      00
 343 01b0 00537973 		.ascii	"\000SysTick_Handler\000\000\001\000\000\000\000\000"
 343      5469636B 
 343      5F48616E 
 343      646C6572 
 343      00000100 
 344 01c8 00000000 		.ascii	"\000\000\000\000\001\001\000\000Vector40\000\000\001"
 344      01010000 
 344      56656374 
 344      6F723430 
 344      000001
 345 01db 00000000 		.ascii	"\000\000\000\000\000\000\000\000\000\007\001\000\000"
 345      00000000 
 345      00070100 
 345      00
 346 01e8 56656374 		.ascii	"Vector44\000\000\001\000\000\000\000\000\000\000\000"
 346      6F723434 
 346      00000100 
 346      00000000 
 346      000000
 347 01fb 000D0100 		.ascii	"\000\015\001\000\000Vector48\000\000\001\000\000\000"
 347      00566563 
 347      746F7234 
 347      38000001 
 347      000000
 348 020e 00000000 		.ascii	"\000\000\000\000\000\000\023\001\000\000Vector4C\000"
 348      00001301 
 348      00005665 
 348      63746F72 
 348      344300
 349 0221 00010000 		.ascii	"\000\001\000\000\000\000\000\000\000\000\000\031\001"
 349      00000000 
 349      00000019 
 349      01
 350 022e 00005665 		.ascii	"\000\000Vector50\000\000\001\000\000\000\000\000\000"
 350      63746F72 
 350      35300000 
 350      01000000 
 350      000000
 351 0241 0000001F 		.ascii	"\000\000\000\037\001\000\000Vector54\000\000\001\000"
 351      01000056 
 351      6563746F 
ARM GAS  /tmp/ccvDQ5CI.s 			page 28


 351      72353400 
 351      000100
 352 0254 00000000 		.ascii	"\000\000\000\000\000\000\000\000%\001\000\000Vector"
 352      00000000 
 352      25010000 
 352      56656374 
 352      6F72
 353 0266 35380000 		.ascii	"58\000\000\001\000\000\000\000\000\000\000\000\000+"
 353      01000000 
 353      00000000 
 353      00002B
 354 0275 01000056 		.ascii	"\001\000\000Vector5C\000\000\001\000\000\000\000\000"
 354      6563746F 
 354      72354300 
 354      00010000 
 354      000000
 355 0288 00000000 		.ascii	"\000\000\000\0001\001\000\000Vector60\000\000\001\000"
 355      31010000 
 355      56656374 
 355      6F723630 
 355      00000100 
 356 029c 00000000 		.ascii	"\000\000\000\000\000\000\000\0007\001\000\000Vector"
 356      00000000 
 356      37010000 
 356      56656374 
 356      6F72
 357 02ae 36340000 		.ascii	"64\000\000\001\000\000\000\000\000\000\000\000\000="
 357      01000000 
 357      00000000 
 357      00003D
 358 02bd 01000056 		.ascii	"\001\000\000Vector68\000\000\001\000\000\000\000\000"
 358      6563746F 
 358      72363800 
 358      00010000 
 358      000000
 359 02d0 00000000 		.ascii	"\000\000\000\000C\001\000\000Vector6C\000\000\001\000"
 359      43010000 
 359      56656374 
 359      6F723643 
 359      00000100 
 360 02e4 00000000 		.ascii	"\000\000\000\000\000\000\000\000I\001\000\000Vector"
 360      00000000 
 360      49010000 
 360      56656374 
 360      6F72
 361 02f6 37300000 		.ascii	"70\000\000\001\000\000\000\000\000\000\000\000\000O"
 361      01000000 
 361      00000000 
 361      00004F
 362 0305 01000056 		.ascii	"\001\000\000Vector74\000\000\001\000\000\000\000\000"
 362      6563746F 
 362      72373400 
 362      00010000 
 362      000000
 363 0318 00000000 		.ascii	"\000\000\000\000U\001\000\000Vector78\000\000\001\000"
 363      55010000 
 363      56656374 
ARM GAS  /tmp/ccvDQ5CI.s 			page 29


 363      6F723738 
 363      00000100 
 364 032c 00000000 		.ascii	"\000\000\000\000\000\000\000\000[\001\000\000Vector"
 364      00000000 
 364      5B010000 
 364      56656374 
 364      6F72
 365 033e 37430000 		.ascii	"7C\000\000\001\000\000\000\000\000\000\000\000\000a"
 365      01000000 
 365      00000000 
 365      000061
 366 034d 01000056 		.ascii	"\001\000\000Vector80\000\000\001\000\000\000\000\000"
 366      6563746F 
 366      72383000 
 366      00010000 
 366      000000
 367 0360 00000000 		.ascii	"\000\000\000\000g\001\000\000Vector84\000\000\001\000"
 367      67010000 
 367      56656374 
 367      6F723834 
 367      00000100 
 368 0374 00000000 		.ascii	"\000\000\000\000\000\000\000\000m\001\000\000Vector"
 368      00000000 
 368      6D010000 
 368      56656374 
 368      6F72
 369 0386 38380000 		.ascii	"88\000\000\001\000\000\000\000\000\000\000\000\000s"
 369      01000000 
 369      00000000 
 369      000073
 370 0395 01000056 		.ascii	"\001\000\000Vector8C\000\000\001\000\000\000\000\000"
 370      6563746F 
 370      72384300 
 370      00010000 
 370      000000
 371 03a8 00000000 		.ascii	"\000\000\000\000y\001\000\000Vector90\000\000\001\000"
 371      79010000 
 371      56656374 
 371      6F723930 
 371      00000100 
 372 03bc 00000000 		.ascii	"\000\000\000\000\000\000\000\000\177\001\000\000Vec"
 372      00000000 
 372      7F010000 
 372      566563
 373 03cb 746F7239 		.ascii	"tor94\000\000\001\000\000\000\000\000\000\000\000\000"
 373      34000001 
 373      00000000 
 373      00000000 
 373      00
 374 03dc 85010000 		.ascii	"\205\001\000\000Vector98\000\000\001\000\000\000\000"
 374      56656374 
 374      6F723938 
 374      00000100 
 374      000000
 375 03ef 00000000 		.ascii	"\000\000\000\000\000\213\001\000\000"
 375      008B0100 
 375      00
ARM GAS  /tmp/ccvDQ5CI.s 			page 30


 376 03f8 56656374 		.ascii	"Vector9C\000\000\001\000\000\000\000\000\000\000\000"
 376      6F723943 
 376      00000100 
 376      00000000 
 376      000000
 377 040b 00910100 		.ascii	"\000\221\001\000\000VectorA0\000\000\001\000\000\000"
 377      00566563 
 377      746F7241 
 377      30000001 
 377      000000
 378 041e 00000000 		.ascii	"\000\000\000\000\000\000\227\001\000\000VectorA4\000"
 378      00009701 
 378      00005665 
 378      63746F72 
 378      413400
 379 0431 00010000 		.ascii	"\000\001\000\000\000\000\000\000\000\000\000\235\001"
 379      00000000 
 379      0000009D 
 379      01
 380 043e 00005665 		.ascii	"\000\000VectorA8\000\000\001\000\000\000\000\000\000"
 380      63746F72 
 380      41380000 
 380      01000000 
 380      000000
 381 0451 000000A3 		.ascii	"\000\000\000\243\001\000\000VectorAC\000\000\001\000"
 381      01000056 
 381      6563746F 
 381      72414300 
 381      000100
 382 0464 00000000 		.ascii	"\000\000\000\000\000\000\000\000\251\001\000\000Vec"
 382      00000000 
 382      A9010000 
 382      566563
 383 0473 746F7242 		.ascii	"torB0\000\000\001\000\000\000\000\000\000\000\000\000"
 383      30000001 
 383      00000000 
 383      00000000 
 383      00
 384 0484 AF010000 		.ascii	"\257\001\000\000VectorB4\000\000\001\000\000\000\000"
 384      56656374 
 384      6F724234 
 384      00000100 
 384      000000
 385 0497 00000000 		.ascii	"\000\000\000\000\000\265\001\000\000VectorB8\000\000"
 385      00B50100 
 385      00566563 
 385      746F7242 
 385      380000
 386 04aa 01000000 		.ascii	"\001\000\000\000\000\000\000\000\000\000\273\001\000"
 386      00000000 
 386      0000BB01 
 386      00
 387 04b7 00566563 		.ascii	"\000VectorBC\000\000\001\000\000\000\000\000\000\000"
 387      746F7242 
 387      43000001 
 387      00000000 
 387      000000
ARM GAS  /tmp/ccvDQ5CI.s 			page 31


 388 04ca 0000C101 		.ascii	"\000\000\301\001\000\000VectorC0\000\000\001\000\000"
 388      00005665 
 388      63746F72 
 388      43300000 
 388      010000
 389 04dd 00000000 		.ascii	"\000\000\000\000\000\000\000\307\001\000\000VectorC"
 389      000000C7 
 389      01000056 
 389      6563746F 
 389      7243
 390 04ef 34000001 		.ascii	"4\000\000\001\000\000\000\000\000\000\000\000\000\315"
 390      00000000 
 390      00000000 
 390      00CD
 391 04fd 01000056 		.ascii	"\001\000\000VectorC8\000\000\001\000\000\000\000\000"
 391      6563746F 
 391      72433800 
 391      00010000 
 391      000000
 392 0510 00000000 		.ascii	"\000\000\000\000\323\001\000\000VectorCC\000\000\001"
 392      D3010000 
 392      56656374 
 392      6F724343 
 392      000001
 393 0523 00000000 		.ascii	"\000\000\000\000\000\000\000\000\000\331\001\000\000"
 393      00000000 
 393      00D90100 
 393      00
 394 0530 56656374 		.ascii	"VectorD0\000\000\001\000\000\000\000\000\000\000\000"
 394      6F724430 
 394      00000100 
 394      00000000 
 394      000000
 395 0543 00DF0100 		.ascii	"\000\337\001\000\000VectorD4\000\000\001\000\000\000"
 395      00566563 
 395      746F7244 
 395      34000001 
 395      000000
 396 0556 00000000 		.ascii	"\000\000\000\000\000\000\345\001\000\000VectorD8\000"
 396      0000E501 
 396      00005665 
 396      63746F72 
 396      443800
 397 0569 00010000 		.ascii	"\000\001\000\000\000\000\000\000\000\000\000\353\001"
 397      00000000 
 397      000000EB 
 397      01
 398 0576 00005665 		.ascii	"\000\000VectorDC\000\000\001\000\000\000\000\000\000"
 398      63746F72 
 398      44430000 
 398      01000000 
 398      000000
 399 0589 000000F1 		.ascii	"\000\000\000\361\001\000\000VectorE0\000\000\001\000"
 399      01000056 
 399      6563746F 
 399      72453000 
 399      000100
ARM GAS  /tmp/ccvDQ5CI.s 			page 32


 400 059c 00000000 		.ascii	"\000\000\000\000\000\000\000\000\367\001\000\000Vec"
 400      00000000 
 400      F7010000 
 400      566563
 401 05ab 746F7245 		.ascii	"torE4\000\000\001\000\000\000\000\000\000\000\000\000"
 401      34000001 
 401      00000000 
 401      00000000 
 401      00
 402 05bc FD010000 		.ascii	"\375\001\000\000VectorE8\000\000\001\000\000\000\000"
 402      56656374 
 402      6F724538 
 402      00000100 
 402      000000
 403 05cf 00000000 		.ascii	"\000\000\000\000\000\003\002\000\000VectorEC\000\000"
 403      00030200 
 403      00566563 
 403      746F7245 
 403      430000
 404 05e2 01000000 		.ascii	"\001\000\000\000\000\000\000\000\000\000\011\002\000"
 404      00000000 
 404      00000902 
 404      00
 405 05ef 00566563 		.ascii	"\000VectorF0\000\000\001\000\000\000\000\000\000\000"
 405      746F7246 
 405      30000001 
 405      00000000 
 405      000000
 406 0602 00000F02 		.ascii	"\000\000\017\002\000\000VectorF4\000\000\001\000\000"
 406      00005665 
 406      63746F72 
 406      46340000 
 406      010000
 407 0615 00000000 		.ascii	"\000\000\000\000\000\000\000\025\002\000\000VectorF"
 407      00000015 
 407      02000056 
 407      6563746F 
 407      7246
 408 0627 38000001 		.ascii	"8\000\000\001\000\000\000\000\000\000\000\000\000\033"
 408      00000000 
 408      00000000 
 408      001B
 409 0635 02000056 		.ascii	"\002\000\000VectorFC\000\000\001\000\000\000\000\000"
 409      6563746F 
 409      72464300 
 409      00010000 
 409      000000
 410 0648 00000000 		.ascii	"\000\000\000\000!\002\000\000Vector100\000\000\001\000"
 410      21020000 
 410      56656374 
 410      6F723130 
 410      30000001 
 411 065d 00000000 		.ascii	"\000\000\000\000\000\000\000\000'\002\000\000Vector"
 411      00000000 
 411      27020000 
 411      56656374 
 411      6F72
ARM GAS  /tmp/ccvDQ5CI.s 			page 33


 412 066f 31303400 		.ascii	"104\000\000\001\000\000\000\000\000\000\000\000\000"
 412      00010000 
 412      00000000 
 412      000000
 413 067e 2D020000 		.ascii	"-\002\000\000Vector108\000\000\001\000\000\000\000\000"
 413      56656374 
 413      6F723130 
 413      38000001 
 413      00000000 
 414 0693 00000000 		.ascii	"\000\000\000\0003\002\000\000Vector10C\000\000\001\000"
 414      33020000 
 414      56656374 
 414      6F723130 
 414      43000001 
 415 06a8 00000000 		.ascii	"\000\000\000\000\000\000\000\0009\002\000\000Vector"
 415      00000000 
 415      39020000 
 415      56656374 
 415      6F72
 416 06ba 31313000 		.ascii	"110\000\000\001\000\000\000\000\000\000\000\000\000"
 416      00010000 
 416      00000000 
 416      000000
 417 06c9 3F020000 		.ascii	"?\002\000\000Vector114\000\000\001\000\000\000\000\000"
 417      56656374 
 417      6F723131 
 417      34000001 
 417      00000000 
 418 06de 00000000 		.ascii	"\000\000\000\000E\002\000\000Vector118\000\000\001\000"
 418      45020000 
 418      56656374 
 418      6F723131 
 418      38000001 
 419 06f3 00000000 		.ascii	"\000\000\000\000\000\000\000\000K\002\000\000Vector"
 419      00000000 
 419      4B020000 
 419      56656374 
 419      6F72
 420 0705 31314300 		.ascii	"11C\000\000\001\000\000\000\000\000\000\000\000\000"
 420      00010000 
 420      00000000 
 420      000000
 421 0714 51020000 		.ascii	"Q\002\000\000Vector120\000\000\001\000\000\000\000\000"
 421      56656374 
 421      6F723132 
 421      30000001 
 421      00000000 
 422 0729 00000000 		.ascii	"\000\000\000\000W\002\000\000Vector124\000\000\001\000"
 422      57020000 
 422      56656374 
 422      6F723132 
 422      34000001 
 423 073e 00000000 		.ascii	"\000\000\000\000\000\000\000\000]\002\000\000Vector"
 423      00000000 
 423      5D020000 
 423      56656374 
 423      6F72
ARM GAS  /tmp/ccvDQ5CI.s 			page 34


 424 0750 31323800 		.ascii	"128\000\000\001\000\000\000\000\000\000\000\000\000"
 424      00010000 
 424      00000000 
 424      000000
 425 075f 63020000 		.ascii	"c\002\000\000Vector12C\000\000\001\000\000\000\000\000"
 425      56656374 
 425      6F723132 
 425      43000001 
 425      00000000 
 426 0774 00000000 		.ascii	"\000\000\000\000i\002\000\000Vector130\000\000\001\000"
 426      69020000 
 426      56656374 
 426      6F723133 
 426      30000001 
 427 0789 00000000 		.ascii	"\000\000\000\000\000\000\000\000o\002\000\000Vector"
 427      00000000 
 427      6F020000 
 427      56656374 
 427      6F72
 428 079b 31333400 		.ascii	"134\000\000\001\000\000\000\000\000\000\000\000\000"
 428      00010000 
 428      00000000 
 428      000000
 429 07aa 75020000 		.ascii	"u\002\000\000Vector138\000\000\001\000\000\000\000\000"
 429      56656374 
 429      6F723133 
 429      38000001 
 429      00000000 
 430 07bf 00000000 		.ascii	"\000\000\000\000{\002\000\000Vector13C\000\000\001\000"
 430      7B020000 
 430      56656374 
 430      6F723133 
 430      43000001 
 431 07d4 00000000 		.ascii	"\000\000\000\000\000\000\000\000\201\002\000\000Vec"
 431      00000000 
 431      81020000 
 431      566563
 432 07e3 746F7231 		.ascii	"tor140\000\000\001\000\000\000\000\000\000\000\000\000"
 432      34300000 
 432      01000000 
 432      00000000 
 432      0000
 433 07f5 87020000 		.ascii	"\207\002\000\000Vector144\000\000\001\000\000\000\000"
 433      56656374 
 433      6F723134 
 433      34000001 
 433      00000000 
 434 0809 00000000 		.ascii	"\000\000\000\000\000\215\002\000\000Vector148\000\000"
 434      008D0200 
 434      00566563 
 434      746F7231 
 434      34380000 
 435 081d 01000000 		.ascii	"\001\000\000\000\000\000\000\000\000\000\223\002\000"
 435      00000000 
 435      00009302 
 435      00
 436 082a 00566563 		.ascii	"\000Vector14C\000\000\001\000\000\000\000\000\000\000"
ARM GAS  /tmp/ccvDQ5CI.s 			page 35


 436      746F7231 
 436      34430000 
 436      01000000 
 436      00000000 
 437 083e 00009902 		.ascii	"\000\000\231\002\000\000Vector150\000\000\001\000\000"
 437      00005665 
 437      63746F72 
 437      31353000 
 437      00010000 
 438 0852 00000000 		.ascii	"\000\000\000\000\000\000\000\237\002\000\000Vector1"
 438      0000009F 
 438      02000056 
 438      6563746F 
 438      7231
 439 0864 35340000 		.ascii	"54\000\000\001\000\000\000\000\000\000\000\000\000\245"
 439      01000000 
 439      00000000 
 439      0000A5
 440 0873 02000056 		.ascii	"\002\000\000Vector158\000\000\001\000\000\000\000\000"
 440      6563746F 
 440      72313538 
 440      00000100 
 440      00000000 
 441 0887 00000000 		.ascii	"\000\000\000\000\253\002\000\000Vector15C\000\000\001"
 441      AB020000 
 441      56656374 
 441      6F723135 
 441      43000001 
 442 089b 00000000 		.ascii	"\000\000\000\000\000\000\000\000\000\261\002\000\000"
 442      00000000 
 442      00B10200 
 442      00
 443 08a8 56656374 		.ascii	"Vector160\000\000\001\000\000\000\000\000\000\000\000"
 443      6F723136 
 443      30000001 
 443      00000000 
 443      00000000 
 444 08bc 00B70200 		.ascii	"\000\267\002\000\000Vector164\000\000\001\000\000\000"
 444      00566563 
 444      746F7231 
 444      36340000 
 444      01000000 
 445 08d0 00000000 		.ascii	"\000\000\000\000\000\000\275\002\000\000Vector168\000"
 445      0000BD02 
 445      00005665 
 445      63746F72 
 445      31363800 
 446 08e4 00010000 		.ascii	"\000\001\000\000\000\000\000\000\000\000\000\303\002"
 446      00000000 
 446      000000C3 
 446      02
 447 08f1 00005665 		.ascii	"\000\000Vector16C\000\000\001\000\000\000\000\000\000"
 447      63746F72 
 447      31364300 
 447      00010000 
 447      00000000 
 448 0905 000000C9 		.ascii	"\000\000\000\311\002\000\000Vector170\000\000\001\000"
ARM GAS  /tmp/ccvDQ5CI.s 			page 36


 448      02000056 
 448      6563746F 
 448      72313730 
 448      00000100 
 449 0919 00000000 		.ascii	"\000\000\000\000\000\000\000\000\317\002\000\000Vec"
 449      00000000 
 449      CF020000 
 449      566563
 450 0928 746F7231 		.ascii	"tor174\000\000\001\000\000\000\000\000\000\000\000\000"
 450      37340000 
 450      01000000 
 450      00000000 
 450      0000
 451 093a D5020000 		.ascii	"\325\002\000\000Vector178\000\000\001\000\000\000\000"
 451      56656374 
 451      6F723137 
 451      38000001 
 451      00000000 
 452 094e 00000000 		.ascii	"\000\000\000\000\000\333\002\000\000Vector17C\000\000"
 452      00DB0200 
 452      00566563 
 452      746F7231 
 452      37430000 
 453 0962 01000000 		.ascii	"\001\000\000\000\000\000\000\000\000\000\341\002\000"
 453      00000000 
 453      0000E102 
 453      00
 454 096f 00566563 		.ascii	"\000Vector180\000\000\001\000\000\000\000\000\000\000"
 454      746F7231 
 454      38300000 
 454      01000000 
 454      00000000 
 455 0983 0000E702 		.ascii	"\000\000\347\002\000\000Vector184\000\000\001\000\000"
 455      00005665 
 455      63746F72 
 455      31383400 
 455      00010000 
 456 0997 00000000 		.ascii	"\000\000\000\000\000\000\000\355\002\000\000Vector1"
 456      000000ED 
 456      02000056 
 456      6563746F 
 456      7231
 457 09a9 38380000 		.ascii	"88\000\000\001\000\000\000\000\000\000\000\000\000\363"
 457      01000000 
 457      00000000 
 457      0000F3
 458 09b8 02000056 		.ascii	"\002\000\000Vector18C\000\000\001\000\000\000\000\000"
 458      6563746F 
 458      72313843 
 458      00000100 
 458      00000000 
 459 09cc 00000000 		.ascii	"\000\000\000\000\371\002\000\000Vector190\000\000\001"
 459      F9020000 
 459      56656374 
 459      6F723139 
 459      30000001 
 460 09e0 00000000 		.ascii	"\000\000\000\000\000\000\000\000\000\377\002\000\000"
ARM GAS  /tmp/ccvDQ5CI.s 			page 37


 460      00000000 
 460      00FF0200 
 460      00
 461 09ed 56656374 		.ascii	"Vector194\000\000\001\000\000\000\000\000\000\000\000"
 461      6F723139 
 461      34000001 
 461      00000000 
 461      00000000 
 462 0a01 00050300 		.ascii	"\000\005\003\000\000Vector198\000\000\001\000\000\000"
 462      00566563 
 462      746F7231 
 462      39380000 
 462      01000000 
 463 0a15 00000000 		.ascii	"\000\000\000\000\000\000\013\003\000\000Vector19C\000"
 463      00000B03 
 463      00005665 
 463      63746F72 
 463      31394300 
 464 0a29 00010000 		.ascii	"\000\001\000\000\000\000\000\000\000\000\000\021\003"
 464      00000000 
 464      00000011 
 464      03
 465 0a36 00005665 		.ascii	"\000\000Vector1A0\000\000\001\000\000\000\000\000\000"
 465      63746F72 
 465      31413000 
 465      00010000 
 465      00000000 
 466 0a4a 00000017 		.ascii	"\000\000\000\027\003\000\000Vector1A4\000\000\001\000"
 466      03000056 
 466      6563746F 
 466      72314134 
 466      00000100 
 467 0a5e 00000000 		.ascii	"\000\000\000\000\000\000\000\000\035\003\000\000Vec"
 467      00000000 
 467      1D030000 
 467      566563
 468 0a6d 746F7231 		.ascii	"tor1A8\000\000\001\000\000\000\000\000\000\000\000\000"
 468      41380000 
 468      01000000 
 468      00000000 
 468      0000
 469 0a7f 23030000 		.ascii	"#\003\000\000Vector1AC\000\000\001\000\000\000\000\000"
 469      56656374 
 469      6F723141 
 469      43000001 
 469      00000000 
 470 0a94 00000000 		.ascii	"\000\000\000\000)\003\000\000Vector1B0\000\000\001\000"
 470      29030000 
 470      56656374 
 470      6F723142 
 470      30000001 
 471 0aa9 00000000 		.ascii	"\000\000\000\000\000\000\000\000/\003\000\000Vector"
 471      00000000 
 471      2F030000 
 471      56656374 
 471      6F72
 472 0abb 31423400 		.ascii	"1B4\000\000\001\000\000\000\000\000\000\000\000\000"
ARM GAS  /tmp/ccvDQ5CI.s 			page 38


 472      00010000 
 472      00000000 
 472      000000
 473 0aca 35030000 		.ascii	"5\003\000\000Vector1B8\000\000\001\000\000\000\000\000"
 473      56656374 
 473      6F723142 
 473      38000001 
 473      00000000 
 474 0adf 00000000 		.ascii	"\000\000\000\000;\003\000\000Vector1BC\000\000\001\000"
 474      3B030000 
 474      56656374 
 474      6F723142 
 474      43000001 
 475 0af4 00000000 		.ascii	"\000\000\000\000\000\000\000\000A\003\000\000_vecto"
 475      00000000 
 475      41030000 
 475      5F766563 
 475      746F
 476 0b06 72730000 		.ascii	"rs\000\000\000\000\000\000\000\000\000\000\000\000G"
 476      00000000 
 476      00000000 
 476      000047
 477 0b15 0300005F 		.ascii	"\003\000\000__main_stack_end__\000\000\002\000\000\000"
 477      5F6D6169 
 477      6E5F7374 
 477      61636B5F 
 477      656E645F 
 478 0b30 00000000 		.ascii	"\000\000\000\000\000\000\207\003\000\000"
 478      00008703 
 478      0000
 479              		.text
 480              		.section	.gnu.lto_.opts,"",%progbits
 481 0000 272D6D63 		.ascii	"'-mcpu=cortex-m4' '-mfloat-abi=hard' '-mfpu=fpv4-sp"
 481      70753D63 
 481      6F727465 
 481      782D6D34 
 481      2720272D 
 482 0033 2D643136 		.ascii	"-d16' '-mno-thumb-interwork' '-mthumb' '-O2' '-fomi"
 482      2720272D 
 482      6D6E6F2D 
 482      7468756D 
 482      622D696E 
 483 0066 742D6672 		.ascii	"t-frame-pointer' '-falign-functions=16' '-ffunction"
 483      616D652D 
 483      706F696E 
 483      74657227 
 483      20272D66 
 484 0099 2D736563 		.ascii	"-sections' '-fdata-sections' '-fno-common' '-flto' "
 484      74696F6E 
 484      73272027 
 484      2D666461 
 484      74612D73 
 485 00cc 272D6673 		.ascii	"'-fsingle-precision-constant'\000"
 485      696E676C 
 485      652D7072 
 485      65636973 
 485      696F6E2D 
ARM GAS  /tmp/ccvDQ5CI.s 			page 39


 486              		.text
 487              		.section	.text._unhandled_exception,"ax",%progbits
 488              		.align	2
 489              		.p2align 4,,15
 490              		.global	_unhandled_exception
 491              		.thumb
 492              		.thumb_func
 493              		.type	_unhandled_exception, %function
 494              	_unhandled_exception:
 495              		@ Volatile: function does not return.
 496              		@ args = 0, pretend = 0, frame = 0
 497              		@ frame_needed = 0, uses_anonymous_args = 0
 498              		@ link register save eliminated.
 499              	.L2:
 500 0000 FEE7     		b	.L2
 501              		.size	_unhandled_exception, .-_unhandled_exception
 502              		.weak	Reset_Handler
 503              		.thumb_set Reset_Handler,_unhandled_exception
 504              		.weak	NMI_Handler
 505              		.thumb_set NMI_Handler,_unhandled_exception
 506              		.weak	HardFault_Handler
 507              		.thumb_set HardFault_Handler,_unhandled_exception
 508              		.weak	MemManage_Handler
 509              		.thumb_set MemManage_Handler,_unhandled_exception
 510              		.weak	BusFault_Handler
 511              		.thumb_set BusFault_Handler,_unhandled_exception
 512              		.weak	UsageFault_Handler
 513              		.thumb_set UsageFault_Handler,_unhandled_exception
 514              		.weak	Vector1C
 515              		.thumb_set Vector1C,_unhandled_exception
 516              		.weak	Vector20
 517              		.thumb_set Vector20,_unhandled_exception
 518              		.weak	Vector24
 519              		.thumb_set Vector24,_unhandled_exception
 520              		.weak	Vector28
 521              		.thumb_set Vector28,_unhandled_exception
 522              		.weak	SVC_Handler
 523              		.thumb_set SVC_Handler,_unhandled_exception
 524              		.weak	DebugMon_Handler
 525              		.thumb_set DebugMon_Handler,_unhandled_exception
 526              		.weak	Vector34
 527              		.thumb_set Vector34,_unhandled_exception
 528              		.weak	PendSV_Handler
 529              		.thumb_set PendSV_Handler,_unhandled_exception
 530              		.weak	SysTick_Handler
 531              		.thumb_set SysTick_Handler,_unhandled_exception
 532              		.weak	Vector40
 533              		.thumb_set Vector40,_unhandled_exception
 534              		.weak	Vector44
 535              		.thumb_set Vector44,_unhandled_exception
 536              		.weak	Vector48
 537              		.thumb_set Vector48,_unhandled_exception
 538              		.weak	Vector4C
 539              		.thumb_set Vector4C,_unhandled_exception
 540              		.weak	Vector50
 541              		.thumb_set Vector50,_unhandled_exception
 542              		.weak	Vector54
ARM GAS  /tmp/ccvDQ5CI.s 			page 40


 543              		.thumb_set Vector54,_unhandled_exception
 544              		.weak	Vector58
 545              		.thumb_set Vector58,_unhandled_exception
 546              		.weak	Vector5C
 547              		.thumb_set Vector5C,_unhandled_exception
 548              		.weak	Vector60
 549              		.thumb_set Vector60,_unhandled_exception
 550              		.weak	Vector64
 551              		.thumb_set Vector64,_unhandled_exception
 552              		.weak	Vector68
 553              		.thumb_set Vector68,_unhandled_exception
 554              		.weak	Vector6C
 555              		.thumb_set Vector6C,_unhandled_exception
 556              		.weak	Vector70
 557              		.thumb_set Vector70,_unhandled_exception
 558              		.weak	Vector74
 559              		.thumb_set Vector74,_unhandled_exception
 560              		.weak	Vector78
 561              		.thumb_set Vector78,_unhandled_exception
 562              		.weak	Vector7C
 563              		.thumb_set Vector7C,_unhandled_exception
 564              		.weak	Vector80
 565              		.thumb_set Vector80,_unhandled_exception
 566              		.weak	Vector84
 567              		.thumb_set Vector84,_unhandled_exception
 568              		.weak	Vector88
 569              		.thumb_set Vector88,_unhandled_exception
 570              		.weak	Vector8C
 571              		.thumb_set Vector8C,_unhandled_exception
 572              		.weak	Vector90
 573              		.thumb_set Vector90,_unhandled_exception
 574              		.weak	Vector94
 575              		.thumb_set Vector94,_unhandled_exception
 576              		.weak	Vector98
 577              		.thumb_set Vector98,_unhandled_exception
 578              		.weak	Vector9C
 579              		.thumb_set Vector9C,_unhandled_exception
 580              		.weak	VectorA0
 581              		.thumb_set VectorA0,_unhandled_exception
 582              		.weak	VectorA4
 583              		.thumb_set VectorA4,_unhandled_exception
 584              		.weak	VectorA8
 585              		.thumb_set VectorA8,_unhandled_exception
 586              		.weak	VectorAC
 587              		.thumb_set VectorAC,_unhandled_exception
 588              		.weak	VectorB0
 589              		.thumb_set VectorB0,_unhandled_exception
 590              		.weak	VectorB4
 591              		.thumb_set VectorB4,_unhandled_exception
 592              		.weak	VectorB8
 593              		.thumb_set VectorB8,_unhandled_exception
 594              		.weak	VectorBC
 595              		.thumb_set VectorBC,_unhandled_exception
 596              		.weak	VectorC0
 597              		.thumb_set VectorC0,_unhandled_exception
 598              		.weak	VectorC4
 599              		.thumb_set VectorC4,_unhandled_exception
ARM GAS  /tmp/ccvDQ5CI.s 			page 41


 600              		.weak	VectorC8
 601              		.thumb_set VectorC8,_unhandled_exception
 602              		.weak	VectorCC
 603              		.thumb_set VectorCC,_unhandled_exception
 604              		.weak	VectorD0
 605              		.thumb_set VectorD0,_unhandled_exception
 606              		.weak	VectorD4
 607              		.thumb_set VectorD4,_unhandled_exception
 608              		.weak	VectorD8
 609              		.thumb_set VectorD8,_unhandled_exception
 610              		.weak	VectorDC
 611              		.thumb_set VectorDC,_unhandled_exception
 612              		.weak	VectorE0
 613              		.thumb_set VectorE0,_unhandled_exception
 614              		.weak	VectorE4
 615              		.thumb_set VectorE4,_unhandled_exception
 616              		.weak	VectorE8
 617              		.thumb_set VectorE8,_unhandled_exception
 618              		.weak	VectorEC
 619              		.thumb_set VectorEC,_unhandled_exception
 620              		.weak	VectorF0
 621              		.thumb_set VectorF0,_unhandled_exception
 622              		.weak	VectorF4
 623              		.thumb_set VectorF4,_unhandled_exception
 624              		.weak	VectorF8
 625              		.thumb_set VectorF8,_unhandled_exception
 626              		.weak	VectorFC
 627              		.thumb_set VectorFC,_unhandled_exception
 628              		.weak	Vector100
 629              		.thumb_set Vector100,_unhandled_exception
 630              		.weak	Vector104
 631              		.thumb_set Vector104,_unhandled_exception
 632              		.weak	Vector108
 633              		.thumb_set Vector108,_unhandled_exception
 634              		.weak	Vector10C
 635              		.thumb_set Vector10C,_unhandled_exception
 636              		.weak	Vector110
 637              		.thumb_set Vector110,_unhandled_exception
 638              		.weak	Vector114
 639              		.thumb_set Vector114,_unhandled_exception
 640              		.weak	Vector118
 641              		.thumb_set Vector118,_unhandled_exception
 642              		.weak	Vector11C
 643              		.thumb_set Vector11C,_unhandled_exception
 644              		.weak	Vector120
 645              		.thumb_set Vector120,_unhandled_exception
 646              		.weak	Vector124
 647              		.thumb_set Vector124,_unhandled_exception
 648              		.weak	Vector128
 649              		.thumb_set Vector128,_unhandled_exception
 650              		.weak	Vector12C
 651              		.thumb_set Vector12C,_unhandled_exception
 652              		.weak	Vector130
 653              		.thumb_set Vector130,_unhandled_exception
 654              		.weak	Vector134
 655              		.thumb_set Vector134,_unhandled_exception
 656              		.weak	Vector138
ARM GAS  /tmp/ccvDQ5CI.s 			page 42


 657              		.thumb_set Vector138,_unhandled_exception
 658              		.weak	Vector13C
 659              		.thumb_set Vector13C,_unhandled_exception
 660              		.weak	Vector140
 661              		.thumb_set Vector140,_unhandled_exception
 662              		.weak	Vector144
 663              		.thumb_set Vector144,_unhandled_exception
 664              		.weak	Vector148
 665              		.thumb_set Vector148,_unhandled_exception
 666              		.weak	Vector14C
 667              		.thumb_set Vector14C,_unhandled_exception
 668              		.weak	Vector150
 669              		.thumb_set Vector150,_unhandled_exception
 670              		.weak	Vector154
 671              		.thumb_set Vector154,_unhandled_exception
 672              		.weak	Vector158
 673              		.thumb_set Vector158,_unhandled_exception
 674              		.weak	Vector15C
 675              		.thumb_set Vector15C,_unhandled_exception
 676              		.weak	Vector160
 677              		.thumb_set Vector160,_unhandled_exception
 678              		.weak	Vector164
 679              		.thumb_set Vector164,_unhandled_exception
 680              		.weak	Vector168
 681              		.thumb_set Vector168,_unhandled_exception
 682              		.weak	Vector16C
 683              		.thumb_set Vector16C,_unhandled_exception
 684              		.weak	Vector170
 685              		.thumb_set Vector170,_unhandled_exception
 686              		.weak	Vector174
 687              		.thumb_set Vector174,_unhandled_exception
 688              		.weak	Vector178
 689              		.thumb_set Vector178,_unhandled_exception
 690              		.weak	Vector17C
 691              		.thumb_set Vector17C,_unhandled_exception
 692              		.weak	Vector180
 693              		.thumb_set Vector180,_unhandled_exception
 694              		.weak	Vector184
 695              		.thumb_set Vector184,_unhandled_exception
 696              		.weak	Vector188
 697              		.thumb_set Vector188,_unhandled_exception
 698              		.weak	Vector18C
 699              		.thumb_set Vector18C,_unhandled_exception
 700              		.weak	Vector190
 701              		.thumb_set Vector190,_unhandled_exception
 702              		.weak	Vector194
 703              		.thumb_set Vector194,_unhandled_exception
 704              		.weak	Vector198
 705              		.thumb_set Vector198,_unhandled_exception
 706              		.weak	Vector19C
 707              		.thumb_set Vector19C,_unhandled_exception
 708              		.weak	Vector1A0
 709              		.thumb_set Vector1A0,_unhandled_exception
 710              		.weak	Vector1A4
 711              		.thumb_set Vector1A4,_unhandled_exception
 712              		.weak	Vector1A8
 713              		.thumb_set Vector1A8,_unhandled_exception
ARM GAS  /tmp/ccvDQ5CI.s 			page 43


 714              		.weak	Vector1AC
 715              		.thumb_set Vector1AC,_unhandled_exception
 716              		.weak	Vector1B0
 717              		.thumb_set Vector1B0,_unhandled_exception
 718              		.weak	Vector1B4
 719              		.thumb_set Vector1B4,_unhandled_exception
 720              		.weak	Vector1B8
 721              		.thumb_set Vector1B8,_unhandled_exception
 722              		.weak	Vector1BC
 723              		.thumb_set Vector1BC,_unhandled_exception
 724              		.global	_vectors
 725 0002 00BFAFF3 		.section	vectors,"aw",%progbits
 725      0080AFF3 
 725      0080AFF3 
 725      0080
 726              		.align	2
 727              		.type	_vectors, %object
 728              		.size	_vectors, 448
 729              	_vectors:
 730 0000 00000000 		.word	__main_stack_end__
 731 0004 00000000 		.word	Reset_Handler
 732 0008 00000000 		.word	NMI_Handler
 733 000c 00000000 		.word	HardFault_Handler
 734 0010 00000000 		.word	MemManage_Handler
 735 0014 00000000 		.word	BusFault_Handler
 736 0018 00000000 		.word	UsageFault_Handler
 737 001c 00000000 		.word	Vector1C
 738 0020 00000000 		.word	Vector20
 739 0024 00000000 		.word	Vector24
 740 0028 00000000 		.word	Vector28
 741 002c 00000000 		.word	SVC_Handler
 742 0030 00000000 		.word	DebugMon_Handler
 743 0034 00000000 		.word	Vector34
 744 0038 00000000 		.word	PendSV_Handler
 745 003c 00000000 		.word	SysTick_Handler
 746 0040 00000000 		.word	Vector40
 747 0044 00000000 		.word	Vector44
 748 0048 00000000 		.word	Vector48
 749 004c 00000000 		.word	Vector4C
 750 0050 00000000 		.word	Vector50
 751 0054 00000000 		.word	Vector54
 752 0058 00000000 		.word	Vector58
 753 005c 00000000 		.word	Vector5C
 754 0060 00000000 		.word	Vector60
 755 0064 00000000 		.word	Vector64
 756 0068 00000000 		.word	Vector68
 757 006c 00000000 		.word	Vector6C
 758 0070 00000000 		.word	Vector70
 759 0074 00000000 		.word	Vector74
 760 0078 00000000 		.word	Vector78
 761 007c 00000000 		.word	Vector7C
 762 0080 00000000 		.word	Vector80
 763 0084 00000000 		.word	Vector84
 764 0088 00000000 		.word	Vector88
 765 008c 00000000 		.word	Vector8C
 766 0090 00000000 		.word	Vector90
 767 0094 00000000 		.word	Vector94
ARM GAS  /tmp/ccvDQ5CI.s 			page 44


 768 0098 00000000 		.word	Vector98
 769 009c 00000000 		.word	Vector9C
 770 00a0 00000000 		.word	VectorA0
 771 00a4 00000000 		.word	VectorA4
 772 00a8 00000000 		.word	VectorA8
 773 00ac 00000000 		.word	VectorAC
 774 00b0 00000000 		.word	VectorB0
 775 00b4 00000000 		.word	VectorB4
 776 00b8 00000000 		.word	VectorB8
 777 00bc 00000000 		.word	VectorBC
 778 00c0 00000000 		.word	VectorC0
 779 00c4 00000000 		.word	VectorC4
 780 00c8 00000000 		.word	VectorC8
 781 00cc 00000000 		.word	VectorCC
 782 00d0 00000000 		.word	VectorD0
 783 00d4 00000000 		.word	VectorD4
 784 00d8 00000000 		.word	VectorD8
 785 00dc 00000000 		.word	VectorDC
 786 00e0 00000000 		.word	VectorE0
 787 00e4 00000000 		.word	VectorE4
 788 00e8 00000000 		.word	VectorE8
 789 00ec 00000000 		.word	VectorEC
 790 00f0 00000000 		.word	VectorF0
 791 00f4 00000000 		.word	VectorF4
 792 00f8 00000000 		.word	VectorF8
 793 00fc 00000000 		.word	VectorFC
 794 0100 00000000 		.word	Vector100
 795 0104 00000000 		.word	Vector104
 796 0108 00000000 		.word	Vector108
 797 010c 00000000 		.word	Vector10C
 798 0110 00000000 		.word	Vector110
 799 0114 00000000 		.word	Vector114
 800 0118 00000000 		.word	Vector118
 801 011c 00000000 		.word	Vector11C
 802 0120 00000000 		.word	Vector120
 803 0124 00000000 		.word	Vector124
 804 0128 00000000 		.word	Vector128
 805 012c 00000000 		.word	Vector12C
 806 0130 00000000 		.word	Vector130
 807 0134 00000000 		.word	Vector134
 808 0138 00000000 		.word	Vector138
 809 013c 00000000 		.word	Vector13C
 810 0140 00000000 		.word	Vector140
 811 0144 00000000 		.word	Vector144
 812 0148 00000000 		.word	Vector148
 813 014c 00000000 		.word	Vector14C
 814 0150 00000000 		.word	Vector150
 815 0154 00000000 		.word	Vector154
 816 0158 00000000 		.word	Vector158
 817 015c 00000000 		.word	Vector15C
 818 0160 00000000 		.word	Vector160
 819 0164 00000000 		.word	Vector164
 820 0168 00000000 		.word	Vector168
 821 016c 00000000 		.word	Vector16C
 822 0170 00000000 		.word	Vector170
 823 0174 00000000 		.word	Vector174
 824 0178 00000000 		.word	Vector178
ARM GAS  /tmp/ccvDQ5CI.s 			page 45


 825 017c 00000000 		.word	Vector17C
 826 0180 00000000 		.word	Vector180
 827 0184 00000000 		.word	Vector184
 828 0188 00000000 		.word	Vector188
 829 018c 00000000 		.word	Vector18C
 830 0190 00000000 		.word	Vector190
 831 0194 00000000 		.word	Vector194
 832 0198 00000000 		.word	Vector198
 833 019c 00000000 		.word	Vector19C
 834 01a0 00000000 		.word	Vector1A0
 835 01a4 00000000 		.word	Vector1A4
 836 01a8 00000000 		.word	Vector1A8
 837 01ac 00000000 		.word	Vector1AC
 838 01b0 00000000 		.word	Vector1B0
 839 01b4 00000000 		.word	Vector1B4
 840 01b8 00000000 		.word	Vector1B8
 841 01bc 00000000 		.word	Vector1BC
 842              		.comm	__gnu_lto_v1,1,1
 843              		.ident	"GCC: (GNU Tools for ARM Embedded Processors) 4.8.4 20140526 (release) [ARM/embedded-4_8-br
ARM GAS  /tmp/ccvDQ5CI.s 			page 46


DEFINED SYMBOLS
                            *ABS*:0000000000000000 vectors.c
     /tmp/ccvDQ5CI.s:488    .text._unhandled_exception:0000000000000000 $t
     /tmp/ccvDQ5CI.s:494    .text._unhandled_exception:0000000000000000 _unhandled_exception
     /tmp/ccvDQ5CI.s:494    .text._unhandled_exception:0000000000000000 Reset_Handler
     /tmp/ccvDQ5CI.s:494    .text._unhandled_exception:0000000000000000 NMI_Handler
     /tmp/ccvDQ5CI.s:494    .text._unhandled_exception:0000000000000000 HardFault_Handler
     /tmp/ccvDQ5CI.s:494    .text._unhandled_exception:0000000000000000 MemManage_Handler
     /tmp/ccvDQ5CI.s:494    .text._unhandled_exception:0000000000000000 BusFault_Handler
     /tmp/ccvDQ5CI.s:494    .text._unhandled_exception:0000000000000000 UsageFault_Handler
     /tmp/ccvDQ5CI.s:494    .text._unhandled_exception:0000000000000000 Vector1C
     /tmp/ccvDQ5CI.s:494    .text._unhandled_exception:0000000000000000 Vector20
     /tmp/ccvDQ5CI.s:494    .text._unhandled_exception:0000000000000000 Vector24
     /tmp/ccvDQ5CI.s:494    .text._unhandled_exception:0000000000000000 Vector28
     /tmp/ccvDQ5CI.s:494    .text._unhandled_exception:0000000000000000 SVC_Handler
     /tmp/ccvDQ5CI.s:494    .text._unhandled_exception:0000000000000000 DebugMon_Handler
     /tmp/ccvDQ5CI.s:494    .text._unhandled_exception:0000000000000000 Vector34
     /tmp/ccvDQ5CI.s:494    .text._unhandled_exception:0000000000000000 PendSV_Handler
     /tmp/ccvDQ5CI.s:494    .text._unhandled_exception:0000000000000000 SysTick_Handler
     /tmp/ccvDQ5CI.s:494    .text._unhandled_exception:0000000000000000 Vector40
     /tmp/ccvDQ5CI.s:494    .text._unhandled_exception:0000000000000000 Vector44
     /tmp/ccvDQ5CI.s:494    .text._unhandled_exception:0000000000000000 Vector48
     /tmp/ccvDQ5CI.s:494    .text._unhandled_exception:0000000000000000 Vector4C
     /tmp/ccvDQ5CI.s:494    .text._unhandled_exception:0000000000000000 Vector50
     /tmp/ccvDQ5CI.s:494    .text._unhandled_exception:0000000000000000 Vector54
     /tmp/ccvDQ5CI.s:494    .text._unhandled_exception:0000000000000000 Vector58
     /tmp/ccvDQ5CI.s:494    .text._unhandled_exception:0000000000000000 Vector5C
     /tmp/ccvDQ5CI.s:494    .text._unhandled_exception:0000000000000000 Vector60
     /tmp/ccvDQ5CI.s:494    .text._unhandled_exception:0000000000000000 Vector64
     /tmp/ccvDQ5CI.s:494    .text._unhandled_exception:0000000000000000 Vector68
     /tmp/ccvDQ5CI.s:494    .text._unhandled_exception:0000000000000000 Vector6C
     /tmp/ccvDQ5CI.s:494    .text._unhandled_exception:0000000000000000 Vector70
     /tmp/ccvDQ5CI.s:494    .text._unhandled_exception:0000000000000000 Vector74
     /tmp/ccvDQ5CI.s:494    .text._unhandled_exception:0000000000000000 Vector78
     /tmp/ccvDQ5CI.s:494    .text._unhandled_exception:0000000000000000 Vector7C
     /tmp/ccvDQ5CI.s:494    .text._unhandled_exception:0000000000000000 Vector80
     /tmp/ccvDQ5CI.s:494    .text._unhandled_exception:0000000000000000 Vector84
     /tmp/ccvDQ5CI.s:494    .text._unhandled_exception:0000000000000000 Vector88
     /tmp/ccvDQ5CI.s:494    .text._unhandled_exception:0000000000000000 Vector8C
     /tmp/ccvDQ5CI.s:494    .text._unhandled_exception:0000000000000000 Vector90
     /tmp/ccvDQ5CI.s:494    .text._unhandled_exception:0000000000000000 Vector94
     /tmp/ccvDQ5CI.s:494    .text._unhandled_exception:0000000000000000 Vector98
     /tmp/ccvDQ5CI.s:494    .text._unhandled_exception:0000000000000000 Vector9C
     /tmp/ccvDQ5CI.s:494    .text._unhandled_exception:0000000000000000 VectorA0
     /tmp/ccvDQ5CI.s:494    .text._unhandled_exception:0000000000000000 VectorA4
     /tmp/ccvDQ5CI.s:494    .text._unhandled_exception:0000000000000000 VectorA8
     /tmp/ccvDQ5CI.s:494    .text._unhandled_exception:0000000000000000 VectorAC
     /tmp/ccvDQ5CI.s:494    .text._unhandled_exception:0000000000000000 VectorB0
     /tmp/ccvDQ5CI.s:494    .text._unhandled_exception:0000000000000000 VectorB4
     /tmp/ccvDQ5CI.s:494    .text._unhandled_exception:0000000000000000 VectorB8
     /tmp/ccvDQ5CI.s:494    .text._unhandled_exception:0000000000000000 VectorBC
     /tmp/ccvDQ5CI.s:494    .text._unhandled_exception:0000000000000000 VectorC0
     /tmp/ccvDQ5CI.s:494    .text._unhandled_exception:0000000000000000 VectorC4
     /tmp/ccvDQ5CI.s:494    .text._unhandled_exception:0000000000000000 VectorC8
     /tmp/ccvDQ5CI.s:494    .text._unhandled_exception:0000000000000000 VectorCC
     /tmp/ccvDQ5CI.s:494    .text._unhandled_exception:0000000000000000 VectorD0
     /tmp/ccvDQ5CI.s:494    .text._unhandled_exception:0000000000000000 VectorD4
ARM GAS  /tmp/ccvDQ5CI.s 			page 47


     /tmp/ccvDQ5CI.s:494    .text._unhandled_exception:0000000000000000 VectorD8
     /tmp/ccvDQ5CI.s:494    .text._unhandled_exception:0000000000000000 VectorDC
     /tmp/ccvDQ5CI.s:494    .text._unhandled_exception:0000000000000000 VectorE0
     /tmp/ccvDQ5CI.s:494    .text._unhandled_exception:0000000000000000 VectorE4
     /tmp/ccvDQ5CI.s:494    .text._unhandled_exception:0000000000000000 VectorE8
     /tmp/ccvDQ5CI.s:494    .text._unhandled_exception:0000000000000000 VectorEC
     /tmp/ccvDQ5CI.s:494    .text._unhandled_exception:0000000000000000 VectorF0
     /tmp/ccvDQ5CI.s:494    .text._unhandled_exception:0000000000000000 VectorF4
     /tmp/ccvDQ5CI.s:494    .text._unhandled_exception:0000000000000000 VectorF8
     /tmp/ccvDQ5CI.s:494    .text._unhandled_exception:0000000000000000 VectorFC
     /tmp/ccvDQ5CI.s:494    .text._unhandled_exception:0000000000000000 Vector100
     /tmp/ccvDQ5CI.s:494    .text._unhandled_exception:0000000000000000 Vector104
     /tmp/ccvDQ5CI.s:494    .text._unhandled_exception:0000000000000000 Vector108
     /tmp/ccvDQ5CI.s:494    .text._unhandled_exception:0000000000000000 Vector10C
     /tmp/ccvDQ5CI.s:494    .text._unhandled_exception:0000000000000000 Vector110
     /tmp/ccvDQ5CI.s:494    .text._unhandled_exception:0000000000000000 Vector114
     /tmp/ccvDQ5CI.s:494    .text._unhandled_exception:0000000000000000 Vector118
     /tmp/ccvDQ5CI.s:494    .text._unhandled_exception:0000000000000000 Vector11C
     /tmp/ccvDQ5CI.s:494    .text._unhandled_exception:0000000000000000 Vector120
     /tmp/ccvDQ5CI.s:494    .text._unhandled_exception:0000000000000000 Vector124
     /tmp/ccvDQ5CI.s:494    .text._unhandled_exception:0000000000000000 Vector128
     /tmp/ccvDQ5CI.s:494    .text._unhandled_exception:0000000000000000 Vector12C
     /tmp/ccvDQ5CI.s:494    .text._unhandled_exception:0000000000000000 Vector130
     /tmp/ccvDQ5CI.s:494    .text._unhandled_exception:0000000000000000 Vector134
     /tmp/ccvDQ5CI.s:494    .text._unhandled_exception:0000000000000000 Vector138
     /tmp/ccvDQ5CI.s:494    .text._unhandled_exception:0000000000000000 Vector13C
     /tmp/ccvDQ5CI.s:494    .text._unhandled_exception:0000000000000000 Vector140
     /tmp/ccvDQ5CI.s:494    .text._unhandled_exception:0000000000000000 Vector144
     /tmp/ccvDQ5CI.s:494    .text._unhandled_exception:0000000000000000 Vector148
     /tmp/ccvDQ5CI.s:494    .text._unhandled_exception:0000000000000000 Vector14C
     /tmp/ccvDQ5CI.s:494    .text._unhandled_exception:0000000000000000 Vector150
     /tmp/ccvDQ5CI.s:494    .text._unhandled_exception:0000000000000000 Vector154
     /tmp/ccvDQ5CI.s:494    .text._unhandled_exception:0000000000000000 Vector158
     /tmp/ccvDQ5CI.s:494    .text._unhandled_exception:0000000000000000 Vector15C
     /tmp/ccvDQ5CI.s:494    .text._unhandled_exception:0000000000000000 Vector160
     /tmp/ccvDQ5CI.s:494    .text._unhandled_exception:0000000000000000 Vector164
     /tmp/ccvDQ5CI.s:494    .text._unhandled_exception:0000000000000000 Vector168
     /tmp/ccvDQ5CI.s:494    .text._unhandled_exception:0000000000000000 Vector16C
     /tmp/ccvDQ5CI.s:494    .text._unhandled_exception:0000000000000000 Vector170
     /tmp/ccvDQ5CI.s:494    .text._unhandled_exception:0000000000000000 Vector174
     /tmp/ccvDQ5CI.s:494    .text._unhandled_exception:0000000000000000 Vector178
     /tmp/ccvDQ5CI.s:494    .text._unhandled_exception:0000000000000000 Vector17C
     /tmp/ccvDQ5CI.s:494    .text._unhandled_exception:0000000000000000 Vector180
     /tmp/ccvDQ5CI.s:494    .text._unhandled_exception:0000000000000000 Vector184
     /tmp/ccvDQ5CI.s:494    .text._unhandled_exception:0000000000000000 Vector188
     /tmp/ccvDQ5CI.s:494    .text._unhandled_exception:0000000000000000 Vector18C
     /tmp/ccvDQ5CI.s:494    .text._unhandled_exception:0000000000000000 Vector190
     /tmp/ccvDQ5CI.s:494    .text._unhandled_exception:0000000000000000 Vector194
     /tmp/ccvDQ5CI.s:494    .text._unhandled_exception:0000000000000000 Vector198
     /tmp/ccvDQ5CI.s:494    .text._unhandled_exception:0000000000000000 Vector19C
     /tmp/ccvDQ5CI.s:494    .text._unhandled_exception:0000000000000000 Vector1A0
     /tmp/ccvDQ5CI.s:494    .text._unhandled_exception:0000000000000000 Vector1A4
     /tmp/ccvDQ5CI.s:494    .text._unhandled_exception:0000000000000000 Vector1A8
     /tmp/ccvDQ5CI.s:494    .text._unhandled_exception:0000000000000000 Vector1AC
     /tmp/ccvDQ5CI.s:494    .text._unhandled_exception:0000000000000000 Vector1B0
     /tmp/ccvDQ5CI.s:494    .text._unhandled_exception:0000000000000000 Vector1B4
     /tmp/ccvDQ5CI.s:494    .text._unhandled_exception:0000000000000000 Vector1B8
ARM GAS  /tmp/ccvDQ5CI.s 			page 48


     /tmp/ccvDQ5CI.s:494    .text._unhandled_exception:0000000000000000 Vector1BC
     /tmp/ccvDQ5CI.s:729    vectors:0000000000000000 _vectors
     /tmp/ccvDQ5CI.s:726    vectors:0000000000000000 $d
                            *COM*:0000000000000001 __gnu_lto_v1

UNDEFINED SYMBOLS
__main_stack_end__
